core.init: Checking for fconfig files in pwd and ./rosetta/flags 
core.init: Rosetta version: 2020.50.post.dev+250.rahelf.iamdisulfidedetect.e9ee94d52d4 e9ee94d52d4b120645d0d27c8cf7d02d7b1ec59c git@github.com:RosettaCommons/main.git 2021-02-04T18:52:55
core.init: command: /Users/rfrick2/Rosetta/main/source/bin/relax.macosclangrelease @relax.flags
basic.random.init_random_generator: 'RNG device' seed mode, using '/dev/urandom', seed=1983339751 seed_offset=0 real_seed=1983339751
basic.random.init_random_generator: RandomGenerator:init: Normal mode, seed=1983339751 RG_type=mt19937
core.init: found database environment variable ROSETTA3_DB: /Users/rfrick2/Rosetta_RAbD/main/database
core.scoring.ScoreFunctionFactory: SCOREFUNCTION: ref2015
core.scoring.etable: Starting energy table calculation
core.scoring.etable: smooth_etable: changing atr/rep split to bottom of energy well
core.scoring.etable: smooth_etable: spline smoothing lj etables (maxdis = 6)
core.scoring.etable: smooth_etable: spline smoothing solvation etables (max_dis = 6)
core.scoring.etable: Finished calculating energy tables.
basic.io.database: Database file opened: scoring/score_functions/hbonds/ref2015_params/HBPoly1D.csv
basic.io.database: Database file opened: scoring/score_functions/hbonds/ref2015_params/HBFadeIntervals.csv
basic.io.database: Database file opened: scoring/score_functions/hbonds/ref2015_params/HBEval.csv
basic.io.database: Database file opened: scoring/score_functions/hbonds/ref2015_params/DonStrength.csv
basic.io.database: Database file opened: scoring/score_functions/hbonds/ref2015_params/AccStrength.csv
core.chemical.GlobalResidueTypeSet: Finished initializing fa_standard residue type set.  Created 985 residue types
core.chemical.GlobalResidueTypeSet: Total time to initialize 0.78176 seconds.
basic.io.database: Database file opened: scoring/score_functions/rama/fd/all.ramaProb
basic.io.database: Database file opened: scoring/score_functions/rama/fd/prepro.ramaProb
basic.io.database: Database file opened: scoring/score_functions/omega/omega_ppdep.all.txt
basic.io.database: Database file opened: scoring/score_functions/omega/omega_ppdep.gly.txt
basic.io.database: Database file opened: scoring/score_functions/omega/omega_ppdep.pro.txt
basic.io.database: Database file opened: scoring/score_functions/omega/omega_ppdep.valile.txt
basic.io.database: Database file opened: scoring/score_functions/P_AA_pp/P_AA
basic.io.database: Database file opened: scoring/score_functions/P_AA_pp/P_AA_n
core.scoring.P_AA: shapovalov_lib::shap_p_aa_pp_smooth_level of 1( aka low_smooth ) got activated.
basic.io.database: Database file opened: scoring/score_functions/P_AA_pp/shapovalov/10deg/kappa131/a20.prop
protocols.relax.RelaxScriptManager: Reading relax scripts list from database.
protocols.relax.RelaxScriptManager: Looking for MonomerRelax2019.txt
protocols.relax.RelaxScriptManager: ================== Reading script file: /Users/rfrick2/Rosetta_RAbD/main/database/sampling/relax_scripts/MonomerRelax2019.txt ==================
protocols.relax.RelaxScriptManager: repeat %%nrepeats%%
protocols.relax.RelaxScriptManager: coord_cst_weight 1.0
protocols.relax.RelaxScriptManager: scale:fa_rep 0.040
protocols.relax.RelaxScriptManager: repack
protocols.relax.RelaxScriptManager: scale:fa_rep 0.051
protocols.relax.RelaxScriptManager: min 0.01
protocols.relax.RelaxScriptManager: coord_cst_weight 0.5
protocols.relax.RelaxScriptManager: scale:fa_rep 0.265
protocols.relax.RelaxScriptManager: repack
protocols.relax.RelaxScriptManager: scale:fa_rep 0.280
protocols.relax.RelaxScriptManager: min 0.01
protocols.relax.RelaxScriptManager: coord_cst_weight 0.0
protocols.relax.RelaxScriptManager: scale:fa_rep 0.559
protocols.relax.RelaxScriptManager: repack
protocols.relax.RelaxScriptManager: scale:fa_rep 0.581
protocols.relax.RelaxScriptManager: min 0.01
protocols.relax.RelaxScriptManager: coord_cst_weight 0.0
protocols.relax.RelaxScriptManager: scale:fa_rep 1
protocols.relax.RelaxScriptManager: repack
protocols.relax.RelaxScriptManager: min 0.00001
protocols.relax.RelaxScriptManager: accept_to_best
protocols.relax.RelaxScriptManager: endrepeat
protocols.jd2.PDBJobInputter: Instantiate PDBJobInputter
protocols.jd2.PDBJobInputter: PDBJobInputter::fill_jobs
protocols.jd2.PDBJobInputter: pushed ../2_remodel/top_20_by_total_score/aflibercept_input_0002_0002.pdb nstruct indices 1 - 10
protocols.jd2.PDBJobInputter: pushed ../2_remodel/top_20_by_total_score/aflibercept_input_0014_0001.pdb nstruct indices 1 - 10
protocols.jd2.PDBJobInputter: pushed ../2_remodel/top_20_by_total_score/aflibercept_input_0019_0001.pdb nstruct indices 1 - 10
protocols.jd2.PDBJobInputter: pushed ../2_remodel/top_20_by_total_score/aflibercept_input_0022_0002.pdb nstruct indices 1 - 10
protocols.jd2.PDBJobInputter: pushed ../2_remodel/top_20_by_total_score/aflibercept_input_0023_0001.pdb nstruct indices 1 - 10
protocols.jd2.PDBJobInputter: pushed ../2_remodel/top_20_by_total_score/aflibercept_input_0039_0001.pdb nstruct indices 1 - 10
protocols.jd2.PDBJobInputter: pushed ../2_remodel/top_20_by_total_score/aflibercept_input_0042_0002.pdb nstruct indices 1 - 10
protocols.jd2.PDBJobInputter: pushed ../2_remodel/top_20_by_total_score/aflibercept_input_0048_0001.pdb nstruct indices 1 - 10
protocols.jd2.PDBJobInputter: pushed ../2_remodel/top_20_by_total_score/aflibercept_input_0057_0003.pdb nstruct indices 1 - 10
protocols.jd2.PDBJobInputter: pushed ../2_remodel/top_20_by_total_score/aflibercept_input_0058_0002.pdb nstruct indices 1 - 10
protocols.jd2.PDBJobInputter: pushed ../2_remodel/top_20_by_total_score/aflibercept_input_0062_0001.pdb nstruct indices 1 - 10
protocols.jd2.PDBJobInputter: pushed ../2_remodel/top_20_by_total_score/aflibercept_input_0071_0003.pdb nstruct indices 1 - 10
protocols.jd2.PDBJobInputter: pushed ../2_remodel/top_20_by_total_score/aflibercept_input_0072_0003.pdb nstruct indices 1 - 10
protocols.jd2.PDBJobInputter: pushed ../2_remodel/top_20_by_total_score/aflibercept_input_0076_0003.pdb nstruct indices 1 - 10
protocols.jd2.PDBJobInputter: pushed ../2_remodel/top_20_by_total_score/aflibercept_input_0082_0002.pdb nstruct indices 1 - 10
protocols.jd2.PDBJobInputter: pushed ../2_remodel/top_20_by_total_score/aflibercept_input_0083_0003.pdb nstruct indices 1 - 10
protocols.jd2.PDBJobInputter: pushed ../2_remodel/top_20_by_total_score/aflibercept_input_0086_0001.pdb nstruct indices 1 - 10
protocols.jd2.PDBJobInputter: pushed ../2_remodel/top_20_by_total_score/aflibercept_input_0089_0003.pdb nstruct indices 1 - 10
protocols.jd2.PDBJobInputter: pushed ../2_remodel/top_20_by_total_score/aflibercept_input_0097_0003.pdb nstruct indices 1 - 10
protocols.jd2.PDBJobInputter: pushed ../2_remodel/top_20_by_total_score/aflibercept_input_0099_0002.pdb nstruct indices 1 - 10
protocols.evaluation.ChiWellRmsdEvaluatorCreator: Evaluation Creator active ... 
protocols.jd2.PDBJobInputter: PDBJobInputter::pose_from_job
protocols.jd2.PDBJobInputter: filling pose from PDB ../2_remodel/top_20_by_total_score/aflibercept_input_0082_0002.pdb
core.import_pose.import_pose: File '../2_remodel/top_20_by_total_score/aflibercept_input_0082_0002.pdb' automatically determined to be of type PDB
core.conformation.Conformation: Found disulfide between residues 30 79
core.conformation.Conformation: current variant for 30 CYS
core.conformation.Conformation: current variant for 79 CYS
core.conformation.Conformation: current variant for 30 CYD
core.conformation.Conformation: current variant for 79 CYD
core.conformation.Conformation: Found disulfide between residues 124 185
core.conformation.Conformation: current variant for 124 CYS
core.conformation.Conformation: current variant for 185 CYS
core.conformation.Conformation: current variant for 124 CYD
core.conformation.Conformation: current variant for 185 CYD
core.conformation.Conformation: Found disulfide between residues 219 261
core.conformation.Conformation: current variant for 219 CYS
core.conformation.Conformation: current variant for 261 CYS
core.conformation.Conformation: current variant for 219 CYD
core.conformation.Conformation: current variant for 261 CYD
core.conformation.Conformation: Found disulfide between residues 250 295
core.conformation.Conformation: current variant for 250 CYS
core.conformation.Conformation: current variant for 295 CYS
core.conformation.Conformation: current variant for 250 CYD
core.conformation.Conformation: current variant for 295 CYD
core.conformation.Conformation: Found disulfide between residues 254 297
core.conformation.Conformation: current variant for 254 CYS
core.conformation.Conformation: current variant for 297 CYS
core.conformation.Conformation: current variant for 254 CYD
core.conformation.Conformation: current variant for 297 CYD
basic.io.database: Database file opened: scoring/score_functions/elec_cp_reps.dat
core.scoring.elec.util: Read 40 countpair representative atoms
core.pack.dunbrack.RotamerLibrary: shapovalov_lib_fixes_enable option is true.
core.pack.dunbrack.RotamerLibrary: shapovalov_lib::shap_dun10_smooth_level of 1( aka lowest_smooth ) got activated.
core.pack.dunbrack.RotamerLibrary: Binary rotamer library selected: /Users/rfrick2/Rosetta_RAbD/main/database/rotamer/shapovalov/StpDwn_0-0-0/Dunbrack10.lib.bin
core.pack.dunbrack.RotamerLibrary: Using Dunbrack library binary file '/Users/rfrick2/Rosetta_RAbD/main/database/rotamer/shapovalov/StpDwn_0-0-0/Dunbrack10.lib.bin'.
core.pack.dunbrack.RotamerLibrary: Dunbrack 2010 library took 0.211508 seconds to load from binary
protocols.relax.FastRelax: CMD: repeat  -137.047  0  0  0.55
protocols.relax.FastRelax: CMD: coord_cst_weight  -137.047  0  0  0.55
protocols.relax.FastRelax: CMD: scale:fa_rep  -900.005  0  0  0.022
core.pack.task: Packer task: initialize from command line() 
core.pack.pack_rotamers: built 30540 rotamers at 301 positions.
core.pack.interaction_graph.interaction_graph_factory: Instantiating DensePDInteractionGraph
protocols.relax.FastRelax: CMD: repack  -949.636  0  0  0.022
protocols.relax.FastRelax: CMD: scale:fa_rep  -938.468  0  0  0.02805
protocols.relax.FastRelax: CMD: min  -1039.24  0.110375  0.110375  0.02805
protocols.relax.FastRelax: CMD: coord_cst_weight  -1053.23  0.110375  0.110375  0.02805
protocols.relax.FastRelax: CMD: scale:fa_rep  -880.379  0.110375  0.110375  0.14575
core.pack.task: Packer task: initialize from command line() 
core.pack.pack_rotamers: built 28030 rotamers at 301 positions.
core.pack.interaction_graph.interaction_graph_factory: Instantiating DensePDInteractionGraph
protocols.relax.FastRelax: CMD: repack  -903.533  0.110375  0.110375  0.14575
protocols.relax.FastRelax: CMD: scale:fa_rep  -894.743  0.110375  0.110375  0.154
protocols.relax.FastRelax: CMD: min  -943.171  0.116426  0.116426  0.154
protocols.relax.FastRelax: CMD: coord_cst_weight  -959.472  0.116426  0.116426  0.154
protocols.relax.FastRelax: CMD: scale:fa_rep  -854.977  0.116426  0.116426  0.30745
core.pack.task: Packer task: initialize from command line() 
core.pack.pack_rotamers: built 27399 rotamers at 301 positions.
core.pack.interaction_graph.interaction_graph_factory: Instantiating DensePDInteractionGraph
protocols.relax.FastRelax: CMD: repack  -856.355  0.116426  0.116426  0.30745
protocols.relax.FastRelax: CMD: scale:fa_rep  -848.427  0.116426  0.116426  0.31955
protocols.relax.FastRelax: CMD: min  -882.373  0.548726  0.548726  0.31955
protocols.relax.FastRelax: CMD: coord_cst_weight  -882.373  0.548726  0.548726  0.31955
protocols.relax.FastRelax: CMD: scale:fa_rep  -765.806  0.548726  0.548726  0.55
core.pack.task: Packer task: initialize from command line() 
core.pack.pack_rotamers: built 27223 rotamers at 301 positions.
core.pack.interaction_graph.interaction_graph_factory: Instantiating DensePDInteractionGraph
protocols.relax.FastRelax: CMD: repack  -766.249  0.548726  0.548726  0.55
protocols.relax.FastRelax: CMD: min  -794.039  0.642026  0.642026  0.55
protocols.relax.FastRelax: MRP: 0  -794.039  -794.039  0.642026  0.642026  
protocols.relax.FastRelax: CMD: accept_to_best  -794.039  0.642026  0.642026  0.55
protocols.relax.FastRelax: CMD: endrepeat  -794.039  0.642026  0.642026  0.55
protocols.relax.FastRelax: CMD: coord_cst_weight  17294.3  0.642026  0.642026  0.55
protocols.relax.FastRelax: CMD: scale:fa_rep  17108.7  0.642026  0.642026  0.022
core.pack.task: Packer task: initialize from command line() 
core.pack.pack_rotamers: built 30369 rotamers at 301 positions.
core.pack.interaction_graph.interaction_graph_factory: Instantiating DensePDInteractionGraph
protocols.relax.FastRelax: CMD: repack  17096  0.642026  0.642026  0.022
protocols.relax.FastRelax: CMD: scale:fa_rep  17101  0.642026  0.642026  0.02805
protocols.relax.FastRelax: CMD: min  -1034.55  0.116832  0.116832  0.02805
protocols.relax.FastRelax: CMD: coord_cst_weight  -1051.69  0.116832  0.116832  0.02805
protocols.relax.FastRelax: CMD: scale:fa_rep  -887.703  0.116832  0.116832  0.14575
core.pack.task: Packer task: initialize from command line() 
core.pack.pack_rotamers: built 28273 rotamers at 301 positions.
core.pack.interaction_graph.interaction_graph_factory: Instantiating DensePDInteractionGraph
protocols.relax.FastRelax: CMD: repack  -914.553  0.116832  0.116832  0.14575
protocols.relax.FastRelax: CMD: scale:fa_rep  -906.434  0.116832  0.116832  0.154
protocols.relax.FastRelax: CMD: min  -945.782  0.121364  0.121364  0.154
protocols.relax.FastRelax: CMD: coord_cst_weight  -964.399  0.121364  0.121364  0.154
protocols.relax.FastRelax: CMD: scale:fa_rep  -864.089  0.121364  0.121364  0.30745
core.pack.task: Packer task: initialize from command line() 
core.pack.pack_rotamers: built 27464 rotamers at 301 positions.
core.pack.interaction_graph.interaction_graph_factory: Instantiating DensePDInteractionGraph
protocols.relax.FastRelax: CMD: repack  -864.557  0.121364  0.121364  0.30745
protocols.relax.FastRelax: CMD: scale:fa_rep  -856.855  0.121364  0.121364  0.31955
protocols.relax.FastRelax: CMD: min  -886.471  0.519943  0.519943  0.31955
protocols.relax.FastRelax: CMD: coord_cst_weight  -886.471  0.519943  0.519943  0.31955
protocols.relax.FastRelax: CMD: scale:fa_rep  -770.662  0.519943  0.519943  0.55
core.pack.task: Packer task: initialize from command line() 
core.pack.pack_rotamers: built 27189 rotamers at 301 positions.
core.pack.interaction_graph.interaction_graph_factory: Instantiating DensePDInteractionGraph
protocols.relax.FastRelax: CMD: repack  -770.883  0.519943  0.519943  0.55
protocols.relax.FastRelax: CMD: min  -799.42  0.609598  0.609598  0.55
protocols.relax.FastRelax: MRP: 1  -799.42  -799.42  0.609598  0.609598  
protocols.relax.FastRelax: CMD: accept_to_best  -799.42  0.609598  0.609598  0.55
protocols.relax.FastRelax: CMD: endrepeat  -799.42  0.609598  0.609598  0.55
protocols.relax.FastRelax: CMD: coord_cst_weight  15014.4  0.609598  0.609598  0.55
protocols.relax.FastRelax: CMD: scale:fa_rep  14829.4  0.609598  0.609598  0.022
core.pack.task: Packer task: initialize from command line() 
core.pack.pack_rotamers: built 30519 rotamers at 301 positions.
core.pack.interaction_graph.interaction_graph_factory: Instantiating DensePDInteractionGraph
protocols.relax.FastRelax: CMD: repack  14820.1  0.609598  0.609598  0.022
protocols.relax.FastRelax: CMD: scale:fa_rep  14825.1  0.609598  0.609598  0.02805
protocols.relax.FastRelax: CMD: min  -1028.57  0.119654  0.119654  0.02805
protocols.relax.FastRelax: CMD: coord_cst_weight  -1046.52  0.119654  0.119654  0.02805
protocols.relax.FastRelax: CMD: scale:fa_rep  -892.53  0.119654  0.119654  0.14575
core.pack.task: Packer task: initialize from command line() 
core.pack.pack_rotamers: built 28265 rotamers at 301 positions.
core.pack.interaction_graph.interaction_graph_factory: Instantiating DensePDInteractionGraph
protocols.relax.FastRelax: CMD: repack  -912.688  0.119654  0.119654  0.14575
protocols.relax.FastRelax: CMD: scale:fa_rep  -904.531  0.119654  0.119654  0.154
protocols.relax.FastRelax: CMD: min  -945.184  0.122385  0.122385  0.154
protocols.relax.FastRelax: CMD: coord_cst_weight  -964.751  0.122385  0.122385  0.154
protocols.relax.FastRelax: CMD: scale:fa_rep  -865.47  0.122385  0.122385  0.30745
core.pack.task: Packer task: initialize from command line() 
core.pack.pack_rotamers: built 27560 rotamers at 301 positions.
core.pack.interaction_graph.interaction_graph_factory: Instantiating DensePDInteractionGraph
protocols.relax.FastRelax: CMD: repack  -866.025  0.122385  0.122385  0.30745
protocols.relax.FastRelax: CMD: scale:fa_rep  -858.414  0.122385  0.122385  0.31955
protocols.relax.FastRelax: CMD: min  -889.219  0.530515  0.530515  0.31955
protocols.relax.FastRelax: CMD: coord_cst_weight  -889.219  0.530515  0.530515  0.31955
protocols.relax.FastRelax: CMD: scale:fa_rep  -774.339  0.530515  0.530515  0.55
core.pack.task: Packer task: initialize from command line() 
core.pack.pack_rotamers: built 27327 rotamers at 301 positions.
core.pack.interaction_graph.interaction_graph_factory: Instantiating DensePDInteractionGraph
protocols.relax.FastRelax: CMD: repack  -774.652  0.530515  0.530515  0.55
protocols.relax.FastRelax: CMD: min  -798.333  0.625757  0.625757  0.55
protocols.relax.FastRelax: MRP: 2  -798.333  -799.42  0.609598  0.609598  
protocols.relax.FastRelax: CMD: accept_to_best  -798.333  0.625757  0.625757  0.55
protocols.relax.FastRelax: CMD: endrepeat  -798.333  0.625757  0.625757  0.55
protocols.relax.FastRelax: CMD: coord_cst_weight  15259.9  0.625757  0.625757  0.55
protocols.relax.FastRelax: CMD: scale:fa_rep  15075.4  0.625757  0.625757  0.022
core.pack.task: Packer task: initialize from command line() 
core.pack.pack_rotamers: built 30571 rotamers at 301 positions.
core.pack.interaction_graph.interaction_graph_factory: Instantiating DensePDInteractionGraph
protocols.relax.FastRelax: CMD: repack  15061.9  0.625757  0.625757  0.022
protocols.relax.FastRelax: CMD: scale:fa_rep  15066.5  0.625757  0.625757  0.02805
protocols.relax.FastRelax: CMD: min  -1031.46  0.118762  0.118762  0.02805
protocols.relax.FastRelax: CMD: coord_cst_weight  -1049.54  0.118762  0.118762  0.02805
protocols.relax.FastRelax: CMD: scale:fa_rep  -903.23  0.118762  0.118762  0.14575
core.pack.task: Packer task: initialize from command line() 
core.pack.pack_rotamers: built 28330 rotamers at 301 positions.
core.pack.interaction_graph.interaction_graph_factory: Instantiating DensePDInteractionGraph
protocols.relax.FastRelax: CMD: repack  -914.416  0.118762  0.118762  0.14575
protocols.relax.FastRelax: CMD: scale:fa_rep  -905.922  0.118762  0.118762  0.154
protocols.relax.FastRelax: CMD: min  -946.389  0.124185  0.124185  0.154
protocols.relax.FastRelax: CMD: coord_cst_weight  -966.772  0.124185  0.124185  0.154
protocols.relax.FastRelax: CMD: scale:fa_rep  -865.487  0.124185  0.124185  0.30745
core.pack.task: Packer task: initialize from command line() 
core.pack.pack_rotamers: built 27487 rotamers at 301 positions.
core.pack.interaction_graph.interaction_graph_factory: Instantiating DensePDInteractionGraph
protocols.relax.FastRelax: CMD: repack  -866.49  0.124185  0.124185  0.30745
protocols.relax.FastRelax: CMD: scale:fa_rep  -858.71  0.124185  0.124185  0.31955
protocols.relax.FastRelax: CMD: min  -881.484  0.424226  0.424226  0.31955
protocols.relax.FastRelax: CMD: coord_cst_weight  -881.484  0.424226  0.424226  0.31955
protocols.relax.FastRelax: CMD: scale:fa_rep  -764.429  0.424226  0.424226  0.55
core.pack.task: Packer task: initialize from command line() 
core.pack.pack_rotamers: built 27078 rotamers at 301 positions.
core.pack.interaction_graph.interaction_graph_factory: Instantiating DensePDInteractionGraph
protocols.relax.FastRelax: CMD: repack  -765.017  0.424226  0.424226  0.55
protocols.relax.FastRelax: CMD: min  -797.912  0.681118  0.681118  0.55
protocols.relax.FastRelax: MRP: 3  -797.912  -799.42  0.609598  0.609598  
protocols.relax.FastRelax: CMD: accept_to_best  -797.912  0.681118  0.681118  0.55
protocols.relax.FastRelax: CMD: endrepeat  -797.912  0.681118  0.681118  0.55
protocols.relax.FastRelax: CMD: coord_cst_weight  17005  0.681118  0.681118  0.55
protocols.relax.FastRelax: CMD: scale:fa_rep  16819.7  0.681118  0.681118  0.022
core.pack.task: Packer task: initialize from command line() 
core.pack.pack_rotamers: built 30425 rotamers at 301 positions.
core.pack.interaction_graph.interaction_graph_factory: Instantiating DensePDInteractionGraph
protocols.relax.FastRelax: CMD: repack  16806.3  0.681118  0.681118  0.022
protocols.relax.FastRelax: CMD: scale:fa_rep  16811.2  0.681118  0.681118  0.02805
protocols.relax.FastRelax: CMD: min  -1031.72  0.120095  0.120095  0.02805
protocols.relax.FastRelax: CMD: coord_cst_weight  -1049.85  0.120095  0.120095  0.02805
protocols.relax.FastRelax: CMD: scale:fa_rep  -890.018  0.120095  0.120095  0.14575
core.pack.task: Packer task: initialize from command line() 
core.pack.pack_rotamers: built 28155 rotamers at 301 positions.
core.pack.interaction_graph.interaction_graph_factory: Instantiating DensePDInteractionGraph
protocols.relax.FastRelax: CMD: repack  -911.095  0.120095  0.120095  0.14575
protocols.relax.FastRelax: CMD: scale:fa_rep  -902.643  0.120095  0.120095  0.154
protocols.relax.FastRelax: CMD: min  -946.627  0.123834  0.123834  0.154
protocols.relax.FastRelax: CMD: coord_cst_weight  -966.922  0.123834  0.123834  0.154
protocols.relax.FastRelax: CMD: scale:fa_rep  -865.719  0.123834  0.123834  0.30745
core.pack.task: Packer task: initialize from command line() 
core.pack.pack_rotamers: built 27448 rotamers at 301 positions.
core.pack.interaction_graph.interaction_graph_factory: Instantiating DensePDInteractionGraph
protocols.relax.FastRelax: CMD: repack  -866.678  0.123834  0.123834  0.30745
protocols.relax.FastRelax: CMD: scale:fa_rep  -858.914  0.123834  0.123834  0.31955
protocols.relax.FastRelax: CMD: min  -890.015  0.670187  0.670187  0.31955
protocols.relax.FastRelax: CMD: coord_cst_weight  -890.015  0.670187  0.670187  0.31955
protocols.relax.FastRelax: CMD: scale:fa_rep  -774.874  0.670187  0.670187  0.55
core.pack.task: Packer task: initialize from command line() 
core.pack.pack_rotamers: built 27235 rotamers at 301 positions.
core.pack.interaction_graph.interaction_graph_factory: Instantiating DensePDInteractionGraph
protocols.relax.FastRelax: CMD: repack  -775.347  0.670187  0.670187  0.55
protocols.relax.FastRelax: CMD: min  -799.081  0.726771  0.726771  0.55
protocols.relax.FastRelax: MRP: 4  -799.081  -799.42  0.609598  0.609598  
protocols.relax.FastRelax: CMD: accept_to_best  -799.081  0.726771  0.726771  0.55
protocols.relax.FastRelax: CMD: endrepeat  -799.081  0.726771  0.726771  0.55
protocols::checkpoint: Deleting checkpoints of FastRelax
protocols.jd2.JobDistributor: aflibercept_input_0082_0002_0009 reported success in 1844 seconds
protocols.jd2.PDBJobInputter: PDBJobInputter::pose_from_job
protocols.jd2.PDBJobInputter: filling pose from PDB ../2_remodel/top_20_by_total_score/aflibercept_input_0086_0001.pdb
core.import_pose.import_pose: File '../2_remodel/top_20_by_total_score/aflibercept_input_0086_0001.pdb' automatically determined to be of type PDB
core.conformation.Conformation: Found disulfide between residues 30 79
core.conformation.Conformation: current variant for 30 CYS
core.conformation.Conformation: current variant for 79 CYS
core.conformation.Conformation: current variant for 30 CYD
core.conformation.Conformation: current variant for 79 CYD
core.conformation.Conformation: Found disulfide between residues 124 185
core.conformation.Conformation: current variant for 124 CYS
core.conformation.Conformation: current variant for 185 CYS
core.conformation.Conformation: current variant for 124 CYD
core.conformation.Conformation: current variant for 185 CYD
core.conformation.Conformation: Found disulfide between residues 219 261
core.conformation.Conformation: current variant for 219 CYS
core.conformation.Conformation: current variant for 261 CYS
core.conformation.Conformation: current variant for 219 CYD
core.conformation.Conformation: current variant for 261 CYD
core.conformation.Conformation: Found disulfide between residues 250 295
core.conformation.Conformation: current variant for 250 CYS
core.conformation.Conformation: current variant for 295 CYS
core.conformation.Conformation: current variant for 250 CYD
core.conformation.Conformation: current variant for 295 CYD
core.conformation.Conformation: Found disulfide between residues 254 297
core.conformation.Conformation: current variant for 254 CYS
core.conformation.Conformation: current variant for 297 CYS
core.conformation.Conformation: current variant for 254 CYD
core.conformation.Conformation: current variant for 297 CYD
protocols.relax.FastRelax: CMD: repeat  270.722  1.57511  0  0.55
protocols.relax.FastRelax: CMD: coord_cst_weight  270.722  1.57511  0  0.55
protocols.relax.FastRelax: CMD: scale:fa_rep  -911.41  1.57511  0  0.022
core.pack.task: Packer task: initialize from command line() 
core.pack.pack_rotamers: built 31056 rotamers at 301 positions.
core.pack.interaction_graph.interaction_graph_factory: Instantiating DensePDInteractionGraph
protocols.relax.FastRelax: CMD: repack  -970.944  1.57511  0  0.022
protocols.relax.FastRelax: CMD: scale:fa_rep  -962.971  1.57511  0  0.02805
protocols.relax.FastRelax: CMD: min  -1062.23  1.57495  0.115436  0.02805
protocols.relax.FastRelax: CMD: coord_cst_weight  -1077.45  1.57495  0.115436  0.02805
protocols.relax.FastRelax: CMD: scale:fa_rep  -911.403  1.57495  0.115436  0.14575
core.pack.task: Packer task: initialize from command line() 
core.pack.pack_rotamers: built 28910 rotamers at 301 positions.
core.pack.interaction_graph.interaction_graph_factory: Instantiating DensePDInteractionGraph
protocols.relax.FastRelax: CMD: repack  -930.899  1.57495  0.115436  0.14575
protocols.relax.FastRelax: CMD: scale:fa_rep  -922.054  1.57495  0.115436  0.154
protocols.relax.FastRelax: CMD: min  -970.277  1.57414  0.12741  0.154
protocols.relax.FastRelax: CMD: coord_cst_weight  -988.902  1.57414  0.12741  0.154
protocols.relax.FastRelax: CMD: scale:fa_rep  -888.048  1.57414  0.12741  0.30745
core.pack.task: Packer task: initialize from command line() 
core.pack.pack_rotamers: built 28070 rotamers at 301 positions.
core.pack.interaction_graph.interaction_graph_factory: Instantiating DensePDInteractionGraph
protocols.relax.FastRelax: CMD: repack  -888.202  1.57414  0.12741  0.30745
protocols.relax.FastRelax: CMD: scale:fa_rep  -880.455  1.57414  0.12741  0.31955
protocols.relax.FastRelax: CMD: min  -906.432  1.63579  0.537771  0.31955
protocols.relax.FastRelax: CMD: coord_cst_weight  -906.432  1.63579  0.537771  0.31955
protocols.relax.FastRelax: CMD: scale:fa_rep  -791.663  1.63579  0.537771  0.55
core.pack.task: Packer task: initialize from command line() 
core.pack.pack_rotamers: built 27428 rotamers at 301 positions.
core.pack.interaction_graph.interaction_graph_factory: Instantiating DensePDInteractionGraph
protocols.relax.FastRelax: CMD: repack  -790.711  1.63579  0.537771  0.55
protocols.relax.FastRelax: CMD: min  -820.128  1.79377  0.804114  0.55
protocols.relax.FastRelax: MRP: 0  -820.128  -820.128  1.79377  0.804114  
protocols.relax.FastRelax: CMD: accept_to_best  -820.128  1.79377  0.804114  0.55
protocols.relax.FastRelax: CMD: endrepeat  -820.128  1.79377  0.804114  0.55
protocols.relax.FastRelax: CMD: coord_cst_weight  7577.58  1.79377  0.804114  0.55
protocols.relax.FastRelax: CMD: scale:fa_rep  7394.59  1.79377  0.804114  0.022
core.pack.task: Packer task: initialize from command line() 
core.pack.pack_rotamers: built 30932 rotamers at 301 positions.
core.pack.interaction_graph.interaction_graph_factory: Instantiating DensePDInteractionGraph
protocols.relax.FastRelax: CMD: repack  7380.59  1.79377  0.804114  0.022
protocols.relax.FastRelax: CMD: scale:fa_rep  7385.45  1.79377  0.804114  0.02805
protocols.relax.FastRelax: CMD: min  -1059.08  1.5763  0.123056  0.02805
protocols.relax.FastRelax: CMD: coord_cst_weight  -1076.31  1.5763  0.123056  0.02805
protocols.relax.FastRelax: CMD: scale:fa_rep  -913.634  1.5763  0.123056  0.14575
core.pack.task: Packer task: initialize from command line() 
core.pack.pack_rotamers: built 28808 rotamers at 301 positions.
core.pack.interaction_graph.interaction_graph_factory: Instantiating DensePDInteractionGraph
protocols.relax.FastRelax: CMD: repack  -934.476  1.5763  0.123056  0.14575
protocols.relax.FastRelax: CMD: scale:fa_rep  -925.812  1.5763  0.123056  0.154
protocols.relax.FastRelax: CMD: min  -971.112  1.57437  0.129255  0.154
protocols.relax.FastRelax: CMD: coord_cst_weight  -990.317  1.57437  0.129255  0.154
protocols.relax.FastRelax: CMD: scale:fa_rep  -890.585  1.57437  0.129255  0.30745
core.pack.task: Packer task: initialize from command line() 
core.pack.pack_rotamers: built 28028 rotamers at 301 positions.
core.pack.interaction_graph.interaction_graph_factory: Instantiating DensePDInteractionGraph
protocols.relax.FastRelax: CMD: repack  -891.513  1.57437  0.129255  0.30745
protocols.relax.FastRelax: CMD: scale:fa_rep  -883.834  1.57437  0.129255  0.31955
protocols.relax.FastRelax: CMD: min  -904.001  1.62228  0.431233  0.31955
protocols.relax.FastRelax: CMD: coord_cst_weight  -904.001  1.62228  0.431233  0.31955
protocols.relax.FastRelax: CMD: scale:fa_rep  -787.794  1.62228  0.431233  0.55
core.pack.task: Packer task: initialize from command line() 
core.pack.pack_rotamers: built 27526 rotamers at 301 positions.
core.pack.interaction_graph.interaction_graph_factory: Instantiating DensePDInteractionGraph
protocols.relax.FastRelax: CMD: repack  -787.252  1.62228  0.431233  0.55
protocols.relax.FastRelax: CMD: min  -820.389  1.64741  0.400027  0.55
protocols.relax.FastRelax: MRP: 1  -820.389  -820.389  1.64741  0.400027  
protocols.relax.FastRelax: CMD: accept_to_best  -820.389  1.64741  0.400027  0.55
protocols.relax.FastRelax: CMD: endrepeat  -820.389  1.64741  0.400027  0.55
protocols.relax.FastRelax: CMD: coord_cst_weight  1735.37  1.64741  0.400027  0.55
protocols.relax.FastRelax: CMD: scale:fa_rep  1553.49  1.64741  0.400027  0.022
core.pack.task: Packer task: initialize from command line() 
core.pack.pack_rotamers: built 31089 rotamers at 301 positions.
core.pack.interaction_graph.interaction_graph_factory: Instantiating DensePDInteractionGraph
protocols.relax.FastRelax: CMD: repack  1539.36  1.64741  0.400027  0.022
protocols.relax.FastRelax: CMD: scale:fa_rep  1544.77  1.64741  0.400027  0.02805
protocols.relax.FastRelax: CMD: min  -1059.95  1.57637  0.126721  0.02805
protocols.relax.FastRelax: CMD: coord_cst_weight  -1077.71  1.57637  0.126721  0.02805
protocols.relax.FastRelax: CMD: scale:fa_rep  -915.362  1.57637  0.126721  0.14575
core.pack.task: Packer task: initialize from command line() 
core.pack.pack_rotamers: built 28771 rotamers at 301 positions.
core.pack.interaction_graph.interaction_graph_factory: Instantiating DensePDInteractionGraph
protocols.relax.FastRelax: CMD: repack  -933.574  1.57637  0.126721  0.14575
protocols.relax.FastRelax: CMD: scale:fa_rep  -924.814  1.57637  0.126721  0.154
protocols.relax.FastRelax: CMD: min  -970.78  1.57451  0.128794  0.154
protocols.relax.FastRelax: CMD: coord_cst_weight  -989.633  1.57451  0.128794  0.154
protocols.relax.FastRelax: CMD: scale:fa_rep  -890.477  1.57451  0.128794  0.30745
core.pack.task: Packer task: initialize from command line() 
core.pack.pack_rotamers: built 28047 rotamers at 301 positions.
core.pack.interaction_graph.interaction_graph_factory: Instantiating DensePDInteractionGraph
protocols.relax.FastRelax: CMD: repack  -890.999  1.57451  0.128794  0.30745
protocols.relax.FastRelax: CMD: scale:fa_rep  -883.372  1.57451  0.128794  0.31955
protocols.relax.FastRelax: CMD: min  -910.638  1.60956  0.462432  0.31955
protocols.relax.FastRelax: CMD: coord_cst_weight  -910.638  1.60956  0.462432  0.31955
protocols.relax.FastRelax: CMD: scale:fa_rep  -796.022  1.60956  0.462432  0.55
core.pack.task: Packer task: initialize from command line() 
core.pack.pack_rotamers: built 27519 rotamers at 301 positions.
core.pack.interaction_graph.interaction_graph_factory: Instantiating DensePDInteractionGraph
protocols.relax.FastRelax: CMD: repack  -796.007  1.60956  0.462432  0.55
protocols.relax.FastRelax: CMD: min  -816.112  1.64257  0.420665  0.55
protocols.relax.FastRelax: MRP: 2  -816.112  -820.389  1.64741  0.400027  
protocols.relax.FastRelax: CMD: accept_to_best  -816.112  1.64257  0.420665  0.55
protocols.relax.FastRelax: CMD: endrepeat  -816.112  1.64257  0.420665  0.55
protocols.relax.FastRelax: CMD: coord_cst_weight  356.115  1.64257  0.420665  0.55
protocols.relax.FastRelax: CMD: scale:fa_rep  168.429  1.64257  0.420665  0.022
core.pack.task: Packer task: initialize from command line() 
core.pack.pack_rotamers: built 30881 rotamers at 301 positions.
core.pack.interaction_graph.interaction_graph_factory: Instantiating DensePDInteractionGraph
protocols.relax.FastRelax: CMD: repack  153.032  1.64257  0.420665  0.022
protocols.relax.FastRelax: CMD: scale:fa_rep  157.701  1.64257  0.420665  0.02805
protocols.relax.FastRelax: CMD: min  -1061.13  1.57667  0.126071  0.02805
protocols.relax.FastRelax: CMD: coord_cst_weight  -1078.7  1.57667  0.126071  0.02805
protocols.relax.FastRelax: CMD: scale:fa_rep  -917.724  1.57667  0.126071  0.14575
core.pack.task: Packer task: initialize from command line() 
core.pack.pack_rotamers: built 28871 rotamers at 301 positions.
core.pack.interaction_graph.interaction_graph_factory: Instantiating DensePDInteractionGraph
protocols.relax.FastRelax: CMD: repack  -935.682  1.57667  0.126071  0.14575
protocols.relax.FastRelax: CMD: scale:fa_rep  -927.083  1.57667  0.126071  0.154
protocols.relax.FastRelax: CMD: min  -970.88  1.57382  0.129702  0.154
protocols.relax.FastRelax: CMD: coord_cst_weight  -989.879  1.57382  0.129702  0.154
protocols.relax.FastRelax: CMD: scale:fa_rep  -890.286  1.57382  0.129702  0.30745
core.pack.task: Packer task: initialize from command line() 
core.pack.pack_rotamers: built 28064 rotamers at 301 positions.
core.pack.interaction_graph.interaction_graph_factory: Instantiating DensePDInteractionGraph
protocols.relax.FastRelax: CMD: repack  -889.794  1.57382  0.129702  0.30745
protocols.relax.FastRelax: CMD: scale:fa_rep  -882.159  1.57382  0.129702  0.31955
protocols.relax.FastRelax: CMD: min  -908.628  1.59993  0.373406  0.31955
protocols.relax.FastRelax: CMD: coord_cst_weight  -908.628  1.59993  0.373406  0.31955
protocols.relax.FastRelax: CMD: scale:fa_rep  -793.967  1.59993  0.373406  0.55
core.pack.task: Packer task: initialize from command line() 
core.pack.pack_rotamers: built 27533 rotamers at 301 positions.
core.pack.interaction_graph.interaction_graph_factory: Instantiating DensePDInteractionGraph
protocols.relax.FastRelax: CMD: repack  -793.467  1.59993  0.373406  0.55
protocols.relax.FastRelax: CMD: min  -817.772  1.60682  0.319377  0.55
protocols.relax.FastRelax: MRP: 3  -817.772  -820.389  1.64741  0.400027  
protocols.relax.FastRelax: CMD: accept_to_best  -817.772  1.60682  0.319377  0.55
protocols.relax.FastRelax: CMD: endrepeat  -817.772  1.60682  0.319377  0.55
protocols.relax.FastRelax: CMD: coord_cst_weight  338.582  1.60682  0.319377  0.55
protocols.relax.FastRelax: CMD: scale:fa_rep  156.185  1.60682  0.319377  0.022
core.pack.task: Packer task: initialize from command line() 
core.pack.pack_rotamers: built 30971 rotamers at 301 positions.
core.pack.interaction_graph.interaction_graph_factory: Instantiating DensePDInteractionGraph
protocols.relax.FastRelax: CMD: repack  140.199  1.60682  0.319377  0.022
protocols.relax.FastRelax: CMD: scale:fa_rep  145.475  1.60682  0.319377  0.02805
protocols.relax.FastRelax: CMD: min  -1060.36  1.57738  0.123763  0.02805
protocols.relax.FastRelax: CMD: coord_cst_weight  -1077.63  1.57738  0.123763  0.02805
protocols.relax.FastRelax: CMD: scale:fa_rep  -916.191  1.57738  0.123763  0.14575
core.pack.task: Packer task: initialize from command line() 
core.pack.pack_rotamers: built 29008 rotamers at 301 positions.
core.pack.interaction_graph.interaction_graph_factory: Instantiating DensePDInteractionGraph
protocols.relax.FastRelax: CMD: repack  -936.343  1.57738  0.123763  0.14575
protocols.relax.FastRelax: CMD: scale:fa_rep  -927.928  1.57738  0.123763  0.154
protocols.relax.FastRelax: CMD: min  -970.636  1.57468  0.129005  0.154
protocols.relax.FastRelax: CMD: coord_cst_weight  -989.537  1.57468  0.129005  0.154
protocols.relax.FastRelax: CMD: scale:fa_rep  -890.771  1.57468  0.129005  0.30745
core.pack.task: Packer task: initialize from command line() 
core.pack.pack_rotamers: built 28036 rotamers at 301 positions.
core.pack.interaction_graph.interaction_graph_factory: Instantiating DensePDInteractionGraph
protocols.relax.FastRelax: CMD: repack  -891.678  1.57468  0.129005  0.30745
protocols.relax.FastRelax: CMD: scale:fa_rep  -884.07  1.57468  0.129005  0.31955
protocols.relax.FastRelax: CMD: min  -912.165  1.58975  0.426378  0.31955
protocols.relax.FastRelax: CMD: coord_cst_weight  -912.165  1.58975  0.426378  0.31955
protocols.relax.FastRelax: CMD: scale:fa_rep  -797.962  1.58975  0.426378  0.55
core.pack.task: Packer task: initialize from command line() 
core.pack.pack_rotamers: built 27451 rotamers at 301 positions.
core.pack.interaction_graph.interaction_graph_factory: Instantiating DensePDInteractionGraph
protocols.relax.FastRelax: CMD: repack  -798.566  1.58975  0.426378  0.55
protocols.relax.FastRelax: CMD: min  -818.221  1.59459  0.299959  0.55
protocols.relax.FastRelax: MRP: 4  -818.221  -820.389  1.64741  0.400027  
protocols.relax.FastRelax: CMD: accept_to_best  -818.221  1.59459  0.299959  0.55
protocols.relax.FastRelax: CMD: endrepeat  -818.221  1.59459  0.299959  0.55
protocols::checkpoint: Deleting checkpoints of FastRelax
protocols.jd2.JobDistributor: aflibercept_input_0086_0001_0006 reported success in 1599 seconds
protocols.jd2.PDBJobInputter: PDBJobInputter::pose_from_job
protocols.jd2.PDBJobInputter: filling pose from PDB ../2_remodel/top_20_by_total_score/aflibercept_input_0089_0003.pdb
core.import_pose.import_pose: File '../2_remodel/top_20_by_total_score/aflibercept_input_0089_0003.pdb' automatically determined to be of type PDB
core.conformation.Conformation: Found disulfide between residues 30 79
core.conformation.Conformation: current variant for 30 CYS
core.conformation.Conformation: current variant for 79 CYS
core.conformation.Conformation: current variant for 30 CYD
core.conformation.Conformation: current variant for 79 CYD
core.conformation.Conformation: Found disulfide between residues 124 185
core.conformation.Conformation: current variant for 124 CYS
core.conformation.Conformation: current variant for 185 CYS
core.conformation.Conformation: current variant for 124 CYD
core.conformation.Conformation: current variant for 185 CYD
core.conformation.Conformation: Found disulfide between residues 219 261
core.conformation.Conformation: current variant for 219 CYS
core.conformation.Conformation: current variant for 261 CYS
core.conformation.Conformation: current variant for 219 CYD
core.conformation.Conformation: current variant for 261 CYD
core.conformation.Conformation: Found disulfide between residues 250 295
core.conformation.Conformation: current variant for 250 CYS
core.conformation.Conformation: current variant for 295 CYS
core.conformation.Conformation: current variant for 250 CYD
core.conformation.Conformation: current variant for 295 CYD
core.conformation.Conformation: Found disulfide between residues 254 297
core.conformation.Conformation: current variant for 254 CYS
core.conformation.Conformation: current variant for 297 CYS
core.conformation.Conformation: current variant for 254 CYD
core.conformation.Conformation: current variant for 297 CYD
protocols.relax.FastRelax: CMD: repeat  -180.895  1.51372  0  0.55
protocols.relax.FastRelax: CMD: coord_cst_weight  -180.895  1.51372  0  0.55
protocols.relax.FastRelax: CMD: scale:fa_rep  -881.813  1.51372  0  0.022
core.pack.task: Packer task: initialize from command line() 
core.pack.pack_rotamers: built 30591 rotamers at 301 positions.
core.pack.interaction_graph.interaction_graph_factory: Instantiating DensePDInteractionGraph
protocols.relax.FastRelax: CMD: repack  -931.059  1.51372  0  0.022
protocols.relax.FastRelax: CMD: scale:fa_rep  -923.591  1.51372  0  0.02805
protocols.relax.FastRelax: CMD: min  -1013.86  1.51512  0.114188  0.02805
protocols.relax.FastRelax: CMD: coord_cst_weight  -1029.06  1.51512  0.114188  0.02805
protocols.relax.FastRelax: CMD: scale:fa_rep  -871.409  1.51512  0.114188  0.14575
core.pack.task: Packer task: initialize from command line() 
core.pack.pack_rotamers: built 28567 rotamers at 301 positions.
core.pack.interaction_graph.interaction_graph_factory: Instantiating DensePDInteractionGraph
protocols.relax.FastRelax: CMD: repack  -890.949  1.51512  0.114188  0.14575
protocols.relax.FastRelax: CMD: scale:fa_rep  -882.479  1.51512  0.114188  0.154
protocols.relax.FastRelax: CMD: min  -924.56  1.51522  0.12264  0.154
protocols.relax.FastRelax: CMD: coord_cst_weight  -942.216  1.51522  0.12264  0.154
protocols.relax.FastRelax: CMD: scale:fa_rep  -841.533  1.51522  0.12264  0.30745
core.pack.task: Packer task: initialize from command line() 
core.pack.pack_rotamers: built 27747 rotamers at 301 positions.
core.pack.interaction_graph.interaction_graph_factory: Instantiating DensePDInteractionGraph
protocols.relax.FastRelax: CMD: repack  -843.642  1.51522  0.12264  0.30745
protocols.relax.FastRelax: CMD: scale:fa_rep  -836.073  1.51522  0.12264  0.31955
protocols.relax.FastRelax: CMD: min  -883.625  1.7785  0.779708  0.31955
protocols.relax.FastRelax: CMD: coord_cst_weight  -883.625  1.7785  0.779708  0.31955
protocols.relax.FastRelax: CMD: scale:fa_rep  -768.153  1.7785  0.779708  0.55
core.pack.task: Packer task: initialize from command line() 
core.pack.pack_rotamers: built 27200 rotamers at 301 positions.
core.pack.interaction_graph.interaction_graph_factory: Instantiating DensePDInteractionGraph
protocols.relax.FastRelax: CMD: repack  -768.93  1.7785  0.779708  0.55
protocols.relax.FastRelax: CMD: min  -796.06  1.84229  0.858467  0.55
protocols.relax.FastRelax: MRP: 0  -796.06  -796.06  1.84229  0.858467  
protocols.relax.FastRelax: CMD: accept_to_best  -796.06  1.84229  0.858467  0.55
protocols.relax.FastRelax: CMD: endrepeat  -796.06  1.84229  0.858467  0.55
protocols.relax.FastRelax: CMD: coord_cst_weight  14152.2  1.84229  0.858467  0.55
protocols.relax.FastRelax: CMD: scale:fa_rep  13967.9  1.84229  0.858467  0.022
core.pack.task: Packer task: initialize from command line() 
core.pack.pack_rotamers: built 30499 rotamers at 301 positions.
core.pack.interaction_graph.interaction_graph_factory: Instantiating DensePDInteractionGraph
protocols.relax.FastRelax: CMD: repack  13954.3  1.84229  0.858467  0.022
protocols.relax.FastRelax: CMD: scale:fa_rep  13959  1.84229  0.858467  0.02805
protocols.relax.FastRelax: CMD: min  -1013.32  1.5186  0.1278  0.02805
protocols.relax.FastRelax: CMD: coord_cst_weight  -1032.13  1.5186  0.1278  0.02805
protocols.relax.FastRelax: CMD: scale:fa_rep  -872.007  1.5186  0.1278  0.14575
core.pack.task: Packer task: initialize from command line() 
core.pack.pack_rotamers: built 28584 rotamers at 301 positions.
core.pack.interaction_graph.interaction_graph_factory: Instantiating DensePDInteractionGraph
protocols.relax.FastRelax: CMD: repack  -892.236  1.5186  0.1278  0.14575
protocols.relax.FastRelax: CMD: scale:fa_rep  -883.694  1.5186  0.1278  0.154
protocols.relax.FastRelax: CMD: min  -927.642  1.51737  0.137197  0.154
protocols.relax.FastRelax: CMD: coord_cst_weight  -949.994  1.51737  0.137197  0.154
protocols.relax.FastRelax: CMD: scale:fa_rep  -848.47  1.51737  0.137197  0.30745
core.pack.task: Packer task: initialize from command line() 
core.pack.pack_rotamers: built 27893 rotamers at 301 positions.
core.pack.interaction_graph.interaction_graph_factory: Instantiating DensePDInteractionGraph
protocols.relax.FastRelax: CMD: repack  -850.865  1.51737  0.137197  0.30745
protocols.relax.FastRelax: CMD: scale:fa_rep  -843.22  1.51737  0.137197  0.31955
protocols.relax.FastRelax: CMD: min  -887.163  1.85295  0.877746  0.31955
protocols.relax.FastRelax: CMD: coord_cst_weight  -887.163  1.85295  0.877746  0.31955
protocols.relax.FastRelax: CMD: scale:fa_rep  -772.475  1.85295  0.877746  0.55
core.pack.task: Packer task: initialize from command line() 
core.pack.pack_rotamers: built 27406 rotamers at 301 positions.
core.pack.interaction_graph.interaction_graph_factory: Instantiating DensePDInteractionGraph
protocols.relax.FastRelax: CMD: repack  -773.274  1.85295  0.877746  0.55
protocols.relax.FastRelax: CMD: min  -799.408  1.96933  0.995369  0.55
protocols.relax.FastRelax: MRP: 1  -799.408  -799.408  1.96933  0.995369  
protocols.relax.FastRelax: CMD: accept_to_best  -799.408  1.96933  0.995369  0.55
protocols.relax.FastRelax: CMD: endrepeat  -799.408  1.96933  0.995369  0.55
protocols.relax.FastRelax: CMD: coord_cst_weight  5655.55  1.96933  0.995369  0.55
protocols.relax.FastRelax: CMD: scale:fa_rep  5473.26  1.96933  0.995369  0.022
core.pack.task: Packer task: initialize from command line() 
core.pack.pack_rotamers: built 30476 rotamers at 301 positions.
core.pack.interaction_graph.interaction_graph_factory: Instantiating DensePDInteractionGraph
protocols.relax.FastRelax: CMD: repack  5456.76  1.96933  0.995369  0.022
protocols.relax.FastRelax: CMD: scale:fa_rep  5460.84  1.96933  0.995369  0.02805
protocols.relax.FastRelax: CMD: min  -1014.81  1.51952  0.128594  0.02805
protocols.relax.FastRelax: CMD: coord_cst_weight  -1033.91  1.51952  0.128594  0.02805
protocols.relax.FastRelax: CMD: scale:fa_rep  -874.043  1.51952  0.128594  0.14575
core.pack.task: Packer task: initialize from command line() 
core.pack.pack_rotamers: built 28544 rotamers at 301 positions.
core.pack.interaction_graph.interaction_graph_factory: Instantiating DensePDInteractionGraph
protocols.relax.FastRelax: CMD: repack  -891.262  1.51952  0.128594  0.14575
protocols.relax.FastRelax: CMD: scale:fa_rep  -882.7  1.51952  0.128594  0.154
protocols.relax.FastRelax: CMD: min  -927.872  1.51729  0.141032  0.154
protocols.relax.FastRelax: CMD: coord_cst_weight  -951.742  1.51729  0.141032  0.154
protocols.relax.FastRelax: CMD: scale:fa_rep  -850.809  1.51729  0.141032  0.30745
core.pack.task: Packer task: initialize from command line() 
core.pack.pack_rotamers: built 27895 rotamers at 301 positions.
core.pack.interaction_graph.interaction_graph_factory: Instantiating DensePDInteractionGraph
protocols.relax.FastRelax: CMD: repack  -852.044  1.51729  0.141032  0.30745
protocols.relax.FastRelax: CMD: scale:fa_rep  -844.41  1.51729  0.141032  0.31955
protocols.relax.FastRelax: CMD: min  -876.651  1.64553  0.588934  0.31955
protocols.relax.FastRelax: CMD: coord_cst_weight  -876.651  1.64553  0.588934  0.31955
protocols.relax.FastRelax: CMD: scale:fa_rep  -761.05  1.64553  0.588934  0.55
core.pack.task: Packer task: initialize from command line() 
core.pack.pack_rotamers: built 27291 rotamers at 301 positions.
core.pack.interaction_graph.interaction_graph_factory: Instantiating DensePDInteractionGraph
protocols.relax.FastRelax: CMD: repack  -762.515  1.64553  0.588934  0.55
protocols.relax.FastRelax: CMD: min  -798.029  1.96427  0.997089  0.55
protocols.relax.FastRelax: MRP: 2  -798.029  -799.408  1.96933  0.995369  
protocols.relax.FastRelax: CMD: accept_to_best  -798.029  1.96427  0.997089  0.55
protocols.relax.FastRelax: CMD: endrepeat  -798.029  1.96427  0.997089  0.55
protocols.relax.FastRelax: CMD: coord_cst_weight  6727.9  1.96427  0.997089  0.55
protocols.relax.FastRelax: CMD: scale:fa_rep  6543.39  1.96427  0.997089  0.022
core.pack.task: Packer task: initialize from command line() 
core.pack.pack_rotamers: built 30443 rotamers at 301 positions.
core.pack.interaction_graph.interaction_graph_factory: Instantiating DensePDInteractionGraph
protocols.relax.FastRelax: CMD: repack  6532.7  1.96427  0.997089  0.022
protocols.relax.FastRelax: CMD: scale:fa_rep  6536.91  1.96427  0.997089  0.02805
protocols.relax.FastRelax: CMD: min  -1011.11  1.51918  0.133138  0.02805
protocols.relax.FastRelax: CMD: coord_cst_weight  -1031.53  1.51918  0.133138  0.02805
protocols.relax.FastRelax: CMD: scale:fa_rep  -872.56  1.51918  0.133138  0.14575
core.pack.task: Packer task: initialize from command line() 
core.pack.pack_rotamers: built 28517 rotamers at 301 positions.
core.pack.interaction_graph.interaction_graph_factory: Instantiating DensePDInteractionGraph
protocols.relax.FastRelax: CMD: repack  -891.588  1.51918  0.133138  0.14575
protocols.relax.FastRelax: CMD: scale:fa_rep  -883.165  1.51918  0.133138  0.154
protocols.relax.FastRelax: CMD: min  -926.087  1.51871  0.143099  0.154
protocols.relax.FastRelax: CMD: coord_cst_weight  -950.43  1.51871  0.143099  0.154
protocols.relax.FastRelax: CMD: scale:fa_rep  -849.677  1.51871  0.143099  0.30745
core.pack.task: Packer task: initialize from command line() 
core.pack.pack_rotamers: built 27887 rotamers at 301 positions.
core.pack.interaction_graph.interaction_graph_factory: Instantiating DensePDInteractionGraph
protocols.relax.FastRelax: CMD: repack  -851.135  1.51871  0.143099  0.30745
protocols.relax.FastRelax: CMD: scale:fa_rep  -843.574  1.51871  0.143099  0.31955
protocols.relax.FastRelax: CMD: min  -883.118  1.84485  0.860743  0.31955
protocols.relax.FastRelax: CMD: coord_cst_weight  -883.118  1.84485  0.860743  0.31955
protocols.relax.FastRelax: CMD: scale:fa_rep  -768.213  1.84485  0.860743  0.55
core.pack.task: Packer task: initialize from command line() 
core.pack.pack_rotamers: built 27259 rotamers at 301 positions.
core.pack.interaction_graph.interaction_graph_factory: Instantiating DensePDInteractionGraph
protocols.relax.FastRelax: CMD: repack  -768.427  1.84485  0.860743  0.55
protocols.relax.FastRelax: CMD: min  -795.531  2.17398  1.30197  0.55
protocols.relax.FastRelax: MRP: 3  -795.531  -799.408  1.96933  0.995369  
protocols.relax.FastRelax: CMD: accept_to_best  -795.531  2.17398  1.30197  0.55
protocols.relax.FastRelax: CMD: endrepeat  -795.531  2.17398  1.30197  0.55
protocols.relax.FastRelax: CMD: coord_cst_weight  10975.1  2.17398  1.30197  0.55
protocols.relax.FastRelax: CMD: scale:fa_rep  10791.9  2.17398  1.30197  0.022
core.pack.task: Packer task: initialize from command line() 
core.pack.pack_rotamers: built 30417 rotamers at 301 positions.
core.pack.interaction_graph.interaction_graph_factory: Instantiating DensePDInteractionGraph
protocols.relax.FastRelax: CMD: repack  10778.6  2.17398  1.30197  0.022
protocols.relax.FastRelax: CMD: scale:fa_rep  10783.3  2.17398  1.30197  0.02805
protocols.relax.FastRelax: CMD: min  -1008.11  1.51862  0.13459  0.02805
protocols.relax.FastRelax: CMD: coord_cst_weight  -1029.03  1.51862  0.13459  0.02805
protocols.relax.FastRelax: CMD: scale:fa_rep  -864.878  1.51862  0.13459  0.14575
core.pack.task: Packer task: initialize from command line() 
core.pack.pack_rotamers: built 28585 rotamers at 301 positions.
core.pack.interaction_graph.interaction_graph_factory: Instantiating DensePDInteractionGraph
protocols.relax.FastRelax: CMD: repack  -883.269  1.51862  0.13459  0.14575
protocols.relax.FastRelax: CMD: scale:fa_rep  -874.928  1.51862  0.13459  0.154
protocols.relax.FastRelax: CMD: min  -924.763  1.51996  0.148633  0.154
protocols.relax.FastRelax: CMD: coord_cst_weight  -950.45  1.51996  0.148633  0.154
protocols.relax.FastRelax: CMD: scale:fa_rep  -849.092  1.51996  0.148633  0.30745
core.pack.task: Packer task: initialize from command line() 
core.pack.pack_rotamers: built 27904 rotamers at 301 positions.
core.pack.interaction_graph.interaction_graph_factory: Instantiating DensePDInteractionGraph
protocols.relax.FastRelax: CMD: repack  -850.51  1.51996  0.148633  0.30745
protocols.relax.FastRelax: CMD: scale:fa_rep  -842.808  1.51996  0.148633  0.31955
protocols.relax.FastRelax: CMD: min  -883.533  1.85576  0.825478  0.31955
protocols.relax.FastRelax: CMD: coord_cst_weight  -883.533  1.85576  0.825478  0.31955
protocols.relax.FastRelax: CMD: scale:fa_rep  -770.601  1.85576  0.825478  0.55
core.pack.task: Packer task: initialize from command line() 
core.pack.pack_rotamers: built 27224 rotamers at 301 positions.
core.pack.interaction_graph.interaction_graph_factory: Instantiating DensePDInteractionGraph
protocols.relax.FastRelax: CMD: repack  -771.208  1.85576  0.825478  0.55
protocols.relax.FastRelax: CMD: min  -798.33  2.19812  1.3232  0.55
protocols.relax.FastRelax: MRP: 4  -798.33  -799.408  1.96933  0.995369  
protocols.relax.FastRelax: CMD: accept_to_best  -798.33  2.19812  1.3232  0.55
protocols.relax.FastRelax: CMD: endrepeat  -798.33  2.19812  1.3232  0.55
protocols::checkpoint: Deleting checkpoints of FastRelax
protocols.jd2.JobDistributor: aflibercept_input_0089_0003_0005 reported success in 1988 seconds
protocols.jd2.PDBJobInputter: PDBJobInputter::pose_from_job
protocols.jd2.PDBJobInputter: filling pose from PDB ../2_remodel/top_20_by_total_score/aflibercept_input_0099_0002.pdb
core.import_pose.import_pose: File '../2_remodel/top_20_by_total_score/aflibercept_input_0099_0002.pdb' automatically determined to be of type PDB
core.conformation.Conformation: Found disulfide between residues 30 79
core.conformation.Conformation: current variant for 30 CYS
core.conformation.Conformation: current variant for 79 CYS
core.conformation.Conformation: current variant for 30 CYD
core.conformation.Conformation: current variant for 79 CYD
core.conformation.Conformation: Found disulfide between residues 124 185
core.conformation.Conformation: current variant for 124 CYS
core.conformation.Conformation: current variant for 185 CYS
core.conformation.Conformation: current variant for 124 CYD
core.conformation.Conformation: current variant for 185 CYD
core.conformation.Conformation: Found disulfide between residues 219 261
core.conformation.Conformation: current variant for 219 CYS
core.conformation.Conformation: current variant for 261 CYS
core.conformation.Conformation: current variant for 219 CYD
core.conformation.Conformation: current variant for 261 CYD
core.conformation.Conformation: Found disulfide between residues 250 295
core.conformation.Conformation: current variant for 250 CYS
core.conformation.Conformation: current variant for 295 CYS
core.conformation.Conformation: current variant for 250 CYD
core.conformation.Conformation: current variant for 295 CYD
core.conformation.Conformation: Found disulfide between residues 254 297
core.conformation.Conformation: current variant for 254 CYS
core.conformation.Conformation: current variant for 297 CYS
core.conformation.Conformation: current variant for 254 CYD
core.conformation.Conformation: current variant for 297 CYD
protocols.relax.FastRelax: CMD: repeat  123.644  1.61251  0  0.55
protocols.relax.FastRelax: CMD: coord_cst_weight  123.644  1.61251  0  0.55
protocols.relax.FastRelax: CMD: scale:fa_rep  -855.441  1.61251  0  0.022
core.pack.task: Packer task: initialize from command line() 
core.pack.pack_rotamers: built 30471 rotamers at 301 positions.
core.pack.interaction_graph.interaction_graph_factory: Instantiating DensePDInteractionGraph
protocols.relax.FastRelax: CMD: repack  -897.673  1.61251  0  0.022
protocols.relax.FastRelax: CMD: scale:fa_rep  -888.898  1.61251  0  0.02805
protocols.relax.FastRelax: CMD: min  -985.135  1.61764  0.117094  0.02805
protocols.relax.FastRelax: CMD: coord_cst_weight  -1002.17  1.61764  0.117094  0.02805
protocols.relax.FastRelax: CMD: scale:fa_rep  -829.466  1.61764  0.117094  0.14575
core.pack.task: Packer task: initialize from command line() 
core.pack.pack_rotamers: built 28262 rotamers at 301 positions.
core.pack.interaction_graph.interaction_graph_factory: Instantiating DensePDInteractionGraph
protocols.relax.FastRelax: CMD: repack  -855.755  1.61764  0.117094  0.14575
protocols.relax.FastRelax: CMD: scale:fa_rep  -847.175  1.61764  0.117094  0.154
protocols.relax.FastRelax: CMD: min  -896.563  1.62265  0.127238  0.154
protocols.relax.FastRelax: CMD: coord_cst_weight  -918.016  1.62265  0.127238  0.154
protocols.relax.FastRelax: CMD: scale:fa_rep  -818.054  1.62265  0.127238  0.30745
core.pack.task: Packer task: initialize from command line() 
core.pack.pack_rotamers: built 27863 rotamers at 301 positions.
core.pack.interaction_graph.interaction_graph_factory: Instantiating DensePDInteractionGraph
protocols.relax.FastRelax: CMD: repack  -820.714  1.62265  0.127238  0.30745
protocols.relax.FastRelax: CMD: scale:fa_rep  -813.247  1.62265  0.127238  0.31955
protocols.relax.FastRelax: CMD: min  -850.425  1.78542  0.816916  0.31955
protocols.relax.FastRelax: CMD: coord_cst_weight  -850.425  1.78542  0.816916  0.31955
protocols.relax.FastRelax: CMD: scale:fa_rep  -735.433  1.78542  0.816916  0.55
core.pack.task: Packer task: initialize from command line() 
core.pack.pack_rotamers: built 27056 rotamers at 301 positions.
core.pack.interaction_graph.interaction_graph_factory: Instantiating DensePDInteractionGraph
protocols.relax.FastRelax: CMD: repack  -737.319  1.78542  0.816916  0.55
protocols.relax.FastRelax: CMD: min  -766.851  1.95715  1.05323  0.55
protocols.relax.FastRelax: MRP: 0  -766.851  -766.851  1.95715  1.05323  
protocols.relax.FastRelax: CMD: accept_to_best  -766.851  1.95715  1.05323  0.55
protocols.relax.FastRelax: CMD: endrepeat  -766.851  1.95715  1.05323  0.55
protocols.relax.FastRelax: CMD: coord_cst_weight  12314  1.95715  1.05323  0.55
protocols.relax.FastRelax: CMD: scale:fa_rep  12129.9  1.95715  1.05323  0.022
core.pack.task: Packer task: initialize from command line() 
core.pack.pack_rotamers: built 30664 rotamers at 301 positions.
core.pack.interaction_graph.interaction_graph_factory: Instantiating DensePDInteractionGraph
protocols.relax.FastRelax: CMD: repack  12108  1.95715  1.05323  0.022
protocols.relax.FastRelax: CMD: scale:fa_rep  12113.6  1.95715  1.05323  0.02805
protocols.relax.FastRelax: CMD: min  -986.605  1.6203  0.134422  0.02805
protocols.relax.FastRelax: CMD: coord_cst_weight  -1009.69  1.6203  0.134422  0.02805
protocols.relax.FastRelax: CMD: scale:fa_rep  -830.885  1.6203  0.134422  0.14575
core.pack.task: Packer task: initialize from command line() 
core.pack.pack_rotamers: built 28298 rotamers at 301 positions.
core.pack.interaction_graph.interaction_graph_factory: Instantiating DensePDInteractionGraph
protocols.relax.FastRelax: CMD: repack  -865.962  1.6203  0.134422  0.14575
protocols.relax.FastRelax: CMD: scale:fa_rep  -857.609  1.6203  0.134422  0.154
protocols.relax.FastRelax: CMD: min  -906.506  1.62071  0.136871  0.154
protocols.relax.FastRelax: CMD: coord_cst_weight  -931.6  1.62071  0.136871  0.154
protocols.relax.FastRelax: CMD: scale:fa_rep  -833.459  1.62071  0.136871  0.30745
core.pack.task: Packer task: initialize from command line() 
core.pack.pack_rotamers: built 27735 rotamers at 301 positions.
core.pack.interaction_graph.interaction_graph_factory: Instantiating DensePDInteractionGraph
protocols.relax.FastRelax: CMD: repack  -834.388  1.62071  0.136871  0.30745
protocols.relax.FastRelax: CMD: scale:fa_rep  -826.851  1.62071  0.136871  0.31955
protocols.relax.FastRelax: CMD: min  -852.209  1.69307  0.488744  0.31955
protocols.relax.FastRelax: CMD: coord_cst_weight  -852.209  1.69307  0.488744  0.31955
protocols.relax.FastRelax: CMD: scale:fa_rep  -736.669  1.69307  0.488744  0.55
core.pack.task: Packer task: initialize from command line() 
core.pack.pack_rotamers: built 27123 rotamers at 301 positions.
core.pack.interaction_graph.interaction_graph_factory: Instantiating DensePDInteractionGraph
protocols.relax.FastRelax: CMD: repack  -736.731  1.69307  0.488744  0.55
protocols.relax.FastRelax: CMD: min  -777.402  2.05925  1.04165  0.55
protocols.relax.FastRelax: MRP: 1  -777.402  -777.402  2.05925  1.04165  
protocols.relax.FastRelax: CMD: accept_to_best  -777.402  2.05925  1.04165  0.55
protocols.relax.FastRelax: CMD: endrepeat  -777.402  2.05925  1.04165  0.55
protocols.relax.FastRelax: CMD: coord_cst_weight  4108.81  2.05925  1.04165  0.55
protocols.relax.FastRelax: CMD: scale:fa_rep  3925.02  2.05925  1.04165  0.022
core.pack.task: Packer task: initialize from command line() 
core.pack.pack_rotamers: built 30655 rotamers at 301 positions.
core.pack.interaction_graph.interaction_graph_factory: Instantiating DensePDInteractionGraph
protocols.relax.FastRelax: CMD: repack  3909.95  2.05925  1.04165  0.022
protocols.relax.FastRelax: CMD: scale:fa_rep  3915.35  2.05925  1.04165  0.02805
protocols.relax.FastRelax: CMD: min  -983.268  1.61941  0.137383  0.02805
protocols.relax.FastRelax: CMD: coord_cst_weight  -1007.06  1.61941  0.137383  0.02805
protocols.relax.FastRelax: CMD: scale:fa_rep  -843.274  1.61941  0.137383  0.14575
core.pack.task: Packer task: initialize from command line() 
core.pack.pack_rotamers: built 28437 rotamers at 301 positions.
core.pack.interaction_graph.interaction_graph_factory: Instantiating DensePDInteractionGraph
protocols.relax.FastRelax: CMD: repack  -871.767  1.61941  0.137383  0.14575
protocols.relax.FastRelax: CMD: scale:fa_rep  -863.609  1.61941  0.137383  0.154
protocols.relax.FastRelax: CMD: min  -910.385  1.62002  0.142849  0.154
protocols.relax.FastRelax: CMD: coord_cst_weight  -937.572  1.62002  0.142849  0.154
protocols.relax.FastRelax: CMD: scale:fa_rep  -839.979  1.62002  0.142849  0.30745
core.pack.task: Packer task: initialize from command line() 
core.pack.pack_rotamers: built 27817 rotamers at 301 positions.
core.pack.interaction_graph.interaction_graph_factory: Instantiating DensePDInteractionGraph
protocols.relax.FastRelax: CMD: repack  -840.867  1.62002  0.142849  0.30745
protocols.relax.FastRelax: CMD: scale:fa_rep  -833.284  1.62002  0.142849  0.31955
protocols.relax.FastRelax: CMD: min  -877.592  2.03983  1.08248  0.31955
protocols.relax.FastRelax: CMD: coord_cst_weight  -877.592  2.03983  1.08248  0.31955
protocols.relax.FastRelax: CMD: scale:fa_rep  -762.767  2.03983  1.08248  0.55
core.pack.task: Packer task: initialize from command line() 
core.pack.pack_rotamers: built 27194 rotamers at 301 positions.
core.pack.interaction_graph.interaction_graph_factory: Instantiating DensePDInteractionGraph
protocols.relax.FastRelax: CMD: repack  -763.657  2.03983  1.08248  0.55
protocols.relax.FastRelax: CMD: min  -790.908  2.32361  1.51816  0.55
protocols.relax.FastRelax: MRP: 2  -790.908  -790.908  2.32361  1.51816  
protocols.relax.FastRelax: CMD: accept_to_best  -790.908  2.32361  1.51816  0.55
protocols.relax.FastRelax: CMD: endrepeat  -790.908  2.32361  1.51816  0.55
protocols.relax.FastRelax: CMD: coord_cst_weight  16396.8  2.32361  1.51816  0.55
protocols.relax.FastRelax: CMD: scale:fa_rep  16213.7  2.32361  1.51816  0.022
core.pack.task: Packer task: initialize from command line() 
core.pack.pack_rotamers: built 30544 rotamers at 301 positions.
core.pack.interaction_graph.interaction_graph_factory: Instantiating DensePDInteractionGraph
protocols.relax.FastRelax: CMD: repack  16201.6  2.32361  1.51816  0.022
protocols.relax.FastRelax: CMD: scale:fa_rep  16206.1  2.32361  1.51816  0.02805
protocols.relax.FastRelax: CMD: min  -982.112  1.61735  0.141861  0.02805
protocols.relax.FastRelax: CMD: coord_cst_weight  -1008  1.61735  0.141861  0.02805
protocols.relax.FastRelax: CMD: scale:fa_rep  -839.974  1.61735  0.141861  0.14575
core.pack.task: Packer task: initialize from command line() 
core.pack.pack_rotamers: built 28371 rotamers at 301 positions.
core.pack.interaction_graph.interaction_graph_factory: Instantiating DensePDInteractionGraph
protocols.relax.FastRelax: CMD: repack  -871.981  1.61735  0.141861  0.14575
protocols.relax.FastRelax: CMD: scale:fa_rep  -863.604  1.61735  0.141861  0.154
protocols.relax.FastRelax: CMD: min  -909.088  1.61811  0.151912  0.154
protocols.relax.FastRelax: CMD: coord_cst_weight  -939.235  1.61811  0.151912  0.154
protocols.relax.FastRelax: CMD: scale:fa_rep  -840.212  1.61811  0.151912  0.30745
core.pack.task: Packer task: initialize from command line() 
core.pack.pack_rotamers: built 27806 rotamers at 301 positions.
core.pack.interaction_graph.interaction_graph_factory: Instantiating DensePDInteractionGraph
protocols.relax.FastRelax: CMD: repack  -841.924  1.61811  0.151912  0.30745
protocols.relax.FastRelax: CMD: scale:fa_rep  -834.3  1.61811  0.151912  0.31955
protocols.relax.FastRelax: CMD: min  -881.64  2.03561  1.05661  0.31955
protocols.relax.FastRelax: CMD: coord_cst_weight  -881.64  2.03561  1.05661  0.31955
protocols.relax.FastRelax: CMD: scale:fa_rep  -765.605  2.03561  1.05661  0.55
core.pack.task: Packer task: initialize from command line() 
core.pack.pack_rotamers: built 27169 rotamers at 301 positions.
core.pack.interaction_graph.interaction_graph_factory: Instantiating DensePDInteractionGraph
protocols.relax.FastRelax: CMD: repack  -766.422  2.03561  1.05661  0.55
protocols.relax.FastRelax: CMD: min  -788.264  2.10687  1.10772  0.55
protocols.relax.FastRelax: MRP: 3  -788.264  -790.908  2.32361  1.51816  
protocols.relax.FastRelax: CMD: accept_to_best  -788.264  2.10687  1.10772  0.55
protocols.relax.FastRelax: CMD: endrepeat  -788.264  2.10687  1.10772  0.55
protocols.relax.FastRelax: CMD: coord_cst_weight  8343.75  2.10687  1.10772  0.55
protocols.relax.FastRelax: CMD: scale:fa_rep  8155.6  2.10687  1.10772  0.022
core.pack.task: Packer task: initialize from command line() 
core.pack.pack_rotamers: built 30658 rotamers at 301 positions.
core.pack.interaction_graph.interaction_graph_factory: Instantiating DensePDInteractionGraph
protocols.relax.FastRelax: CMD: repack  8138.92  2.10687  1.10772  0.022
protocols.relax.FastRelax: CMD: scale:fa_rep  8145.35  2.10687  1.10772  0.02805
protocols.relax.FastRelax: CMD: min  -985.414  1.61707  0.146243  0.02805
protocols.relax.FastRelax: CMD: coord_cst_weight  -1012.38  1.61707  0.146243  0.02805
protocols.relax.FastRelax: CMD: scale:fa_rep  -839.539  1.61707  0.146243  0.14575
core.pack.task: Packer task: initialize from command line() 
core.pack.pack_rotamers: built 28417 rotamers at 301 positions.
core.pack.interaction_graph.interaction_graph_factory: Instantiating DensePDInteractionGraph
protocols.relax.FastRelax: CMD: repack  -870.861  1.61707  0.146243  0.14575
protocols.relax.FastRelax: CMD: scale:fa_rep  -862.586  1.61707  0.146243  0.154
protocols.relax.FastRelax: CMD: min  -909.371  1.6176  0.15446  0.154
protocols.relax.FastRelax: CMD: coord_cst_weight  -939.997  1.6176  0.15446  0.154
protocols.relax.FastRelax: CMD: scale:fa_rep  -841.431  1.6176  0.15446  0.30745
core.pack.task: Packer task: initialize from command line() 
core.pack.pack_rotamers: built 27830 rotamers at 301 positions.
core.pack.interaction_graph.interaction_graph_factory: Instantiating DensePDInteractionGraph
protocols.relax.FastRelax: CMD: repack  -842.438  1.6176  0.15446  0.30745
protocols.relax.FastRelax: CMD: scale:fa_rep  -834.794  1.6176  0.15446  0.31955
protocols.relax.FastRelax: CMD: min  -874.832  1.88359  0.875569  0.31955
protocols.relax.FastRelax: CMD: coord_cst_weight  -874.832  1.88359  0.875569  0.31955
protocols.relax.FastRelax: CMD: scale:fa_rep  -758.373  1.88359  0.875569  0.55
core.pack.task: Packer task: initialize from command line() 
core.pack.pack_rotamers: built 27047 rotamers at 301 positions.
core.pack.interaction_graph.interaction_graph_factory: Instantiating DensePDInteractionGraph
protocols.relax.FastRelax: CMD: repack  -759.055  1.88359  0.875569  0.55
protocols.relax.FastRelax: CMD: min  -787.667  2.1669  1.22989  0.55
protocols.relax.FastRelax: MRP: 4  -787.667  -790.908  2.32361  1.51816  
protocols.relax.FastRelax: CMD: accept_to_best  -787.667  2.1669  1.22989  0.55
protocols.relax.FastRelax: CMD: endrepeat  -787.667  2.1669  1.22989  0.55
protocols::checkpoint: Deleting checkpoints of FastRelax
protocols.jd2.JobDistributor: aflibercept_input_0099_0002_0001 reported success in 1809 seconds
protocols.jd2.JobDistributor: no more batches to process... 
protocols.jd2.JobDistributor: 200 jobs considered, 4 jobs attempted in 7242 seconds
basic.citation_manager.CitationManager: 
The following Rosetta modules were used during this run of Rosetta, and should be cited:

FastRelax Mover's citation(s):
Khatib F, Cooper S, Tyka MD, Xu K, Makedon I, Popovic Z, Baker D, and Players F.  (2011).  Algorithm discovery by protein folding game players.  Proc Natl Acad Sci USA 108(47):18949-53.  doi: 10.1073/pnas.1115898108.


