core.init: Checking for fconfig files in pwd and ./rosetta/flags 
core.init: Rosetta version: 2020.50.post.dev+250.rahelf.iamdisulfidedetect.e9ee94d52d4 e9ee94d52d4b120645d0d27c8cf7d02d7b1ec59c git@github.com:RosettaCommons/main.git 2021-02-04T18:52:55
core.init: command: /Users/rfrick2/Rosetta/main/source/bin/relax.macosclangrelease @relax.flags
basic.random.init_random_generator: 'RNG device' seed mode, using '/dev/urandom', seed=605348535 seed_offset=0 real_seed=605348535
basic.random.init_random_generator: RandomGenerator:init: Normal mode, seed=605348535 RG_type=mt19937
core.init: found database environment variable ROSETTA3_DB: /Users/rfrick2/Rosetta_RAbD/main/database
core.scoring.ScoreFunctionFactory: SCOREFUNCTION: ref2015
core.scoring.etable: Starting energy table calculation
core.scoring.etable: smooth_etable: changing atr/rep split to bottom of energy well
core.scoring.etable: smooth_etable: spline smoothing lj etables (maxdis = 6)
core.scoring.etable: smooth_etable: spline smoothing solvation etables (max_dis = 6)
core.scoring.etable: Finished calculating energy tables.
basic.io.database: Database file opened: scoring/score_functions/hbonds/ref2015_params/HBPoly1D.csv
basic.io.database: Database file opened: scoring/score_functions/hbonds/ref2015_params/HBFadeIntervals.csv
basic.io.database: Database file opened: scoring/score_functions/hbonds/ref2015_params/HBEval.csv
basic.io.database: Database file opened: scoring/score_functions/hbonds/ref2015_params/DonStrength.csv
basic.io.database: Database file opened: scoring/score_functions/hbonds/ref2015_params/AccStrength.csv
core.chemical.GlobalResidueTypeSet: Finished initializing fa_standard residue type set.  Created 985 residue types
core.chemical.GlobalResidueTypeSet: Total time to initialize 0.728822 seconds.
basic.io.database: Database file opened: scoring/score_functions/rama/fd/all.ramaProb
basic.io.database: Database file opened: scoring/score_functions/rama/fd/prepro.ramaProb
basic.io.database: Database file opened: scoring/score_functions/omega/omega_ppdep.all.txt
basic.io.database: Database file opened: scoring/score_functions/omega/omega_ppdep.gly.txt
basic.io.database: Database file opened: scoring/score_functions/omega/omega_ppdep.pro.txt
basic.io.database: Database file opened: scoring/score_functions/omega/omega_ppdep.valile.txt
basic.io.database: Database file opened: scoring/score_functions/P_AA_pp/P_AA
basic.io.database: Database file opened: scoring/score_functions/P_AA_pp/P_AA_n
core.scoring.P_AA: shapovalov_lib::shap_p_aa_pp_smooth_level of 1( aka low_smooth ) got activated.
basic.io.database: Database file opened: scoring/score_functions/P_AA_pp/shapovalov/10deg/kappa131/a20.prop
protocols.relax.RelaxScriptManager: Reading relax scripts list from database.
protocols.relax.RelaxScriptManager: Looking for MonomerRelax2019.txt
protocols.relax.RelaxScriptManager: ================== Reading script file: /Users/rfrick2/Rosetta_RAbD/main/database/sampling/relax_scripts/MonomerRelax2019.txt ==================
protocols.relax.RelaxScriptManager: repeat %%nrepeats%%
protocols.relax.RelaxScriptManager: coord_cst_weight 1.0
protocols.relax.RelaxScriptManager: scale:fa_rep 0.040
protocols.relax.RelaxScriptManager: repack
protocols.relax.RelaxScriptManager: scale:fa_rep 0.051
protocols.relax.RelaxScriptManager: min 0.01
protocols.relax.RelaxScriptManager: coord_cst_weight 0.5
protocols.relax.RelaxScriptManager: scale:fa_rep 0.265
protocols.relax.RelaxScriptManager: repack
protocols.relax.RelaxScriptManager: scale:fa_rep 0.280
protocols.relax.RelaxScriptManager: min 0.01
protocols.relax.RelaxScriptManager: coord_cst_weight 0.0
protocols.relax.RelaxScriptManager: scale:fa_rep 0.559
protocols.relax.RelaxScriptManager: repack
protocols.relax.RelaxScriptManager: scale:fa_rep 0.581
protocols.relax.RelaxScriptManager: min 0.01
protocols.relax.RelaxScriptManager: coord_cst_weight 0.0
protocols.relax.RelaxScriptManager: scale:fa_rep 1
protocols.relax.RelaxScriptManager: repack
protocols.relax.RelaxScriptManager: min 0.00001
protocols.relax.RelaxScriptManager: accept_to_best
protocols.relax.RelaxScriptManager: endrepeat
protocols.jd2.PDBJobInputter: Instantiate PDBJobInputter
protocols.jd2.PDBJobInputter: PDBJobInputter::fill_jobs
protocols.jd2.PDBJobInputter: pushed ../2_remodel/top_20_by_total_score/aflibercept_input_0002_0002.pdb nstruct indices 1 - 10
protocols.jd2.PDBJobInputter: pushed ../2_remodel/top_20_by_total_score/aflibercept_input_0014_0001.pdb nstruct indices 1 - 10
protocols.jd2.PDBJobInputter: pushed ../2_remodel/top_20_by_total_score/aflibercept_input_0019_0001.pdb nstruct indices 1 - 10
protocols.jd2.PDBJobInputter: pushed ../2_remodel/top_20_by_total_score/aflibercept_input_0022_0002.pdb nstruct indices 1 - 10
protocols.jd2.PDBJobInputter: pushed ../2_remodel/top_20_by_total_score/aflibercept_input_0023_0001.pdb nstruct indices 1 - 10
protocols.jd2.PDBJobInputter: pushed ../2_remodel/top_20_by_total_score/aflibercept_input_0039_0001.pdb nstruct indices 1 - 10
protocols.jd2.PDBJobInputter: pushed ../2_remodel/top_20_by_total_score/aflibercept_input_0042_0002.pdb nstruct indices 1 - 10
protocols.jd2.PDBJobInputter: pushed ../2_remodel/top_20_by_total_score/aflibercept_input_0048_0001.pdb nstruct indices 1 - 10
protocols.jd2.PDBJobInputter: pushed ../2_remodel/top_20_by_total_score/aflibercept_input_0057_0003.pdb nstruct indices 1 - 10
protocols.jd2.PDBJobInputter: pushed ../2_remodel/top_20_by_total_score/aflibercept_input_0058_0002.pdb nstruct indices 1 - 10
protocols.jd2.PDBJobInputter: pushed ../2_remodel/top_20_by_total_score/aflibercept_input_0062_0001.pdb nstruct indices 1 - 10
protocols.jd2.PDBJobInputter: pushed ../2_remodel/top_20_by_total_score/aflibercept_input_0071_0003.pdb nstruct indices 1 - 10
protocols.jd2.PDBJobInputter: pushed ../2_remodel/top_20_by_total_score/aflibercept_input_0072_0003.pdb nstruct indices 1 - 10
protocols.jd2.PDBJobInputter: pushed ../2_remodel/top_20_by_total_score/aflibercept_input_0076_0003.pdb nstruct indices 1 - 10
protocols.jd2.PDBJobInputter: pushed ../2_remodel/top_20_by_total_score/aflibercept_input_0082_0002.pdb nstruct indices 1 - 10
protocols.jd2.PDBJobInputter: pushed ../2_remodel/top_20_by_total_score/aflibercept_input_0083_0003.pdb nstruct indices 1 - 10
protocols.jd2.PDBJobInputter: pushed ../2_remodel/top_20_by_total_score/aflibercept_input_0086_0001.pdb nstruct indices 1 - 10
protocols.jd2.PDBJobInputter: pushed ../2_remodel/top_20_by_total_score/aflibercept_input_0089_0003.pdb nstruct indices 1 - 10
protocols.jd2.PDBJobInputter: pushed ../2_remodel/top_20_by_total_score/aflibercept_input_0097_0003.pdb nstruct indices 1 - 10
protocols.jd2.PDBJobInputter: pushed ../2_remodel/top_20_by_total_score/aflibercept_input_0099_0002.pdb nstruct indices 1 - 10
protocols.evaluation.ChiWellRmsdEvaluatorCreator: Evaluation Creator active ... 
protocols.jd2.PDBJobInputter: PDBJobInputter::pose_from_job
protocols.jd2.PDBJobInputter: filling pose from PDB ../2_remodel/top_20_by_total_score/aflibercept_input_0083_0003.pdb
core.import_pose.import_pose: File '../2_remodel/top_20_by_total_score/aflibercept_input_0083_0003.pdb' automatically determined to be of type PDB
core.conformation.Conformation: Found disulfide between residues 30 79
core.conformation.Conformation: current variant for 30 CYS
core.conformation.Conformation: current variant for 79 CYS
core.conformation.Conformation: current variant for 30 CYD
core.conformation.Conformation: current variant for 79 CYD
core.conformation.Conformation: Found disulfide between residues 124 185
core.conformation.Conformation: current variant for 124 CYS
core.conformation.Conformation: current variant for 185 CYS
core.conformation.Conformation: current variant for 124 CYD
core.conformation.Conformation: current variant for 185 CYD
core.conformation.Conformation: Found disulfide between residues 219 261
core.conformation.Conformation: current variant for 219 CYS
core.conformation.Conformation: current variant for 261 CYS
core.conformation.Conformation: current variant for 219 CYD
core.conformation.Conformation: current variant for 261 CYD
core.conformation.Conformation: Found disulfide between residues 250 295
core.conformation.Conformation: current variant for 250 CYS
core.conformation.Conformation: current variant for 295 CYS
core.conformation.Conformation: current variant for 250 CYD
core.conformation.Conformation: current variant for 295 CYD
core.conformation.Conformation: Found disulfide between residues 254 297
core.conformation.Conformation: current variant for 254 CYS
core.conformation.Conformation: current variant for 297 CYS
core.conformation.Conformation: current variant for 254 CYD
core.conformation.Conformation: current variant for 297 CYD
basic.io.database: Database file opened: scoring/score_functions/elec_cp_reps.dat
core.scoring.elec.util: Read 40 countpair representative atoms
core.pack.dunbrack.RotamerLibrary: shapovalov_lib_fixes_enable option is true.
core.pack.dunbrack.RotamerLibrary: shapovalov_lib::shap_dun10_smooth_level of 1( aka lowest_smooth ) got activated.
core.pack.dunbrack.RotamerLibrary: Binary rotamer library selected: /Users/rfrick2/Rosetta_RAbD/main/database/rotamer/shapovalov/StpDwn_0-0-0/Dunbrack10.lib.bin
core.pack.dunbrack.RotamerLibrary: Using Dunbrack library binary file '/Users/rfrick2/Rosetta_RAbD/main/database/rotamer/shapovalov/StpDwn_0-0-0/Dunbrack10.lib.bin'.
core.pack.dunbrack.RotamerLibrary: Dunbrack 2010 library took 0.230898 seconds to load from binary
protocols.relax.FastRelax: CMD: repeat  219.595  0  0  0.55
protocols.relax.FastRelax: CMD: coord_cst_weight  219.595  0  0  0.55
protocols.relax.FastRelax: CMD: scale:fa_rep  -885.629  0  0  0.022
core.pack.task: Packer task: initialize from command line() 
core.pack.pack_rotamers: built 30908 rotamers at 301 positions.
core.pack.interaction_graph.interaction_graph_factory: Instantiating DensePDInteractionGraph
protocols.relax.FastRelax: CMD: repack  -928.976  0  0  0.022
protocols.relax.FastRelax: CMD: scale:fa_rep  -916.865  0  0  0.02805
protocols.relax.FastRelax: CMD: min  -1022.65  0.117204  0.117204  0.02805
protocols.relax.FastRelax: CMD: coord_cst_weight  -1039.08  0.117204  0.117204  0.02805
protocols.relax.FastRelax: CMD: scale:fa_rep  -866.465  0.117204  0.117204  0.14575
core.pack.task: Packer task: initialize from command line() 
core.pack.pack_rotamers: built 28800 rotamers at 301 positions.
core.pack.interaction_graph.interaction_graph_factory: Instantiating DensePDInteractionGraph
protocols.relax.FastRelax: CMD: repack  -894.531  0.117204  0.117204  0.14575
protocols.relax.FastRelax: CMD: scale:fa_rep  -886.482  0.117204  0.117204  0.154
protocols.relax.FastRelax: CMD: min  -932.814  0.118117  0.118117  0.154
protocols.relax.FastRelax: CMD: coord_cst_weight  -950.486  0.118117  0.118117  0.154
protocols.relax.FastRelax: CMD: scale:fa_rep  -849.249  0.118117  0.118117  0.30745
core.pack.task: Packer task: initialize from command line() 
core.pack.pack_rotamers: built 27964 rotamers at 301 positions.
core.pack.interaction_graph.interaction_graph_factory: Instantiating DensePDInteractionGraph
protocols.relax.FastRelax: CMD: repack  -851.269  0.118117  0.118117  0.30745
protocols.relax.FastRelax: CMD: scale:fa_rep  -843.667  0.118117  0.118117  0.31955
protocols.relax.FastRelax: CMD: min  -871.331  0.434118  0.434118  0.31955
protocols.relax.FastRelax: CMD: coord_cst_weight  -871.331  0.434118  0.434118  0.31955
protocols.relax.FastRelax: CMD: scale:fa_rep  -755.28  0.434118  0.434118  0.55
core.pack.task: Packer task: initialize from command line() 
core.pack.pack_rotamers: built 27269 rotamers at 301 positions.
core.pack.interaction_graph.interaction_graph_factory: Instantiating DensePDInteractionGraph
protocols.relax.FastRelax: CMD: repack  -755.564  0.434118  0.434118  0.55
protocols.relax.FastRelax: CMD: min  -776.601  0.368223  0.368223  0.55
protocols.relax.FastRelax: MRP: 0  -776.601  -776.601  0.368223  0.368223  
protocols.relax.FastRelax: CMD: accept_to_best  -776.601  0.368223  0.368223  0.55
protocols.relax.FastRelax: CMD: endrepeat  -776.601  0.368223  0.368223  0.55
protocols.relax.FastRelax: CMD: coord_cst_weight  2729.1  0.368223  0.368223  0.55
protocols.relax.FastRelax: CMD: scale:fa_rep  2539.72  0.368223  0.368223  0.022
core.pack.task: Packer task: initialize from command line() 
core.pack.pack_rotamers: built 30714 rotamers at 301 positions.
core.pack.interaction_graph.interaction_graph_factory: Instantiating DensePDInteractionGraph
protocols.relax.FastRelax: CMD: repack  2520.37  0.368223  0.368223  0.022
protocols.relax.FastRelax: CMD: scale:fa_rep  2525.67  0.368223  0.368223  0.02805
protocols.relax.FastRelax: CMD: min  -1027.2  0.128837  0.128837  0.02805
protocols.relax.FastRelax: CMD: coord_cst_weight  -1046.44  0.128837  0.128837  0.02805
protocols.relax.FastRelax: CMD: scale:fa_rep  -879.984  0.128837  0.128837  0.14575
core.pack.task: Packer task: initialize from command line() 
core.pack.pack_rotamers: built 28722 rotamers at 301 positions.
core.pack.interaction_graph.interaction_graph_factory: Instantiating DensePDInteractionGraph
protocols.relax.FastRelax: CMD: repack  -908.817  0.128837  0.128837  0.14575
protocols.relax.FastRelax: CMD: scale:fa_rep  -900.773  0.128837  0.128837  0.154
protocols.relax.FastRelax: CMD: min  -939.623  0.129069  0.129069  0.154
protocols.relax.FastRelax: CMD: coord_cst_weight  -960.188  0.129069  0.129069  0.154
protocols.relax.FastRelax: CMD: scale:fa_rep  -858.211  0.129069  0.129069  0.30745
core.pack.task: Packer task: initialize from command line() 
core.pack.pack_rotamers: built 27801 rotamers at 301 positions.
core.pack.interaction_graph.interaction_graph_factory: Instantiating DensePDInteractionGraph
protocols.relax.FastRelax: CMD: repack  -859.689  0.129069  0.129069  0.30745
protocols.relax.FastRelax: CMD: scale:fa_rep  -851.93  0.129069  0.129069  0.31955
protocols.relax.FastRelax: CMD: min  -877.793  0.496065  0.496065  0.31955
protocols.relax.FastRelax: CMD: coord_cst_weight  -877.793  0.496065  0.496065  0.31955
protocols.relax.FastRelax: CMD: scale:fa_rep  -760.811  0.496065  0.496065  0.55
core.pack.task: Packer task: initialize from command line() 
core.pack.pack_rotamers: built 27341 rotamers at 301 positions.
core.pack.interaction_graph.interaction_graph_factory: Instantiating DensePDInteractionGraph
protocols.relax.FastRelax: CMD: repack  -761.715  0.496065  0.496065  0.55
protocols.relax.FastRelax: CMD: min  -787.701  0.614714  0.614714  0.55
protocols.relax.FastRelax: MRP: 1  -787.701  -787.701  0.614714  0.614714  
protocols.relax.FastRelax: CMD: accept_to_best  -787.701  0.614714  0.614714  0.55
protocols.relax.FastRelax: CMD: endrepeat  -787.701  0.614714  0.614714  0.55
protocols.relax.FastRelax: CMD: coord_cst_weight  11144.4  0.614714  0.614714  0.55
protocols.relax.FastRelax: CMD: scale:fa_rep  10956.5  0.614714  0.614714  0.022
core.pack.task: Packer task: initialize from command line() 
core.pack.pack_rotamers: built 30799 rotamers at 301 positions.
core.pack.interaction_graph.interaction_graph_factory: Instantiating DensePDInteractionGraph
protocols.relax.FastRelax: CMD: repack  10945.1  0.614714  0.614714  0.022
protocols.relax.FastRelax: CMD: scale:fa_rep  10951.6  0.614714  0.614714  0.02805
protocols.relax.FastRelax: CMD: min  -1023.94  0.130856  0.130856  0.02805
protocols.relax.FastRelax: CMD: coord_cst_weight  -1044.19  0.130856  0.130856  0.02805
protocols.relax.FastRelax: CMD: scale:fa_rep  -866.507  0.130856  0.130856  0.14575
core.pack.task: Packer task: initialize from command line() 
core.pack.pack_rotamers: built 28657 rotamers at 301 positions.
core.pack.interaction_graph.interaction_graph_factory: Instantiating DensePDInteractionGraph
protocols.relax.FastRelax: CMD: repack  -900.767  0.130856  0.130856  0.14575
protocols.relax.FastRelax: CMD: scale:fa_rep  -892.835  0.130856  0.130856  0.154
protocols.relax.FastRelax: CMD: min  -933.352  0.131035  0.131035  0.154
protocols.relax.FastRelax: CMD: coord_cst_weight  -954.556  0.131035  0.131035  0.154
protocols.relax.FastRelax: CMD: scale:fa_rep  -853.788  0.131035  0.131035  0.30745
core.pack.task: Packer task: initialize from command line() 
core.pack.pack_rotamers: built 27889 rotamers at 301 positions.
core.pack.interaction_graph.interaction_graph_factory: Instantiating DensePDInteractionGraph
protocols.relax.FastRelax: CMD: repack  -855.621  0.131035  0.131035  0.30745
protocols.relax.FastRelax: CMD: scale:fa_rep  -848.109  0.131035  0.131035  0.31955
protocols.relax.FastRelax: CMD: min  -880.752  0.494303  0.494303  0.31955
protocols.relax.FastRelax: CMD: coord_cst_weight  -880.752  0.494303  0.494303  0.31955
protocols.relax.FastRelax: CMD: scale:fa_rep  -766.011  0.494303  0.494303  0.55
core.pack.task: Packer task: initialize from command line() 
core.pack.pack_rotamers: built 27453 rotamers at 301 positions.
core.pack.interaction_graph.interaction_graph_factory: Instantiating DensePDInteractionGraph
protocols.relax.FastRelax: CMD: repack  -767.128  0.494303  0.494303  0.55
protocols.relax.FastRelax: CMD: min  -789.399  0.522357  0.522357  0.55
protocols.relax.FastRelax: MRP: 2  -789.399  -789.399  0.522357  0.522357  
protocols.relax.FastRelax: CMD: accept_to_best  -789.399  0.522357  0.522357  0.55
protocols.relax.FastRelax: CMD: endrepeat  -789.399  0.522357  0.522357  0.55
protocols.relax.FastRelax: CMD: coord_cst_weight  9650.09  0.522357  0.522357  0.55
protocols.relax.FastRelax: CMD: scale:fa_rep  9465.56  0.522357  0.522357  0.022
core.pack.task: Packer task: initialize from command line() 
core.pack.pack_rotamers: built 30968 rotamers at 301 positions.
core.pack.interaction_graph.interaction_graph_factory: Instantiating DensePDInteractionGraph
protocols.relax.FastRelax: CMD: repack  9448.16  0.522357  0.522357  0.022
protocols.relax.FastRelax: CMD: scale:fa_rep  9453.48  0.522357  0.522357  0.02805
protocols.relax.FastRelax: CMD: min  -1023.75  0.128531  0.128531  0.02805
protocols.relax.FastRelax: CMD: coord_cst_weight  -1043.4  0.128531  0.128531  0.02805
protocols.relax.FastRelax: CMD: scale:fa_rep  -872.262  0.128531  0.128531  0.14575
core.pack.task: Packer task: initialize from command line() 
core.pack.pack_rotamers: built 28810 rotamers at 301 positions.
core.pack.interaction_graph.interaction_graph_factory: Instantiating DensePDInteractionGraph
protocols.relax.FastRelax: CMD: repack  -905.675  0.128531  0.128531  0.14575
protocols.relax.FastRelax: CMD: scale:fa_rep  -897.831  0.128531  0.128531  0.154
protocols.relax.FastRelax: CMD: min  -937.378  0.132165  0.132165  0.154
protocols.relax.FastRelax: CMD: coord_cst_weight  -958.856  0.132165  0.132165  0.154
protocols.relax.FastRelax: CMD: scale:fa_rep  -857.994  0.132165  0.132165  0.30745
core.pack.task: Packer task: initialize from command line() 
core.pack.pack_rotamers: built 27913 rotamers at 301 positions.
core.pack.interaction_graph.interaction_graph_factory: Instantiating DensePDInteractionGraph
protocols.relax.FastRelax: CMD: repack  -859.342  0.132165  0.132165  0.30745
protocols.relax.FastRelax: CMD: scale:fa_rep  -851.689  0.132165  0.132165  0.31955
protocols.relax.FastRelax: CMD: min  -876.179  0.440777  0.440777  0.31955
protocols.relax.FastRelax: CMD: coord_cst_weight  -876.179  0.440777  0.440777  0.31955
protocols.relax.FastRelax: CMD: scale:fa_rep  -760.97  0.440777  0.440777  0.55
core.pack.task: Packer task: initialize from command line() 
core.pack.pack_rotamers: built 27429 rotamers at 301 positions.
core.pack.interaction_graph.interaction_graph_factory: Instantiating DensePDInteractionGraph
protocols.relax.FastRelax: CMD: repack  -761.826  0.440777  0.440777  0.55
protocols.relax.FastRelax: CMD: min  -788.19  0.596878  0.596878  0.55
protocols.relax.FastRelax: MRP: 3  -788.19  -789.399  0.522357  0.522357  
protocols.relax.FastRelax: CMD: accept_to_best  -788.19  0.596878  0.596878  0.55
protocols.relax.FastRelax: CMD: endrepeat  -788.19  0.596878  0.596878  0.55
protocols.relax.FastRelax: CMD: coord_cst_weight  11064.5  0.596878  0.596878  0.55
protocols.relax.FastRelax: CMD: scale:fa_rep  10878.9  0.596878  0.596878  0.022
core.pack.task: Packer task: initialize from command line() 
core.pack.pack_rotamers: built 30901 rotamers at 301 positions.
core.pack.interaction_graph.interaction_graph_factory: Instantiating DensePDInteractionGraph
protocols.relax.FastRelax: CMD: repack  10867.4  0.596878  0.596878  0.022
protocols.relax.FastRelax: CMD: scale:fa_rep  10872.3  0.596878  0.596878  0.02805
protocols.relax.FastRelax: CMD: min  -1018.41  0.13129  0.13129  0.02805
protocols.relax.FastRelax: CMD: coord_cst_weight  -1038.6  0.13129  0.13129  0.02805
protocols.relax.FastRelax: CMD: scale:fa_rep  -867.57  0.13129  0.13129  0.14575
core.pack.task: Packer task: initialize from command line() 
core.pack.pack_rotamers: built 28535 rotamers at 301 positions.
core.pack.interaction_graph.interaction_graph_factory: Instantiating DensePDInteractionGraph
protocols.relax.FastRelax: CMD: repack  -906.013  0.13129  0.13129  0.14575
protocols.relax.FastRelax: CMD: scale:fa_rep  -898.006  0.13129  0.13129  0.154
protocols.relax.FastRelax: CMD: min  -937.598  0.134419  0.134419  0.154
protocols.relax.FastRelax: CMD: coord_cst_weight  -959.459  0.134419  0.134419  0.154
protocols.relax.FastRelax: CMD: scale:fa_rep  -859.339  0.134419  0.134419  0.30745
core.pack.task: Packer task: initialize from command line() 
core.pack.pack_rotamers: built 27944 rotamers at 301 positions.
core.pack.interaction_graph.interaction_graph_factory: Instantiating DensePDInteractionGraph
protocols.relax.FastRelax: CMD: repack  -860.654  0.134419  0.134419  0.30745
protocols.relax.FastRelax: CMD: scale:fa_rep  -853.013  0.134419  0.134419  0.31955
protocols.relax.FastRelax: CMD: min  -868.061  0.299061  0.299061  0.31955
protocols.relax.FastRelax: CMD: coord_cst_weight  -868.061  0.299061  0.299061  0.31955
protocols.relax.FastRelax: CMD: scale:fa_rep  -746.873  0.299061  0.299061  0.55
core.pack.task: Packer task: initialize from command line() 
core.pack.pack_rotamers: built 27411 rotamers at 301 positions.
core.pack.interaction_graph.interaction_graph_factory: Instantiating DensePDInteractionGraph
protocols.relax.FastRelax: CMD: repack  -747.307  0.299061  0.299061  0.55
protocols.relax.FastRelax: CMD: min  -787.743  0.653995  0.653995  0.55
protocols.relax.FastRelax: MRP: 4  -787.743  -789.399  0.522357  0.522357  
protocols.relax.FastRelax: CMD: accept_to_best  -787.743  0.653995  0.653995  0.55
protocols.relax.FastRelax: CMD: endrepeat  -787.743  0.653995  0.653995  0.55
protocols::checkpoint: Deleting checkpoints of FastRelax
protocols.jd2.JobDistributor: aflibercept_input_0083_0003_0001 reported success in 1779 seconds
protocols.jd2.PDBJobInputter: PDBJobInputter::pose_from_job
protocols.jd2.PDBJobInputter: filling pose from PDB ../2_remodel/top_20_by_total_score/aflibercept_input_0086_0001.pdb
core.import_pose.import_pose: File '../2_remodel/top_20_by_total_score/aflibercept_input_0086_0001.pdb' automatically determined to be of type PDB
core.conformation.Conformation: Found disulfide between residues 30 79
core.conformation.Conformation: current variant for 30 CYS
core.conformation.Conformation: current variant for 79 CYS
core.conformation.Conformation: current variant for 30 CYD
core.conformation.Conformation: current variant for 79 CYD
core.conformation.Conformation: Found disulfide between residues 124 185
core.conformation.Conformation: current variant for 124 CYS
core.conformation.Conformation: current variant for 185 CYS
core.conformation.Conformation: current variant for 124 CYD
core.conformation.Conformation: current variant for 185 CYD
core.conformation.Conformation: Found disulfide between residues 219 261
core.conformation.Conformation: current variant for 219 CYS
core.conformation.Conformation: current variant for 261 CYS
core.conformation.Conformation: current variant for 219 CYD
core.conformation.Conformation: current variant for 261 CYD
core.conformation.Conformation: Found disulfide between residues 250 295
core.conformation.Conformation: current variant for 250 CYS
core.conformation.Conformation: current variant for 295 CYS
core.conformation.Conformation: current variant for 250 CYD
core.conformation.Conformation: current variant for 295 CYD
core.conformation.Conformation: Found disulfide between residues 254 297
core.conformation.Conformation: current variant for 254 CYS
core.conformation.Conformation: current variant for 297 CYS
core.conformation.Conformation: current variant for 254 CYD
core.conformation.Conformation: current variant for 297 CYD
protocols.relax.FastRelax: CMD: repeat  270.722  1.21125  0  0.55
protocols.relax.FastRelax: CMD: coord_cst_weight  270.722  1.21125  0  0.55
protocols.relax.FastRelax: CMD: scale:fa_rep  -911.41  1.21125  0  0.022
core.pack.task: Packer task: initialize from command line() 
core.pack.pack_rotamers: built 31056 rotamers at 301 positions.
core.pack.interaction_graph.interaction_graph_factory: Instantiating DensePDInteractionGraph
protocols.relax.FastRelax: CMD: repack  -969.183  1.21125  0  0.022
protocols.relax.FastRelax: CMD: scale:fa_rep  -960.927  1.21125  0  0.02805
protocols.relax.FastRelax: CMD: min  -1059.51  1.21116  0.115828  0.02805
protocols.relax.FastRelax: CMD: coord_cst_weight  -1074.87  1.21116  0.115828  0.02805
protocols.relax.FastRelax: CMD: scale:fa_rep  -908.017  1.21116  0.115828  0.14575
core.pack.task: Packer task: initialize from command line() 
core.pack.pack_rotamers: built 28889 rotamers at 301 positions.
core.pack.interaction_graph.interaction_graph_factory: Instantiating DensePDInteractionGraph
protocols.relax.FastRelax: CMD: repack  -930.506  1.21116  0.115828  0.14575
protocols.relax.FastRelax: CMD: scale:fa_rep  -921.516  1.21116  0.115828  0.154
protocols.relax.FastRelax: CMD: min  -968.547  1.21078  0.125357  0.154
protocols.relax.FastRelax: CMD: coord_cst_weight  -986.551  1.21078  0.125357  0.154
protocols.relax.FastRelax: CMD: scale:fa_rep  -884.637  1.21078  0.125357  0.30745
core.pack.task: Packer task: initialize from command line() 
core.pack.pack_rotamers: built 28129 rotamers at 301 positions.
core.pack.interaction_graph.interaction_graph_factory: Instantiating DensePDInteractionGraph
protocols.relax.FastRelax: CMD: repack  -886.708  1.21078  0.125357  0.30745
protocols.relax.FastRelax: CMD: scale:fa_rep  -879.011  1.21078  0.125357  0.31955
protocols.relax.FastRelax: CMD: min  -907.811  1.41539  0.608356  0.31955
protocols.relax.FastRelax: CMD: coord_cst_weight  -907.811  1.41539  0.608356  0.31955
protocols.relax.FastRelax: CMD: scale:fa_rep  -792.72  1.41539  0.608356  0.55
core.pack.task: Packer task: initialize from command line() 
core.pack.pack_rotamers: built 27452 rotamers at 301 positions.
core.pack.interaction_graph.interaction_graph_factory: Instantiating DensePDInteractionGraph
protocols.relax.FastRelax: CMD: repack  -792.14  1.41539  0.608356  0.55
protocols.relax.FastRelax: CMD: min  -819.458  1.86167  1.21849  0.55
protocols.relax.FastRelax: MRP: 0  -819.458  -819.458  1.86167  1.21849  
protocols.relax.FastRelax: CMD: accept_to_best  -819.458  1.86167  1.21849  0.55
protocols.relax.FastRelax: CMD: endrepeat  -819.458  1.86167  1.21849  0.55
protocols.relax.FastRelax: CMD: coord_cst_weight  25243.7  1.86167  1.21849  0.55
protocols.relax.FastRelax: CMD: scale:fa_rep  25063.4  1.86167  1.21849  0.022
core.pack.task: Packer task: initialize from command line() 
core.pack.pack_rotamers: built 31147 rotamers at 301 positions.
core.pack.interaction_graph.interaction_graph_factory: Instantiating DensePDInteractionGraph
protocols.relax.FastRelax: CMD: repack  25052.4  1.86167  1.21849  0.022
protocols.relax.FastRelax: CMD: scale:fa_rep  25057.4  1.86167  1.21849  0.02805
protocols.relax.FastRelax: CMD: min  -1055.12  1.2137  0.126951  0.02805
protocols.relax.FastRelax: CMD: coord_cst_weight  -1073.19  1.2137  0.126951  0.02805
protocols.relax.FastRelax: CMD: scale:fa_rep  -902.297  1.2137  0.126951  0.14575
core.pack.task: Packer task: initialize from command line() 
core.pack.pack_rotamers: built 28685 rotamers at 301 positions.
core.pack.interaction_graph.interaction_graph_factory: Instantiating DensePDInteractionGraph
protocols.relax.FastRelax: CMD: repack  -930.795  1.2137  0.126951  0.14575
protocols.relax.FastRelax: CMD: scale:fa_rep  -922.176  1.2137  0.126951  0.154
protocols.relax.FastRelax: CMD: min  -971.249  1.21334  0.132978  0.154
protocols.relax.FastRelax: CMD: coord_cst_weight  -990.971  1.21334  0.132978  0.154
protocols.relax.FastRelax: CMD: scale:fa_rep  -891.764  1.21334  0.132978  0.30745
core.pack.task: Packer task: initialize from command line() 
core.pack.pack_rotamers: built 28008 rotamers at 301 positions.
core.pack.interaction_graph.interaction_graph_factory: Instantiating DensePDInteractionGraph
protocols.relax.FastRelax: CMD: repack  -891.595  1.21334  0.132978  0.30745
protocols.relax.FastRelax: CMD: scale:fa_rep  -883.958  1.21334  0.132978  0.31955
protocols.relax.FastRelax: CMD: min  -904.551  1.27074  0.31919  0.31955
protocols.relax.FastRelax: CMD: coord_cst_weight  -904.551  1.27074  0.31919  0.31955
protocols.relax.FastRelax: CMD: scale:fa_rep  -789.506  1.27074  0.31919  0.55
core.pack.task: Packer task: initialize from command line() 
core.pack.pack_rotamers: built 27501 rotamers at 301 positions.
core.pack.interaction_graph.interaction_graph_factory: Instantiating DensePDInteractionGraph
protocols.relax.FastRelax: CMD: repack  -790.158  1.27074  0.31919  0.55
protocols.relax.FastRelax: CMD: min  -825.357  1.34306  0.406058  0.55
protocols.relax.FastRelax: MRP: 1  -825.357  -825.357  1.34306  0.406058  
protocols.relax.FastRelax: CMD: accept_to_best  -825.357  1.34306  0.406058  0.55
protocols.relax.FastRelax: CMD: endrepeat  -825.357  1.34306  0.406058  0.55
protocols.relax.FastRelax: CMD: coord_cst_weight  372.273  1.34306  0.406058  0.55
protocols.relax.FastRelax: CMD: scale:fa_rep  190.966  1.34306  0.406058  0.022
core.pack.task: Packer task: initialize from command line() 
core.pack.pack_rotamers: built 31103 rotamers at 301 positions.
core.pack.interaction_graph.interaction_graph_factory: Instantiating DensePDInteractionGraph
protocols.relax.FastRelax: CMD: repack  177.725  1.34306  0.406058  0.022
protocols.relax.FastRelax: CMD: scale:fa_rep  182.675  1.34306  0.406058  0.02805
protocols.relax.FastRelax: CMD: min  -1059.57  1.21475  0.127841  0.02805
protocols.relax.FastRelax: CMD: coord_cst_weight  -1077.78  1.21475  0.127841  0.02805
protocols.relax.FastRelax: CMD: scale:fa_rep  -913.997  1.21475  0.127841  0.14575
core.pack.task: Packer task: initialize from command line() 
core.pack.pack_rotamers: built 28891 rotamers at 301 positions.
core.pack.interaction_graph.interaction_graph_factory: Instantiating DensePDInteractionGraph
protocols.relax.FastRelax: CMD: repack  -933.19  1.21475  0.127841  0.14575
protocols.relax.FastRelax: CMD: scale:fa_rep  -924.687  1.21475  0.127841  0.154
protocols.relax.FastRelax: CMD: min  -969.823  1.21294  0.13238  0.154
protocols.relax.FastRelax: CMD: coord_cst_weight  -989.462  1.21294  0.13238  0.154
protocols.relax.FastRelax: CMD: scale:fa_rep  -891.012  1.21294  0.13238  0.30745
core.pack.task: Packer task: initialize from command line() 
core.pack.pack_rotamers: built 28146 rotamers at 301 positions.
core.pack.interaction_graph.interaction_graph_factory: Instantiating DensePDInteractionGraph
protocols.relax.FastRelax: CMD: repack  -892.376  1.21294  0.13238  0.30745
protocols.relax.FastRelax: CMD: scale:fa_rep  -884.759  1.21294  0.13238  0.31955
protocols.relax.FastRelax: CMD: min  -908.553  1.31192  0.424027  0.31955
protocols.relax.FastRelax: CMD: coord_cst_weight  -908.553  1.31192  0.424027  0.31955
protocols.relax.FastRelax: CMD: scale:fa_rep  -794.007  1.31192  0.424027  0.55
core.pack.task: Packer task: initialize from command line() 
core.pack.pack_rotamers: built 27541 rotamers at 301 positions.
core.pack.interaction_graph.interaction_graph_factory: Instantiating DensePDInteractionGraph
protocols.relax.FastRelax: CMD: repack  -794.231  1.31192  0.424027  0.55
protocols.relax.FastRelax: CMD: min  -826.332  1.38143  0.497676  0.55
protocols.relax.FastRelax: MRP: 2  -826.332  -826.332  1.38143  0.497676  
protocols.relax.FastRelax: CMD: accept_to_best  -826.332  1.38143  0.497676  0.55
protocols.relax.FastRelax: CMD: endrepeat  -826.332  1.38143  0.497676  0.55
protocols.relax.FastRelax: CMD: coord_cst_weight  5833.13  1.38143  0.497676  0.55
protocols.relax.FastRelax: CMD: scale:fa_rep  5651.01  1.38143  0.497676  0.022
core.pack.task: Packer task: initialize from command line() 
core.pack.pack_rotamers: built 31029 rotamers at 301 positions.
core.pack.interaction_graph.interaction_graph_factory: Instantiating DensePDInteractionGraph
protocols.relax.FastRelax: CMD: repack  5643.37  1.38143  0.497676  0.022
protocols.relax.FastRelax: CMD: scale:fa_rep  5648.77  1.38143  0.497676  0.02805
protocols.relax.FastRelax: CMD: min  -1055.22  1.2141  0.125533  0.02805
protocols.relax.FastRelax: CMD: coord_cst_weight  -1072.81  1.2141  0.125533  0.02805
protocols.relax.FastRelax: CMD: scale:fa_rep  -907.019  1.2141  0.125533  0.14575
core.pack.task: Packer task: initialize from command line() 
core.pack.pack_rotamers: built 28887 rotamers at 301 positions.
core.pack.interaction_graph.interaction_graph_factory: Instantiating DensePDInteractionGraph
protocols.relax.FastRelax: CMD: repack  -931.872  1.2141  0.125533  0.14575
protocols.relax.FastRelax: CMD: scale:fa_rep  -923.138  1.2141  0.125533  0.154
protocols.relax.FastRelax: CMD: min  -970.283  1.21515  0.135868  0.154
protocols.relax.FastRelax: CMD: coord_cst_weight  -990.858  1.21515  0.135868  0.154
protocols.relax.FastRelax: CMD: scale:fa_rep  -891.893  1.21515  0.135868  0.30745
core.pack.task: Packer task: initialize from command line() 
core.pack.pack_rotamers: built 28186 rotamers at 301 positions.
core.pack.interaction_graph.interaction_graph_factory: Instantiating DensePDInteractionGraph
protocols.relax.FastRelax: CMD: repack  -892.465  1.21515  0.135868  0.30745
protocols.relax.FastRelax: CMD: scale:fa_rep  -884.832  1.21515  0.135868  0.31955
protocols.relax.FastRelax: CMD: min  -915.603  1.4209  0.603477  0.31955
protocols.relax.FastRelax: CMD: coord_cst_weight  -915.603  1.4209  0.603477  0.31955
protocols.relax.FastRelax: CMD: scale:fa_rep  -800.789  1.4209  0.603477  0.55
core.pack.task: Packer task: initialize from command line() 
core.pack.pack_rotamers: built 27459 rotamers at 301 positions.
core.pack.interaction_graph.interaction_graph_factory: Instantiating DensePDInteractionGraph
protocols.relax.FastRelax: CMD: repack  -798.35  1.4209  0.603477  0.55
protocols.relax.FastRelax: CMD: min  -820.591  1.55521  0.802949  0.55
protocols.relax.FastRelax: MRP: 3  -820.591  -826.332  1.38143  0.497676  
protocols.relax.FastRelax: CMD: accept_to_best  -820.591  1.55521  0.802949  0.55
protocols.relax.FastRelax: CMD: endrepeat  -820.591  1.55521  0.802949  0.55
protocols.relax.FastRelax: CMD: coord_cst_weight  2374.58  1.55521  0.802949  0.55
protocols.relax.FastRelax: CMD: scale:fa_rep  2188.31  1.55521  0.802949  0.022
core.pack.task: Packer task: initialize from command line() 
core.pack.pack_rotamers: built 30884 rotamers at 301 positions.
core.pack.interaction_graph.interaction_graph_factory: Instantiating DensePDInteractionGraph
protocols.relax.FastRelax: CMD: repack  2176.28  1.55521  0.802949  0.022
protocols.relax.FastRelax: CMD: scale:fa_rep  2181.25  1.55521  0.802949  0.02805
protocols.relax.FastRelax: CMD: min  -1056.08  1.21423  0.125755  0.02805
protocols.relax.FastRelax: CMD: coord_cst_weight  -1073.86  1.21423  0.125755  0.02805
protocols.relax.FastRelax: CMD: scale:fa_rep  -908.203  1.21423  0.125755  0.14575
core.pack.task: Packer task: initialize from command line() 
core.pack.pack_rotamers: built 28969 rotamers at 301 positions.
core.pack.interaction_graph.interaction_graph_factory: Instantiating DensePDInteractionGraph
protocols.relax.FastRelax: CMD: repack  -930.442  1.21423  0.125755  0.14575
protocols.relax.FastRelax: CMD: scale:fa_rep  -921.914  1.21423  0.125755  0.154
protocols.relax.FastRelax: CMD: min  -969.044  1.21289  0.133332  0.154
protocols.relax.FastRelax: CMD: coord_cst_weight  -988.97  1.21289  0.133332  0.154
protocols.relax.FastRelax: CMD: scale:fa_rep  -890.384  1.21289  0.133332  0.30745
core.pack.task: Packer task: initialize from command line() 
core.pack.pack_rotamers: built 28136 rotamers at 301 positions.
core.pack.interaction_graph.interaction_graph_factory: Instantiating DensePDInteractionGraph
protocols.relax.FastRelax: CMD: repack  -891.7  1.21289  0.133332  0.30745
protocols.relax.FastRelax: CMD: scale:fa_rep  -884.128  1.21289  0.133332  0.31955
protocols.relax.FastRelax: CMD: min  -914.254  1.36787  0.500675  0.31955
protocols.relax.FastRelax: CMD: coord_cst_weight  -914.254  1.36787  0.500675  0.31955
protocols.relax.FastRelax: CMD: scale:fa_rep  -800.581  1.36787  0.500675  0.55
core.pack.task: Packer task: initialize from command line() 
core.pack.pack_rotamers: built 27515 rotamers at 301 positions.
core.pack.interaction_graph.interaction_graph_factory: Instantiating DensePDInteractionGraph
protocols.relax.FastRelax: CMD: repack  -801.081  1.36787  0.500675  0.55
protocols.relax.FastRelax: CMD: min  -826.433  1.38526  0.488115  0.55
protocols.relax.FastRelax: MRP: 4  -826.433  -826.433  1.38526  0.488115  
protocols.relax.FastRelax: CMD: accept_to_best  -826.433  1.38526  0.488115  0.55
protocols.relax.FastRelax: CMD: endrepeat  -826.433  1.38526  0.488115  0.55
protocols::checkpoint: Deleting checkpoints of FastRelax
protocols.jd2.JobDistributor: aflibercept_input_0086_0001_0003 reported success in 1742 seconds
protocols.jd2.PDBJobInputter: PDBJobInputter::pose_from_job
protocols.jd2.PDBJobInputter: filling pose from PDB ../2_remodel/top_20_by_total_score/aflibercept_input_0089_0003.pdb
core.import_pose.import_pose: File '../2_remodel/top_20_by_total_score/aflibercept_input_0089_0003.pdb' automatically determined to be of type PDB
core.conformation.Conformation: Found disulfide between residues 30 79
core.conformation.Conformation: current variant for 30 CYS
core.conformation.Conformation: current variant for 79 CYS
core.conformation.Conformation: current variant for 30 CYD
core.conformation.Conformation: current variant for 79 CYD
core.conformation.Conformation: Found disulfide between residues 124 185
core.conformation.Conformation: current variant for 124 CYS
core.conformation.Conformation: current variant for 185 CYS
core.conformation.Conformation: current variant for 124 CYD
core.conformation.Conformation: current variant for 185 CYD
core.conformation.Conformation: Found disulfide between residues 219 261
core.conformation.Conformation: current variant for 219 CYS
core.conformation.Conformation: current variant for 261 CYS
core.conformation.Conformation: current variant for 219 CYD
core.conformation.Conformation: current variant for 261 CYD
core.conformation.Conformation: Found disulfide between residues 250 295
core.conformation.Conformation: current variant for 250 CYS
core.conformation.Conformation: current variant for 295 CYS
core.conformation.Conformation: current variant for 250 CYD
core.conformation.Conformation: current variant for 295 CYD
core.conformation.Conformation: Found disulfide between residues 254 297
core.conformation.Conformation: current variant for 254 CYS
core.conformation.Conformation: current variant for 297 CYS
core.conformation.Conformation: current variant for 254 CYD
core.conformation.Conformation: current variant for 297 CYD
protocols.relax.FastRelax: CMD: repeat  -180.895  1.09545  0  0.55
protocols.relax.FastRelax: CMD: coord_cst_weight  -180.895  1.09545  0  0.55
protocols.relax.FastRelax: CMD: scale:fa_rep  -881.813  1.09545  0  0.022
core.pack.task: Packer task: initialize from command line() 
core.pack.pack_rotamers: built 30591 rotamers at 301 positions.
core.pack.interaction_graph.interaction_graph_factory: Instantiating DensePDInteractionGraph
protocols.relax.FastRelax: CMD: repack  -930.78  1.09545  0  0.022
protocols.relax.FastRelax: CMD: scale:fa_rep  -923.026  1.09545  0  0.02805
protocols.relax.FastRelax: CMD: min  -1013.47  1.09338  0.11505  0.02805
protocols.relax.FastRelax: CMD: coord_cst_weight  -1028.82  1.09338  0.11505  0.02805
protocols.relax.FastRelax: CMD: scale:fa_rep  -866.338  1.09338  0.11505  0.14575
core.pack.task: Packer task: initialize from command line() 
core.pack.pack_rotamers: built 28606 rotamers at 301 positions.
core.pack.interaction_graph.interaction_graph_factory: Instantiating DensePDInteractionGraph
protocols.relax.FastRelax: CMD: repack  -891.562  1.09338  0.11505  0.14575
protocols.relax.FastRelax: CMD: scale:fa_rep  -883.138  1.09338  0.11505  0.154
protocols.relax.FastRelax: CMD: min  -927.05  1.08921  0.125655  0.154
protocols.relax.FastRelax: CMD: coord_cst_weight  -945.572  1.08921  0.125655  0.154
protocols.relax.FastRelax: CMD: scale:fa_rep  -844.736  1.08921  0.125655  0.30745
core.pack.task: Packer task: initialize from command line() 
core.pack.pack_rotamers: built 27823 rotamers at 301 positions.
core.pack.interaction_graph.interaction_graph_factory: Instantiating DensePDInteractionGraph
protocols.relax.FastRelax: CMD: repack  -846.562  1.08921  0.125655  0.30745
protocols.relax.FastRelax: CMD: scale:fa_rep  -838.972  1.08921  0.125655  0.31955
protocols.relax.FastRelax: CMD: min  -884.132  1.32878  0.784609  0.31955
protocols.relax.FastRelax: CMD: coord_cst_weight  -884.132  1.32878  0.784609  0.31955
protocols.relax.FastRelax: CMD: scale:fa_rep  -768.819  1.32878  0.784609  0.55
core.pack.task: Packer task: initialize from command line() 
core.pack.pack_rotamers: built 27265 rotamers at 301 positions.
core.pack.interaction_graph.interaction_graph_factory: Instantiating DensePDInteractionGraph
protocols.relax.FastRelax: CMD: repack  -769.939  1.32878  0.784609  0.55
protocols.relax.FastRelax: CMD: min  -795.472  1.36234  0.824349  0.55
protocols.relax.FastRelax: MRP: 0  -795.472  -795.472  1.36234  0.824349  
protocols.relax.FastRelax: CMD: accept_to_best  -795.472  1.36234  0.824349  0.55
protocols.relax.FastRelax: CMD: endrepeat  -795.472  1.36234  0.824349  0.55
protocols.relax.FastRelax: CMD: coord_cst_weight  12604.8  1.36234  0.824349  0.55
protocols.relax.FastRelax: CMD: scale:fa_rep  12419.4  1.36234  0.824349  0.022
core.pack.task: Packer task: initialize from command line() 
core.pack.pack_rotamers: built 30560 rotamers at 301 positions.
core.pack.interaction_graph.interaction_graph_factory: Instantiating DensePDInteractionGraph
protocols.relax.FastRelax: CMD: repack  12406.5  1.36234  0.824349  0.022
protocols.relax.FastRelax: CMD: scale:fa_rep  12411.6  1.36234  0.824349  0.02805
protocols.relax.FastRelax: CMD: min  -1014.56  1.09529  0.126907  0.02805
protocols.relax.FastRelax: CMD: coord_cst_weight  -1033.18  1.09529  0.126907  0.02805
protocols.relax.FastRelax: CMD: scale:fa_rep  -869.791  1.09529  0.126907  0.14575
core.pack.task: Packer task: initialize from command line() 
core.pack.pack_rotamers: built 28531 rotamers at 301 positions.
core.pack.interaction_graph.interaction_graph_factory: Instantiating DensePDInteractionGraph
protocols.relax.FastRelax: CMD: repack  -891.326  1.09529  0.126907  0.14575
protocols.relax.FastRelax: CMD: scale:fa_rep  -882.82  1.09529  0.126907  0.154
protocols.relax.FastRelax: CMD: min  -929.06  1.09026  0.13738  0.154
protocols.relax.FastRelax: CMD: coord_cst_weight  -951.273  1.09026  0.13738  0.154
protocols.relax.FastRelax: CMD: scale:fa_rep  -849.665  1.09026  0.13738  0.30745
core.pack.task: Packer task: initialize from command line() 
core.pack.pack_rotamers: built 27863 rotamers at 301 positions.
core.pack.interaction_graph.interaction_graph_factory: Instantiating DensePDInteractionGraph
protocols.relax.FastRelax: CMD: repack  -850.242  1.09026  0.13738  0.30745
protocols.relax.FastRelax: CMD: scale:fa_rep  -842.594  1.09026  0.13738  0.31955
protocols.relax.FastRelax: CMD: min  -890.093  1.28295  0.696639  0.31955
protocols.relax.FastRelax: CMD: coord_cst_weight  -890.093  1.28295  0.696639  0.31955
protocols.relax.FastRelax: CMD: scale:fa_rep  -774.544  1.28295  0.696639  0.55
core.pack.task: Packer task: initialize from command line() 
core.pack.pack_rotamers: built 27408 rotamers at 301 positions.
core.pack.interaction_graph.interaction_graph_factory: Instantiating DensePDInteractionGraph
protocols.relax.FastRelax: CMD: repack  -775.415  1.28295  0.696639  0.55
protocols.relax.FastRelax: CMD: min  -799.415  1.29812  0.716297  0.55
protocols.relax.FastRelax: MRP: 1  -799.415  -799.415  1.29812  0.716297  
protocols.relax.FastRelax: CMD: accept_to_best  -799.415  1.29812  0.716297  0.55
protocols.relax.FastRelax: CMD: endrepeat  -799.415  1.29812  0.716297  0.55
protocols.relax.FastRelax: CMD: coord_cst_weight  1808.02  1.29812  0.716297  0.55
protocols.relax.FastRelax: CMD: scale:fa_rep  1622.42  1.29812  0.716297  0.022
core.pack.task: Packer task: initialize from command line() 
core.pack.pack_rotamers: built 30904 rotamers at 301 positions.
core.pack.interaction_graph.interaction_graph_factory: Instantiating DensePDInteractionGraph
protocols.relax.FastRelax: CMD: repack  1609.07  1.29812  0.716297  0.022
protocols.relax.FastRelax: CMD: scale:fa_rep  1612.94  1.29812  0.716297  0.02805
protocols.relax.FastRelax: CMD: min  -1011.35  1.09414  0.126498  0.02805
protocols.relax.FastRelax: CMD: coord_cst_weight  -1031.28  1.09414  0.126498  0.02805
protocols.relax.FastRelax: CMD: scale:fa_rep  -876.243  1.09414  0.126498  0.14575
core.pack.task: Packer task: initialize from command line() 
core.pack.pack_rotamers: built 28496 rotamers at 301 positions.
core.pack.interaction_graph.interaction_graph_factory: Instantiating DensePDInteractionGraph
protocols.relax.FastRelax: CMD: repack  -894.12  1.09414  0.126498  0.14575
protocols.relax.FastRelax: CMD: scale:fa_rep  -885.643  1.09414  0.126498  0.154
protocols.relax.FastRelax: CMD: min  -928.701  1.09032  0.137901  0.154
protocols.relax.FastRelax: CMD: coord_cst_weight  -952.931  1.09032  0.137901  0.154
protocols.relax.FastRelax: CMD: scale:fa_rep  -854.086  1.09032  0.137901  0.30745
core.pack.task: Packer task: initialize from command line() 
core.pack.pack_rotamers: built 27758 rotamers at 301 positions.
core.pack.interaction_graph.interaction_graph_factory: Instantiating DensePDInteractionGraph
protocols.relax.FastRelax: CMD: repack  -855.01  1.09032  0.137901  0.30745
protocols.relax.FastRelax: CMD: scale:fa_rep  -847.447  1.09032  0.137901  0.31955
protocols.relax.FastRelax: CMD: min  -879.93  1.19629  0.528366  0.31955
protocols.relax.FastRelax: CMD: coord_cst_weight  -879.93  1.19629  0.528366  0.31955
protocols.relax.FastRelax: CMD: scale:fa_rep  -764.523  1.19629  0.528366  0.55
core.pack.task: Packer task: initialize from command line() 
core.pack.pack_rotamers: built 27234 rotamers at 301 positions.
core.pack.interaction_graph.interaction_graph_factory: Instantiating DensePDInteractionGraph
protocols.relax.FastRelax: CMD: repack  -765.878  1.19629  0.528366  0.55
protocols.relax.FastRelax: CMD: min  -798.621  1.29038  0.697446  0.55
protocols.relax.FastRelax: MRP: 2  -798.621  -799.415  1.29812  0.716297  
protocols.relax.FastRelax: CMD: accept_to_best  -798.621  1.29038  0.697446  0.55
protocols.relax.FastRelax: CMD: endrepeat  -798.621  1.29038  0.697446  0.55
protocols.relax.FastRelax: CMD: coord_cst_weight  2003.63  1.29038  0.697446  0.55
protocols.relax.FastRelax: CMD: scale:fa_rep  1819.71  1.29038  0.697446  0.022
core.pack.task: Packer task: initialize from command line() 
core.pack.pack_rotamers: built 30649 rotamers at 301 positions.
core.pack.interaction_graph.interaction_graph_factory: Instantiating DensePDInteractionGraph
protocols.relax.FastRelax: CMD: repack  1805.61  1.29038  0.697446  0.022
protocols.relax.FastRelax: CMD: scale:fa_rep  1809.71  1.29038  0.697446  0.02805
protocols.relax.FastRelax: CMD: min  -1012.44  1.09465  0.126015  0.02805
protocols.relax.FastRelax: CMD: coord_cst_weight  -1031.64  1.09465  0.126015  0.02805
protocols.relax.FastRelax: CMD: scale:fa_rep  -876.853  1.09465  0.126015  0.14575
core.pack.task: Packer task: initialize from command line() 
core.pack.pack_rotamers: built 28530 rotamers at 301 positions.
core.pack.interaction_graph.interaction_graph_factory: Instantiating DensePDInteractionGraph
protocols.relax.FastRelax: CMD: repack  -894.72  1.09465  0.126015  0.14575
protocols.relax.FastRelax: CMD: scale:fa_rep  -886.27  1.09465  0.126015  0.154
protocols.relax.FastRelax: CMD: min  -929.141  1.09088  0.138959  0.154
protocols.relax.FastRelax: CMD: coord_cst_weight  -953.012  1.09088  0.138959  0.154
protocols.relax.FastRelax: CMD: scale:fa_rep  -853.318  1.09088  0.138959  0.30745
core.pack.task: Packer task: initialize from command line() 
core.pack.pack_rotamers: built 27790 rotamers at 301 positions.
core.pack.interaction_graph.interaction_graph_factory: Instantiating DensePDInteractionGraph
protocols.relax.FastRelax: CMD: repack  -854.749  1.09088  0.138959  0.30745
protocols.relax.FastRelax: CMD: scale:fa_rep  -847.119  1.09088  0.138959  0.31955
protocols.relax.FastRelax: CMD: min  -872.895  1.13116  0.418761  0.31955
protocols.relax.FastRelax: CMD: coord_cst_weight  -872.895  1.13116  0.418761  0.31955
protocols.relax.FastRelax: CMD: scale:fa_rep  -757.963  1.13116  0.418761  0.55
core.pack.task: Packer task: initialize from command line() 
core.pack.pack_rotamers: built 27204 rotamers at 301 positions.
core.pack.interaction_graph.interaction_graph_factory: Instantiating DensePDInteractionGraph
protocols.relax.FastRelax: CMD: repack  -758.358  1.13116  0.418761  0.55
protocols.relax.FastRelax: CMD: min  -797.16  1.27275  0.695236  0.55
protocols.relax.FastRelax: MRP: 3  -797.16  -799.415  1.29812  0.716297  
protocols.relax.FastRelax: CMD: accept_to_best  -797.16  1.27275  0.695236  0.55
protocols.relax.FastRelax: CMD: endrepeat  -797.16  1.27275  0.695236  0.55
protocols.relax.FastRelax: CMD: coord_cst_weight  2287.24  1.27275  0.695236  0.55
protocols.relax.FastRelax: CMD: scale:fa_rep  2102.78  1.27275  0.695236  0.022
core.pack.task: Packer task: initialize from command line() 
core.pack.pack_rotamers: built 30733 rotamers at 301 positions.
core.pack.interaction_graph.interaction_graph_factory: Instantiating DensePDInteractionGraph
protocols.relax.FastRelax: CMD: repack  2091.89  1.27275  0.695236  0.022
protocols.relax.FastRelax: CMD: scale:fa_rep  2095.85  1.27275  0.695236  0.02805
protocols.relax.FastRelax: CMD: min  -1009.7  1.0934  0.127754  0.02805
protocols.relax.FastRelax: CMD: coord_cst_weight  -1029.52  1.0934  0.127754  0.02805
protocols.relax.FastRelax: CMD: scale:fa_rep  -876.595  1.0934  0.127754  0.14575
core.pack.task: Packer task: initialize from command line() 
core.pack.pack_rotamers: built 28510 rotamers at 301 positions.
core.pack.interaction_graph.interaction_graph_factory: Instantiating DensePDInteractionGraph
protocols.relax.FastRelax: CMD: repack  -893.727  1.0934  0.127754  0.14575
protocols.relax.FastRelax: CMD: scale:fa_rep  -885.352  1.0934  0.127754  0.154
protocols.relax.FastRelax: CMD: min  -927.224  1.09059  0.140726  0.154
protocols.relax.FastRelax: CMD: coord_cst_weight  -951.691  1.09059  0.140726  0.154
protocols.relax.FastRelax: CMD: scale:fa_rep  -851.667  1.09059  0.140726  0.30745
core.pack.task: Packer task: initialize from command line() 
core.pack.pack_rotamers: built 27756 rotamers at 301 positions.
core.pack.interaction_graph.interaction_graph_factory: Instantiating DensePDInteractionGraph
protocols.relax.FastRelax: CMD: repack  -852.677  1.09059  0.140726  0.30745
protocols.relax.FastRelax: CMD: scale:fa_rep  -845.068  1.09059  0.140726  0.31955
protocols.relax.FastRelax: CMD: min  -890.034  1.23908  0.647019  0.31955
protocols.relax.FastRelax: CMD: coord_cst_weight  -890.034  1.23908  0.647019  0.31955
protocols.relax.FastRelax: CMD: scale:fa_rep  -775.668  1.23908  0.647019  0.55
core.pack.task: Packer task: initialize from command line() 
core.pack.pack_rotamers: built 27424 rotamers at 301 positions.
core.pack.interaction_graph.interaction_graph_factory: Instantiating DensePDInteractionGraph
protocols.relax.FastRelax: CMD: repack  -776.434  1.23908  0.647019  0.55
protocols.relax.FastRelax: CMD: min  -798.068  1.21578  0.648213  0.55
protocols.relax.FastRelax: MRP: 4  -798.068  -799.415  1.29812  0.716297  
protocols.relax.FastRelax: CMD: accept_to_best  -798.068  1.21578  0.648213  0.55
protocols.relax.FastRelax: CMD: endrepeat  -798.068  1.21578  0.648213  0.55
protocols::checkpoint: Deleting checkpoints of FastRelax
protocols.jd2.JobDistributor: aflibercept_input_0089_0003_0008 reported success in 1914 seconds
protocols.jd2.PDBJobInputter: PDBJobInputter::pose_from_job
protocols.jd2.PDBJobInputter: filling pose from PDB ../2_remodel/top_20_by_total_score/aflibercept_input_0099_0002.pdb
core.import_pose.import_pose: File '../2_remodel/top_20_by_total_score/aflibercept_input_0099_0002.pdb' automatically determined to be of type PDB
core.conformation.Conformation: Found disulfide between residues 30 79
core.conformation.Conformation: current variant for 30 CYS
core.conformation.Conformation: current variant for 79 CYS
core.conformation.Conformation: current variant for 30 CYD
core.conformation.Conformation: current variant for 79 CYD
core.conformation.Conformation: Found disulfide between residues 124 185
core.conformation.Conformation: current variant for 124 CYS
core.conformation.Conformation: current variant for 185 CYS
core.conformation.Conformation: current variant for 124 CYD
core.conformation.Conformation: current variant for 185 CYD
core.conformation.Conformation: Found disulfide between residues 219 261
core.conformation.Conformation: current variant for 219 CYS
core.conformation.Conformation: current variant for 261 CYS
core.conformation.Conformation: current variant for 219 CYD
core.conformation.Conformation: current variant for 261 CYD
core.conformation.Conformation: Found disulfide between residues 250 295
core.conformation.Conformation: current variant for 250 CYS
core.conformation.Conformation: current variant for 295 CYS
core.conformation.Conformation: current variant for 250 CYD
core.conformation.Conformation: current variant for 295 CYD
core.conformation.Conformation: Found disulfide between residues 254 297
core.conformation.Conformation: current variant for 254 CYS
core.conformation.Conformation: current variant for 297 CYS
core.conformation.Conformation: current variant for 254 CYD
core.conformation.Conformation: current variant for 297 CYD
protocols.relax.FastRelax: CMD: repeat  123.644  1.23741  0  0.55
protocols.relax.FastRelax: CMD: coord_cst_weight  123.644  1.23741  0  0.55
protocols.relax.FastRelax: CMD: scale:fa_rep  -855.441  1.23741  0  0.022
core.pack.task: Packer task: initialize from command line() 
core.pack.pack_rotamers: built 30471 rotamers at 301 positions.
core.pack.interaction_graph.interaction_graph_factory: Instantiating DensePDInteractionGraph
protocols.relax.FastRelax: CMD: repack  -899.193  1.23741  0  0.022
protocols.relax.FastRelax: CMD: scale:fa_rep  -891.033  1.23741  0  0.02805
protocols.relax.FastRelax: CMD: min  -986.381  1.24241  0.1196  0.02805
protocols.relax.FastRelax: CMD: coord_cst_weight  -1003.71  1.24241  0.1196  0.02805
protocols.relax.FastRelax: CMD: scale:fa_rep  -837.024  1.24241  0.1196  0.14575
core.pack.task: Packer task: initialize from command line() 
core.pack.pack_rotamers: built 28422 rotamers at 301 positions.
core.pack.interaction_graph.interaction_graph_factory: Instantiating DensePDInteractionGraph
protocols.relax.FastRelax: CMD: repack  -858.883  1.24241  0.1196  0.14575
protocols.relax.FastRelax: CMD: scale:fa_rep  -850.195  1.24241  0.1196  0.154
protocols.relax.FastRelax: CMD: min  -897.73  1.24157  0.126734  0.154
protocols.relax.FastRelax: CMD: coord_cst_weight  -918.199  1.24157  0.126734  0.154
protocols.relax.FastRelax: CMD: scale:fa_rep  -816.823  1.24157  0.126734  0.30745
core.pack.task: Packer task: initialize from command line() 
core.pack.pack_rotamers: built 27821 rotamers at 301 positions.
core.pack.interaction_graph.interaction_graph_factory: Instantiating DensePDInteractionGraph
protocols.relax.FastRelax: CMD: repack  -816.287  1.24157  0.126734  0.30745
protocols.relax.FastRelax: CMD: scale:fa_rep  -808.518  1.24157  0.126734  0.31955
protocols.relax.FastRelax: CMD: min  -853.968  1.30456  0.837464  0.31955
protocols.relax.FastRelax: CMD: coord_cst_weight  -853.968  1.30456  0.837464  0.31955
protocols.relax.FastRelax: CMD: scale:fa_rep  -738.21  1.30456  0.837464  0.55
core.pack.task: Packer task: initialize from command line() 
core.pack.pack_rotamers: built 27270 rotamers at 301 positions.
core.pack.interaction_graph.interaction_graph_factory: Instantiating DensePDInteractionGraph
protocols.relax.FastRelax: CMD: repack  -739.841  1.30456  0.837464  0.55
protocols.relax.FastRelax: CMD: min  -772.699  1.40374  1.03792  0.55
protocols.relax.FastRelax: MRP: 0  -772.699  -772.699  1.40374  1.03792  
protocols.relax.FastRelax: CMD: accept_to_best  -772.699  1.40374  1.03792  0.55
protocols.relax.FastRelax: CMD: endrepeat  -772.699  1.40374  1.03792  0.55
protocols.relax.FastRelax: CMD: coord_cst_weight  11630.9  1.40374  1.03792  0.55
protocols.relax.FastRelax: CMD: scale:fa_rep  11447.4  1.40374  1.03792  0.022
core.pack.task: Packer task: initialize from command line() 
core.pack.pack_rotamers: built 30562 rotamers at 301 positions.
core.pack.interaction_graph.interaction_graph_factory: Instantiating DensePDInteractionGraph
protocols.relax.FastRelax: CMD: repack  11426.1  1.40374  1.03792  0.022
protocols.relax.FastRelax: CMD: scale:fa_rep  11431.5  1.40374  1.03792  0.02805
protocols.relax.FastRelax: CMD: min  -986.702  1.24178  0.144994  0.02805
protocols.relax.FastRelax: CMD: coord_cst_weight  -1011.78  1.24178  0.144994  0.02805
protocols.relax.FastRelax: CMD: scale:fa_rep  -836.478  1.24178  0.144994  0.14575
core.pack.task: Packer task: initialize from command line() 
core.pack.pack_rotamers: built 28459 rotamers at 301 positions.
core.pack.interaction_graph.interaction_graph_factory: Instantiating DensePDInteractionGraph
protocols.relax.FastRelax: CMD: repack  -871.388  1.24178  0.144994  0.14575
protocols.relax.FastRelax: CMD: scale:fa_rep  -863.26  1.24178  0.144994  0.154
protocols.relax.FastRelax: CMD: min  -912.134  1.23697  0.149037  0.154
protocols.relax.FastRelax: CMD: coord_cst_weight  -939.82  1.23697  0.149037  0.154
protocols.relax.FastRelax: CMD: scale:fa_rep  -840.954  1.23697  0.149037  0.30745
core.pack.task: Packer task: initialize from command line() 
core.pack.pack_rotamers: built 27762 rotamers at 301 positions.
core.pack.interaction_graph.interaction_graph_factory: Instantiating DensePDInteractionGraph
protocols.relax.FastRelax: CMD: repack  -842.177  1.23697  0.149037  0.30745
protocols.relax.FastRelax: CMD: scale:fa_rep  -834.545  1.23697  0.149037  0.31955
protocols.relax.FastRelax: CMD: min  -874.821  1.34944  1.0096  0.31955
protocols.relax.FastRelax: CMD: coord_cst_weight  -874.821  1.34944  1.0096  0.31955
protocols.relax.FastRelax: CMD: scale:fa_rep  -757.006  1.34944  1.0096  0.55
core.pack.task: Packer task: initialize from command line() 
core.pack.pack_rotamers: built 27139 rotamers at 301 positions.
core.pack.interaction_graph.interaction_graph_factory: Instantiating DensePDInteractionGraph
protocols.relax.FastRelax: CMD: repack  -757.201  1.34944  1.0096  0.55
protocols.relax.FastRelax: CMD: min  -783.398  1.51054  1.35581  0.55
protocols.relax.FastRelax: MRP: 1  -783.398  -783.398  1.51054  1.35581  
protocols.relax.FastRelax: CMD: accept_to_best  -783.398  1.51054  1.35581  0.55
protocols.relax.FastRelax: CMD: endrepeat  -783.398  1.51054  1.35581  0.55
protocols.relax.FastRelax: CMD: coord_cst_weight  14724.4  1.51054  1.35581  0.55
protocols.relax.FastRelax: CMD: scale:fa_rep  14538.2  1.51054  1.35581  0.022
core.pack.task: Packer task: initialize from command line() 
core.pack.pack_rotamers: built 30482 rotamers at 301 positions.
core.pack.interaction_graph.interaction_graph_factory: Instantiating DensePDInteractionGraph
protocols.relax.FastRelax: CMD: repack  14516.9  1.51054  1.35581  0.022
protocols.relax.FastRelax: CMD: scale:fa_rep  14522.5  1.51054  1.35581  0.02805
protocols.relax.FastRelax: CMD: min  -993.217  1.24069  0.146032  0.02805
protocols.relax.FastRelax: CMD: coord_cst_weight  -1018.43  1.24069  0.146032  0.02805
protocols.relax.FastRelax: CMD: scale:fa_rep  -840.785  1.24069  0.146032  0.14575
core.pack.task: Packer task: initialize from command line() 
core.pack.pack_rotamers: built 28357 rotamers at 301 positions.
core.pack.interaction_graph.interaction_graph_factory: Instantiating DensePDInteractionGraph
protocols.relax.FastRelax: CMD: repack  -875.68  1.24069  0.146032  0.14575
protocols.relax.FastRelax: CMD: scale:fa_rep  -867.541  1.24069  0.146032  0.154
protocols.relax.FastRelax: CMD: min  -911.534  1.23823  0.149309  0.154
protocols.relax.FastRelax: CMD: coord_cst_weight  -940.118  1.23823  0.149309  0.154
protocols.relax.FastRelax: CMD: scale:fa_rep  -840.773  1.23823  0.149309  0.30745
core.pack.task: Packer task: initialize from command line() 
core.pack.pack_rotamers: built 27727 rotamers at 301 positions.
core.pack.interaction_graph.interaction_graph_factory: Instantiating DensePDInteractionGraph
protocols.relax.FastRelax: CMD: repack  -841.872  1.23823  0.149309  0.30745
protocols.relax.FastRelax: CMD: scale:fa_rep  -834.225  1.23823  0.149309  0.31955
protocols.relax.FastRelax: CMD: min  -866.591  1.23339  0.666691  0.31955
protocols.relax.FastRelax: CMD: coord_cst_weight  -866.591  1.23339  0.666691  0.31955
protocols.relax.FastRelax: CMD: scale:fa_rep  -750.783  1.23339  0.666691  0.55
core.pack.task: Packer task: initialize from command line() 
core.pack.pack_rotamers: built 27193 rotamers at 301 positions.
core.pack.interaction_graph.interaction_graph_factory: Instantiating DensePDInteractionGraph
protocols.relax.FastRelax: CMD: repack  -750.88  1.23339  0.666691  0.55
protocols.relax.FastRelax: CMD: min  -781.735  1.37762  0.979963  0.55
protocols.relax.FastRelax: MRP: 2  -781.735  -783.398  1.51054  1.35581  
protocols.relax.FastRelax: CMD: accept_to_best  -781.735  1.37762  0.979963  0.55
protocols.relax.FastRelax: CMD: endrepeat  -781.735  1.37762  0.979963  0.55
protocols.relax.FastRelax: CMD: coord_cst_weight  6721.58  1.37762  0.979963  0.55
protocols.relax.FastRelax: CMD: scale:fa_rep  6535.49  1.37762  0.979963  0.022
core.pack.task: Packer task: initialize from command line() 
core.pack.pack_rotamers: built 30414 rotamers at 301 positions.
core.pack.interaction_graph.interaction_graph_factory: Instantiating DensePDInteractionGraph
protocols.relax.FastRelax: CMD: repack  6512.07  1.37762  0.979963  0.022
protocols.relax.FastRelax: CMD: scale:fa_rep  6518.59  1.37762  0.979963  0.02805
protocols.relax.FastRelax: CMD: min  -998.877  1.24097  0.148727  0.02805
protocols.relax.FastRelax: CMD: coord_cst_weight  -1025  1.24097  0.148727  0.02805
protocols.relax.FastRelax: CMD: scale:fa_rep  -850.034  1.24097  0.148727  0.14575
core.pack.task: Packer task: initialize from command line() 
core.pack.pack_rotamers: built 28293 rotamers at 301 positions.
core.pack.interaction_graph.interaction_graph_factory: Instantiating DensePDInteractionGraph
protocols.relax.FastRelax: CMD: repack  -879.664  1.24097  0.148727  0.14575
protocols.relax.FastRelax: CMD: scale:fa_rep  -871.342  1.24097  0.148727  0.154
protocols.relax.FastRelax: CMD: min  -913.921  1.2365  0.154034  0.154
protocols.relax.FastRelax: CMD: coord_cst_weight  -943.629  1.2365  0.154034  0.154
protocols.relax.FastRelax: CMD: scale:fa_rep  -843.528  1.2365  0.154034  0.30745
core.pack.task: Packer task: initialize from command line() 
core.pack.pack_rotamers: built 27764 rotamers at 301 positions.
core.pack.interaction_graph.interaction_graph_factory: Instantiating DensePDInteractionGraph
protocols.relax.FastRelax: CMD: repack  -844.073  1.2365  0.154034  0.30745
protocols.relax.FastRelax: CMD: scale:fa_rep  -836.486  1.2365  0.154034  0.31955
protocols.relax.FastRelax: CMD: min  -879.932  1.32672  0.851501  0.31955
protocols.relax.FastRelax: CMD: coord_cst_weight  -879.932  1.32672  0.851501  0.31955
protocols.relax.FastRelax: CMD: scale:fa_rep  -762.04  1.32672  0.851501  0.55
core.pack.task: Packer task: initialize from command line() 
core.pack.pack_rotamers: built 27163 rotamers at 301 positions.
core.pack.interaction_graph.interaction_graph_factory: Instantiating DensePDInteractionGraph
protocols.relax.FastRelax: CMD: repack  -761.186  1.32672  0.851501  0.55
protocols.relax.FastRelax: CMD: min  -785.067  1.34141  0.877012  0.55
protocols.relax.FastRelax: MRP: 3  -785.067  -785.067  1.34141  0.877012  
protocols.relax.FastRelax: CMD: accept_to_best  -785.067  1.34141  0.877012  0.55
protocols.relax.FastRelax: CMD: endrepeat  -785.067  1.34141  0.877012  0.55
protocols.relax.FastRelax: CMD: coord_cst_weight  9016.11  1.34141  0.877012  0.55
protocols.relax.FastRelax: CMD: scale:fa_rep  8827.06  1.34141  0.877012  0.022
core.pack.task: Packer task: initialize from command line() 
core.pack.pack_rotamers: built 30607 rotamers at 301 positions.
core.pack.interaction_graph.interaction_graph_factory: Instantiating DensePDInteractionGraph
protocols.relax.FastRelax: CMD: repack  8835.47  1.34141  0.877012  0.022
protocols.relax.FastRelax: CMD: scale:fa_rep  8843.84  1.34141  0.877012  0.02805
protocols.relax.FastRelax: CMD: min  -976.994  1.24034  0.15262  0.02805
protocols.relax.FastRelax: CMD: coord_cst_weight  -1004.36  1.24034  0.15262  0.02805
protocols.relax.FastRelax: CMD: scale:fa_rep  -817.691  1.24034  0.15262  0.14575
core.pack.task: Packer task: initialize from command line() 
core.pack.pack_rotamers: built 28623 rotamers at 301 positions.
core.pack.interaction_graph.interaction_graph_factory: Instantiating DensePDInteractionGraph
protocols.relax.FastRelax: CMD: repack  -849.591  1.24034  0.15262  0.14575
protocols.relax.FastRelax: CMD: scale:fa_rep  -840.562  1.24034  0.15262  0.154
protocols.relax.FastRelax: CMD: min  -893.034  1.23653  0.166748  0.154
protocols.relax.FastRelax: CMD: coord_cst_weight  -927.515  1.23653  0.166748  0.154
protocols.relax.FastRelax: CMD: scale:fa_rep  -824.201  1.23653  0.166748  0.30745
core.pack.task: Packer task: initialize from command line() 
core.pack.pack_rotamers: built 27861 rotamers at 301 positions.
core.pack.interaction_graph.interaction_graph_factory: Instantiating DensePDInteractionGraph
protocols.relax.FastRelax: CMD: repack  -825.864  1.23653  0.166748  0.30745
protocols.relax.FastRelax: CMD: scale:fa_rep  -817.992  1.23653  0.166748  0.31955
protocols.relax.FastRelax: CMD: min  -865.393  1.40134  1.02079  0.31955
protocols.relax.FastRelax: CMD: coord_cst_weight  -865.393  1.40134  1.02079  0.31955
protocols.relax.FastRelax: CMD: scale:fa_rep  -748.403  1.40134  1.02079  0.55
core.pack.task: Packer task: initialize from command line() 
core.pack.pack_rotamers: built 27242 rotamers at 301 positions.
core.pack.interaction_graph.interaction_graph_factory: Instantiating DensePDInteractionGraph
protocols.relax.FastRelax: CMD: repack  -749.857  1.40134  1.02079  0.55
protocols.relax.FastRelax: CMD: min  -769.887  1.45058  1.04212  0.55
protocols.relax.FastRelax: MRP: 4  -769.887  -785.067  1.34141  0.877012  
protocols.relax.FastRelax: CMD: accept_to_best  -769.887  1.45058  1.04212  0.55
protocols.relax.FastRelax: CMD: endrepeat  -769.887  1.45058  1.04212  0.55
protocols::checkpoint: Deleting checkpoints of FastRelax
protocols.jd2.JobDistributor: aflibercept_input_0099_0002_0002 reported success in 1878 seconds
protocols.jd2.JobDistributor: no more batches to process... 
protocols.jd2.JobDistributor: 200 jobs considered, 4 jobs attempted in 7313 seconds
basic.citation_manager.CitationManager: 
The following Rosetta modules were used during this run of Rosetta, and should be cited:

FastRelax Mover's citation(s):
Khatib F, Cooper S, Tyka MD, Xu K, Makedon I, Popovic Z, Baker D, and Players F.  (2011).  Algorithm discovery by protein folding game players.  Proc Natl Acad Sci USA 108(47):18949-53.  doi: 10.1073/pnas.1115898108.


