core.init: Checking for fconfig files in pwd and ./rosetta/flags 
core.init: Rosetta version: 2020.50.post.dev+250.rahelf.iamdisulfidedetect.e9ee94d52d4 e9ee94d52d4b120645d0d27c8cf7d02d7b1ec59c git@github.com:RosettaCommons/main.git 2021-02-04T18:52:55
core.init: command: /Users/rfrick2/Rosetta/main/source/bin/relax.macosclangrelease @relax.flags
basic.random.init_random_generator: 'RNG device' seed mode, using '/dev/urandom', seed=894266488 seed_offset=0 real_seed=894266488
basic.random.init_random_generator: RandomGenerator:init: Normal mode, seed=894266488 RG_type=mt19937
core.init: found database environment variable ROSETTA3_DB: /Users/rfrick2/Rosetta_RAbD/main/database
core.scoring.ScoreFunctionFactory: SCOREFUNCTION: ref2015
core.scoring.etable: Starting energy table calculation
core.scoring.etable: smooth_etable: changing atr/rep split to bottom of energy well
core.scoring.etable: smooth_etable: spline smoothing lj etables (maxdis = 6)
core.scoring.etable: smooth_etable: spline smoothing solvation etables (max_dis = 6)
core.scoring.etable: Finished calculating energy tables.
basic.io.database: Database file opened: scoring/score_functions/hbonds/ref2015_params/HBPoly1D.csv
basic.io.database: Database file opened: scoring/score_functions/hbonds/ref2015_params/HBFadeIntervals.csv
basic.io.database: Database file opened: scoring/score_functions/hbonds/ref2015_params/HBEval.csv
basic.io.database: Database file opened: scoring/score_functions/hbonds/ref2015_params/DonStrength.csv
basic.io.database: Database file opened: scoring/score_functions/hbonds/ref2015_params/AccStrength.csv
core.chemical.GlobalResidueTypeSet: Finished initializing fa_standard residue type set.  Created 985 residue types
core.chemical.GlobalResidueTypeSet: Total time to initialize 0.712242 seconds.
basic.io.database: Database file opened: scoring/score_functions/rama/fd/all.ramaProb
basic.io.database: Database file opened: scoring/score_functions/rama/fd/prepro.ramaProb
basic.io.database: Database file opened: scoring/score_functions/omega/omega_ppdep.all.txt
basic.io.database: Database file opened: scoring/score_functions/omega/omega_ppdep.gly.txt
basic.io.database: Database file opened: scoring/score_functions/omega/omega_ppdep.pro.txt
basic.io.database: Database file opened: scoring/score_functions/omega/omega_ppdep.valile.txt
basic.io.database: Database file opened: scoring/score_functions/P_AA_pp/P_AA
basic.io.database: Database file opened: scoring/score_functions/P_AA_pp/P_AA_n
core.scoring.P_AA: shapovalov_lib::shap_p_aa_pp_smooth_level of 1( aka low_smooth ) got activated.
basic.io.database: Database file opened: scoring/score_functions/P_AA_pp/shapovalov/10deg/kappa131/a20.prop
protocols.relax.RelaxScriptManager: Reading relax scripts list from database.
protocols.relax.RelaxScriptManager: Looking for MonomerRelax2019.txt
protocols.relax.RelaxScriptManager: ================== Reading script file: /Users/rfrick2/Rosetta_RAbD/main/database/sampling/relax_scripts/MonomerRelax2019.txt ==================
protocols.relax.RelaxScriptManager: repeat %%nrepeats%%
protocols.relax.RelaxScriptManager: coord_cst_weight 1.0
protocols.relax.RelaxScriptManager: scale:fa_rep 0.040
protocols.relax.RelaxScriptManager: repack
protocols.relax.RelaxScriptManager: scale:fa_rep 0.051
protocols.relax.RelaxScriptManager: min 0.01
protocols.relax.RelaxScriptManager: coord_cst_weight 0.5
protocols.relax.RelaxScriptManager: scale:fa_rep 0.265
protocols.relax.RelaxScriptManager: repack
protocols.relax.RelaxScriptManager: scale:fa_rep 0.280
protocols.relax.RelaxScriptManager: min 0.01
protocols.relax.RelaxScriptManager: coord_cst_weight 0.0
protocols.relax.RelaxScriptManager: scale:fa_rep 0.559
protocols.relax.RelaxScriptManager: repack
protocols.relax.RelaxScriptManager: scale:fa_rep 0.581
protocols.relax.RelaxScriptManager: min 0.01
protocols.relax.RelaxScriptManager: coord_cst_weight 0.0
protocols.relax.RelaxScriptManager: scale:fa_rep 1
protocols.relax.RelaxScriptManager: repack
protocols.relax.RelaxScriptManager: min 0.00001
protocols.relax.RelaxScriptManager: accept_to_best
protocols.relax.RelaxScriptManager: endrepeat
protocols.jd2.PDBJobInputter: Instantiate PDBJobInputter
protocols.jd2.PDBJobInputter: PDBJobInputter::fill_jobs
protocols.jd2.PDBJobInputter: pushed ../2_remodel/top_20_by_total_score/aflibercept_input_0002_0002.pdb nstruct indices 1 - 10
protocols.jd2.PDBJobInputter: pushed ../2_remodel/top_20_by_total_score/aflibercept_input_0014_0001.pdb nstruct indices 1 - 10
protocols.jd2.PDBJobInputter: pushed ../2_remodel/top_20_by_total_score/aflibercept_input_0019_0001.pdb nstruct indices 1 - 10
protocols.jd2.PDBJobInputter: pushed ../2_remodel/top_20_by_total_score/aflibercept_input_0022_0002.pdb nstruct indices 1 - 10
protocols.jd2.PDBJobInputter: pushed ../2_remodel/top_20_by_total_score/aflibercept_input_0023_0001.pdb nstruct indices 1 - 10
protocols.jd2.PDBJobInputter: pushed ../2_remodel/top_20_by_total_score/aflibercept_input_0039_0001.pdb nstruct indices 1 - 10
protocols.jd2.PDBJobInputter: pushed ../2_remodel/top_20_by_total_score/aflibercept_input_0042_0002.pdb nstruct indices 1 - 10
protocols.jd2.PDBJobInputter: pushed ../2_remodel/top_20_by_total_score/aflibercept_input_0048_0001.pdb nstruct indices 1 - 10
protocols.jd2.PDBJobInputter: pushed ../2_remodel/top_20_by_total_score/aflibercept_input_0057_0003.pdb nstruct indices 1 - 10
protocols.jd2.PDBJobInputter: pushed ../2_remodel/top_20_by_total_score/aflibercept_input_0058_0002.pdb nstruct indices 1 - 10
protocols.jd2.PDBJobInputter: pushed ../2_remodel/top_20_by_total_score/aflibercept_input_0062_0001.pdb nstruct indices 1 - 10
protocols.jd2.PDBJobInputter: pushed ../2_remodel/top_20_by_total_score/aflibercept_input_0071_0003.pdb nstruct indices 1 - 10
protocols.jd2.PDBJobInputter: pushed ../2_remodel/top_20_by_total_score/aflibercept_input_0072_0003.pdb nstruct indices 1 - 10
protocols.jd2.PDBJobInputter: pushed ../2_remodel/top_20_by_total_score/aflibercept_input_0076_0003.pdb nstruct indices 1 - 10
protocols.jd2.PDBJobInputter: pushed ../2_remodel/top_20_by_total_score/aflibercept_input_0082_0002.pdb nstruct indices 1 - 10
protocols.jd2.PDBJobInputter: pushed ../2_remodel/top_20_by_total_score/aflibercept_input_0083_0003.pdb nstruct indices 1 - 10
protocols.jd2.PDBJobInputter: pushed ../2_remodel/top_20_by_total_score/aflibercept_input_0086_0001.pdb nstruct indices 1 - 10
protocols.jd2.PDBJobInputter: pushed ../2_remodel/top_20_by_total_score/aflibercept_input_0089_0003.pdb nstruct indices 1 - 10
protocols.jd2.PDBJobInputter: pushed ../2_remodel/top_20_by_total_score/aflibercept_input_0097_0003.pdb nstruct indices 1 - 10
protocols.jd2.PDBJobInputter: pushed ../2_remodel/top_20_by_total_score/aflibercept_input_0099_0002.pdb nstruct indices 1 - 10
protocols.evaluation.ChiWellRmsdEvaluatorCreator: Evaluation Creator active ... 
protocols.jd2.PDBJobInputter: PDBJobInputter::pose_from_job
protocols.jd2.PDBJobInputter: filling pose from PDB ../2_remodel/top_20_by_total_score/aflibercept_input_0082_0002.pdb
core.import_pose.import_pose: File '../2_remodel/top_20_by_total_score/aflibercept_input_0082_0002.pdb' automatically determined to be of type PDB
core.conformation.Conformation: Found disulfide between residues 30 79
core.conformation.Conformation: current variant for 30 CYS
core.conformation.Conformation: current variant for 79 CYS
core.conformation.Conformation: current variant for 30 CYD
core.conformation.Conformation: current variant for 79 CYD
core.conformation.Conformation: Found disulfide between residues 124 185
core.conformation.Conformation: current variant for 124 CYS
core.conformation.Conformation: current variant for 185 CYS
core.conformation.Conformation: current variant for 124 CYD
core.conformation.Conformation: current variant for 185 CYD
core.conformation.Conformation: Found disulfide between residues 219 261
core.conformation.Conformation: current variant for 219 CYS
core.conformation.Conformation: current variant for 261 CYS
core.conformation.Conformation: current variant for 219 CYD
core.conformation.Conformation: current variant for 261 CYD
core.conformation.Conformation: Found disulfide between residues 250 295
core.conformation.Conformation: current variant for 250 CYS
core.conformation.Conformation: current variant for 295 CYS
core.conformation.Conformation: current variant for 250 CYD
core.conformation.Conformation: current variant for 295 CYD
core.conformation.Conformation: Found disulfide between residues 254 297
core.conformation.Conformation: current variant for 254 CYS
core.conformation.Conformation: current variant for 297 CYS
core.conformation.Conformation: current variant for 254 CYD
core.conformation.Conformation: current variant for 297 CYD
basic.io.database: Database file opened: scoring/score_functions/elec_cp_reps.dat
core.scoring.elec.util: Read 40 countpair representative atoms
core.pack.dunbrack.RotamerLibrary: shapovalov_lib_fixes_enable option is true.
core.pack.dunbrack.RotamerLibrary: shapovalov_lib::shap_dun10_smooth_level of 1( aka lowest_smooth ) got activated.
core.pack.dunbrack.RotamerLibrary: Binary rotamer library selected: /Users/rfrick2/Rosetta_RAbD/main/database/rotamer/shapovalov/StpDwn_0-0-0/Dunbrack10.lib.bin
core.pack.dunbrack.RotamerLibrary: Using Dunbrack library binary file '/Users/rfrick2/Rosetta_RAbD/main/database/rotamer/shapovalov/StpDwn_0-0-0/Dunbrack10.lib.bin'.
core.pack.dunbrack.RotamerLibrary: Dunbrack 2010 library took 0.201775 seconds to load from binary
protocols.relax.FastRelax: CMD: repeat  -137.047  0  0  0.55
protocols.relax.FastRelax: CMD: coord_cst_weight  -137.047  0  0  0.55
protocols.relax.FastRelax: CMD: scale:fa_rep  -900.005  0  0  0.022
core.pack.task: Packer task: initialize from command line() 
core.pack.pack_rotamers: built 30540 rotamers at 301 positions.
core.pack.interaction_graph.interaction_graph_factory: Instantiating DensePDInteractionGraph
protocols.relax.FastRelax: CMD: repack  -949.843  0  0  0.022
protocols.relax.FastRelax: CMD: scale:fa_rep  -941.604  0  0  0.02805
protocols.relax.FastRelax: CMD: min  -1035.75  0.109521  0.109521  0.02805
protocols.relax.FastRelax: CMD: coord_cst_weight  -1049.64  0.109521  0.109521  0.02805
protocols.relax.FastRelax: CMD: scale:fa_rep  -891.637  0.109521  0.109521  0.14575
core.pack.task: Packer task: initialize from command line() 
core.pack.pack_rotamers: built 28036 rotamers at 301 positions.
core.pack.interaction_graph.interaction_graph_factory: Instantiating DensePDInteractionGraph
protocols.relax.FastRelax: CMD: repack  -908.746  0.109521  0.109521  0.14575
protocols.relax.FastRelax: CMD: scale:fa_rep  -900.152  0.109521  0.109521  0.154
protocols.relax.FastRelax: CMD: min  -942.234  0.115153  0.115153  0.154
protocols.relax.FastRelax: CMD: coord_cst_weight  -958.498  0.115153  0.115153  0.154
protocols.relax.FastRelax: CMD: scale:fa_rep  -854.83  0.115153  0.115153  0.30745
core.pack.task: Packer task: initialize from command line() 
core.pack.pack_rotamers: built 27307 rotamers at 301 positions.
core.pack.interaction_graph.interaction_graph_factory: Instantiating DensePDInteractionGraph
protocols.relax.FastRelax: CMD: repack  -855.843  0.115153  0.115153  0.30745
protocols.relax.FastRelax: CMD: scale:fa_rep  -847.965  0.115153  0.115153  0.31955
protocols.relax.FastRelax: CMD: min  -866.256  0.285652  0.285652  0.31955
protocols.relax.FastRelax: CMD: coord_cst_weight  -866.256  0.285652  0.285652  0.31955
protocols.relax.FastRelax: CMD: scale:fa_rep  -746.049  0.285652  0.285652  0.55
core.pack.task: Packer task: initialize from command line() 
core.pack.pack_rotamers: built 26907 rotamers at 301 positions.
core.pack.interaction_graph.interaction_graph_factory: Instantiating DensePDInteractionGraph
protocols.relax.FastRelax: CMD: repack  -747.575  0.285652  0.285652  0.55
protocols.relax.FastRelax: CMD: min  -790.172  0.584451  0.584451  0.55
protocols.relax.FastRelax: MRP: 0  -790.172  -790.172  0.584451  0.584451  
protocols.relax.FastRelax: CMD: accept_to_best  -790.172  0.584451  0.584451  0.55
protocols.relax.FastRelax: CMD: endrepeat  -790.172  0.584451  0.584451  0.55
protocols.relax.FastRelax: CMD: coord_cst_weight  9318.09  0.584451  0.584451  0.55
protocols.relax.FastRelax: CMD: scale:fa_rep  9132.54  0.584451  0.584451  0.022
core.pack.task: Packer task: initialize from command line() 
core.pack.pack_rotamers: built 30374 rotamers at 301 positions.
core.pack.interaction_graph.interaction_graph_factory: Instantiating DensePDInteractionGraph
protocols.relax.FastRelax: CMD: repack  9115.49  0.584451  0.584451  0.022
protocols.relax.FastRelax: CMD: scale:fa_rep  9120.45  0.584451  0.584451  0.02805
protocols.relax.FastRelax: CMD: min  -1038.73  0.115202  0.115202  0.02805
protocols.relax.FastRelax: CMD: coord_cst_weight  -1055.05  0.115202  0.115202  0.02805
protocols.relax.FastRelax: CMD: scale:fa_rep  -898.633  0.115202  0.115202  0.14575
core.pack.task: Packer task: initialize from command line() 
core.pack.pack_rotamers: built 28065 rotamers at 301 positions.
core.pack.interaction_graph.interaction_graph_factory: Instantiating DensePDInteractionGraph
protocols.relax.FastRelax: CMD: repack  -916.443  0.115202  0.115202  0.14575
protocols.relax.FastRelax: CMD: scale:fa_rep  -908.464  0.115202  0.115202  0.154
protocols.relax.FastRelax: CMD: min  -946.793  0.115376  0.115376  0.154
protocols.relax.FastRelax: CMD: coord_cst_weight  -963.488  0.115376  0.115376  0.154
protocols.relax.FastRelax: CMD: scale:fa_rep  -864.776  0.115376  0.115376  0.30745
core.pack.task: Packer task: initialize from command line() 
core.pack.pack_rotamers: built 27497 rotamers at 301 positions.
core.pack.interaction_graph.interaction_graph_factory: Instantiating DensePDInteractionGraph
protocols.relax.FastRelax: CMD: repack  -864.696  0.115376  0.115376  0.30745
protocols.relax.FastRelax: CMD: scale:fa_rep  -857.095  0.115376  0.115376  0.31955
protocols.relax.FastRelax: CMD: min  -879.213  0.341902  0.341902  0.31955
protocols.relax.FastRelax: CMD: coord_cst_weight  -879.213  0.341902  0.341902  0.31955
protocols.relax.FastRelax: CMD: scale:fa_rep  -763.394  0.341902  0.341902  0.55
core.pack.task: Packer task: initialize from command line() 
core.pack.pack_rotamers: built 27139 rotamers at 301 positions.
core.pack.interaction_graph.interaction_graph_factory: Instantiating DensePDInteractionGraph
protocols.relax.FastRelax: CMD: repack  -763.524  0.341902  0.341902  0.55
protocols.relax.FastRelax: CMD: min  -796.921  0.534208  0.534208  0.55
protocols.relax.FastRelax: MRP: 1  -796.921  -796.921  0.534208  0.534208  
protocols.relax.FastRelax: CMD: accept_to_best  -796.921  0.534208  0.534208  0.55
protocols.relax.FastRelax: CMD: endrepeat  -796.921  0.534208  0.534208  0.55
protocols.relax.FastRelax: CMD: coord_cst_weight  6832.09  0.534208  0.534208  0.55
protocols.relax.FastRelax: CMD: scale:fa_rep  6648.09  0.534208  0.534208  0.022
core.pack.task: Packer task: initialize from command line() 
core.pack.pack_rotamers: built 30567 rotamers at 301 positions.
core.pack.interaction_graph.interaction_graph_factory: Instantiating DensePDInteractionGraph
protocols.relax.FastRelax: CMD: repack  6635.71  0.534208  0.534208  0.022
protocols.relax.FastRelax: CMD: scale:fa_rep  6640.25  0.534208  0.534208  0.02805
protocols.relax.FastRelax: CMD: min  -1031.55  0.115512  0.115512  0.02805
protocols.relax.FastRelax: CMD: coord_cst_weight  -1048.78  0.115512  0.115512  0.02805
protocols.relax.FastRelax: CMD: scale:fa_rep  -904.327  0.115512  0.115512  0.14575
core.pack.task: Packer task: initialize from command line() 
core.pack.pack_rotamers: built 28255 rotamers at 301 positions.
core.pack.interaction_graph.interaction_graph_factory: Instantiating DensePDInteractionGraph
protocols.relax.FastRelax: CMD: repack  -920.257  0.115512  0.115512  0.14575
protocols.relax.FastRelax: CMD: scale:fa_rep  -912.267  0.115512  0.115512  0.154
protocols.relax.FastRelax: CMD: min  -947.423  0.120574  0.120574  0.154
protocols.relax.FastRelax: CMD: coord_cst_weight  -966.432  0.120574  0.120574  0.154
protocols.relax.FastRelax: CMD: scale:fa_rep  -867.951  0.120574  0.120574  0.30745
core.pack.task: Packer task: initialize from command line() 
core.pack.pack_rotamers: built 27595 rotamers at 301 positions.
core.pack.interaction_graph.interaction_graph_factory: Instantiating DensePDInteractionGraph
protocols.relax.FastRelax: CMD: repack  -869.033  0.120574  0.120574  0.30745
protocols.relax.FastRelax: CMD: scale:fa_rep  -861.476  0.120574  0.120574  0.31955
protocols.relax.FastRelax: CMD: min  -887.549  0.465476  0.465476  0.31955
protocols.relax.FastRelax: CMD: coord_cst_weight  -887.549  0.465476  0.465476  0.31955
protocols.relax.FastRelax: CMD: scale:fa_rep  -771.952  0.465476  0.465476  0.55
core.pack.task: Packer task: initialize from command line() 
core.pack.pack_rotamers: built 27326 rotamers at 301 positions.
core.pack.interaction_graph.interaction_graph_factory: Instantiating DensePDInteractionGraph
protocols.relax.FastRelax: CMD: repack  -772.509  0.465476  0.465476  0.55
protocols.relax.FastRelax: CMD: min  -798.772  0.63177  0.63177  0.55
protocols.relax.FastRelax: MRP: 2  -798.772  -798.772  0.63177  0.63177  
protocols.relax.FastRelax: CMD: accept_to_best  -798.772  0.63177  0.63177  0.55
protocols.relax.FastRelax: CMD: endrepeat  -798.772  0.63177  0.63177  0.55
protocols.relax.FastRelax: CMD: coord_cst_weight  8622.37  0.63177  0.63177  0.55
protocols.relax.FastRelax: CMD: scale:fa_rep  8436.12  0.63177  0.63177  0.022
core.pack.task: Packer task: initialize from command line() 
core.pack.pack_rotamers: built 30594 rotamers at 301 positions.
core.pack.interaction_graph.interaction_graph_factory: Instantiating DensePDInteractionGraph
protocols.relax.FastRelax: CMD: repack  8423.82  0.63177  0.63177  0.022
protocols.relax.FastRelax: CMD: scale:fa_rep  8429.68  0.63177  0.63177  0.02805
protocols.relax.FastRelax: CMD: min  -1029.22  0.116229  0.116229  0.02805
protocols.relax.FastRelax: CMD: coord_cst_weight  -1046.54  0.116229  0.116229  0.02805
protocols.relax.FastRelax: CMD: scale:fa_rep  -882.308  0.116229  0.116229  0.14575
core.pack.task: Packer task: initialize from command line() 
core.pack.pack_rotamers: built 28288 rotamers at 301 positions.
core.pack.interaction_graph.interaction_graph_factory: Instantiating DensePDInteractionGraph
protocols.relax.FastRelax: CMD: repack  -916.714  0.116229  0.116229  0.14575
protocols.relax.FastRelax: CMD: scale:fa_rep  -908.585  0.116229  0.116229  0.154
protocols.relax.FastRelax: CMD: min  -947.544  0.120005  0.120005  0.154
protocols.relax.FastRelax: CMD: coord_cst_weight  -966.464  0.120005  0.120005  0.154
protocols.relax.FastRelax: CMD: scale:fa_rep  -867.474  0.120005  0.120005  0.30745
core.pack.task: Packer task: initialize from command line() 
core.pack.pack_rotamers: built 27587 rotamers at 301 positions.
core.pack.interaction_graph.interaction_graph_factory: Instantiating DensePDInteractionGraph
protocols.relax.FastRelax: CMD: repack  -868.669  0.120005  0.120005  0.30745
protocols.relax.FastRelax: CMD: scale:fa_rep  -861.074  0.120005  0.120005  0.31955
protocols.relax.FastRelax: CMD: min  -881.179  0.361721  0.361721  0.31955
protocols.relax.FastRelax: CMD: coord_cst_weight  -881.179  0.361721  0.361721  0.31955
protocols.relax.FastRelax: CMD: scale:fa_rep  -764.723  0.361721  0.361721  0.55
core.pack.task: Packer task: initialize from command line() 
core.pack.pack_rotamers: built 27151 rotamers at 301 positions.
core.pack.interaction_graph.interaction_graph_factory: Instantiating DensePDInteractionGraph
protocols.relax.FastRelax: CMD: repack  -765.633  0.361721  0.361721  0.55
protocols.relax.FastRelax: CMD: min  -799.447  0.69777  0.69777  0.55
protocols.relax.FastRelax: MRP: 3  -799.447  -799.447  0.69777  0.69777  
protocols.relax.FastRelax: CMD: accept_to_best  -799.447  0.69777  0.69777  0.55
protocols.relax.FastRelax: CMD: endrepeat  -799.447  0.69777  0.69777  0.55
protocols.relax.FastRelax: CMD: coord_cst_weight  8806.16  0.69777  0.69777  0.55
protocols.relax.FastRelax: CMD: scale:fa_rep  8621.11  0.69777  0.69777  0.022
core.pack.task: Packer task: initialize from command line() 
core.pack.pack_rotamers: built 30610 rotamers at 301 positions.
core.pack.interaction_graph.interaction_graph_factory: Instantiating DensePDInteractionGraph
protocols.relax.FastRelax: CMD: repack  8608.16  0.69777  0.69777  0.022
protocols.relax.FastRelax: CMD: scale:fa_rep  8613.07  0.69777  0.69777  0.02805
protocols.relax.FastRelax: CMD: min  -1033.17  0.117049  0.117049  0.02805
protocols.relax.FastRelax: CMD: coord_cst_weight  -1050.7  0.117049  0.117049  0.02805
protocols.relax.FastRelax: CMD: scale:fa_rep  -889.658  0.117049  0.117049  0.14575
core.pack.task: Packer task: initialize from command line() 
core.pack.pack_rotamers: built 28206 rotamers at 301 positions.
core.pack.interaction_graph.interaction_graph_factory: Instantiating DensePDInteractionGraph
protocols.relax.FastRelax: CMD: repack  -914.185  0.117049  0.117049  0.14575
protocols.relax.FastRelax: CMD: scale:fa_rep  -905.895  0.117049  0.117049  0.154
protocols.relax.FastRelax: CMD: min  -946.988  0.118589  0.118589  0.154
protocols.relax.FastRelax: CMD: coord_cst_weight  -965.571  0.118589  0.118589  0.154
protocols.relax.FastRelax: CMD: scale:fa_rep  -864.813  0.118589  0.118589  0.30745
core.pack.task: Packer task: initialize from command line() 
core.pack.pack_rotamers: built 27545 rotamers at 301 positions.
core.pack.interaction_graph.interaction_graph_factory: Instantiating DensePDInteractionGraph
protocols.relax.FastRelax: CMD: repack  -864.83  0.118589  0.118589  0.30745
protocols.relax.FastRelax: CMD: scale:fa_rep  -857.191  0.118589  0.118589  0.31955
protocols.relax.FastRelax: CMD: min  -887.897  0.544469  0.544469  0.31955
protocols.relax.FastRelax: CMD: coord_cst_weight  -887.897  0.544469  0.544469  0.31955
protocols.relax.FastRelax: CMD: scale:fa_rep  -772.618  0.544469  0.544469  0.55
core.pack.task: Packer task: initialize from command line() 
core.pack.pack_rotamers: built 27135 rotamers at 301 positions.
core.pack.interaction_graph.interaction_graph_factory: Instantiating DensePDInteractionGraph
protocols.relax.FastRelax: CMD: repack  -773.632  0.544469  0.544469  0.55
protocols.relax.FastRelax: CMD: min  -799.157  0.672895  0.672895  0.55
protocols.relax.FastRelax: MRP: 4  -799.157  -799.447  0.69777  0.69777  
protocols.relax.FastRelax: CMD: accept_to_best  -799.157  0.672895  0.672895  0.55
protocols.relax.FastRelax: CMD: endrepeat  -799.157  0.672895  0.672895  0.55
protocols::checkpoint: Deleting checkpoints of FastRelax
protocols.jd2.JobDistributor: aflibercept_input_0082_0002_0007 reported success in 1733 seconds
protocols.jd2.PDBJobInputter: PDBJobInputter::pose_from_job
protocols.jd2.PDBJobInputter: filling pose from PDB ../2_remodel/top_20_by_total_score/aflibercept_input_0083_0003.pdb
core.import_pose.import_pose: File '../2_remodel/top_20_by_total_score/aflibercept_input_0083_0003.pdb' automatically determined to be of type PDB
core.conformation.Conformation: Found disulfide between residues 30 79
core.conformation.Conformation: current variant for 30 CYS
core.conformation.Conformation: current variant for 79 CYS
core.conformation.Conformation: current variant for 30 CYD
core.conformation.Conformation: current variant for 79 CYD
core.conformation.Conformation: Found disulfide between residues 124 185
core.conformation.Conformation: current variant for 124 CYS
core.conformation.Conformation: current variant for 185 CYS
core.conformation.Conformation: current variant for 124 CYD
core.conformation.Conformation: current variant for 185 CYD
core.conformation.Conformation: Found disulfide between residues 219 261
core.conformation.Conformation: current variant for 219 CYS
core.conformation.Conformation: current variant for 261 CYS
core.conformation.Conformation: current variant for 219 CYD
core.conformation.Conformation: current variant for 261 CYD
core.conformation.Conformation: Found disulfide between residues 250 295
core.conformation.Conformation: current variant for 250 CYS
core.conformation.Conformation: current variant for 295 CYS
core.conformation.Conformation: current variant for 250 CYD
core.conformation.Conformation: current variant for 295 CYD
core.conformation.Conformation: Found disulfide between residues 254 297
core.conformation.Conformation: current variant for 254 CYS
core.conformation.Conformation: current variant for 297 CYS
core.conformation.Conformation: current variant for 254 CYD
core.conformation.Conformation: current variant for 297 CYD
protocols.relax.FastRelax: CMD: repeat  219.595  1.14886  0  0.55
protocols.relax.FastRelax: CMD: coord_cst_weight  219.595  1.14886  0  0.55
protocols.relax.FastRelax: CMD: scale:fa_rep  -885.629  1.14886  0  0.022
core.pack.task: Packer task: initialize from command line() 
core.pack.pack_rotamers: built 30908 rotamers at 301 positions.
core.pack.interaction_graph.interaction_graph_factory: Instantiating DensePDInteractionGraph
protocols.relax.FastRelax: CMD: repack  -929.854  1.14886  0  0.022
protocols.relax.FastRelax: CMD: scale:fa_rep  -919.217  1.14886  0  0.02805
protocols.relax.FastRelax: CMD: min  -1022.46  1.14828  0.117711  0.02805
protocols.relax.FastRelax: CMD: coord_cst_weight  -1039.01  1.14828  0.117711  0.02805
protocols.relax.FastRelax: CMD: scale:fa_rep  -871.277  1.14828  0.117711  0.14575
core.pack.task: Packer task: initialize from command line() 
core.pack.pack_rotamers: built 28773 rotamers at 301 positions.
core.pack.interaction_graph.interaction_graph_factory: Instantiating DensePDInteractionGraph
protocols.relax.FastRelax: CMD: repack  -897.746  1.14828  0.117711  0.14575
protocols.relax.FastRelax: CMD: scale:fa_rep  -889.74  1.14828  0.117711  0.154
protocols.relax.FastRelax: CMD: min  -933.513  1.15011  0.12345  0.154
protocols.relax.FastRelax: CMD: coord_cst_weight  -952.144  1.15011  0.12345  0.154
protocols.relax.FastRelax: CMD: scale:fa_rep  -850.727  1.15011  0.12345  0.30745
core.pack.task: Packer task: initialize from command line() 
core.pack.pack_rotamers: built 27944 rotamers at 301 positions.
core.pack.interaction_graph.interaction_graph_factory: Instantiating DensePDInteractionGraph
protocols.relax.FastRelax: CMD: repack  -852.219  1.15011  0.12345  0.30745
protocols.relax.FastRelax: CMD: scale:fa_rep  -844.628  1.15011  0.12345  0.31955
protocols.relax.FastRelax: CMD: min  -869.7  1.11998  0.409294  0.31955
protocols.relax.FastRelax: CMD: coord_cst_weight  -869.7  1.11998  0.409294  0.31955
protocols.relax.FastRelax: CMD: scale:fa_rep  -754.96  1.11998  0.409294  0.55
core.pack.task: Packer task: initialize from command line() 
core.pack.pack_rotamers: built 27366 rotamers at 301 positions.
core.pack.interaction_graph.interaction_graph_factory: Instantiating DensePDInteractionGraph
protocols.relax.FastRelax: CMD: repack  -755.021  1.11998  0.409294  0.55
protocols.relax.FastRelax: CMD: min  -789.187  1.25931  0.418491  0.55
protocols.relax.FastRelax: MRP: 0  -789.187  -789.187  1.25931  0.418491  
protocols.relax.FastRelax: CMD: accept_to_best  -789.187  1.25931  0.418491  0.55
protocols.relax.FastRelax: CMD: endrepeat  -789.187  1.25931  0.418491  0.55
protocols.relax.FastRelax: CMD: coord_cst_weight  20250.4  1.25931  0.418491  0.55
protocols.relax.FastRelax: CMD: scale:fa_rep  20066.5  1.25931  0.418491  0.022
core.pack.task: Packer task: initialize from command line() 
core.pack.pack_rotamers: built 30733 rotamers at 301 positions.
core.pack.interaction_graph.interaction_graph_factory: Instantiating DensePDInteractionGraph
protocols.relax.FastRelax: CMD: repack  20078.1  1.25931  0.418491  0.022
protocols.relax.FastRelax: CMD: scale:fa_rep  20086.2  1.25931  0.418491  0.02805
protocols.relax.FastRelax: CMD: min  -1010.88  1.14972  0.129252  0.02805
protocols.relax.FastRelax: CMD: coord_cst_weight  -1030.94  1.14972  0.129252  0.02805
protocols.relax.FastRelax: CMD: scale:fa_rep  -855.9  1.14972  0.129252  0.14575
core.pack.task: Packer task: initialize from command line() 
core.pack.pack_rotamers: built 28747 rotamers at 301 positions.
core.pack.interaction_graph.interaction_graph_factory: Instantiating DensePDInteractionGraph
protocols.relax.FastRelax: CMD: repack  -889.568  1.14972  0.129252  0.14575
protocols.relax.FastRelax: CMD: scale:fa_rep  -881.317  1.14972  0.129252  0.154
protocols.relax.FastRelax: CMD: min  -941.23  1.15084  0.132878  0.154
protocols.relax.FastRelax: CMD: coord_cst_weight  -962.915  1.15084  0.132878  0.154
protocols.relax.FastRelax: CMD: scale:fa_rep  -862.99  1.15084  0.132878  0.30745
core.pack.task: Packer task: initialize from command line() 
core.pack.pack_rotamers: built 27984 rotamers at 301 positions.
core.pack.interaction_graph.interaction_graph_factory: Instantiating DensePDInteractionGraph
protocols.relax.FastRelax: CMD: repack  -862.898  1.15084  0.132878  0.30745
protocols.relax.FastRelax: CMD: scale:fa_rep  -855.303  1.15084  0.132878  0.31955
protocols.relax.FastRelax: CMD: min  -882.637  1.2549  0.478943  0.31955
protocols.relax.FastRelax: CMD: coord_cst_weight  -882.637  1.2549  0.478943  0.31955
protocols.relax.FastRelax: CMD: scale:fa_rep  -767.314  1.2549  0.478943  0.55
core.pack.task: Packer task: initialize from command line() 
core.pack.pack_rotamers: built 27182 rotamers at 301 positions.
core.pack.interaction_graph.interaction_graph_factory: Instantiating DensePDInteractionGraph
protocols.relax.FastRelax: CMD: repack  -768.037  1.2549  0.478943  0.55
protocols.relax.FastRelax: CMD: min  -794.454  1.45888  0.72086  0.55
protocols.relax.FastRelax: MRP: 1  -794.454  -794.454  1.45888  0.72086  
protocols.relax.FastRelax: CMD: accept_to_best  -794.454  1.45888  0.72086  0.55
protocols.relax.FastRelax: CMD: endrepeat  -794.454  1.45888  0.72086  0.55
protocols.relax.FastRelax: CMD: coord_cst_weight  13049.4  1.45888  0.72086  0.55
protocols.relax.FastRelax: CMD: scale:fa_rep  12864.5  1.45888  0.72086  0.022
core.pack.task: Packer task: initialize from command line() 
core.pack.pack_rotamers: built 30848 rotamers at 301 positions.
core.pack.interaction_graph.interaction_graph_factory: Instantiating DensePDInteractionGraph
protocols.relax.FastRelax: CMD: repack  12875.8  1.45888  0.72086  0.022
protocols.relax.FastRelax: CMD: scale:fa_rep  12883.8  1.45888  0.72086  0.02805
protocols.relax.FastRelax: CMD: min  -1009.39  1.14946  0.129635  0.02805
protocols.relax.FastRelax: CMD: coord_cst_weight  -1029.63  1.14946  0.129635  0.02805
protocols.relax.FastRelax: CMD: scale:fa_rep  -860.663  1.14946  0.129635  0.14575
core.pack.task: Packer task: initialize from command line() 
core.pack.pack_rotamers: built 29020 rotamers at 301 positions.
core.pack.interaction_graph.interaction_graph_factory: Instantiating DensePDInteractionGraph
protocols.relax.FastRelax: CMD: repack  -903.585  1.14946  0.129635  0.14575
protocols.relax.FastRelax: CMD: scale:fa_rep  -895.509  1.14946  0.129635  0.154
protocols.relax.FastRelax: CMD: min  -942.508  1.15013  0.135238  0.154
protocols.relax.FastRelax: CMD: coord_cst_weight  -965.296  1.15013  0.135238  0.154
protocols.relax.FastRelax: CMD: scale:fa_rep  -865.35  1.15013  0.135238  0.30745
core.pack.task: Packer task: initialize from command line() 
core.pack.pack_rotamers: built 28009 rotamers at 301 positions.
core.pack.interaction_graph.interaction_graph_factory: Instantiating DensePDInteractionGraph
protocols.relax.FastRelax: CMD: repack  -866.768  1.15013  0.135238  0.30745
protocols.relax.FastRelax: CMD: scale:fa_rep  -859.273  1.15013  0.135238  0.31955
protocols.relax.FastRelax: CMD: min  -878.164  1.21642  0.427144  0.31955
protocols.relax.FastRelax: CMD: coord_cst_weight  -878.164  1.21642  0.427144  0.31955
protocols.relax.FastRelax: CMD: scale:fa_rep  -762.846  1.21642  0.427144  0.55
core.pack.task: Packer task: initialize from command line() 
core.pack.pack_rotamers: built 27325 rotamers at 301 positions.
core.pack.interaction_graph.interaction_graph_factory: Instantiating DensePDInteractionGraph
protocols.relax.FastRelax: CMD: repack  -763.741  1.21642  0.427144  0.55
protocols.relax.FastRelax: CMD: min  -793.328  1.3777  0.653129  0.55
protocols.relax.FastRelax: MRP: 2  -793.328  -794.454  1.45888  0.72086  
protocols.relax.FastRelax: CMD: accept_to_best  -793.328  1.3777  0.653129  0.55
protocols.relax.FastRelax: CMD: endrepeat  -793.328  1.3777  0.653129  0.55
protocols.relax.FastRelax: CMD: coord_cst_weight  4515.91  1.3777  0.653129  0.55
protocols.relax.FastRelax: CMD: scale:fa_rep  4331.86  1.3777  0.653129  0.022
core.pack.task: Packer task: initialize from command line() 
core.pack.pack_rotamers: built 30648 rotamers at 301 positions.
core.pack.interaction_graph.interaction_graph_factory: Instantiating DensePDInteractionGraph
protocols.relax.FastRelax: CMD: repack  4322.65  1.3777  0.653129  0.022
protocols.relax.FastRelax: CMD: scale:fa_rep  4329.58  1.3777  0.653129  0.02805
protocols.relax.FastRelax: CMD: min  -1023.88  1.15039  0.128871  0.02805
protocols.relax.FastRelax: CMD: coord_cst_weight  -1043.98  1.15039  0.128871  0.02805
protocols.relax.FastRelax: CMD: scale:fa_rep  -871.92  1.15039  0.128871  0.14575
core.pack.task: Packer task: initialize from command line() 
core.pack.pack_rotamers: built 28770 rotamers at 301 positions.
core.pack.interaction_graph.interaction_graph_factory: Instantiating DensePDInteractionGraph
protocols.relax.FastRelax: CMD: repack  -905.437  1.15039  0.128871  0.14575
protocols.relax.FastRelax: CMD: scale:fa_rep  -897.473  1.15039  0.128871  0.154
protocols.relax.FastRelax: CMD: min  -943.54  1.1505  0.136221  0.154
protocols.relax.FastRelax: CMD: coord_cst_weight  -966.407  1.1505  0.136221  0.154
protocols.relax.FastRelax: CMD: scale:fa_rep  -867.188  1.1505  0.136221  0.30745
core.pack.task: Packer task: initialize from command line() 
core.pack.pack_rotamers: built 28066 rotamers at 301 positions.
core.pack.interaction_graph.interaction_graph_factory: Instantiating DensePDInteractionGraph
protocols.relax.FastRelax: CMD: repack  -868.635  1.1505  0.136221  0.30745
protocols.relax.FastRelax: CMD: scale:fa_rep  -861.15  1.1505  0.136221  0.31955
protocols.relax.FastRelax: CMD: min  -885.186  1.16811  0.38669  0.31955
protocols.relax.FastRelax: CMD: coord_cst_weight  -885.186  1.16811  0.38669  0.31955
protocols.relax.FastRelax: CMD: scale:fa_rep  -771.775  1.16811  0.38669  0.55
core.pack.task: Packer task: initialize from command line() 
core.pack.pack_rotamers: built 27341 rotamers at 301 positions.
core.pack.interaction_graph.interaction_graph_factory: Instantiating DensePDInteractionGraph
protocols.relax.FastRelax: CMD: repack  -770.12  1.16811  0.38669  0.55
protocols.relax.FastRelax: CMD: min  -791.951  1.21476  0.370446  0.55
protocols.relax.FastRelax: MRP: 3  -791.951  -794.454  1.45888  0.72086  
protocols.relax.FastRelax: CMD: accept_to_best  -791.951  1.21476  0.370446  0.55
protocols.relax.FastRelax: CMD: endrepeat  -791.951  1.21476  0.370446  0.55
protocols.relax.FastRelax: CMD: coord_cst_weight  2430.05  1.21476  0.370446  0.55
protocols.relax.FastRelax: CMD: scale:fa_rep  2243.74  1.21476  0.370446  0.022
core.pack.task: Packer task: initialize from command line() 
core.pack.pack_rotamers: built 30551 rotamers at 301 positions.
core.pack.interaction_graph.interaction_graph_factory: Instantiating DensePDInteractionGraph
protocols.relax.FastRelax: CMD: repack  2226.23  1.21476  0.370446  0.022
protocols.relax.FastRelax: CMD: scale:fa_rep  2231.05  1.21476  0.370446  0.02805
protocols.relax.FastRelax: CMD: min  -1028  1.14978  0.127822  0.02805
protocols.relax.FastRelax: CMD: coord_cst_weight  -1047.67  1.14978  0.127822  0.02805
protocols.relax.FastRelax: CMD: scale:fa_rep  -885.147  1.14978  0.127822  0.14575
core.pack.task: Packer task: initialize from command line() 
core.pack.pack_rotamers: built 28766 rotamers at 301 positions.
core.pack.interaction_graph.interaction_graph_factory: Instantiating DensePDInteractionGraph
protocols.relax.FastRelax: CMD: repack  -909.641  1.14978  0.127822  0.14575
protocols.relax.FastRelax: CMD: scale:fa_rep  -901.442  1.14978  0.127822  0.154
protocols.relax.FastRelax: CMD: min  -944.52  1.15003  0.137232  0.154
protocols.relax.FastRelax: CMD: coord_cst_weight  -967.768  1.15003  0.137232  0.154
protocols.relax.FastRelax: CMD: scale:fa_rep  -868.43  1.15003  0.137232  0.30745
core.pack.task: Packer task: initialize from command line() 
core.pack.pack_rotamers: built 28003 rotamers at 301 positions.
core.pack.interaction_graph.interaction_graph_factory: Instantiating DensePDInteractionGraph
protocols.relax.FastRelax: CMD: repack  -868.865  1.15003  0.137232  0.30745
protocols.relax.FastRelax: CMD: scale:fa_rep  -861.277  1.15003  0.137232  0.31955
protocols.relax.FastRelax: CMD: min  -886.301  1.20264  0.430559  0.31955
protocols.relax.FastRelax: CMD: coord_cst_weight  -886.301  1.20264  0.430559  0.31955
protocols.relax.FastRelax: CMD: scale:fa_rep  -771.768  1.20264  0.430559  0.55
core.pack.task: Packer task: initialize from command line() 
core.pack.pack_rotamers: built 27355 rotamers at 301 positions.
core.pack.interaction_graph.interaction_graph_factory: Instantiating DensePDInteractionGraph
protocols.relax.FastRelax: CMD: repack  -772.923  1.20264  0.430559  0.55
protocols.relax.FastRelax: CMD: min  -797.877  1.43047  0.72506  0.55
protocols.relax.FastRelax: MRP: 4  -797.877  -797.877  1.43047  0.72506  
protocols.relax.FastRelax: CMD: accept_to_best  -797.877  1.43047  0.72506  0.55
protocols.relax.FastRelax: CMD: endrepeat  -797.877  1.43047  0.72506  0.55
protocols::checkpoint: Deleting checkpoints of FastRelax
protocols.jd2.JobDistributor: aflibercept_input_0083_0003_0009 reported success in 1707 seconds
protocols.jd2.PDBJobInputter: PDBJobInputter::pose_from_job
protocols.jd2.PDBJobInputter: filling pose from PDB ../2_remodel/top_20_by_total_score/aflibercept_input_0089_0003.pdb
core.import_pose.import_pose: File '../2_remodel/top_20_by_total_score/aflibercept_input_0089_0003.pdb' automatically determined to be of type PDB
core.conformation.Conformation: Found disulfide between residues 30 79
core.conformation.Conformation: current variant for 30 CYS
core.conformation.Conformation: current variant for 79 CYS
core.conformation.Conformation: current variant for 30 CYD
core.conformation.Conformation: current variant for 79 CYD
core.conformation.Conformation: Found disulfide between residues 124 185
core.conformation.Conformation: current variant for 124 CYS
core.conformation.Conformation: current variant for 185 CYS
core.conformation.Conformation: current variant for 124 CYD
core.conformation.Conformation: current variant for 185 CYD
core.conformation.Conformation: Found disulfide between residues 219 261
core.conformation.Conformation: current variant for 219 CYS
core.conformation.Conformation: current variant for 261 CYS
core.conformation.Conformation: current variant for 219 CYD
core.conformation.Conformation: current variant for 261 CYD
core.conformation.Conformation: Found disulfide between residues 250 295
core.conformation.Conformation: current variant for 250 CYS
core.conformation.Conformation: current variant for 295 CYS
core.conformation.Conformation: current variant for 250 CYD
core.conformation.Conformation: current variant for 295 CYD
core.conformation.Conformation: Found disulfide between residues 254 297
core.conformation.Conformation: current variant for 254 CYS
core.conformation.Conformation: current variant for 297 CYS
core.conformation.Conformation: current variant for 254 CYD
core.conformation.Conformation: current variant for 297 CYD
protocols.relax.FastRelax: CMD: repeat  -180.895  1.51372  0  0.55
protocols.relax.FastRelax: CMD: coord_cst_weight  -180.895  1.51372  0  0.55
protocols.relax.FastRelax: CMD: scale:fa_rep  -881.813  1.51372  0  0.022
core.pack.task: Packer task: initialize from command line() 
core.pack.pack_rotamers: built 30591 rotamers at 301 positions.
core.pack.interaction_graph.interaction_graph_factory: Instantiating DensePDInteractionGraph
protocols.relax.FastRelax: CMD: repack  -931.123  1.51372  0  0.022
protocols.relax.FastRelax: CMD: scale:fa_rep  -924.099  1.51372  0  0.02805
protocols.relax.FastRelax: CMD: min  -1009.62  1.51786  0.112688  0.02805
protocols.relax.FastRelax: CMD: coord_cst_weight  -1024.25  1.51786  0.112688  0.02805
protocols.relax.FastRelax: CMD: scale:fa_rep  -864.126  1.51786  0.112688  0.14575
core.pack.task: Packer task: initialize from command line() 
core.pack.pack_rotamers: built 28588 rotamers at 301 positions.
core.pack.interaction_graph.interaction_graph_factory: Instantiating DensePDInteractionGraph
protocols.relax.FastRelax: CMD: repack  -885.116  1.51786  0.112688  0.14575
protocols.relax.FastRelax: CMD: scale:fa_rep  -876.631  1.51786  0.112688  0.154
protocols.relax.FastRelax: CMD: min  -922.558  1.51402  0.121059  0.154
protocols.relax.FastRelax: CMD: coord_cst_weight  -939.813  1.51402  0.121059  0.154
protocols.relax.FastRelax: CMD: scale:fa_rep  -841.064  1.51402  0.121059  0.30745
core.pack.task: Packer task: initialize from command line() 
core.pack.pack_rotamers: built 27893 rotamers at 301 positions.
core.pack.interaction_graph.interaction_graph_factory: Instantiating DensePDInteractionGraph
protocols.relax.FastRelax: CMD: repack  -842.771  1.51402  0.121059  0.30745
protocols.relax.FastRelax: CMD: scale:fa_rep  -835.26  1.51402  0.121059  0.31955
protocols.relax.FastRelax: CMD: min  -882.396  1.68429  0.625975  0.31955
protocols.relax.FastRelax: CMD: coord_cst_weight  -882.396  1.68429  0.625975  0.31955
protocols.relax.FastRelax: CMD: scale:fa_rep  -768.425  1.68429  0.625975  0.55
core.pack.task: Packer task: initialize from command line() 
core.pack.pack_rotamers: built 27345 rotamers at 301 positions.
core.pack.interaction_graph.interaction_graph_factory: Instantiating DensePDInteractionGraph
protocols.relax.FastRelax: CMD: repack  -770.434  1.68429  0.625975  0.55
protocols.relax.FastRelax: CMD: min  -787.544  1.73309  0.668473  0.55
protocols.relax.FastRelax: MRP: 0  -787.544  -787.544  1.73309  0.668473  
protocols.relax.FastRelax: CMD: accept_to_best  -787.544  1.73309  0.668473  0.55
protocols.relax.FastRelax: CMD: endrepeat  -787.544  1.73309  0.668473  0.55
protocols.relax.FastRelax: CMD: coord_cst_weight  4158.18  1.73309  0.668473  0.55
protocols.relax.FastRelax: CMD: scale:fa_rep  3965.5  1.73309  0.668473  0.022
core.pack.task: Packer task: initialize from command line() 
core.pack.pack_rotamers: built 30477 rotamers at 301 positions.
core.pack.interaction_graph.interaction_graph_factory: Instantiating DensePDInteractionGraph
protocols.relax.FastRelax: CMD: repack  3953.83  1.73309  0.668473  0.022
protocols.relax.FastRelax: CMD: scale:fa_rep  3958.8  1.73309  0.668473  0.02805
protocols.relax.FastRelax: CMD: min  -1007.7  1.51646  0.122994  0.02805
protocols.relax.FastRelax: CMD: coord_cst_weight  -1026.45  1.51646  0.122994  0.02805
protocols.relax.FastRelax: CMD: scale:fa_rep  -861.322  1.51646  0.122994  0.14575
core.pack.task: Packer task: initialize from command line() 
core.pack.pack_rotamers: built 28433 rotamers at 301 positions.
core.pack.interaction_graph.interaction_graph_factory: Instantiating DensePDInteractionGraph
protocols.relax.FastRelax: CMD: repack  -886.467  1.51646  0.122994  0.14575
protocols.relax.FastRelax: CMD: scale:fa_rep  -878.193  1.51646  0.122994  0.154
protocols.relax.FastRelax: CMD: min  -928.141  1.51585  0.138732  0.154
protocols.relax.FastRelax: CMD: coord_cst_weight  -953.024  1.51585  0.138732  0.154
protocols.relax.FastRelax: CMD: scale:fa_rep  -853.729  1.51585  0.138732  0.30745
core.pack.task: Packer task: initialize from command line() 
core.pack.pack_rotamers: built 27809 rotamers at 301 positions.
core.pack.interaction_graph.interaction_graph_factory: Instantiating DensePDInteractionGraph
protocols.relax.FastRelax: CMD: repack  -855.026  1.51585  0.138732  0.30745
protocols.relax.FastRelax: CMD: scale:fa_rep  -847.436  1.51585  0.138732  0.31955
protocols.relax.FastRelax: CMD: min  -877.053  1.65449  0.541219  0.31955
protocols.relax.FastRelax: CMD: coord_cst_weight  -877.053  1.65449  0.541219  0.31955
protocols.relax.FastRelax: CMD: scale:fa_rep  -762.05  1.65449  0.541219  0.55
core.pack.task: Packer task: initialize from command line() 
core.pack.pack_rotamers: built 27209 rotamers at 301 positions.
core.pack.interaction_graph.interaction_graph_factory: Instantiating DensePDInteractionGraph
protocols.relax.FastRelax: CMD: repack  -762.814  1.65449  0.541219  0.55
protocols.relax.FastRelax: CMD: min  -793.29  1.82178  0.80351  0.55
protocols.relax.FastRelax: MRP: 1  -793.29  -793.29  1.82178  0.80351  
protocols.relax.FastRelax: CMD: accept_to_best  -793.29  1.82178  0.80351  0.55
protocols.relax.FastRelax: CMD: endrepeat  -793.29  1.82178  0.80351  0.55
protocols.relax.FastRelax: CMD: coord_cst_weight  3662.02  1.82178  0.80351  0.55
protocols.relax.FastRelax: CMD: scale:fa_rep  3476.84  1.82178  0.80351  0.022
core.pack.task: Packer task: initialize from command line() 
core.pack.pack_rotamers: built 30397 rotamers at 301 positions.
core.pack.interaction_graph.interaction_graph_factory: Instantiating DensePDInteractionGraph
protocols.relax.FastRelax: CMD: repack  3463.72  1.82178  0.80351  0.022
protocols.relax.FastRelax: CMD: scale:fa_rep  3468.41  1.82178  0.80351  0.02805
protocols.relax.FastRelax: CMD: min  -1009.44  1.5162  0.127443  0.02805
protocols.relax.FastRelax: CMD: coord_cst_weight  -1029.57  1.5162  0.127443  0.02805
protocols.relax.FastRelax: CMD: scale:fa_rep  -868.505  1.5162  0.127443  0.14575
core.pack.task: Packer task: initialize from command line() 
core.pack.pack_rotamers: built 28493 rotamers at 301 positions.
core.pack.interaction_graph.interaction_graph_factory: Instantiating DensePDInteractionGraph
protocols.relax.FastRelax: CMD: repack  -893.114  1.5162  0.127443  0.14575
protocols.relax.FastRelax: CMD: scale:fa_rep  -885.009  1.5162  0.127443  0.154
protocols.relax.FastRelax: CMD: min  -927.71  1.51547  0.146141  0.154
protocols.relax.FastRelax: CMD: coord_cst_weight  -955.422  1.51547  0.146141  0.154
protocols.relax.FastRelax: CMD: scale:fa_rep  -855.202  1.51547  0.146141  0.30745
core.pack.task: Packer task: initialize from command line() 
core.pack.pack_rotamers: built 27886 rotamers at 301 positions.
core.pack.interaction_graph.interaction_graph_factory: Instantiating DensePDInteractionGraph
protocols.relax.FastRelax: CMD: repack  -856.699  1.51547  0.146141  0.30745
protocols.relax.FastRelax: CMD: scale:fa_rep  -849.109  1.51547  0.146141  0.31955
protocols.relax.FastRelax: CMD: min  -890.311  1.84435  0.889793  0.31955
protocols.relax.FastRelax: CMD: coord_cst_weight  -890.311  1.84435  0.889793  0.31955
protocols.relax.FastRelax: CMD: scale:fa_rep  -773.707  1.84435  0.889793  0.55
core.pack.task: Packer task: initialize from command line() 
core.pack.pack_rotamers: built 27381 rotamers at 301 positions.
core.pack.interaction_graph.interaction_graph_factory: Instantiating DensePDInteractionGraph
protocols.relax.FastRelax: CMD: repack  -774.411  1.84435  0.889793  0.55
protocols.relax.FastRelax: CMD: min  -797.727  1.95172  0.987454  0.55
protocols.relax.FastRelax: MRP: 2  -797.727  -797.727  1.95172  0.987454  
protocols.relax.FastRelax: CMD: accept_to_best  -797.727  1.95172  0.987454  0.55
protocols.relax.FastRelax: CMD: endrepeat  -797.727  1.95172  0.987454  0.55
protocols.relax.FastRelax: CMD: coord_cst_weight  6158.82  1.95172  0.987454  0.55
protocols.relax.FastRelax: CMD: scale:fa_rep  5972.71  1.95172  0.987454  0.022
core.pack.task: Packer task: initialize from command line() 
core.pack.pack_rotamers: built 30598 rotamers at 301 positions.
core.pack.interaction_graph.interaction_graph_factory: Instantiating DensePDInteractionGraph
protocols.relax.FastRelax: CMD: repack  5955.3  1.95172  0.987454  0.022
protocols.relax.FastRelax: CMD: scale:fa_rep  5959.48  1.95172  0.987454  0.02805
protocols.relax.FastRelax: CMD: min  -1010.61  1.51656  0.130833  0.02805
protocols.relax.FastRelax: CMD: coord_cst_weight  -1031.79  1.51656  0.130833  0.02805
protocols.relax.FastRelax: CMD: scale:fa_rep  -871.144  1.51656  0.130833  0.14575
core.pack.task: Packer task: initialize from command line() 
core.pack.pack_rotamers: built 28518 rotamers at 301 positions.
core.pack.interaction_graph.interaction_graph_factory: Instantiating DensePDInteractionGraph
protocols.relax.FastRelax: CMD: repack  -892.103  1.51656  0.130833  0.14575
protocols.relax.FastRelax: CMD: scale:fa_rep  -883.792  1.51656  0.130833  0.154
protocols.relax.FastRelax: CMD: min  -928.469  1.51572  0.14868  0.154
protocols.relax.FastRelax: CMD: coord_cst_weight  -956.947  1.51572  0.14868  0.154
protocols.relax.FastRelax: CMD: scale:fa_rep  -857.5  1.51572  0.14868  0.30745
core.pack.task: Packer task: initialize from command line() 
core.pack.pack_rotamers: built 27802 rotamers at 301 positions.
core.pack.interaction_graph.interaction_graph_factory: Instantiating DensePDInteractionGraph
protocols.relax.FastRelax: CMD: repack  -858.858  1.51572  0.14868  0.30745
protocols.relax.FastRelax: CMD: scale:fa_rep  -851.372  1.51572  0.14868  0.31955
protocols.relax.FastRelax: CMD: min  -878.781  1.62622  0.524055  0.31955
protocols.relax.FastRelax: CMD: coord_cst_weight  -878.781  1.62622  0.524055  0.31955
protocols.relax.FastRelax: CMD: scale:fa_rep  -762.723  1.62622  0.524055  0.55
core.pack.task: Packer task: initialize from command line() 
core.pack.pack_rotamers: built 27232 rotamers at 301 positions.
core.pack.interaction_graph.interaction_graph_factory: Instantiating DensePDInteractionGraph
protocols.relax.FastRelax: CMD: repack  -763.486  1.62622  0.524055  0.55
protocols.relax.FastRelax: CMD: min  -799.451  1.97101  1.01847  0.55
protocols.relax.FastRelax: MRP: 3  -799.451  -799.451  1.97101  1.01847  
protocols.relax.FastRelax: CMD: accept_to_best  -799.451  1.97101  1.01847  0.55
protocols.relax.FastRelax: CMD: endrepeat  -799.451  1.97101  1.01847  0.55
protocols.relax.FastRelax: CMD: coord_cst_weight  7144.41  1.97101  1.01847  0.55
protocols.relax.FastRelax: CMD: scale:fa_rep  6959.94  1.97101  1.01847  0.022
core.pack.task: Packer task: initialize from command line() 
core.pack.pack_rotamers: built 30586 rotamers at 301 positions.
core.pack.interaction_graph.interaction_graph_factory: Instantiating DensePDInteractionGraph
protocols.relax.FastRelax: CMD: repack  6945.65  1.97101  1.01847  0.022
protocols.relax.FastRelax: CMD: scale:fa_rep  6949.89  1.97101  1.01847  0.02805
protocols.relax.FastRelax: CMD: min  -1011.11  1.51824  0.130148  0.02805
protocols.relax.FastRelax: CMD: coord_cst_weight  -1031.32  1.51824  0.130148  0.02805
protocols.relax.FastRelax: CMD: scale:fa_rep  -869.769  1.51824  0.130148  0.14575
core.pack.task: Packer task: initialize from command line() 
core.pack.pack_rotamers: built 28544 rotamers at 301 positions.
core.pack.interaction_graph.interaction_graph_factory: Instantiating DensePDInteractionGraph
protocols.relax.FastRelax: CMD: repack  -889.811  1.51824  0.130148  0.14575
protocols.relax.FastRelax: CMD: scale:fa_rep  -881.252  1.51824  0.130148  0.154
protocols.relax.FastRelax: CMD: min  -928.157  1.51693  0.143516  0.154
protocols.relax.FastRelax: CMD: coord_cst_weight  -953.413  1.51693  0.143516  0.154
protocols.relax.FastRelax: CMD: scale:fa_rep  -853.798  1.51693  0.143516  0.30745
core.pack.task: Packer task: initialize from command line() 
core.pack.pack_rotamers: built 27862 rotamers at 301 positions.
core.pack.interaction_graph.interaction_graph_factory: Instantiating DensePDInteractionGraph
protocols.relax.FastRelax: CMD: repack  -855.501  1.51693  0.143516  0.30745
protocols.relax.FastRelax: CMD: scale:fa_rep  -847.951  1.51693  0.143516  0.31955
protocols.relax.FastRelax: CMD: min  -890.312  1.84553  0.892687  0.31955
protocols.relax.FastRelax: CMD: coord_cst_weight  -890.312  1.84553  0.892687  0.31955
protocols.relax.FastRelax: CMD: scale:fa_rep  -775.76  1.84553  0.892687  0.55
core.pack.task: Packer task: initialize from command line() 
core.pack.pack_rotamers: built 27392 rotamers at 301 positions.
core.pack.interaction_graph.interaction_graph_factory: Instantiating DensePDInteractionGraph
protocols.relax.FastRelax: CMD: repack  -776.767  1.84553  0.892687  0.55
protocols.relax.FastRelax: CMD: min  -800.559  1.99818  1.04483  0.55
protocols.relax.FastRelax: MRP: 4  -800.559  -800.559  1.99818  1.04483  
protocols.relax.FastRelax: CMD: accept_to_best  -800.559  1.99818  1.04483  0.55
protocols.relax.FastRelax: CMD: endrepeat  -800.559  1.99818  1.04483  0.55
protocols::checkpoint: Deleting checkpoints of FastRelax
protocols.jd2.JobDistributor: aflibercept_input_0089_0003_0003 reported success in 1833 seconds
protocols.jd2.PDBJobInputter: PDBJobInputter::pose_from_job
protocols.jd2.PDBJobInputter: filling pose from PDB ../2_remodel/top_20_by_total_score/aflibercept_input_0097_0003.pdb
core.import_pose.import_pose: File '../2_remodel/top_20_by_total_score/aflibercept_input_0097_0003.pdb' automatically determined to be of type PDB
core.conformation.Conformation: Found disulfide between residues 30 79
core.conformation.Conformation: current variant for 30 CYS
core.conformation.Conformation: current variant for 79 CYS
core.conformation.Conformation: current variant for 30 CYD
core.conformation.Conformation: current variant for 79 CYD
core.conformation.Conformation: Found disulfide between residues 124 185
core.conformation.Conformation: current variant for 124 CYS
core.conformation.Conformation: current variant for 185 CYS
core.conformation.Conformation: current variant for 124 CYD
core.conformation.Conformation: current variant for 185 CYD
core.conformation.Conformation: Found disulfide between residues 219 261
core.conformation.Conformation: current variant for 219 CYS
core.conformation.Conformation: current variant for 261 CYS
core.conformation.Conformation: current variant for 219 CYD
core.conformation.Conformation: current variant for 261 CYD
core.conformation.Conformation: Found disulfide between residues 250 295
core.conformation.Conformation: current variant for 250 CYS
core.conformation.Conformation: current variant for 295 CYS
core.conformation.Conformation: current variant for 250 CYD
core.conformation.Conformation: current variant for 295 CYD
core.conformation.Conformation: Found disulfide between residues 254 297
core.conformation.Conformation: current variant for 254 CYS
core.conformation.Conformation: current variant for 297 CYS
core.conformation.Conformation: current variant for 254 CYD
core.conformation.Conformation: current variant for 297 CYD
protocols.relax.FastRelax: CMD: repeat  83.7909  1.72446  0  0.55
protocols.relax.FastRelax: CMD: coord_cst_weight  83.7909  1.72446  0  0.55
protocols.relax.FastRelax: CMD: scale:fa_rep  -880.239  1.72446  0  0.022
core.pack.task: Packer task: initialize from command line() 
core.pack.pack_rotamers: built 30589 rotamers at 301 positions.
core.pack.interaction_graph.interaction_graph_factory: Instantiating DensePDInteractionGraph
protocols.relax.FastRelax: CMD: repack  -932.468  1.72446  0  0.022
protocols.relax.FastRelax: CMD: scale:fa_rep  -924.96  1.72446  0  0.02805
protocols.relax.FastRelax: CMD: min  -1013.23  1.73126  0.107563  0.02805
protocols.relax.FastRelax: CMD: coord_cst_weight  -1026.82  1.73126  0.107563  0.02805
protocols.relax.FastRelax: CMD: scale:fa_rep  -864.823  1.73126  0.107563  0.14575
core.pack.task: Packer task: initialize from command line() 
core.pack.pack_rotamers: built 28361 rotamers at 301 positions.
core.pack.interaction_graph.interaction_graph_factory: Instantiating DensePDInteractionGraph
protocols.relax.FastRelax: CMD: repack  -886.831  1.73126  0.107563  0.14575
protocols.relax.FastRelax: CMD: scale:fa_rep  -878.127  1.73126  0.107563  0.154
protocols.relax.FastRelax: CMD: min  -922.495  1.73603  0.115196  0.154
protocols.relax.FastRelax: CMD: coord_cst_weight  -937.922  1.73603  0.115196  0.154
protocols.relax.FastRelax: CMD: scale:fa_rep  -837.767  1.73603  0.115196  0.30745
core.pack.task: Packer task: initialize from command line() 
core.pack.pack_rotamers: built 27662 rotamers at 301 positions.
core.pack.interaction_graph.interaction_graph_factory: Instantiating DensePDInteractionGraph
protocols.relax.FastRelax: CMD: repack  -840.514  1.73603  0.115196  0.30745
protocols.relax.FastRelax: CMD: scale:fa_rep  -832.856  1.73603  0.115196  0.31955
protocols.relax.FastRelax: CMD: min  -856.236  1.84785  0.284553  0.31955
protocols.relax.FastRelax: CMD: coord_cst_weight  -856.236  1.84785  0.284553  0.31955
protocols.relax.FastRelax: CMD: scale:fa_rep  -744.583  1.84785  0.284553  0.55
core.pack.task: Packer task: initialize from command line() 
core.pack.pack_rotamers: built 27114 rotamers at 301 positions.
core.pack.interaction_graph.interaction_graph_factory: Instantiating DensePDInteractionGraph
protocols.relax.FastRelax: CMD: repack  -745.268  1.84785  0.284553  0.55
protocols.relax.FastRelax: CMD: min  -775.418  2.29299  0.970522  0.55
protocols.relax.FastRelax: MRP: 0  -775.418  -775.418  2.29299  0.970522  
protocols.relax.FastRelax: CMD: accept_to_best  -775.418  2.29299  0.970522  0.55
protocols.relax.FastRelax: CMD: endrepeat  -775.418  2.29299  0.970522  0.55
protocols.relax.FastRelax: CMD: coord_cst_weight  11165.9  2.29299  0.970522  0.55
protocols.relax.FastRelax: CMD: scale:fa_rep  10983.1  2.29299  0.970522  0.022
core.pack.task: Packer task: initialize from command line() 
core.pack.pack_rotamers: built 30544 rotamers at 301 positions.
core.pack.interaction_graph.interaction_graph_factory: Instantiating DensePDInteractionGraph
protocols.relax.FastRelax: CMD: repack  10966.5  2.29299  0.970522  0.022
protocols.relax.FastRelax: CMD: scale:fa_rep  10971.8  2.29299  0.970522  0.02805
protocols.relax.FastRelax: CMD: min  -1016.67  1.73373  0.122269  0.02805
protocols.relax.FastRelax: CMD: coord_cst_weight  -1033.75  1.73373  0.122269  0.02805
protocols.relax.FastRelax: CMD: scale:fa_rep  -858.796  1.73373  0.122269  0.14575
core.pack.task: Packer task: initialize from command line() 
core.pack.pack_rotamers: built 28470 rotamers at 301 positions.
core.pack.interaction_graph.interaction_graph_factory: Instantiating DensePDInteractionGraph
protocols.relax.FastRelax: CMD: repack  -892.261  1.73373  0.122269  0.14575
protocols.relax.FastRelax: CMD: scale:fa_rep  -884.243  1.73373  0.122269  0.154
protocols.relax.FastRelax: CMD: min  -930.313  1.73765  0.121007  0.154
protocols.relax.FastRelax: CMD: coord_cst_weight  -947.459  1.73765  0.121007  0.154
protocols.relax.FastRelax: CMD: scale:fa_rep  -850.708  1.73765  0.121007  0.30745
core.pack.task: Packer task: initialize from command line() 
core.pack.pack_rotamers: built 27772 rotamers at 301 positions.
core.pack.interaction_graph.interaction_graph_factory: Instantiating DensePDInteractionGraph
protocols.relax.FastRelax: CMD: repack  -851.787  1.73765  0.121007  0.30745
protocols.relax.FastRelax: CMD: scale:fa_rep  -844.308  1.73765  0.121007  0.31955
protocols.relax.FastRelax: CMD: min  -870.115  1.93401  0.526604  0.31955
protocols.relax.FastRelax: CMD: coord_cst_weight  -870.115  1.93401  0.526604  0.31955
protocols.relax.FastRelax: CMD: scale:fa_rep  -756.331  1.93401  0.526604  0.55
core.pack.task: Packer task: initialize from command line() 
core.pack.pack_rotamers: built 27153 rotamers at 301 positions.
core.pack.interaction_graph.interaction_graph_factory: Instantiating DensePDInteractionGraph
protocols.relax.FastRelax: CMD: repack  -756.8  1.93401  0.526604  0.55
protocols.relax.FastRelax: CMD: min  -781.554  2.06604  0.696513  0.55
protocols.relax.FastRelax: MRP: 1  -781.554  -781.554  2.06604  0.696513  
protocols.relax.FastRelax: CMD: accept_to_best  -781.554  2.06604  0.696513  0.55
protocols.relax.FastRelax: CMD: endrepeat  -781.554  2.06604  0.696513  0.55
protocols.relax.FastRelax: CMD: coord_cst_weight  3939.78  2.06604  0.696513  0.55
protocols.relax.FastRelax: CMD: scale:fa_rep  3756.75  2.06604  0.696513  0.022
core.pack.task: Packer task: initialize from command line() 
core.pack.pack_rotamers: built 30598 rotamers at 301 positions.
core.pack.interaction_graph.interaction_graph_factory: Instantiating DensePDInteractionGraph
protocols.relax.FastRelax: CMD: repack  3737.23  2.06604  0.696513  0.022
protocols.relax.FastRelax: CMD: scale:fa_rep  3742.77  2.06604  0.696513  0.02805
protocols.relax.FastRelax: CMD: min  -1017.97  1.73401  0.122856  0.02805
protocols.relax.FastRelax: CMD: coord_cst_weight  -1035.2  1.73401  0.122856  0.02805
protocols.relax.FastRelax: CMD: scale:fa_rep  -868.527  1.73401  0.122856  0.14575
core.pack.task: Packer task: initialize from command line() 
core.pack.pack_rotamers: built 28440 rotamers at 301 positions.
core.pack.interaction_graph.interaction_graph_factory: Instantiating DensePDInteractionGraph
protocols.relax.FastRelax: CMD: repack  -896.296  1.73401  0.122856  0.14575
protocols.relax.FastRelax: CMD: scale:fa_rep  -888.251  1.73401  0.122856  0.154
protocols.relax.FastRelax: CMD: min  -930.755  1.7378  0.123456  0.154
protocols.relax.FastRelax: CMD: coord_cst_weight  -948.556  1.7378  0.123456  0.154
protocols.relax.FastRelax: CMD: scale:fa_rep  -851.11  1.7378  0.123456  0.30745
core.pack.task: Packer task: initialize from command line() 
core.pack.pack_rotamers: built 27722 rotamers at 301 positions.
core.pack.interaction_graph.interaction_graph_factory: Instantiating DensePDInteractionGraph
protocols.relax.FastRelax: CMD: repack  -852.077  1.7378  0.123456  0.30745
protocols.relax.FastRelax: CMD: scale:fa_rep  -844.567  1.7378  0.123456  0.31955
protocols.relax.FastRelax: CMD: min  -872.207  1.93959  0.57193  0.31955
protocols.relax.FastRelax: CMD: coord_cst_weight  -872.207  1.93959  0.57193  0.31955
protocols.relax.FastRelax: CMD: scale:fa_rep  -758.588  1.93959  0.57193  0.55
core.pack.task: Packer task: initialize from command line() 
core.pack.pack_rotamers: built 27215 rotamers at 301 positions.
core.pack.interaction_graph.interaction_graph_factory: Instantiating DensePDInteractionGraph
protocols.relax.FastRelax: CMD: repack  -759.023  1.93959  0.57193  0.55
protocols.relax.FastRelax: CMD: min  -782.415  2.05584  0.682043  0.55
protocols.relax.FastRelax: MRP: 2  -782.415  -782.415  2.05584  0.682043  
protocols.relax.FastRelax: CMD: accept_to_best  -782.415  2.05584  0.682043  0.55
protocols.relax.FastRelax: CMD: endrepeat  -782.415  2.05584  0.682043  0.55
protocols.relax.FastRelax: CMD: coord_cst_weight  6492.87  2.05584  0.682043  0.55
protocols.relax.FastRelax: CMD: scale:fa_rep  6310.6  2.05584  0.682043  0.022
core.pack.task: Packer task: initialize from command line() 
core.pack.pack_rotamers: built 30637 rotamers at 301 positions.
core.pack.interaction_graph.interaction_graph_factory: Instantiating DensePDInteractionGraph
protocols.relax.FastRelax: CMD: repack  6290.96  2.05584  0.682043  0.022
protocols.relax.FastRelax: CMD: scale:fa_rep  6295.73  2.05584  0.682043  0.02805
protocols.relax.FastRelax: CMD: min  -1017.95  1.73433  0.122901  0.02805
protocols.relax.FastRelax: CMD: coord_cst_weight  -1035.11  1.73433  0.122901  0.02805
protocols.relax.FastRelax: CMD: scale:fa_rep  -871.511  1.73433  0.122901  0.14575
core.pack.task: Packer task: initialize from command line() 
core.pack.pack_rotamers: built 28504 rotamers at 301 positions.
core.pack.interaction_graph.interaction_graph_factory: Instantiating DensePDInteractionGraph
protocols.relax.FastRelax: CMD: repack  -897.037  1.73433  0.122901  0.14575
protocols.relax.FastRelax: CMD: scale:fa_rep  -888.698  1.73433  0.122901  0.154
protocols.relax.FastRelax: CMD: min  -934.113  1.73818  0.129573  0.154
protocols.relax.FastRelax: CMD: coord_cst_weight  -953.272  1.73818  0.129573  0.154
protocols.relax.FastRelax: CMD: scale:fa_rep  -855.344  1.73818  0.129573  0.30745
core.pack.task: Packer task: initialize from command line() 
core.pack.pack_rotamers: built 27733 rotamers at 301 positions.
core.pack.interaction_graph.interaction_graph_factory: Instantiating DensePDInteractionGraph
protocols.relax.FastRelax: CMD: repack  -854.212  1.73818  0.129573  0.30745
protocols.relax.FastRelax: CMD: scale:fa_rep  -846.649  1.73818  0.129573  0.31955
protocols.relax.FastRelax: CMD: min  -877.071  2.00781  0.540587  0.31955
protocols.relax.FastRelax: CMD: coord_cst_weight  -877.071  2.00781  0.540587  0.31955
protocols.relax.FastRelax: CMD: scale:fa_rep  -764.441  2.00781  0.540587  0.55
core.pack.task: Packer task: initialize from command line() 
core.pack.pack_rotamers: built 27296 rotamers at 301 positions.
core.pack.interaction_graph.interaction_graph_factory: Instantiating DensePDInteractionGraph
protocols.relax.FastRelax: CMD: repack  -764.811  2.00781  0.540587  0.55
protocols.relax.FastRelax: CMD: min  -790.208  2.15629  0.766134  0.55
protocols.relax.FastRelax: MRP: 3  -790.208  -790.208  2.15629  0.766134  
protocols.relax.FastRelax: CMD: accept_to_best  -790.208  2.15629  0.766134  0.55
protocols.relax.FastRelax: CMD: endrepeat  -790.208  2.15629  0.766134  0.55
protocols.relax.FastRelax: CMD: coord_cst_weight  5557.1  2.15629  0.766134  0.55
protocols.relax.FastRelax: CMD: scale:fa_rep  5375.7  2.15629  0.766134  0.022
core.pack.task: Packer task: initialize from command line() 
core.pack.pack_rotamers: built 30720 rotamers at 301 positions.
core.pack.interaction_graph.interaction_graph_factory: Instantiating DensePDInteractionGraph
protocols.relax.FastRelax: CMD: repack  5363.27  2.15629  0.766134  0.022
protocols.relax.FastRelax: CMD: scale:fa_rep  5367.84  2.15629  0.766134  0.02805
protocols.relax.FastRelax: CMD: min  -1017.59  1.73428  0.125049  0.02805
protocols.relax.FastRelax: CMD: coord_cst_weight  -1035.42  1.73428  0.125049  0.02805
protocols.relax.FastRelax: CMD: scale:fa_rep  -867.164  1.73428  0.125049  0.14575
core.pack.task: Packer task: initialize from command line() 
core.pack.pack_rotamers: built 28423 rotamers at 301 positions.
core.pack.interaction_graph.interaction_graph_factory: Instantiating DensePDInteractionGraph
protocols.relax.FastRelax: CMD: repack  -897.368  1.73428  0.125049  0.14575
protocols.relax.FastRelax: CMD: scale:fa_rep  -889.42  1.73428  0.125049  0.154
protocols.relax.FastRelax: CMD: min  -931.046  1.73867  0.131667  0.154
protocols.relax.FastRelax: CMD: coord_cst_weight  -950.657  1.73867  0.131667  0.154
protocols.relax.FastRelax: CMD: scale:fa_rep  -854.486  1.73867  0.131667  0.30745
core.pack.task: Packer task: initialize from command line() 
core.pack.pack_rotamers: built 27771 rotamers at 301 positions.
core.pack.interaction_graph.interaction_graph_factory: Instantiating DensePDInteractionGraph
protocols.relax.FastRelax: CMD: repack  -855.565  1.73867  0.131667  0.30745
protocols.relax.FastRelax: CMD: scale:fa_rep  -848.145  1.73867  0.131667  0.31955
protocols.relax.FastRelax: CMD: min  -871.425  1.96522  0.546959  0.31955
protocols.relax.FastRelax: CMD: coord_cst_weight  -871.425  1.96522  0.546959  0.31955
protocols.relax.FastRelax: CMD: scale:fa_rep  -759.073  1.96522  0.546959  0.55
core.pack.task: Packer task: initialize from command line() 
core.pack.pack_rotamers: built 27147 rotamers at 301 positions.
core.pack.interaction_graph.interaction_graph_factory: Instantiating DensePDInteractionGraph
protocols.relax.FastRelax: CMD: repack  -759.353  1.96522  0.546959  0.55
protocols.relax.FastRelax: CMD: min  -787.292  2.37848  1.14722  0.55
protocols.relax.FastRelax: MRP: 4  -787.292  -790.208  2.15629  0.766134  
protocols.relax.FastRelax: CMD: accept_to_best  -787.292  2.37848  1.14722  0.55
protocols.relax.FastRelax: CMD: endrepeat  -787.292  2.37848  1.14722  0.55
protocols::checkpoint: Deleting checkpoints of FastRelax
protocols.jd2.JobDistributor: aflibercept_input_0097_0003_0005 reported success in 1674 seconds
protocols.jd2.PDBJobInputter: PDBJobInputter::pose_from_job
protocols.jd2.PDBJobInputter: filling pose from PDB ../2_remodel/top_20_by_total_score/aflibercept_input_0099_0002.pdb
core.import_pose.import_pose: File '../2_remodel/top_20_by_total_score/aflibercept_input_0099_0002.pdb' automatically determined to be of type PDB
core.conformation.Conformation: Found disulfide between residues 30 79
core.conformation.Conformation: current variant for 30 CYS
core.conformation.Conformation: current variant for 79 CYS
core.conformation.Conformation: current variant for 30 CYD
core.conformation.Conformation: current variant for 79 CYD
core.conformation.Conformation: Found disulfide between residues 124 185
core.conformation.Conformation: current variant for 124 CYS
core.conformation.Conformation: current variant for 185 CYS
core.conformation.Conformation: current variant for 124 CYD
core.conformation.Conformation: current variant for 185 CYD
core.conformation.Conformation: Found disulfide between residues 219 261
core.conformation.Conformation: current variant for 219 CYS
core.conformation.Conformation: current variant for 261 CYS
core.conformation.Conformation: current variant for 219 CYD
core.conformation.Conformation: current variant for 261 CYD
core.conformation.Conformation: Found disulfide between residues 250 295
core.conformation.Conformation: current variant for 250 CYS
core.conformation.Conformation: current variant for 295 CYS
core.conformation.Conformation: current variant for 250 CYD
core.conformation.Conformation: current variant for 295 CYD
core.conformation.Conformation: Found disulfide between residues 254 297
core.conformation.Conformation: current variant for 254 CYS
core.conformation.Conformation: current variant for 297 CYS
core.conformation.Conformation: current variant for 254 CYD
core.conformation.Conformation: current variant for 297 CYD
protocols.relax.FastRelax: CMD: repeat  123.644  1.61251  0  0.55
protocols.relax.FastRelax: CMD: coord_cst_weight  123.644  1.61251  0  0.55
protocols.relax.FastRelax: CMD: scale:fa_rep  -855.441  1.61251  0  0.022
core.pack.task: Packer task: initialize from command line() 
core.pack.pack_rotamers: built 30471 rotamers at 301 positions.
core.pack.interaction_graph.interaction_graph_factory: Instantiating DensePDInteractionGraph
protocols.relax.FastRelax: CMD: repack  -898.243  1.61251  0  0.022
protocols.relax.FastRelax: CMD: scale:fa_rep  -889.371  1.61251  0  0.02805
protocols.relax.FastRelax: CMD: min  -984.629  1.61796  0.117252  0.02805
protocols.relax.FastRelax: CMD: coord_cst_weight  -1001.16  1.61796  0.117252  0.02805
protocols.relax.FastRelax: CMD: scale:fa_rep  -825.488  1.61796  0.117252  0.14575
core.pack.task: Packer task: initialize from command line() 
core.pack.pack_rotamers: built 28379 rotamers at 301 positions.
core.pack.interaction_graph.interaction_graph_factory: Instantiating DensePDInteractionGraph
protocols.relax.FastRelax: CMD: repack  -859.315  1.61796  0.117252  0.14575
protocols.relax.FastRelax: CMD: scale:fa_rep  -851.159  1.61796  0.117252  0.154
protocols.relax.FastRelax: CMD: min  -901.191  1.61987  0.131493  0.154
protocols.relax.FastRelax: CMD: coord_cst_weight  -923.33  1.61987  0.131493  0.154
protocols.relax.FastRelax: CMD: scale:fa_rep  -826.073  1.61987  0.131493  0.30745
core.pack.task: Packer task: initialize from command line() 
core.pack.pack_rotamers: built 27716 rotamers at 301 positions.
core.pack.interaction_graph.interaction_graph_factory: Instantiating DensePDInteractionGraph
protocols.relax.FastRelax: CMD: repack  -825.36  1.61987  0.131493  0.30745
protocols.relax.FastRelax: CMD: scale:fa_rep  -817.897  1.61987  0.131493  0.31955
protocols.relax.FastRelax: CMD: min  -850.29  1.70754  0.934256  0.31955
protocols.relax.FastRelax: CMD: coord_cst_weight  -850.29  1.70754  0.934256  0.31955
protocols.relax.FastRelax: CMD: scale:fa_rep  -736.586  1.70754  0.934256  0.55
core.pack.task: Packer task: initialize from command line() 
core.pack.pack_rotamers: built 27174 rotamers at 301 positions.
core.pack.interaction_graph.interaction_graph_factory: Instantiating DensePDInteractionGraph
protocols.relax.FastRelax: CMD: repack  -738.086  1.70754  0.934256  0.55
protocols.relax.FastRelax: CMD: min  -770.486  1.97318  1.29856  0.55
protocols.relax.FastRelax: MRP: 0  -770.486  -770.486  1.97318  1.29856  
protocols.relax.FastRelax: CMD: accept_to_best  -770.486  1.97318  1.29856  0.55
protocols.relax.FastRelax: CMD: endrepeat  -770.486  1.97318  1.29856  0.55
protocols.relax.FastRelax: CMD: coord_cst_weight  12584.6  1.97318  1.29856  0.55
protocols.relax.FastRelax: CMD: scale:fa_rep  12401.6  1.97318  1.29856  0.022
core.pack.task: Packer task: initialize from command line() 
core.pack.pack_rotamers: built 30577 rotamers at 301 positions.
core.pack.interaction_graph.interaction_graph_factory: Instantiating DensePDInteractionGraph
protocols.relax.FastRelax: CMD: repack  12380.2  1.97318  1.29856  0.022
protocols.relax.FastRelax: CMD: scale:fa_rep  12385.6  1.97318  1.29856  0.02805
protocols.relax.FastRelax: CMD: min  -986.893  1.62081  0.141962  0.02805
protocols.relax.FastRelax: CMD: coord_cst_weight  -1011.63  1.62081  0.141962  0.02805
protocols.relax.FastRelax: CMD: scale:fa_rep  -841.379  1.62081  0.141962  0.14575
core.pack.task: Packer task: initialize from command line() 
core.pack.pack_rotamers: built 28331 rotamers at 301 positions.
core.pack.interaction_graph.interaction_graph_factory: Instantiating DensePDInteractionGraph
protocols.relax.FastRelax: CMD: repack  -869.309  1.62081  0.141962  0.14575
protocols.relax.FastRelax: CMD: scale:fa_rep  -860.76  1.62081  0.141962  0.154
protocols.relax.FastRelax: CMD: min  -908.342  1.62123  0.155331  0.154
protocols.relax.FastRelax: CMD: coord_cst_weight  -939.505  1.62123  0.155331  0.154
protocols.relax.FastRelax: CMD: scale:fa_rep  -837.048  1.62123  0.155331  0.30745
core.pack.task: Packer task: initialize from command line() 
core.pack.pack_rotamers: built 27622 rotamers at 301 positions.
core.pack.interaction_graph.interaction_graph_factory: Instantiating DensePDInteractionGraph
protocols.relax.FastRelax: CMD: repack  -838.347  1.62123  0.155331  0.30745
protocols.relax.FastRelax: CMD: scale:fa_rep  -830.529  1.62123  0.155331  0.31955
protocols.relax.FastRelax: CMD: min  -871.354  1.87265  0.965745  0.31955
protocols.relax.FastRelax: CMD: coord_cst_weight  -871.354  1.87265  0.965745  0.31955
protocols.relax.FastRelax: CMD: scale:fa_rep  -756.167  1.87265  0.965745  0.55
core.pack.task: Packer task: initialize from command line() 
core.pack.pack_rotamers: built 27218 rotamers at 301 positions.
core.pack.interaction_graph.interaction_graph_factory: Instantiating DensePDInteractionGraph
protocols.relax.FastRelax: CMD: repack  -756.786  1.87265  0.965745  0.55
protocols.relax.FastRelax: CMD: min  -786.805  2.15712  1.40684  0.55
protocols.relax.FastRelax: MRP: 1  -786.805  -786.805  2.15712  1.40684  
protocols.relax.FastRelax: CMD: accept_to_best  -786.805  2.15712  1.40684  0.55
protocols.relax.FastRelax: CMD: endrepeat  -786.805  2.15712  1.40684  0.55
protocols.relax.FastRelax: CMD: coord_cst_weight  14922.2  2.15712  1.40684  0.55
protocols.relax.FastRelax: CMD: scale:fa_rep  14741.2  2.15712  1.40684  0.022
core.pack.task: Packer task: initialize from command line() 
core.pack.pack_rotamers: built 30506 rotamers at 301 positions.
core.pack.interaction_graph.interaction_graph_factory: Instantiating DensePDInteractionGraph
protocols.relax.FastRelax: CMD: repack  14739  2.15712  1.40684  0.022
protocols.relax.FastRelax: CMD: scale:fa_rep  14744.6  2.15712  1.40684  0.02805
protocols.relax.FastRelax: CMD: min  -983.367  1.62088  0.145232  0.02805
protocols.relax.FastRelax: CMD: coord_cst_weight  -1008.99  1.62088  0.145232  0.02805
protocols.relax.FastRelax: CMD: scale:fa_rep  -835.183  1.62088  0.145232  0.14575
core.pack.task: Packer task: initialize from command line() 
core.pack.pack_rotamers: built 28306 rotamers at 301 positions.
core.pack.interaction_graph.interaction_graph_factory: Instantiating DensePDInteractionGraph
protocols.relax.FastRelax: CMD: repack  -859.424  1.62088  0.145232  0.14575
protocols.relax.FastRelax: CMD: scale:fa_rep  -850.392  1.62088  0.145232  0.154
protocols.relax.FastRelax: CMD: min  -898.602  1.62259  0.157606  0.154
protocols.relax.FastRelax: CMD: coord_cst_weight  -930.571  1.62259  0.157606  0.154
protocols.relax.FastRelax: CMD: scale:fa_rep  -825.331  1.62259  0.157606  0.30745
core.pack.task: Packer task: initialize from command line() 
core.pack.pack_rotamers: built 27642 rotamers at 301 positions.
core.pack.interaction_graph.interaction_graph_factory: Instantiating DensePDInteractionGraph
protocols.relax.FastRelax: CMD: repack  -826.877  1.62259  0.157606  0.30745
protocols.relax.FastRelax: CMD: scale:fa_rep  -818.862  1.62259  0.157606  0.31955
protocols.relax.FastRelax: CMD: min  -865.127  2.15382  1.37313  0.31955
protocols.relax.FastRelax: CMD: coord_cst_weight  -865.127  2.15382  1.37313  0.31955
protocols.relax.FastRelax: CMD: scale:fa_rep  -751.174  2.15382  1.37313  0.55
core.pack.task: Packer task: initialize from command line() 
core.pack.pack_rotamers: built 27214 rotamers at 301 positions.
core.pack.interaction_graph.interaction_graph_factory: Instantiating DensePDInteractionGraph
protocols.relax.FastRelax: CMD: repack  -751.248  2.15382  1.37313  0.55
protocols.relax.FastRelax: CMD: min  -784.463  2.26072  1.5615  0.55
protocols.relax.FastRelax: MRP: 2  -784.463  -786.805  2.15712  1.40684  
protocols.relax.FastRelax: CMD: accept_to_best  -784.463  2.26072  1.5615  0.55
protocols.relax.FastRelax: CMD: endrepeat  -784.463  2.26072  1.5615  0.55
protocols.relax.FastRelax: CMD: coord_cst_weight  19754.3  2.26072  1.5615  0.55
protocols.relax.FastRelax: CMD: scale:fa_rep  19574.4  2.26072  1.5615  0.022
core.pack.task: Packer task: initialize from command line() 
core.pack.pack_rotamers: built 30549 rotamers at 301 positions.
core.pack.interaction_graph.interaction_graph_factory: Instantiating DensePDInteractionGraph
protocols.relax.FastRelax: CMD: repack  19560.9  2.26072  1.5615  0.022
protocols.relax.FastRelax: CMD: scale:fa_rep  19566.2  2.26072  1.5615  0.02805
protocols.relax.FastRelax: CMD: min  -984.685  1.61873  0.147785  0.02805
protocols.relax.FastRelax: CMD: coord_cst_weight  -1011.56  1.61873  0.147785  0.02805
protocols.relax.FastRelax: CMD: scale:fa_rep  -838.403  1.61873  0.147785  0.14575
core.pack.task: Packer task: initialize from command line() 
core.pack.pack_rotamers: built 28510 rotamers at 301 positions.
core.pack.interaction_graph.interaction_graph_factory: Instantiating DensePDInteractionGraph
protocols.relax.FastRelax: CMD: repack  -861.461  1.61873  0.147785  0.14575
protocols.relax.FastRelax: CMD: scale:fa_rep  -853.012  1.61873  0.147785  0.154
protocols.relax.FastRelax: CMD: min  -908.578  1.61949  0.156523  0.154
protocols.relax.FastRelax: CMD: coord_cst_weight  -940.349  1.61949  0.156523  0.154
protocols.relax.FastRelax: CMD: scale:fa_rep  -839.706  1.61949  0.156523  0.30745
core.pack.task: Packer task: initialize from command line() 
core.pack.pack_rotamers: built 27790 rotamers at 301 positions.
core.pack.interaction_graph.interaction_graph_factory: Instantiating DensePDInteractionGraph
protocols.relax.FastRelax: CMD: repack  -841.039  1.61949  0.156523  0.30745
protocols.relax.FastRelax: CMD: scale:fa_rep  -833.35  1.61949  0.156523  0.31955
protocols.relax.FastRelax: CMD: min  -875.364  1.90348  1.11862  0.31955
protocols.relax.FastRelax: CMD: coord_cst_weight  -875.364  1.90348  1.11862  0.31955
protocols.relax.FastRelax: CMD: scale:fa_rep  -760.815  1.90348  1.11862  0.55
core.pack.task: Packer task: initialize from command line() 
core.pack.pack_rotamers: built 27313 rotamers at 301 positions.
core.pack.interaction_graph.interaction_graph_factory: Instantiating DensePDInteractionGraph
protocols.relax.FastRelax: CMD: repack  -761.57  1.90348  1.11862  0.55
protocols.relax.FastRelax: CMD: min  -789.578  2.28804  1.66207  0.55
protocols.relax.FastRelax: MRP: 3  -789.578  -789.578  2.28804  1.66207  
protocols.relax.FastRelax: CMD: accept_to_best  -789.578  2.28804  1.66207  0.55
protocols.relax.FastRelax: CMD: endrepeat  -789.578  2.28804  1.66207  0.55
protocols.relax.FastRelax: CMD: coord_cst_weight  18787.3  2.28804  1.66207  0.55
protocols.relax.FastRelax: CMD: scale:fa_rep  18606  2.28804  1.66207  0.022
core.pack.task: Packer task: initialize from command line() 
core.pack.pack_rotamers: built 30740 rotamers at 301 positions.
core.pack.interaction_graph.interaction_graph_factory: Instantiating DensePDInteractionGraph
protocols.relax.FastRelax: CMD: repack  18587.6  2.28804  1.66207  0.022
protocols.relax.FastRelax: CMD: scale:fa_rep  18593.2  2.28804  1.66207  0.02805
protocols.relax.FastRelax: CMD: min  -984.153  1.61885  0.147668  0.02805
protocols.relax.FastRelax: CMD: coord_cst_weight  -1011.09  1.61885  0.147668  0.02805
protocols.relax.FastRelax: CMD: scale:fa_rep  -833.556  1.61885  0.147668  0.14575
core.pack.task: Packer task: initialize from command line() 
core.pack.pack_rotamers: built 28431 rotamers at 301 positions.
core.pack.interaction_graph.interaction_graph_factory: Instantiating DensePDInteractionGraph
protocols.relax.FastRelax: CMD: repack  -869.89  1.61885  0.147668  0.14575
protocols.relax.FastRelax: CMD: scale:fa_rep  -861.599  1.61885  0.147668  0.154
protocols.relax.FastRelax: CMD: min  -909.243  1.61908  0.156712  0.154
protocols.relax.FastRelax: CMD: coord_cst_weight  -940.464  1.61908  0.156712  0.154
protocols.relax.FastRelax: CMD: scale:fa_rep  -840.304  1.61908  0.156712  0.30745
core.pack.task: Packer task: initialize from command line() 
core.pack.pack_rotamers: built 27801 rotamers at 301 positions.
core.pack.interaction_graph.interaction_graph_factory: Instantiating DensePDInteractionGraph
protocols.relax.FastRelax: CMD: repack  -841.021  1.61908  0.156712  0.30745
protocols.relax.FastRelax: CMD: scale:fa_rep  -833.356  1.61908  0.156712  0.31955
protocols.relax.FastRelax: CMD: min  -876.442  1.97372  1.31572  0.31955
protocols.relax.FastRelax: CMD: coord_cst_weight  -876.442  1.97372  1.31572  0.31955
protocols.relax.FastRelax: CMD: scale:fa_rep  -761.273  1.97372  1.31572  0.55
core.pack.task: Packer task: initialize from command line() 
core.pack.pack_rotamers: built 27174 rotamers at 301 positions.
core.pack.interaction_graph.interaction_graph_factory: Instantiating DensePDInteractionGraph
protocols.relax.FastRelax: CMD: repack  -762.493  1.97372  1.31572  0.55
protocols.relax.FastRelax: CMD: min  -788.997  2.2922  1.68762  0.55
protocols.relax.FastRelax: MRP: 4  -788.997  -789.578  2.28804  1.66207  
protocols.relax.FastRelax: CMD: accept_to_best  -788.997  2.2922  1.68762  0.55
protocols.relax.FastRelax: CMD: endrepeat  -788.997  2.2922  1.68762  0.55
protocols::checkpoint: Deleting checkpoints of FastRelax
protocols.jd2.JobDistributor: aflibercept_input_0099_0002_0007 reported success in 2501 seconds
protocols.jd2.JobDistributor: no more batches to process... 
protocols.jd2.JobDistributor: 200 jobs considered, 5 jobs attempted in 9449 seconds
basic.citation_manager.CitationManager: 
The following Rosetta modules were used during this run of Rosetta, and should be cited:

FastRelax Mover's citation(s):
Khatib F, Cooper S, Tyka MD, Xu K, Makedon I, Popovic Z, Baker D, and Players F.  (2011).  Algorithm discovery by protein folding game players.  Proc Natl Acad Sci USA 108(47):18949-53.  doi: 10.1073/pnas.1115898108.


