core.init: Checking for fconfig files in pwd and ./rosetta/flags 
core.init: Rosetta version: 2020.50.post.dev+250.rahelf.iamdisulfidedetect.e9ee94d52d4 e9ee94d52d4b120645d0d27c8cf7d02d7b1ec59c git@github.com:RosettaCommons/main.git 2021-02-04T18:52:55
core.init: command: /Users/rfrick2/Rosetta/main/source/bin/relax.macosclangrelease @relax.flags
basic.random.init_random_generator: 'RNG device' seed mode, using '/dev/urandom', seed=756528882 seed_offset=0 real_seed=756528882
basic.random.init_random_generator: RandomGenerator:init: Normal mode, seed=756528882 RG_type=mt19937
core.init: found database environment variable ROSETTA3_DB: /Users/rfrick2/Rosetta_RAbD/main/database
core.scoring.ScoreFunctionFactory: SCOREFUNCTION: ref2015
core.scoring.etable: Starting energy table calculation
core.scoring.etable: smooth_etable: changing atr/rep split to bottom of energy well
core.scoring.etable: smooth_etable: spline smoothing lj etables (maxdis = 6)
core.scoring.etable: smooth_etable: spline smoothing solvation etables (max_dis = 6)
core.scoring.etable: Finished calculating energy tables.
basic.io.database: Database file opened: scoring/score_functions/hbonds/ref2015_params/HBPoly1D.csv
basic.io.database: Database file opened: scoring/score_functions/hbonds/ref2015_params/HBFadeIntervals.csv
basic.io.database: Database file opened: scoring/score_functions/hbonds/ref2015_params/HBEval.csv
basic.io.database: Database file opened: scoring/score_functions/hbonds/ref2015_params/DonStrength.csv
basic.io.database: Database file opened: scoring/score_functions/hbonds/ref2015_params/AccStrength.csv
core.chemical.GlobalResidueTypeSet: Finished initializing fa_standard residue type set.  Created 985 residue types
core.chemical.GlobalResidueTypeSet: Total time to initialize 0.713249 seconds.
basic.io.database: Database file opened: scoring/score_functions/rama/fd/all.ramaProb
basic.io.database: Database file opened: scoring/score_functions/rama/fd/prepro.ramaProb
basic.io.database: Database file opened: scoring/score_functions/omega/omega_ppdep.all.txt
basic.io.database: Database file opened: scoring/score_functions/omega/omega_ppdep.gly.txt
basic.io.database: Database file opened: scoring/score_functions/omega/omega_ppdep.pro.txt
basic.io.database: Database file opened: scoring/score_functions/omega/omega_ppdep.valile.txt
basic.io.database: Database file opened: scoring/score_functions/P_AA_pp/P_AA
basic.io.database: Database file opened: scoring/score_functions/P_AA_pp/P_AA_n
core.scoring.P_AA: shapovalov_lib::shap_p_aa_pp_smooth_level of 1( aka low_smooth ) got activated.
basic.io.database: Database file opened: scoring/score_functions/P_AA_pp/shapovalov/10deg/kappa131/a20.prop
protocols.relax.RelaxScriptManager: Reading relax scripts list from database.
protocols.relax.RelaxScriptManager: Looking for MonomerRelax2019.txt
protocols.relax.RelaxScriptManager: ================== Reading script file: /Users/rfrick2/Rosetta_RAbD/main/database/sampling/relax_scripts/MonomerRelax2019.txt ==================
protocols.relax.RelaxScriptManager: repeat %%nrepeats%%
protocols.relax.RelaxScriptManager: coord_cst_weight 1.0
protocols.relax.RelaxScriptManager: scale:fa_rep 0.040
protocols.relax.RelaxScriptManager: repack
protocols.relax.RelaxScriptManager: scale:fa_rep 0.051
protocols.relax.RelaxScriptManager: min 0.01
protocols.relax.RelaxScriptManager: coord_cst_weight 0.5
protocols.relax.RelaxScriptManager: scale:fa_rep 0.265
protocols.relax.RelaxScriptManager: repack
protocols.relax.RelaxScriptManager: scale:fa_rep 0.280
protocols.relax.RelaxScriptManager: min 0.01
protocols.relax.RelaxScriptManager: coord_cst_weight 0.0
protocols.relax.RelaxScriptManager: scale:fa_rep 0.559
protocols.relax.RelaxScriptManager: repack
protocols.relax.RelaxScriptManager: scale:fa_rep 0.581
protocols.relax.RelaxScriptManager: min 0.01
protocols.relax.RelaxScriptManager: coord_cst_weight 0.0
protocols.relax.RelaxScriptManager: scale:fa_rep 1
protocols.relax.RelaxScriptManager: repack
protocols.relax.RelaxScriptManager: min 0.00001
protocols.relax.RelaxScriptManager: accept_to_best
protocols.relax.RelaxScriptManager: endrepeat
protocols.jd2.PDBJobInputter: Instantiate PDBJobInputter
protocols.jd2.PDBJobInputter: PDBJobInputter::fill_jobs
protocols.jd2.PDBJobInputter: pushed ../2_remodel/top_20_by_total_score/aflibercept_input_0002_0002.pdb nstruct indices 1 - 10
protocols.jd2.PDBJobInputter: pushed ../2_remodel/top_20_by_total_score/aflibercept_input_0014_0001.pdb nstruct indices 1 - 10
protocols.jd2.PDBJobInputter: pushed ../2_remodel/top_20_by_total_score/aflibercept_input_0019_0001.pdb nstruct indices 1 - 10
protocols.jd2.PDBJobInputter: pushed ../2_remodel/top_20_by_total_score/aflibercept_input_0022_0002.pdb nstruct indices 1 - 10
protocols.jd2.PDBJobInputter: pushed ../2_remodel/top_20_by_total_score/aflibercept_input_0023_0001.pdb nstruct indices 1 - 10
protocols.jd2.PDBJobInputter: pushed ../2_remodel/top_20_by_total_score/aflibercept_input_0039_0001.pdb nstruct indices 1 - 10
protocols.jd2.PDBJobInputter: pushed ../2_remodel/top_20_by_total_score/aflibercept_input_0042_0002.pdb nstruct indices 1 - 10
protocols.jd2.PDBJobInputter: pushed ../2_remodel/top_20_by_total_score/aflibercept_input_0048_0001.pdb nstruct indices 1 - 10
protocols.jd2.PDBJobInputter: pushed ../2_remodel/top_20_by_total_score/aflibercept_input_0057_0003.pdb nstruct indices 1 - 10
protocols.jd2.PDBJobInputter: pushed ../2_remodel/top_20_by_total_score/aflibercept_input_0058_0002.pdb nstruct indices 1 - 10
protocols.jd2.PDBJobInputter: pushed ../2_remodel/top_20_by_total_score/aflibercept_input_0062_0001.pdb nstruct indices 1 - 10
protocols.jd2.PDBJobInputter: pushed ../2_remodel/top_20_by_total_score/aflibercept_input_0071_0003.pdb nstruct indices 1 - 10
protocols.jd2.PDBJobInputter: pushed ../2_remodel/top_20_by_total_score/aflibercept_input_0072_0003.pdb nstruct indices 1 - 10
protocols.jd2.PDBJobInputter: pushed ../2_remodel/top_20_by_total_score/aflibercept_input_0076_0003.pdb nstruct indices 1 - 10
protocols.jd2.PDBJobInputter: pushed ../2_remodel/top_20_by_total_score/aflibercept_input_0082_0002.pdb nstruct indices 1 - 10
protocols.jd2.PDBJobInputter: pushed ../2_remodel/top_20_by_total_score/aflibercept_input_0083_0003.pdb nstruct indices 1 - 10
protocols.jd2.PDBJobInputter: pushed ../2_remodel/top_20_by_total_score/aflibercept_input_0086_0001.pdb nstruct indices 1 - 10
protocols.jd2.PDBJobInputter: pushed ../2_remodel/top_20_by_total_score/aflibercept_input_0089_0003.pdb nstruct indices 1 - 10
protocols.jd2.PDBJobInputter: pushed ../2_remodel/top_20_by_total_score/aflibercept_input_0097_0003.pdb nstruct indices 1 - 10
protocols.jd2.PDBJobInputter: pushed ../2_remodel/top_20_by_total_score/aflibercept_input_0099_0002.pdb nstruct indices 1 - 10
protocols.evaluation.ChiWellRmsdEvaluatorCreator: Evaluation Creator active ... 
protocols.jd2.PDBJobInputter: PDBJobInputter::pose_from_job
protocols.jd2.PDBJobInputter: filling pose from PDB ../2_remodel/top_20_by_total_score/aflibercept_input_0082_0002.pdb
core.import_pose.import_pose: File '../2_remodel/top_20_by_total_score/aflibercept_input_0082_0002.pdb' automatically determined to be of type PDB
core.conformation.Conformation: Found disulfide between residues 30 79
core.conformation.Conformation: current variant for 30 CYS
core.conformation.Conformation: current variant for 79 CYS
core.conformation.Conformation: current variant for 30 CYD
core.conformation.Conformation: current variant for 79 CYD
core.conformation.Conformation: Found disulfide between residues 124 185
core.conformation.Conformation: current variant for 124 CYS
core.conformation.Conformation: current variant for 185 CYS
core.conformation.Conformation: current variant for 124 CYD
core.conformation.Conformation: current variant for 185 CYD
core.conformation.Conformation: Found disulfide between residues 219 261
core.conformation.Conformation: current variant for 219 CYS
core.conformation.Conformation: current variant for 261 CYS
core.conformation.Conformation: current variant for 219 CYD
core.conformation.Conformation: current variant for 261 CYD
core.conformation.Conformation: Found disulfide between residues 250 295
core.conformation.Conformation: current variant for 250 CYS
core.conformation.Conformation: current variant for 295 CYS
core.conformation.Conformation: current variant for 250 CYD
core.conformation.Conformation: current variant for 295 CYD
core.conformation.Conformation: Found disulfide between residues 254 297
core.conformation.Conformation: current variant for 254 CYS
core.conformation.Conformation: current variant for 297 CYS
core.conformation.Conformation: current variant for 254 CYD
core.conformation.Conformation: current variant for 297 CYD
basic.io.database: Database file opened: scoring/score_functions/elec_cp_reps.dat
core.scoring.elec.util: Read 40 countpair representative atoms
core.pack.dunbrack.RotamerLibrary: shapovalov_lib_fixes_enable option is true.
core.pack.dunbrack.RotamerLibrary: shapovalov_lib::shap_dun10_smooth_level of 1( aka lowest_smooth ) got activated.
core.pack.dunbrack.RotamerLibrary: Binary rotamer library selected: /Users/rfrick2/Rosetta_RAbD/main/database/rotamer/shapovalov/StpDwn_0-0-0/Dunbrack10.lib.bin
core.pack.dunbrack.RotamerLibrary: Using Dunbrack library binary file '/Users/rfrick2/Rosetta_RAbD/main/database/rotamer/shapovalov/StpDwn_0-0-0/Dunbrack10.lib.bin'.
core.pack.dunbrack.RotamerLibrary: Dunbrack 2010 library took 0.253214 seconds to load from binary
protocols.relax.FastRelax: CMD: repeat  -137.047  0  0  0.55
protocols.relax.FastRelax: CMD: coord_cst_weight  -137.047  0  0  0.55
protocols.relax.FastRelax: CMD: scale:fa_rep  -900.005  0  0  0.022
core.pack.task: Packer task: initialize from command line() 
core.pack.pack_rotamers: built 30540 rotamers at 301 positions.
core.pack.interaction_graph.interaction_graph_factory: Instantiating DensePDInteractionGraph
protocols.relax.FastRelax: CMD: repack  -948.802  0  0  0.022
protocols.relax.FastRelax: CMD: scale:fa_rep  -940.493  0  0  0.02805
protocols.relax.FastRelax: CMD: min  -1034.02  0.109578  0.109578  0.02805
protocols.relax.FastRelax: CMD: coord_cst_weight  -1047.79  0.109578  0.109578  0.02805
protocols.relax.FastRelax: CMD: scale:fa_rep  -890.388  0.109578  0.109578  0.14575
core.pack.task: Packer task: initialize from command line() 
core.pack.pack_rotamers: built 28008 rotamers at 301 positions.
core.pack.interaction_graph.interaction_graph_factory: Instantiating DensePDInteractionGraph
protocols.relax.FastRelax: CMD: repack  -908.361  0.109578  0.109578  0.14575
protocols.relax.FastRelax: CMD: scale:fa_rep  -900.097  0.109578  0.109578  0.154
protocols.relax.FastRelax: CMD: min  -941.783  0.114685  0.114685  0.154
protocols.relax.FastRelax: CMD: coord_cst_weight  -958.053  0.114685  0.114685  0.154
protocols.relax.FastRelax: CMD: scale:fa_rep  -855.737  0.114685  0.114685  0.30745
core.pack.task: Packer task: initialize from command line() 
core.pack.pack_rotamers: built 27301 rotamers at 301 positions.
core.pack.interaction_graph.interaction_graph_factory: Instantiating DensePDInteractionGraph
protocols.relax.FastRelax: CMD: repack  -853.531  0.114685  0.114685  0.30745
protocols.relax.FastRelax: CMD: scale:fa_rep  -845.883  0.114685  0.114685  0.31955
protocols.relax.FastRelax: CMD: min  -863.269  0.241457  0.241457  0.31955
protocols.relax.FastRelax: CMD: coord_cst_weight  -863.269  0.241457  0.241457  0.31955
protocols.relax.FastRelax: CMD: scale:fa_rep  -745.264  0.241457  0.241457  0.55
core.pack.task: Packer task: initialize from command line() 
core.pack.pack_rotamers: built 26903 rotamers at 301 positions.
core.pack.interaction_graph.interaction_graph_factory: Instantiating DensePDInteractionGraph
protocols.relax.FastRelax: CMD: repack  -745.556  0.241457  0.241457  0.55
protocols.relax.FastRelax: CMD: min  -787.077  0.501549  0.501549  0.55
protocols.relax.FastRelax: MRP: 0  -787.077  -787.077  0.501549  0.501549  
protocols.relax.FastRelax: CMD: accept_to_best  -787.077  0.501549  0.501549  0.55
protocols.relax.FastRelax: CMD: endrepeat  -787.077  0.501549  0.501549  0.55
protocols.relax.FastRelax: CMD: coord_cst_weight  7164.09  0.501549  0.501549  0.55
protocols.relax.FastRelax: CMD: scale:fa_rep  6979.69  0.501549  0.501549  0.022
core.pack.task: Packer task: initialize from command line() 
core.pack.pack_rotamers: built 30356 rotamers at 301 positions.
core.pack.interaction_graph.interaction_graph_factory: Instantiating DensePDInteractionGraph
protocols.relax.FastRelax: CMD: repack  6962.55  0.501549  0.501549  0.022
protocols.relax.FastRelax: CMD: scale:fa_rep  6967.09  0.501549  0.501549  0.02805
protocols.relax.FastRelax: CMD: min  -1032.04  0.114606  0.114606  0.02805
protocols.relax.FastRelax: CMD: coord_cst_weight  -1048.1  0.114606  0.114606  0.02805
protocols.relax.FastRelax: CMD: scale:fa_rep  -898.242  0.114606  0.114606  0.14575
core.pack.task: Packer task: initialize from command line() 
core.pack.pack_rotamers: built 28284 rotamers at 301 positions.
core.pack.interaction_graph.interaction_graph_factory: Instantiating DensePDInteractionGraph
protocols.relax.FastRelax: CMD: repack  -915.251  0.114606  0.114606  0.14575
protocols.relax.FastRelax: CMD: scale:fa_rep  -906.949  0.114606  0.114606  0.154
protocols.relax.FastRelax: CMD: min  -944.41  0.115577  0.115577  0.154
protocols.relax.FastRelax: CMD: coord_cst_weight  -961.167  0.115577  0.115577  0.154
protocols.relax.FastRelax: CMD: scale:fa_rep  -861.351  0.115577  0.115577  0.30745
core.pack.task: Packer task: initialize from command line() 
core.pack.pack_rotamers: built 27484 rotamers at 301 positions.
core.pack.interaction_graph.interaction_graph_factory: Instantiating DensePDInteractionGraph
protocols.relax.FastRelax: CMD: repack  -862.674  0.115577  0.115577  0.30745
protocols.relax.FastRelax: CMD: scale:fa_rep  -855  0.115577  0.115577  0.31955
protocols.relax.FastRelax: CMD: min  -875.116  0.297881  0.297881  0.31955
protocols.relax.FastRelax: CMD: coord_cst_weight  -875.116  0.297881  0.297881  0.31955
protocols.relax.FastRelax: CMD: scale:fa_rep  -759.449  0.297881  0.297881  0.55
core.pack.task: Packer task: initialize from command line() 
core.pack.pack_rotamers: built 27134 rotamers at 301 positions.
core.pack.interaction_graph.interaction_graph_factory: Instantiating DensePDInteractionGraph
protocols.relax.FastRelax: CMD: repack  -759.546  0.297881  0.297881  0.55
protocols.relax.FastRelax: CMD: min  -793.072  0.536754  0.536754  0.55
protocols.relax.FastRelax: MRP: 1  -793.072  -793.072  0.536754  0.536754  
protocols.relax.FastRelax: CMD: accept_to_best  -793.072  0.536754  0.536754  0.55
protocols.relax.FastRelax: CMD: endrepeat  -793.072  0.536754  0.536754  0.55
protocols.relax.FastRelax: CMD: coord_cst_weight  14007.3  0.536754  0.536754  0.55
protocols.relax.FastRelax: CMD: scale:fa_rep  13823.7  0.536754  0.536754  0.022
core.pack.task: Packer task: initialize from command line() 
core.pack.pack_rotamers: built 30463 rotamers at 301 positions.
core.pack.interaction_graph.interaction_graph_factory: Instantiating DensePDInteractionGraph
protocols.relax.FastRelax: CMD: repack  13809.2  0.536754  0.536754  0.022
protocols.relax.FastRelax: CMD: scale:fa_rep  13813.4  0.536754  0.536754  0.02805
protocols.relax.FastRelax: CMD: min  -1035.01  0.115778  0.115778  0.02805
protocols.relax.FastRelax: CMD: coord_cst_weight  -1051.67  0.115778  0.115778  0.02805
protocols.relax.FastRelax: CMD: scale:fa_rep  -895.71  0.115778  0.115778  0.14575
core.pack.task: Packer task: initialize from command line() 
core.pack.pack_rotamers: built 28216 rotamers at 301 positions.
core.pack.interaction_graph.interaction_graph_factory: Instantiating DensePDInteractionGraph
protocols.relax.FastRelax: CMD: repack  -915.525  0.115778  0.115778  0.14575
protocols.relax.FastRelax: CMD: scale:fa_rep  -907.225  0.115778  0.115778  0.154
protocols.relax.FastRelax: CMD: min  -943.59  0.118807  0.118807  0.154
protocols.relax.FastRelax: CMD: coord_cst_weight  -961.113  0.118807  0.118807  0.154
protocols.relax.FastRelax: CMD: scale:fa_rep  -859.96  0.118807  0.118807  0.30745
core.pack.task: Packer task: initialize from command line() 
core.pack.pack_rotamers: built 27566 rotamers at 301 positions.
core.pack.interaction_graph.interaction_graph_factory: Instantiating DensePDInteractionGraph
protocols.relax.FastRelax: CMD: repack  -860.558  0.118807  0.118807  0.30745
protocols.relax.FastRelax: CMD: scale:fa_rep  -852.785  0.118807  0.118807  0.31955
protocols.relax.FastRelax: CMD: min  -888.141  0.581281  0.581281  0.31955
protocols.relax.FastRelax: CMD: coord_cst_weight  -888.141  0.581281  0.581281  0.31955
protocols.relax.FastRelax: CMD: scale:fa_rep  -771.549  0.581281  0.581281  0.55
core.pack.task: Packer task: initialize from command line() 
core.pack.pack_rotamers: built 27212 rotamers at 301 positions.
core.pack.interaction_graph.interaction_graph_factory: Instantiating DensePDInteractionGraph
protocols.relax.FastRelax: CMD: repack  -771.096  0.581281  0.581281  0.55
protocols.relax.FastRelax: CMD: min  -800.723  0.646972  0.646972  0.55
protocols.relax.FastRelax: MRP: 2  -800.723  -800.723  0.646972  0.646972  
protocols.relax.FastRelax: CMD: accept_to_best  -800.723  0.646972  0.646972  0.55
protocols.relax.FastRelax: CMD: endrepeat  -800.723  0.646972  0.646972  0.55
protocols.relax.FastRelax: CMD: coord_cst_weight  14359  0.646972  0.646972  0.55
protocols.relax.FastRelax: CMD: scale:fa_rep  14173.3  0.646972  0.646972  0.022
core.pack.task: Packer task: initialize from command line() 
core.pack.pack_rotamers: built 30451 rotamers at 301 positions.
core.pack.interaction_graph.interaction_graph_factory: Instantiating DensePDInteractionGraph
protocols.relax.FastRelax: CMD: repack  14159.7  0.646972  0.646972  0.022
protocols.relax.FastRelax: CMD: scale:fa_rep  14165.4  0.646972  0.646972  0.02805
protocols.relax.FastRelax: CMD: min  -1032.91  0.118589  0.118589  0.02805
protocols.relax.FastRelax: CMD: coord_cst_weight  -1050.44  0.118589  0.118589  0.02805
protocols.relax.FastRelax: CMD: scale:fa_rep  -886.09  0.118589  0.118589  0.14575
core.pack.task: Packer task: initialize from command line() 
core.pack.pack_rotamers: built 28204 rotamers at 301 positions.
core.pack.interaction_graph.interaction_graph_factory: Instantiating DensePDInteractionGraph
protocols.relax.FastRelax: CMD: repack  -913.428  0.118589  0.118589  0.14575
protocols.relax.FastRelax: CMD: scale:fa_rep  -905.126  0.118589  0.118589  0.154
protocols.relax.FastRelax: CMD: min  -945.211  0.124257  0.124257  0.154
protocols.relax.FastRelax: CMD: coord_cst_weight  -965.295  0.124257  0.124257  0.154
protocols.relax.FastRelax: CMD: scale:fa_rep  -864.624  0.124257  0.124257  0.30745
core.pack.task: Packer task: initialize from command line() 
core.pack.pack_rotamers: built 27568 rotamers at 301 positions.
core.pack.interaction_graph.interaction_graph_factory: Instantiating DensePDInteractionGraph
protocols.relax.FastRelax: CMD: repack  -865.581  0.124257  0.124257  0.30745
protocols.relax.FastRelax: CMD: scale:fa_rep  -857.875  0.124257  0.124257  0.31955
protocols.relax.FastRelax: CMD: min  -879.543  0.380881  0.380881  0.31955
protocols.relax.FastRelax: CMD: coord_cst_weight  -879.543  0.380881  0.380881  0.31955
protocols.relax.FastRelax: CMD: scale:fa_rep  -762.16  0.380881  0.380881  0.55
core.pack.task: Packer task: initialize from command line() 
core.pack.pack_rotamers: built 27143 rotamers at 301 positions.
core.pack.interaction_graph.interaction_graph_factory: Instantiating DensePDInteractionGraph
protocols.relax.FastRelax: CMD: repack  -761.728  0.380881  0.380881  0.55
protocols.relax.FastRelax: CMD: min  -798.574  0.697484  0.697484  0.55
protocols.relax.FastRelax: MRP: 3  -798.574  -800.723  0.646972  0.646972  
protocols.relax.FastRelax: CMD: accept_to_best  -798.574  0.697484  0.697484  0.55
protocols.relax.FastRelax: CMD: endrepeat  -798.574  0.697484  0.697484  0.55
protocols.relax.FastRelax: CMD: coord_cst_weight  14853.6  0.697484  0.697484  0.55
protocols.relax.FastRelax: CMD: scale:fa_rep  14668.4  0.697484  0.697484  0.022
core.pack.task: Packer task: initialize from command line() 
core.pack.pack_rotamers: built 30398 rotamers at 301 positions.
core.pack.interaction_graph.interaction_graph_factory: Instantiating DensePDInteractionGraph
protocols.relax.FastRelax: CMD: repack  14652  0.697484  0.697484  0.022
protocols.relax.FastRelax: CMD: scale:fa_rep  14656.8  0.697484  0.697484  0.02805
protocols.relax.FastRelax: CMD: min  -1033.69  0.11946  0.11946  0.02805
protocols.relax.FastRelax: CMD: coord_cst_weight  -1051.48  0.11946  0.11946  0.02805
protocols.relax.FastRelax: CMD: scale:fa_rep  -887.055  0.11946  0.11946  0.14575
core.pack.task: Packer task: initialize from command line() 
core.pack.pack_rotamers: built 28165 rotamers at 301 positions.
core.pack.interaction_graph.interaction_graph_factory: Instantiating DensePDInteractionGraph
protocols.relax.FastRelax: CMD: repack  -911.751  0.11946  0.11946  0.14575
protocols.relax.FastRelax: CMD: scale:fa_rep  -903.342  0.11946  0.11946  0.154
protocols.relax.FastRelax: CMD: min  -945.194  0.123129  0.123129  0.154
protocols.relax.FastRelax: CMD: coord_cst_weight  -965.087  0.123129  0.123129  0.154
protocols.relax.FastRelax: CMD: scale:fa_rep  -863.978  0.123129  0.123129  0.30745
core.pack.task: Packer task: initialize from command line() 
core.pack.pack_rotamers: built 27480 rotamers at 301 positions.
core.pack.interaction_graph.interaction_graph_factory: Instantiating DensePDInteractionGraph
protocols.relax.FastRelax: CMD: repack  -865.052  0.123129  0.123129  0.30745
protocols.relax.FastRelax: CMD: scale:fa_rep  -857.284  0.123129  0.123129  0.31955
protocols.relax.FastRelax: CMD: min  -879.024  0.361322  0.361322  0.31955
protocols.relax.FastRelax: CMD: coord_cst_weight  -879.024  0.361322  0.361322  0.31955
protocols.relax.FastRelax: CMD: scale:fa_rep  -761.96  0.361322  0.361322  0.55
core.pack.task: Packer task: initialize from command line() 
core.pack.pack_rotamers: built 27066 rotamers at 301 positions.
core.pack.interaction_graph.interaction_graph_factory: Instantiating DensePDInteractionGraph
protocols.relax.FastRelax: CMD: repack  -761.536  0.361322  0.361322  0.55
protocols.relax.FastRelax: CMD: min  -797.861  0.653589  0.653589  0.55
protocols.relax.FastRelax: MRP: 4  -797.861  -800.723  0.646972  0.646972  
protocols.relax.FastRelax: CMD: accept_to_best  -797.861  0.653589  0.653589  0.55
protocols.relax.FastRelax: CMD: endrepeat  -797.861  0.653589  0.653589  0.55
protocols::checkpoint: Deleting checkpoints of FastRelax
protocols.jd2.JobDistributor: aflibercept_input_0082_0002_0008 reported success in 1736 seconds
protocols.jd2.PDBJobInputter: PDBJobInputter::pose_from_job
protocols.jd2.PDBJobInputter: filling pose from PDB ../2_remodel/top_20_by_total_score/aflibercept_input_0083_0003.pdb
core.import_pose.import_pose: File '../2_remodel/top_20_by_total_score/aflibercept_input_0083_0003.pdb' automatically determined to be of type PDB
core.conformation.Conformation: Found disulfide between residues 30 79
core.conformation.Conformation: current variant for 30 CYS
core.conformation.Conformation: current variant for 79 CYS
core.conformation.Conformation: current variant for 30 CYD
core.conformation.Conformation: current variant for 79 CYD
core.conformation.Conformation: Found disulfide between residues 124 185
core.conformation.Conformation: current variant for 124 CYS
core.conformation.Conformation: current variant for 185 CYS
core.conformation.Conformation: current variant for 124 CYD
core.conformation.Conformation: current variant for 185 CYD
core.conformation.Conformation: Found disulfide between residues 219 261
core.conformation.Conformation: current variant for 219 CYS
core.conformation.Conformation: current variant for 261 CYS
core.conformation.Conformation: current variant for 219 CYD
core.conformation.Conformation: current variant for 261 CYD
core.conformation.Conformation: Found disulfide between residues 250 295
core.conformation.Conformation: current variant for 250 CYS
core.conformation.Conformation: current variant for 295 CYS
core.conformation.Conformation: current variant for 250 CYD
core.conformation.Conformation: current variant for 295 CYD
core.conformation.Conformation: Found disulfide between residues 254 297
core.conformation.Conformation: current variant for 254 CYS
core.conformation.Conformation: current variant for 297 CYS
core.conformation.Conformation: current variant for 254 CYD
core.conformation.Conformation: current variant for 297 CYD
protocols.relax.FastRelax: CMD: repeat  219.595  1.14886  0  0.55
protocols.relax.FastRelax: CMD: coord_cst_weight  219.595  1.14886  0  0.55
protocols.relax.FastRelax: CMD: scale:fa_rep  -885.629  1.14886  0  0.022
core.pack.task: Packer task: initialize from command line() 
core.pack.pack_rotamers: built 30908 rotamers at 301 positions.
core.pack.interaction_graph.interaction_graph_factory: Instantiating DensePDInteractionGraph
protocols.relax.FastRelax: CMD: repack  -929.887  1.14886  0  0.022
protocols.relax.FastRelax: CMD: scale:fa_rep  -919.31  1.14886  0  0.02805
protocols.relax.FastRelax: CMD: min  -1026.19  1.14895  0.119092  0.02805
protocols.relax.FastRelax: CMD: coord_cst_weight  -1043.37  1.14895  0.119092  0.02805
protocols.relax.FastRelax: CMD: scale:fa_rep  -876.977  1.14895  0.119092  0.14575
core.pack.task: Packer task: initialize from command line() 
core.pack.pack_rotamers: built 28622 rotamers at 301 positions.
core.pack.interaction_graph.interaction_graph_factory: Instantiating DensePDInteractionGraph
protocols.relax.FastRelax: CMD: repack  -899.816  1.14895  0.119092  0.14575
protocols.relax.FastRelax: CMD: scale:fa_rep  -891.551  1.14895  0.119092  0.154
protocols.relax.FastRelax: CMD: min  -936.608  1.15052  0.122414  0.154
protocols.relax.FastRelax: CMD: coord_cst_weight  -954.878  1.15052  0.122414  0.154
protocols.relax.FastRelax: CMD: scale:fa_rep  -852.019  1.15052  0.122414  0.30745
core.pack.task: Packer task: initialize from command line() 
core.pack.pack_rotamers: built 27772 rotamers at 301 positions.
core.pack.interaction_graph.interaction_graph_factory: Instantiating DensePDInteractionGraph
protocols.relax.FastRelax: CMD: repack  -852.955  1.15052  0.122414  0.30745
protocols.relax.FastRelax: CMD: scale:fa_rep  -845.223  1.15052  0.122414  0.31955
protocols.relax.FastRelax: CMD: min  -872.779  1.13675  0.399353  0.31955
protocols.relax.FastRelax: CMD: coord_cst_weight  -872.779  1.13675  0.399353  0.31955
protocols.relax.FastRelax: CMD: scale:fa_rep  -756.521  1.13675  0.399353  0.55
core.pack.task: Packer task: initialize from command line() 
core.pack.pack_rotamers: built 27279 rotamers at 301 positions.
core.pack.interaction_graph.interaction_graph_factory: Instantiating DensePDInteractionGraph
protocols.relax.FastRelax: CMD: repack  -757.088  1.13675  0.399353  0.55
protocols.relax.FastRelax: CMD: min  -777.563  1.19519  0.408963  0.55
protocols.relax.FastRelax: MRP: 0  -777.563  -777.563  1.19519  0.408963  
protocols.relax.FastRelax: CMD: accept_to_best  -777.563  1.19519  0.408963  0.55
protocols.relax.FastRelax: CMD: endrepeat  -777.563  1.19519  0.408963  0.55
protocols.relax.FastRelax: CMD: coord_cst_weight  2508.52  1.19519  0.408963  0.55
protocols.relax.FastRelax: CMD: scale:fa_rep  2318.45  1.19519  0.408963  0.022
core.pack.task: Packer task: initialize from command line() 
core.pack.pack_rotamers: built 30722 rotamers at 301 positions.
core.pack.interaction_graph.interaction_graph_factory: Instantiating DensePDInteractionGraph
protocols.relax.FastRelax: CMD: repack  2298.62  1.19519  0.408963  0.022
protocols.relax.FastRelax: CMD: scale:fa_rep  2303.91  1.19519  0.408963  0.02805
protocols.relax.FastRelax: CMD: min  -1028.58  1.14958  0.131131  0.02805
protocols.relax.FastRelax: CMD: coord_cst_weight  -1048.73  1.14958  0.131131  0.02805
protocols.relax.FastRelax: CMD: scale:fa_rep  -880.221  1.14958  0.131131  0.14575
core.pack.task: Packer task: initialize from command line() 
core.pack.pack_rotamers: built 28694 rotamers at 301 positions.
core.pack.interaction_graph.interaction_graph_factory: Instantiating DensePDInteractionGraph
protocols.relax.FastRelax: CMD: repack  -911.778  1.14958  0.131131  0.14575
protocols.relax.FastRelax: CMD: scale:fa_rep  -903.584  1.14958  0.131131  0.154
protocols.relax.FastRelax: CMD: min  -942.452  1.15071  0.131969  0.154
protocols.relax.FastRelax: CMD: coord_cst_weight  -963.692  1.15071  0.131969  0.154
protocols.relax.FastRelax: CMD: scale:fa_rep  -861.769  1.15071  0.131969  0.30745
core.pack.task: Packer task: initialize from command line() 
core.pack.pack_rotamers: built 27866 rotamers at 301 positions.
core.pack.interaction_graph.interaction_graph_factory: Instantiating DensePDInteractionGraph
protocols.relax.FastRelax: CMD: repack  -863.164  1.15071  0.131969  0.30745
protocols.relax.FastRelax: CMD: scale:fa_rep  -855.504  1.15071  0.131969  0.31955
protocols.relax.FastRelax: CMD: min  -876.267  1.12828  0.294877  0.31955
protocols.relax.FastRelax: CMD: coord_cst_weight  -876.267  1.12828  0.294877  0.31955
protocols.relax.FastRelax: CMD: scale:fa_rep  -760.468  1.12828  0.294877  0.55
core.pack.task: Packer task: initialize from command line() 
core.pack.pack_rotamers: built 27309 rotamers at 301 positions.
core.pack.interaction_graph.interaction_graph_factory: Instantiating DensePDInteractionGraph
protocols.relax.FastRelax: CMD: repack  -760.358  1.12828  0.294877  0.55
protocols.relax.FastRelax: CMD: min  -790.542  1.2071  0.451454  0.55
protocols.relax.FastRelax: MRP: 1  -790.542  -790.542  1.2071  0.451454  
protocols.relax.FastRelax: CMD: accept_to_best  -790.542  1.2071  0.451454  0.55
protocols.relax.FastRelax: CMD: endrepeat  -790.542  1.2071  0.451454  0.55
protocols.relax.FastRelax: CMD: coord_cst_weight  4988.52  1.2071  0.451454  0.55
protocols.relax.FastRelax: CMD: scale:fa_rep  4802.99  1.2071  0.451454  0.022
core.pack.task: Packer task: initialize from command line() 
core.pack.pack_rotamers: built 30999 rotamers at 301 positions.
core.pack.interaction_graph.interaction_graph_factory: Instantiating DensePDInteractionGraph
protocols.relax.FastRelax: CMD: repack  4784.68  1.2071  0.451454  0.022
protocols.relax.FastRelax: CMD: scale:fa_rep  4790.22  1.2071  0.451454  0.02805
protocols.relax.FastRelax: CMD: min  -1027.97  1.1504  0.128589  0.02805
protocols.relax.FastRelax: CMD: coord_cst_weight  -1047.55  1.1504  0.128589  0.02805
protocols.relax.FastRelax: CMD: scale:fa_rep  -876.741  1.1504  0.128589  0.14575
core.pack.task: Packer task: initialize from command line() 
core.pack.pack_rotamers: built 28783 rotamers at 301 positions.
core.pack.interaction_graph.interaction_graph_factory: Instantiating DensePDInteractionGraph
protocols.relax.FastRelax: CMD: repack  -909.389  1.1504  0.128589  0.14575
protocols.relax.FastRelax: CMD: scale:fa_rep  -901.363  1.1504  0.128589  0.154
protocols.relax.FastRelax: CMD: min  -939.978  1.15142  0.129445  0.154
protocols.relax.FastRelax: CMD: coord_cst_weight  -960.344  1.15142  0.129445  0.154
protocols.relax.FastRelax: CMD: scale:fa_rep  -858.648  1.15142  0.129445  0.30745
core.pack.task: Packer task: initialize from command line() 
core.pack.pack_rotamers: built 27880 rotamers at 301 positions.
core.pack.interaction_graph.interaction_graph_factory: Instantiating DensePDInteractionGraph
protocols.relax.FastRelax: CMD: repack  -860.146  1.15142  0.129445  0.30745
protocols.relax.FastRelax: CMD: scale:fa_rep  -852.483  1.15142  0.129445  0.31955
protocols.relax.FastRelax: CMD: min  -872.63  1.13613  0.278156  0.31955
protocols.relax.FastRelax: CMD: coord_cst_weight  -872.63  1.13613  0.278156  0.31955
protocols.relax.FastRelax: CMD: scale:fa_rep  -756.887  1.13613  0.278156  0.55
core.pack.task: Packer task: initialize from command line() 
core.pack.pack_rotamers: built 27382 rotamers at 301 positions.
core.pack.interaction_graph.interaction_graph_factory: Instantiating DensePDInteractionGraph
protocols.relax.FastRelax: CMD: repack  -758.053  1.13613  0.278156  0.55
protocols.relax.FastRelax: CMD: min  -781.37  1.2089  0.36562  0.55
protocols.relax.FastRelax: MRP: 2  -781.37  -790.542  1.2071  0.451454  
protocols.relax.FastRelax: CMD: accept_to_best  -781.37  1.2089  0.36562  0.55
protocols.relax.FastRelax: CMD: endrepeat  -781.37  1.2089  0.36562  0.55
protocols.relax.FastRelax: CMD: coord_cst_weight  2691.08  1.2089  0.36562  0.55
protocols.relax.FastRelax: CMD: scale:fa_rep  2501.72  1.2089  0.36562  0.022
core.pack.task: Packer task: initialize from command line() 
core.pack.pack_rotamers: built 30750 rotamers at 301 positions.
core.pack.interaction_graph.interaction_graph_factory: Instantiating DensePDInteractionGraph
protocols.relax.FastRelax: CMD: repack  2482.84  1.2089  0.36562  0.022
protocols.relax.FastRelax: CMD: scale:fa_rep  2488.71  1.2089  0.36562  0.02805
protocols.relax.FastRelax: CMD: min  -1030.65  1.15075  0.131202  0.02805
protocols.relax.FastRelax: CMD: coord_cst_weight  -1050.74  1.15075  0.131202  0.02805
protocols.relax.FastRelax: CMD: scale:fa_rep  -882.375  1.15075  0.131202  0.14575
core.pack.task: Packer task: initialize from command line() 
core.pack.pack_rotamers: built 28586 rotamers at 301 positions.
core.pack.interaction_graph.interaction_graph_factory: Instantiating DensePDInteractionGraph
protocols.relax.FastRelax: CMD: repack  -909.881  1.15075  0.131202  0.14575
protocols.relax.FastRelax: CMD: scale:fa_rep  -901.844  1.15075  0.131202  0.154
protocols.relax.FastRelax: CMD: min  -941.114  1.15191  0.134728  0.154
protocols.relax.FastRelax: CMD: coord_cst_weight  -962.867  1.15191  0.134728  0.154
protocols.relax.FastRelax: CMD: scale:fa_rep  -861.658  1.15191  0.134728  0.30745
core.pack.task: Packer task: initialize from command line() 
core.pack.pack_rotamers: built 27884 rotamers at 301 positions.
core.pack.interaction_graph.interaction_graph_factory: Instantiating DensePDInteractionGraph
protocols.relax.FastRelax: CMD: repack  -863.233  1.15191  0.134728  0.30745
protocols.relax.FastRelax: CMD: scale:fa_rep  -855.566  1.15191  0.134728  0.31955
protocols.relax.FastRelax: CMD: min  -874.903  1.13199  0.31043  0.31955
protocols.relax.FastRelax: CMD: coord_cst_weight  -874.903  1.13199  0.31043  0.31955
protocols.relax.FastRelax: CMD: scale:fa_rep  -757.671  1.13199  0.31043  0.55
core.pack.task: Packer task: initialize from command line() 
core.pack.pack_rotamers: built 27341 rotamers at 301 positions.
core.pack.interaction_graph.interaction_graph_factory: Instantiating DensePDInteractionGraph
protocols.relax.FastRelax: CMD: repack  -758.376  1.13199  0.31043  0.55
protocols.relax.FastRelax: CMD: min  -790.512  1.23585  0.478323  0.55
protocols.relax.FastRelax: MRP: 3  -790.512  -790.542  1.2071  0.451454  
protocols.relax.FastRelax: CMD: accept_to_best  -790.512  1.23585  0.478323  0.55
protocols.relax.FastRelax: CMD: endrepeat  -790.512  1.23585  0.478323  0.55
protocols.relax.FastRelax: CMD: coord_cst_weight  4870.93  1.23585  0.478323  0.55
protocols.relax.FastRelax: CMD: scale:fa_rep  4684.87  1.23585  0.478323  0.022
core.pack.task: Packer task: initialize from command line() 
core.pack.pack_rotamers: built 31003 rotamers at 301 positions.
core.pack.interaction_graph.interaction_graph_factory: Instantiating DensePDInteractionGraph
protocols.relax.FastRelax: CMD: repack  4666.18  1.23585  0.478323  0.022
protocols.relax.FastRelax: CMD: scale:fa_rep  4671.21  1.23585  0.478323  0.02805
protocols.relax.FastRelax: CMD: min  -1028.27  1.15065  0.133325  0.02805
protocols.relax.FastRelax: CMD: coord_cst_weight  -1049.09  1.15065  0.133325  0.02805
protocols.relax.FastRelax: CMD: scale:fa_rep  -880.631  1.15065  0.133325  0.14575
core.pack.task: Packer task: initialize from command line() 
core.pack.pack_rotamers: built 28759 rotamers at 301 positions.
core.pack.interaction_graph.interaction_graph_factory: Instantiating DensePDInteractionGraph
protocols.relax.FastRelax: CMD: repack  -909.397  1.15065  0.133325  0.14575
protocols.relax.FastRelax: CMD: scale:fa_rep  -901.131  1.15065  0.133325  0.154
protocols.relax.FastRelax: CMD: min  -940.859  1.15103  0.136859  0.154
protocols.relax.FastRelax: CMD: coord_cst_weight  -963.36  1.15103  0.136859  0.154
protocols.relax.FastRelax: CMD: scale:fa_rep  -860.926  1.15103  0.136859  0.30745
core.pack.task: Packer task: initialize from command line() 
core.pack.pack_rotamers: built 27893 rotamers at 301 positions.
core.pack.interaction_graph.interaction_graph_factory: Instantiating DensePDInteractionGraph
protocols.relax.FastRelax: CMD: repack  -860.304  1.15103  0.136859  0.30745
protocols.relax.FastRelax: CMD: scale:fa_rep  -852.588  1.15103  0.136859  0.31955
protocols.relax.FastRelax: CMD: min  -877.775  1.12268  0.339601  0.31955
protocols.relax.FastRelax: CMD: coord_cst_weight  -877.775  1.12268  0.339601  0.31955
protocols.relax.FastRelax: CMD: scale:fa_rep  -762.296  1.12268  0.339601  0.55
core.pack.task: Packer task: initialize from command line() 
core.pack.pack_rotamers: built 27354 rotamers at 301 positions.
core.pack.interaction_graph.interaction_graph_factory: Instantiating DensePDInteractionGraph
protocols.relax.FastRelax: CMD: repack  -757.523  1.12268  0.339601  0.55
protocols.relax.FastRelax: CMD: min  -788.867  1.18838  0.514524  0.55
protocols.relax.FastRelax: MRP: 4  -788.867  -790.542  1.2071  0.451454  
protocols.relax.FastRelax: CMD: accept_to_best  -788.867  1.18838  0.514524  0.55
protocols.relax.FastRelax: CMD: endrepeat  -788.867  1.18838  0.514524  0.55
protocols::checkpoint: Deleting checkpoints of FastRelax
protocols.jd2.JobDistributor: aflibercept_input_0083_0003_0010 reported success in 1629 seconds
protocols.jd2.PDBJobInputter: PDBJobInputter::pose_from_job
protocols.jd2.PDBJobInputter: filling pose from PDB ../2_remodel/top_20_by_total_score/aflibercept_input_0089_0003.pdb
core.import_pose.import_pose: File '../2_remodel/top_20_by_total_score/aflibercept_input_0089_0003.pdb' automatically determined to be of type PDB
core.conformation.Conformation: Found disulfide between residues 30 79
core.conformation.Conformation: current variant for 30 CYS
core.conformation.Conformation: current variant for 79 CYS
core.conformation.Conformation: current variant for 30 CYD
core.conformation.Conformation: current variant for 79 CYD
core.conformation.Conformation: Found disulfide between residues 124 185
core.conformation.Conformation: current variant for 124 CYS
core.conformation.Conformation: current variant for 185 CYS
core.conformation.Conformation: current variant for 124 CYD
core.conformation.Conformation: current variant for 185 CYD
core.conformation.Conformation: Found disulfide between residues 219 261
core.conformation.Conformation: current variant for 219 CYS
core.conformation.Conformation: current variant for 261 CYS
core.conformation.Conformation: current variant for 219 CYD
core.conformation.Conformation: current variant for 261 CYD
core.conformation.Conformation: Found disulfide between residues 250 295
core.conformation.Conformation: current variant for 250 CYS
core.conformation.Conformation: current variant for 295 CYS
core.conformation.Conformation: current variant for 250 CYD
core.conformation.Conformation: current variant for 295 CYD
core.conformation.Conformation: Found disulfide between residues 254 297
core.conformation.Conformation: current variant for 254 CYS
core.conformation.Conformation: current variant for 297 CYS
core.conformation.Conformation: current variant for 254 CYD
core.conformation.Conformation: current variant for 297 CYD
protocols.relax.FastRelax: CMD: repeat  -180.895  1.51372  0  0.55
protocols.relax.FastRelax: CMD: coord_cst_weight  -180.895  1.51372  0  0.55
protocols.relax.FastRelax: CMD: scale:fa_rep  -881.813  1.51372  0  0.022
core.pack.task: Packer task: initialize from command line() 
core.pack.pack_rotamers: built 30591 rotamers at 301 positions.
core.pack.interaction_graph.interaction_graph_factory: Instantiating DensePDInteractionGraph
protocols.relax.FastRelax: CMD: repack  -930.908  1.51372  0  0.022
protocols.relax.FastRelax: CMD: scale:fa_rep  -923.618  1.51372  0  0.02805
protocols.relax.FastRelax: CMD: min  -1008.1  1.5157  0.110445  0.02805
protocols.relax.FastRelax: CMD: coord_cst_weight  -1022.4  1.5157  0.110445  0.02805
protocols.relax.FastRelax: CMD: scale:fa_rep  -863.702  1.5157  0.110445  0.14575
core.pack.task: Packer task: initialize from command line() 
core.pack.pack_rotamers: built 28521 rotamers at 301 positions.
core.pack.interaction_graph.interaction_graph_factory: Instantiating DensePDInteractionGraph
protocols.relax.FastRelax: CMD: repack  -883.75  1.5157  0.110445  0.14575
protocols.relax.FastRelax: CMD: scale:fa_rep  -875.402  1.5157  0.110445  0.154
protocols.relax.FastRelax: CMD: min  -921.661  1.51871  0.119048  0.154
protocols.relax.FastRelax: CMD: coord_cst_weight  -938.252  1.51871  0.119048  0.154
protocols.relax.FastRelax: CMD: scale:fa_rep  -840.134  1.51871  0.119048  0.30745
core.pack.task: Packer task: initialize from command line() 
core.pack.pack_rotamers: built 27864 rotamers at 301 positions.
core.pack.interaction_graph.interaction_graph_factory: Instantiating DensePDInteractionGraph
protocols.relax.FastRelax: CMD: repack  -841.251  1.51871  0.119048  0.30745
protocols.relax.FastRelax: CMD: scale:fa_rep  -833.773  1.51871  0.119048  0.31955
protocols.relax.FastRelax: CMD: min  -854.354  1.53031  0.338489  0.31955
protocols.relax.FastRelax: CMD: coord_cst_weight  -854.354  1.53031  0.338489  0.31955
protocols.relax.FastRelax: CMD: scale:fa_rep  -739.344  1.53031  0.338489  0.55
core.pack.task: Packer task: initialize from command line() 
core.pack.pack_rotamers: built 27440 rotamers at 301 positions.
core.pack.interaction_graph.interaction_graph_factory: Instantiating DensePDInteractionGraph
protocols.relax.FastRelax: CMD: repack  -740.435  1.53031  0.338489  0.55
protocols.relax.FastRelax: CMD: min  -784.586  1.79563  0.83664  0.55
protocols.relax.FastRelax: MRP: 0  -784.586  -784.586  1.79563  0.83664  
protocols.relax.FastRelax: CMD: accept_to_best  -784.586  1.79563  0.83664  0.55
protocols.relax.FastRelax: CMD: endrepeat  -784.586  1.79563  0.83664  0.55
protocols.relax.FastRelax: CMD: coord_cst_weight  5596.17  1.79563  0.83664  0.55
protocols.relax.FastRelax: CMD: scale:fa_rep  5415.24  1.79563  0.83664  0.022
core.pack.task: Packer task: initialize from command line() 
core.pack.pack_rotamers: built 30532 rotamers at 301 positions.
core.pack.interaction_graph.interaction_graph_factory: Instantiating DensePDInteractionGraph
protocols.relax.FastRelax: CMD: repack  5400.97  1.79563  0.83664  0.022
protocols.relax.FastRelax: CMD: scale:fa_rep  5405.26  1.79563  0.83664  0.02805
protocols.relax.FastRelax: CMD: min  -1010.19  1.51724  0.124065  0.02805
protocols.relax.FastRelax: CMD: coord_cst_weight  -1028.34  1.51724  0.124065  0.02805
protocols.relax.FastRelax: CMD: scale:fa_rep  -866.57  1.51724  0.124065  0.14575
core.pack.task: Packer task: initialize from command line() 
core.pack.pack_rotamers: built 28445 rotamers at 301 positions.
core.pack.interaction_graph.interaction_graph_factory: Instantiating DensePDInteractionGraph
protocols.relax.FastRelax: CMD: repack  -886.364  1.51724  0.124065  0.14575
protocols.relax.FastRelax: CMD: scale:fa_rep  -877.829  1.51724  0.124065  0.154
protocols.relax.FastRelax: CMD: min  -924.057  1.51635  0.137351  0.154
protocols.relax.FastRelax: CMD: coord_cst_weight  -947.266  1.51635  0.137351  0.154
protocols.relax.FastRelax: CMD: scale:fa_rep  -847.757  1.51635  0.137351  0.30745
core.pack.task: Packer task: initialize from command line() 
core.pack.pack_rotamers: built 27871 rotamers at 301 positions.
core.pack.interaction_graph.interaction_graph_factory: Instantiating DensePDInteractionGraph
protocols.relax.FastRelax: CMD: repack  -849.581  1.51635  0.137351  0.30745
protocols.relax.FastRelax: CMD: scale:fa_rep  -842.105  1.51635  0.137351  0.31955
protocols.relax.FastRelax: CMD: min  -882.427  1.70925  0.677452  0.31955
protocols.relax.FastRelax: CMD: coord_cst_weight  -882.427  1.70925  0.677452  0.31955
protocols.relax.FastRelax: CMD: scale:fa_rep  -768.14  1.70925  0.677452  0.55
core.pack.task: Packer task: initialize from command line() 
core.pack.pack_rotamers: built 27271 rotamers at 301 positions.
core.pack.interaction_graph.interaction_graph_factory: Instantiating DensePDInteractionGraph
protocols.relax.FastRelax: CMD: repack  -769.484  1.70925  0.677452  0.55
protocols.relax.FastRelax: CMD: min  -793.658  1.81795  0.821981  0.55
protocols.relax.FastRelax: MRP: 1  -793.658  -793.658  1.81795  0.821981  
protocols.relax.FastRelax: CMD: accept_to_best  -793.658  1.81795  0.821981  0.55
protocols.relax.FastRelax: CMD: endrepeat  -793.658  1.81795  0.821981  0.55
protocols.relax.FastRelax: CMD: coord_cst_weight  5650.35  1.81795  0.821981  0.55
protocols.relax.FastRelax: CMD: scale:fa_rep  5466.94  1.81795  0.821981  0.022
core.pack.task: Packer task: initialize from command line() 
core.pack.pack_rotamers: built 30526 rotamers at 301 positions.
core.pack.interaction_graph.interaction_graph_factory: Instantiating DensePDInteractionGraph
protocols.relax.FastRelax: CMD: repack  5457.57  1.81795  0.821981  0.022
protocols.relax.FastRelax: CMD: scale:fa_rep  5461.85  1.81795  0.821981  0.02805
protocols.relax.FastRelax: CMD: min  -1006.84  1.5171  0.122151  0.02805
protocols.relax.FastRelax: CMD: coord_cst_weight  -1024.96  1.5171  0.122151  0.02805
protocols.relax.FastRelax: CMD: scale:fa_rep  -866.128  1.5171  0.122151  0.14575
core.pack.task: Packer task: initialize from command line() 
core.pack.pack_rotamers: built 28441 rotamers at 301 positions.
core.pack.interaction_graph.interaction_graph_factory: Instantiating DensePDInteractionGraph
protocols.relax.FastRelax: CMD: repack  -889.874  1.5171  0.122151  0.14575
protocols.relax.FastRelax: CMD: scale:fa_rep  -881.604  1.5171  0.122151  0.154
protocols.relax.FastRelax: CMD: min  -925.107  1.51848  0.133458  0.154
protocols.relax.FastRelax: CMD: coord_cst_weight  -947.413  1.51848  0.133458  0.154
protocols.relax.FastRelax: CMD: scale:fa_rep  -848.613  1.51848  0.133458  0.30745
core.pack.task: Packer task: initialize from command line() 
core.pack.pack_rotamers: built 27797 rotamers at 301 positions.
core.pack.interaction_graph.interaction_graph_factory: Instantiating DensePDInteractionGraph
protocols.relax.FastRelax: CMD: repack  -849.97  1.51848  0.133458  0.30745
protocols.relax.FastRelax: CMD: scale:fa_rep  -842.441  1.51848  0.133458  0.31955
protocols.relax.FastRelax: CMD: min  -885.527  1.73784  0.720897  0.31955
protocols.relax.FastRelax: CMD: coord_cst_weight  -885.527  1.73784  0.720897  0.31955
protocols.relax.FastRelax: CMD: scale:fa_rep  -770.906  1.73784  0.720897  0.55
core.pack.task: Packer task: initialize from command line() 
core.pack.pack_rotamers: built 27238 rotamers at 301 positions.
core.pack.interaction_graph.interaction_graph_factory: Instantiating DensePDInteractionGraph
protocols.relax.FastRelax: CMD: repack  -771.502  1.73784  0.720897  0.55
protocols.relax.FastRelax: CMD: min  -794.313  1.81733  0.802296  0.55
protocols.relax.FastRelax: MRP: 2  -794.313  -794.313  1.81733  0.802296  
protocols.relax.FastRelax: CMD: accept_to_best  -794.313  1.81733  0.802296  0.55
protocols.relax.FastRelax: CMD: endrepeat  -794.313  1.81733  0.802296  0.55
protocols.relax.FastRelax: CMD: coord_cst_weight  3714.46  1.81733  0.802296  0.55
protocols.relax.FastRelax: CMD: scale:fa_rep  3530.69  1.81733  0.802296  0.022
core.pack.task: Packer task: initialize from command line() 
core.pack.pack_rotamers: built 30462 rotamers at 301 positions.
core.pack.interaction_graph.interaction_graph_factory: Instantiating DensePDInteractionGraph
protocols.relax.FastRelax: CMD: repack  3517.6  1.81733  0.802296  0.022
protocols.relax.FastRelax: CMD: scale:fa_rep  3521.51  1.81733  0.802296  0.02805
protocols.relax.FastRelax: CMD: min  -1008.37  1.51687  0.124182  0.02805
protocols.relax.FastRelax: CMD: coord_cst_weight  -1027.01  1.51687  0.124182  0.02805
protocols.relax.FastRelax: CMD: scale:fa_rep  -872.351  1.51687  0.124182  0.14575
core.pack.task: Packer task: initialize from command line() 
core.pack.pack_rotamers: built 28508 rotamers at 301 positions.
core.pack.interaction_graph.interaction_graph_factory: Instantiating DensePDInteractionGraph
protocols.relax.FastRelax: CMD: repack  -891.785  1.51687  0.124182  0.14575
protocols.relax.FastRelax: CMD: scale:fa_rep  -883.445  1.51687  0.124182  0.154
protocols.relax.FastRelax: CMD: min  -926.289  1.51708  0.136544  0.154
protocols.relax.FastRelax: CMD: coord_cst_weight  -949.503  1.51708  0.136544  0.154
protocols.relax.FastRelax: CMD: scale:fa_rep  -851.097  1.51708  0.136544  0.30745
core.pack.task: Packer task: initialize from command line() 
core.pack.pack_rotamers: built 27787 rotamers at 301 positions.
core.pack.interaction_graph.interaction_graph_factory: Instantiating DensePDInteractionGraph
protocols.relax.FastRelax: CMD: repack  -851.989  1.51708  0.136544  0.30745
protocols.relax.FastRelax: CMD: scale:fa_rep  -844.5  1.51708  0.136544  0.31955
protocols.relax.FastRelax: CMD: min  -882.859  1.67765  0.616337  0.31955
protocols.relax.FastRelax: CMD: coord_cst_weight  -882.859  1.67765  0.616337  0.31955
protocols.relax.FastRelax: CMD: scale:fa_rep  -768.293  1.67765  0.616337  0.55
core.pack.task: Packer task: initialize from command line() 
core.pack.pack_rotamers: built 27142 rotamers at 301 positions.
core.pack.interaction_graph.interaction_graph_factory: Instantiating DensePDInteractionGraph
protocols.relax.FastRelax: CMD: repack  -768.856  1.67765  0.616337  0.55
protocols.relax.FastRelax: CMD: min  -794.221  1.81858  0.820985  0.55
protocols.relax.FastRelax: MRP: 3  -794.221  -794.313  1.81733  0.802296  
protocols.relax.FastRelax: CMD: accept_to_best  -794.221  1.81858  0.820985  0.55
protocols.relax.FastRelax: CMD: endrepeat  -794.221  1.81858  0.820985  0.55
protocols.relax.FastRelax: CMD: coord_cst_weight  4283.59  1.81858  0.820985  0.55
protocols.relax.FastRelax: CMD: scale:fa_rep  4099.66  1.81858  0.820985  0.022
core.pack.task: Packer task: initialize from command line() 
core.pack.pack_rotamers: built 30518 rotamers at 301 positions.
core.pack.interaction_graph.interaction_graph_factory: Instantiating DensePDInteractionGraph
protocols.relax.FastRelax: CMD: repack  4087.53  1.81858  0.820985  0.022
protocols.relax.FastRelax: CMD: scale:fa_rep  4092.06  1.81858  0.820985  0.02805
protocols.relax.FastRelax: CMD: min  -1007.05  1.51744  0.124006  0.02805
protocols.relax.FastRelax: CMD: coord_cst_weight  -1025.77  1.51744  0.124006  0.02805
protocols.relax.FastRelax: CMD: scale:fa_rep  -867.268  1.51744  0.124006  0.14575
core.pack.task: Packer task: initialize from command line() 
core.pack.pack_rotamers: built 28461 rotamers at 301 positions.
core.pack.interaction_graph.interaction_graph_factory: Instantiating DensePDInteractionGraph
protocols.relax.FastRelax: CMD: repack  -888.639  1.51744  0.124006  0.14575
protocols.relax.FastRelax: CMD: scale:fa_rep  -880.428  1.51744  0.124006  0.154
protocols.relax.FastRelax: CMD: min  -927.377  1.5192  0.138281  0.154
protocols.relax.FastRelax: CMD: coord_cst_weight  -951.323  1.5192  0.138281  0.154
protocols.relax.FastRelax: CMD: scale:fa_rep  -852.096  1.5192  0.138281  0.30745
core.pack.task: Packer task: initialize from command line() 
core.pack.pack_rotamers: built 27796 rotamers at 301 positions.
core.pack.interaction_graph.interaction_graph_factory: Instantiating DensePDInteractionGraph
protocols.relax.FastRelax: CMD: repack  -852.499  1.5192  0.138281  0.30745
protocols.relax.FastRelax: CMD: scale:fa_rep  -844.959  1.5192  0.138281  0.31955
protocols.relax.FastRelax: CMD: min  -887.882  1.75979  0.705521  0.31955
protocols.relax.FastRelax: CMD: coord_cst_weight  -887.882  1.75979  0.705521  0.31955
protocols.relax.FastRelax: CMD: scale:fa_rep  -771.766  1.75979  0.705521  0.55
core.pack.task: Packer task: initialize from command line() 
core.pack.pack_rotamers: built 27298 rotamers at 301 positions.
core.pack.interaction_graph.interaction_graph_factory: Instantiating DensePDInteractionGraph
protocols.relax.FastRelax: CMD: repack  -772.52  1.75979  0.705521  0.55
protocols.relax.FastRelax: CMD: min  -796.363  1.84354  0.794258  0.55
protocols.relax.FastRelax: MRP: 4  -796.363  -796.363  1.84354  0.794258  
protocols.relax.FastRelax: CMD: accept_to_best  -796.363  1.84354  0.794258  0.55
protocols.relax.FastRelax: CMD: endrepeat  -796.363  1.84354  0.794258  0.55
protocols::checkpoint: Deleting checkpoints of FastRelax
protocols.jd2.JobDistributor: aflibercept_input_0089_0003_0001 reported success in 1908 seconds
protocols.jd2.PDBJobInputter: PDBJobInputter::pose_from_job
protocols.jd2.PDBJobInputter: filling pose from PDB ../2_remodel/top_20_by_total_score/aflibercept_input_0097_0003.pdb
core.import_pose.import_pose: File '../2_remodel/top_20_by_total_score/aflibercept_input_0097_0003.pdb' automatically determined to be of type PDB
core.conformation.Conformation: Found disulfide between residues 30 79
core.conformation.Conformation: current variant for 30 CYS
core.conformation.Conformation: current variant for 79 CYS
core.conformation.Conformation: current variant for 30 CYD
core.conformation.Conformation: current variant for 79 CYD
core.conformation.Conformation: Found disulfide between residues 124 185
core.conformation.Conformation: current variant for 124 CYS
core.conformation.Conformation: current variant for 185 CYS
core.conformation.Conformation: current variant for 124 CYD
core.conformation.Conformation: current variant for 185 CYD
core.conformation.Conformation: Found disulfide between residues 219 261
core.conformation.Conformation: current variant for 219 CYS
core.conformation.Conformation: current variant for 261 CYS
core.conformation.Conformation: current variant for 219 CYD
core.conformation.Conformation: current variant for 261 CYD
core.conformation.Conformation: Found disulfide between residues 250 295
core.conformation.Conformation: current variant for 250 CYS
core.conformation.Conformation: current variant for 295 CYS
core.conformation.Conformation: current variant for 250 CYD
core.conformation.Conformation: current variant for 295 CYD
core.conformation.Conformation: Found disulfide between residues 254 297
core.conformation.Conformation: current variant for 254 CYS
core.conformation.Conformation: current variant for 297 CYS
core.conformation.Conformation: current variant for 254 CYD
core.conformation.Conformation: current variant for 297 CYD
protocols.relax.FastRelax: CMD: repeat  83.7909  1.72446  0  0.55
protocols.relax.FastRelax: CMD: coord_cst_weight  83.7909  1.72446  0  0.55
protocols.relax.FastRelax: CMD: scale:fa_rep  -880.239  1.72446  0  0.022
core.pack.task: Packer task: initialize from command line() 
core.pack.pack_rotamers: built 30589 rotamers at 301 positions.
core.pack.interaction_graph.interaction_graph_factory: Instantiating DensePDInteractionGraph
protocols.relax.FastRelax: CMD: repack  -932.958  1.72446  0  0.022
protocols.relax.FastRelax: CMD: scale:fa_rep  -925.058  1.72446  0  0.02805
protocols.relax.FastRelax: CMD: min  -1016.4  1.73159  0.108293  0.02805
protocols.relax.FastRelax: CMD: coord_cst_weight  -1030.13  1.73159  0.108293  0.02805
protocols.relax.FastRelax: CMD: scale:fa_rep  -870.833  1.73159  0.108293  0.14575
core.pack.task: Packer task: initialize from command line() 
core.pack.pack_rotamers: built 28240 rotamers at 301 positions.
core.pack.interaction_graph.interaction_graph_factory: Instantiating DensePDInteractionGraph
protocols.relax.FastRelax: CMD: repack  -890.255  1.73159  0.108293  0.14575
protocols.relax.FastRelax: CMD: scale:fa_rep  -881.699  1.73159  0.108293  0.154
protocols.relax.FastRelax: CMD: min  -926.401  1.7347  0.118403  0.154
protocols.relax.FastRelax: CMD: coord_cst_weight  -943.161  1.7347  0.118403  0.154
protocols.relax.FastRelax: CMD: scale:fa_rep  -843.265  1.7347  0.118403  0.30745
core.pack.task: Packer task: initialize from command line() 
core.pack.pack_rotamers: built 27587 rotamers at 301 positions.
core.pack.interaction_graph.interaction_graph_factory: Instantiating DensePDInteractionGraph
protocols.relax.FastRelax: CMD: repack  -844.833  1.7347  0.118403  0.30745
protocols.relax.FastRelax: CMD: scale:fa_rep  -837.148  1.7347  0.118403  0.31955
protocols.relax.FastRelax: CMD: min  -858.466  1.83597  0.306342  0.31955
protocols.relax.FastRelax: CMD: coord_cst_weight  -858.466  1.83597  0.306342  0.31955
protocols.relax.FastRelax: CMD: scale:fa_rep  -745.285  1.83597  0.306342  0.55
core.pack.task: Packer task: initialize from command line() 
core.pack.pack_rotamers: built 27032 rotamers at 301 positions.
core.pack.interaction_graph.interaction_graph_factory: Instantiating DensePDInteractionGraph
protocols.relax.FastRelax: CMD: repack  -745.691  1.83597  0.306342  0.55
protocols.relax.FastRelax: CMD: min  -775.881  2.20128  0.894998  0.55
protocols.relax.FastRelax: MRP: 0  -775.881  -775.881  2.20128  0.894998  
protocols.relax.FastRelax: CMD: accept_to_best  -775.881  2.20128  0.894998  0.55
protocols.relax.FastRelax: CMD: endrepeat  -775.881  2.20128  0.894998  0.55
protocols.relax.FastRelax: CMD: coord_cst_weight  3893.58  2.20128  0.894998  0.55
protocols.relax.FastRelax: CMD: scale:fa_rep  3711.31  2.20128  0.894998  0.022
core.pack.task: Packer task: initialize from command line() 
core.pack.pack_rotamers: built 30588 rotamers at 301 positions.
core.pack.interaction_graph.interaction_graph_factory: Instantiating DensePDInteractionGraph
protocols.relax.FastRelax: CMD: repack  3690.86  2.20128  0.894998  0.022
protocols.relax.FastRelax: CMD: scale:fa_rep  3695.5  2.20128  0.894998  0.02805
protocols.relax.FastRelax: CMD: min  -1021.74  1.73231  0.116652  0.02805
protocols.relax.FastRelax: CMD: coord_cst_weight  -1038.1  1.73231  0.116652  0.02805
protocols.relax.FastRelax: CMD: scale:fa_rep  -867.846  1.73231  0.116652  0.14575
core.pack.task: Packer task: initialize from command line() 
core.pack.pack_rotamers: built 28360 rotamers at 301 positions.
core.pack.interaction_graph.interaction_graph_factory: Instantiating DensePDInteractionGraph
protocols.relax.FastRelax: CMD: repack  -893.304  1.73231  0.116652  0.14575
protocols.relax.FastRelax: CMD: scale:fa_rep  -884.693  1.73231  0.116652  0.154
protocols.relax.FastRelax: CMD: min  -929.151  1.73653  0.12571  0.154
protocols.relax.FastRelax: CMD: coord_cst_weight  -948.332  1.73653  0.12571  0.154
protocols.relax.FastRelax: CMD: scale:fa_rep  -847.618  1.73653  0.12571  0.30745
core.pack.task: Packer task: initialize from command line() 
core.pack.pack_rotamers: built 27653 rotamers at 301 positions.
core.pack.interaction_graph.interaction_graph_factory: Instantiating DensePDInteractionGraph
protocols.relax.FastRelax: CMD: repack  -848.604  1.73653  0.12571  0.30745
protocols.relax.FastRelax: CMD: scale:fa_rep  -840.836  1.73653  0.12571  0.31955
protocols.relax.FastRelax: CMD: min  -870.8  1.9769  0.615406  0.31955
protocols.relax.FastRelax: CMD: coord_cst_weight  -870.8  1.9769  0.615406  0.31955
protocols.relax.FastRelax: CMD: scale:fa_rep  -756.445  1.9769  0.615406  0.55
core.pack.task: Packer task: initialize from command line() 
core.pack.pack_rotamers: built 27135 rotamers at 301 positions.
core.pack.interaction_graph.interaction_graph_factory: Instantiating DensePDInteractionGraph
protocols.relax.FastRelax: CMD: repack  -757.145  1.9769  0.615406  0.55
protocols.relax.FastRelax: CMD: min  -783.012  2.2038  0.94032  0.55
protocols.relax.FastRelax: MRP: 1  -783.012  -783.012  2.2038  0.94032  
protocols.relax.FastRelax: CMD: accept_to_best  -783.012  2.2038  0.94032  0.55
protocols.relax.FastRelax: CMD: endrepeat  -783.012  2.2038  0.94032  0.55
protocols.relax.FastRelax: CMD: coord_cst_weight  3205.01  2.2038  0.94032  0.55
protocols.relax.FastRelax: CMD: scale:fa_rep  3019.48  2.2038  0.94032  0.022
core.pack.task: Packer task: initialize from command line() 
core.pack.pack_rotamers: built 30455 rotamers at 301 positions.
core.pack.interaction_graph.interaction_graph_factory: Instantiating DensePDInteractionGraph
protocols.relax.FastRelax: CMD: repack  3005.16  2.2038  0.94032  0.022
protocols.relax.FastRelax: CMD: scale:fa_rep  3009.68  2.2038  0.94032  0.02805
protocols.relax.FastRelax: CMD: min  -1018.26  1.73241  0.120799  0.02805
protocols.relax.FastRelax: CMD: coord_cst_weight  -1035.11  1.73241  0.120799  0.02805
protocols.relax.FastRelax: CMD: scale:fa_rep  -866.666  1.73241  0.120799  0.14575
core.pack.task: Packer task: initialize from command line() 
core.pack.pack_rotamers: built 28486 rotamers at 301 positions.
core.pack.interaction_graph.interaction_graph_factory: Instantiating DensePDInteractionGraph
protocols.relax.FastRelax: CMD: repack  -896.941  1.73241  0.120799  0.14575
protocols.relax.FastRelax: CMD: scale:fa_rep  -888.868  1.73241  0.120799  0.154
protocols.relax.FastRelax: CMD: min  -934.805  1.73724  0.126228  0.154
protocols.relax.FastRelax: CMD: coord_cst_weight  -953.367  1.73724  0.126228  0.154
protocols.relax.FastRelax: CMD: scale:fa_rep  -855.156  1.73724  0.126228  0.30745
core.pack.task: Packer task: initialize from command line() 
core.pack.pack_rotamers: built 27763 rotamers at 301 positions.
core.pack.interaction_graph.interaction_graph_factory: Instantiating DensePDInteractionGraph
protocols.relax.FastRelax: CMD: repack  -856.11  1.73724  0.126228  0.30745
protocols.relax.FastRelax: CMD: scale:fa_rep  -848.511  1.73724  0.126228  0.31955
protocols.relax.FastRelax: CMD: min  -870.616  1.97247  0.476666  0.31955
protocols.relax.FastRelax: CMD: coord_cst_weight  -870.616  1.97247  0.476666  0.31955
protocols.relax.FastRelax: CMD: scale:fa_rep  -758.124  1.97247  0.476666  0.55
core.pack.task: Packer task: initialize from command line() 
core.pack.pack_rotamers: built 27269 rotamers at 301 positions.
core.pack.interaction_graph.interaction_graph_factory: Instantiating DensePDInteractionGraph
protocols.relax.FastRelax: CMD: repack  -758.369  1.97247  0.476666  0.55
protocols.relax.FastRelax: CMD: min  -787.598  2.62242  1.44826  0.55
protocols.relax.FastRelax: MRP: 2  -787.598  -787.598  2.62242  1.44826  
protocols.relax.FastRelax: CMD: accept_to_best  -787.598  2.62242  1.44826  0.55
protocols.relax.FastRelax: CMD: endrepeat  -787.598  2.62242  1.44826  0.55
protocols.relax.FastRelax: CMD: coord_cst_weight  7977.8  2.62242  1.44826  0.55
protocols.relax.FastRelax: CMD: scale:fa_rep  7795.82  2.62242  1.44826  0.022
core.pack.task: Packer task: initialize from command line() 
core.pack.pack_rotamers: built 30535 rotamers at 301 positions.
core.pack.interaction_graph.interaction_graph_factory: Instantiating DensePDInteractionGraph
protocols.relax.FastRelax: CMD: repack  7779.75  2.62242  1.44826  0.022
protocols.relax.FastRelax: CMD: scale:fa_rep  7783.92  2.62242  1.44826  0.02805
protocols.relax.FastRelax: CMD: min  -1019.27  1.73412  0.124371  0.02805
protocols.relax.FastRelax: CMD: coord_cst_weight  -1036.89  1.73412  0.124371  0.02805
protocols.relax.FastRelax: CMD: scale:fa_rep  -877.354  1.73412  0.124371  0.14575
core.pack.task: Packer task: initialize from command line() 
core.pack.pack_rotamers: built 28546 rotamers at 301 positions.
core.pack.interaction_graph.interaction_graph_factory: Instantiating DensePDInteractionGraph
protocols.relax.FastRelax: CMD: repack  -900.656  1.73412  0.124371  0.14575
protocols.relax.FastRelax: CMD: scale:fa_rep  -892.535  1.73412  0.124371  0.154
protocols.relax.FastRelax: CMD: min  -934.868  1.7372  0.125704  0.154
protocols.relax.FastRelax: CMD: coord_cst_weight  -953.566  1.7372  0.125704  0.154
protocols.relax.FastRelax: CMD: scale:fa_rep  -856.032  1.7372  0.125704  0.30745
core.pack.task: Packer task: initialize from command line() 
core.pack.pack_rotamers: built 27743 rotamers at 301 positions.
core.pack.interaction_graph.interaction_graph_factory: Instantiating DensePDInteractionGraph
protocols.relax.FastRelax: CMD: repack  -855.756  1.7372  0.125704  0.30745
protocols.relax.FastRelax: CMD: scale:fa_rep  -848.219  1.7372  0.125704  0.31955
protocols.relax.FastRelax: CMD: min  -875.816  2.26834  0.933696  0.31955
protocols.relax.FastRelax: CMD: coord_cst_weight  -875.816  2.26834  0.933696  0.31955
protocols.relax.FastRelax: CMD: scale:fa_rep  -763.17  2.26834  0.933696  0.55
core.pack.task: Packer task: initialize from command line() 
core.pack.pack_rotamers: built 27221 rotamers at 301 positions.
core.pack.interaction_graph.interaction_graph_factory: Instantiating DensePDInteractionGraph
protocols.relax.FastRelax: CMD: repack  -763.471  2.26834  0.933696  0.55
protocols.relax.FastRelax: CMD: min  -788.085  2.86818  1.77728  0.55
protocols.relax.FastRelax: MRP: 3  -788.085  -788.085  2.86818  1.77728  
protocols.relax.FastRelax: CMD: accept_to_best  -788.085  2.86818  1.77728  0.55
protocols.relax.FastRelax: CMD: endrepeat  -788.085  2.86818  1.77728  0.55
protocols.relax.FastRelax: CMD: coord_cst_weight  15966.7  2.86818  1.77728  0.55
protocols.relax.FastRelax: CMD: scale:fa_rep  15785.7  2.86818  1.77728  0.022
core.pack.task: Packer task: initialize from command line() 
core.pack.pack_rotamers: built 30517 rotamers at 301 positions.
core.pack.interaction_graph.interaction_graph_factory: Instantiating DensePDInteractionGraph
protocols.relax.FastRelax: CMD: repack  15768.9  2.86818  1.77728  0.022
protocols.relax.FastRelax: CMD: scale:fa_rep  15773  2.86818  1.77728  0.02805
protocols.relax.FastRelax: CMD: min  -1019.33  1.73406  0.125493  0.02805
protocols.relax.FastRelax: CMD: coord_cst_weight  -1037.27  1.73406  0.125493  0.02805
protocols.relax.FastRelax: CMD: scale:fa_rep  -881.135  1.73406  0.125493  0.14575
core.pack.task: Packer task: initialize from command line() 
core.pack.pack_rotamers: built 28480 rotamers at 301 positions.
core.pack.interaction_graph.interaction_graph_factory: Instantiating DensePDInteractionGraph
protocols.relax.FastRelax: CMD: repack  -899.02  1.73406  0.125493  0.14575
protocols.relax.FastRelax: CMD: scale:fa_rep  -890.762  1.73406  0.125493  0.154
protocols.relax.FastRelax: CMD: min  -934.194  1.73769  0.128709  0.154
protocols.relax.FastRelax: CMD: coord_cst_weight  -953.776  1.73769  0.128709  0.154
protocols.relax.FastRelax: CMD: scale:fa_rep  -854.853  1.73769  0.128709  0.30745
core.pack.task: Packer task: initialize from command line() 
core.pack.pack_rotamers: built 27767 rotamers at 301 positions.
core.pack.interaction_graph.interaction_graph_factory: Instantiating DensePDInteractionGraph
protocols.relax.FastRelax: CMD: repack  -855.776  1.73769  0.128709  0.30745
protocols.relax.FastRelax: CMD: scale:fa_rep  -848.195  1.73769  0.128709  0.31955
protocols.relax.FastRelax: CMD: min  -877.12  2.30566  1.04131  0.31955
protocols.relax.FastRelax: CMD: coord_cst_weight  -877.12  2.30566  1.04131  0.31955
protocols.relax.FastRelax: CMD: scale:fa_rep  -764.863  2.30566  1.04131  0.55
core.pack.task: Packer task: initialize from command line() 
core.pack.pack_rotamers: built 27326 rotamers at 301 positions.
core.pack.interaction_graph.interaction_graph_factory: Instantiating DensePDInteractionGraph
protocols.relax.FastRelax: CMD: repack  -764.564  2.30566  1.04131  0.55
protocols.relax.FastRelax: CMD: min  -784.34  2.45674  1.24012  0.55
protocols.relax.FastRelax: MRP: 4  -784.34  -788.085  2.86818  1.77728  
protocols.relax.FastRelax: CMD: accept_to_best  -784.34  2.45674  1.24012  0.55
protocols.relax.FastRelax: CMD: endrepeat  -784.34  2.45674  1.24012  0.55
protocols::checkpoint: Deleting checkpoints of FastRelax
protocols.jd2.JobDistributor: aflibercept_input_0097_0003_0006 reported success in 1711 seconds
protocols.jd2.PDBJobInputter: PDBJobInputter::pose_from_job
protocols.jd2.PDBJobInputter: filling pose from PDB ../2_remodel/top_20_by_total_score/aflibercept_input_0099_0002.pdb
core.import_pose.import_pose: File '../2_remodel/top_20_by_total_score/aflibercept_input_0099_0002.pdb' automatically determined to be of type PDB
core.conformation.Conformation: Found disulfide between residues 30 79
core.conformation.Conformation: current variant for 30 CYS
core.conformation.Conformation: current variant for 79 CYS
core.conformation.Conformation: current variant for 30 CYD
core.conformation.Conformation: current variant for 79 CYD
core.conformation.Conformation: Found disulfide between residues 124 185
core.conformation.Conformation: current variant for 124 CYS
core.conformation.Conformation: current variant for 185 CYS
core.conformation.Conformation: current variant for 124 CYD
core.conformation.Conformation: current variant for 185 CYD
core.conformation.Conformation: Found disulfide between residues 219 261
core.conformation.Conformation: current variant for 219 CYS
core.conformation.Conformation: current variant for 261 CYS
core.conformation.Conformation: current variant for 219 CYD
core.conformation.Conformation: current variant for 261 CYD
core.conformation.Conformation: Found disulfide between residues 250 295
core.conformation.Conformation: current variant for 250 CYS
core.conformation.Conformation: current variant for 295 CYS
core.conformation.Conformation: current variant for 250 CYD
core.conformation.Conformation: current variant for 295 CYD
core.conformation.Conformation: Found disulfide between residues 254 297
core.conformation.Conformation: current variant for 254 CYS
core.conformation.Conformation: current variant for 297 CYS
core.conformation.Conformation: current variant for 254 CYD
core.conformation.Conformation: current variant for 297 CYD
protocols.relax.FastRelax: CMD: repeat  123.644  1.61251  0  0.55
protocols.relax.FastRelax: CMD: coord_cst_weight  123.644  1.61251  0  0.55
protocols.relax.FastRelax: CMD: scale:fa_rep  -855.441  1.61251  0  0.022
core.pack.task: Packer task: initialize from command line() 
core.pack.pack_rotamers: built 30471 rotamers at 301 positions.
core.pack.interaction_graph.interaction_graph_factory: Instantiating DensePDInteractionGraph
protocols.relax.FastRelax: CMD: repack  -898.61  1.61251  0  0.022
protocols.relax.FastRelax: CMD: scale:fa_rep  -890.569  1.61251  0  0.02805
protocols.relax.FastRelax: CMD: min  -982.659  1.61827  0.116718  0.02805
protocols.relax.FastRelax: CMD: coord_cst_weight  -999.241  1.61827  0.116718  0.02805
protocols.relax.FastRelax: CMD: scale:fa_rep  -832.314  1.61827  0.116718  0.14575
core.pack.task: Packer task: initialize from command line() 
core.pack.pack_rotamers: built 28448 rotamers at 301 positions.
core.pack.interaction_graph.interaction_graph_factory: Instantiating DensePDInteractionGraph
protocols.relax.FastRelax: CMD: repack  -856.527  1.61827  0.116718  0.14575
protocols.relax.FastRelax: CMD: scale:fa_rep  -847.963  1.61827  0.116718  0.154
protocols.relax.FastRelax: CMD: min  -898.296  1.62152  0.129302  0.154
protocols.relax.FastRelax: CMD: coord_cst_weight  -919.838  1.62152  0.129302  0.154
protocols.relax.FastRelax: CMD: scale:fa_rep  -819.684  1.62152  0.129302  0.30745
core.pack.task: Packer task: initialize from command line() 
core.pack.pack_rotamers: built 27789 rotamers at 301 positions.
core.pack.interaction_graph.interaction_graph_factory: Instantiating DensePDInteractionGraph
protocols.relax.FastRelax: CMD: repack  -822.425  1.62152  0.129302  0.30745
protocols.relax.FastRelax: CMD: scale:fa_rep  -814.982  1.62152  0.129302  0.31955
protocols.relax.FastRelax: CMD: min  -853.283  1.93707  1.37313  0.31955
protocols.relax.FastRelax: CMD: coord_cst_weight  -853.283  1.93707  1.37313  0.31955
protocols.relax.FastRelax: CMD: scale:fa_rep  -740.389  1.93707  1.37313  0.55
core.pack.task: Packer task: initialize from command line() 
core.pack.pack_rotamers: built 27250 rotamers at 301 positions.
core.pack.interaction_graph.interaction_graph_factory: Instantiating DensePDInteractionGraph
protocols.relax.FastRelax: CMD: repack  -741.946  1.93707  1.37313  0.55
protocols.relax.FastRelax: CMD: min  -768.558  2.20587  1.78691  0.55
protocols.relax.FastRelax: MRP: 0  -768.558  -768.558  2.20587  1.78691  
protocols.relax.FastRelax: CMD: accept_to_best  -768.558  2.20587  1.78691  0.55
protocols.relax.FastRelax: CMD: endrepeat  -768.558  2.20587  1.78691  0.55
protocols.relax.FastRelax: CMD: coord_cst_weight  27015.1  2.20587  1.78691  0.55
protocols.relax.FastRelax: CMD: scale:fa_rep  26834.7  2.20587  1.78691  0.022
core.pack.task: Packer task: initialize from command line() 
core.pack.pack_rotamers: built 30735 rotamers at 301 positions.
core.pack.interaction_graph.interaction_graph_factory: Instantiating DensePDInteractionGraph
protocols.relax.FastRelax: CMD: repack  26814.8  2.20587  1.78691  0.022
protocols.relax.FastRelax: CMD: scale:fa_rep  26820.3  2.20587  1.78691  0.02805
protocols.relax.FastRelax: CMD: min  -986.929  1.61717  0.132977  0.02805
protocols.relax.FastRelax: CMD: coord_cst_weight  -1009.21  1.61717  0.132977  0.02805
protocols.relax.FastRelax: CMD: scale:fa_rep  -832.072  1.61717  0.132977  0.14575
core.pack.task: Packer task: initialize from command line() 
core.pack.pack_rotamers: built 28503 rotamers at 301 positions.
core.pack.interaction_graph.interaction_graph_factory: Instantiating DensePDInteractionGraph
protocols.relax.FastRelax: CMD: repack  -867.764  1.61717  0.132977  0.14575
protocols.relax.FastRelax: CMD: scale:fa_rep  -859.542  1.61717  0.132977  0.154
protocols.relax.FastRelax: CMD: min  -904.917  1.61691  0.14051  0.154
protocols.relax.FastRelax: CMD: coord_cst_weight  -930.869  1.61691  0.14051  0.154
protocols.relax.FastRelax: CMD: scale:fa_rep  -831.213  1.61691  0.14051  0.30745
core.pack.task: Packer task: initialize from command line() 
core.pack.pack_rotamers: built 27772 rotamers at 301 positions.
core.pack.interaction_graph.interaction_graph_factory: Instantiating DensePDInteractionGraph
protocols.relax.FastRelax: CMD: repack  -831.447  1.61691  0.14051  0.30745
protocols.relax.FastRelax: CMD: scale:fa_rep  -823.8  1.61691  0.14051  0.31955
protocols.relax.FastRelax: CMD: min  -861.294  1.82928  1.16533  0.31955
protocols.relax.FastRelax: CMD: coord_cst_weight  -861.294  1.82928  1.16533  0.31955
protocols.relax.FastRelax: CMD: scale:fa_rep  -746.763  1.82928  1.16533  0.55
core.pack.task: Packer task: initialize from command line() 
core.pack.pack_rotamers: built 27350 rotamers at 301 positions.
core.pack.interaction_graph.interaction_graph_factory: Instantiating DensePDInteractionGraph
protocols.relax.FastRelax: CMD: repack  -748.19  1.82928  1.16533  0.55
protocols.relax.FastRelax: CMD: min  -774.328  2.08102  1.58079  0.55
protocols.relax.FastRelax: MRP: 1  -774.328  -774.328  2.08102  1.58079  
protocols.relax.FastRelax: CMD: accept_to_best  -774.328  2.08102  1.58079  0.55
protocols.relax.FastRelax: CMD: endrepeat  -774.328  2.08102  1.58079  0.55
protocols.relax.FastRelax: CMD: coord_cst_weight  22565.6  2.08102  1.58079  0.55
protocols.relax.FastRelax: CMD: scale:fa_rep  22382.8  2.08102  1.58079  0.022
core.pack.task: Packer task: initialize from command line() 
core.pack.pack_rotamers: built 30690 rotamers at 301 positions.
core.pack.interaction_graph.interaction_graph_factory: Instantiating DensePDInteractionGraph
protocols.relax.FastRelax: CMD: repack  22360.8  2.08102  1.58079  0.022
protocols.relax.FastRelax: CMD: scale:fa_rep  22365.4  2.08102  1.58079  0.02805
protocols.relax.FastRelax: CMD: min  -990.254  1.61816  0.14286  0.02805
protocols.relax.FastRelax: CMD: coord_cst_weight  -1014.83  1.61816  0.14286  0.02805
protocols.relax.FastRelax: CMD: scale:fa_rep  -839.22  1.61816  0.14286  0.14575
core.pack.task: Packer task: initialize from command line() 
core.pack.pack_rotamers: built 28343 rotamers at 301 positions.
core.pack.interaction_graph.interaction_graph_factory: Instantiating DensePDInteractionGraph
protocols.relax.FastRelax: CMD: repack  -871.243  1.61816  0.14286  0.14575
protocols.relax.FastRelax: CMD: scale:fa_rep  -863.098  1.61816  0.14286  0.154
protocols.relax.FastRelax: CMD: min  -907.801  1.61655  0.14858  0.154
protocols.relax.FastRelax: CMD: coord_cst_weight  -935.325  1.61655  0.14858  0.154
protocols.relax.FastRelax: CMD: scale:fa_rep  -836.427  1.61655  0.14858  0.30745
core.pack.task: Packer task: initialize from command line() 
core.pack.pack_rotamers: built 27818 rotamers at 301 positions.
core.pack.interaction_graph.interaction_graph_factory: Instantiating DensePDInteractionGraph
protocols.relax.FastRelax: CMD: repack  -837.459  1.61655  0.14858  0.30745
protocols.relax.FastRelax: CMD: scale:fa_rep  -829.845  1.61655  0.14858  0.31955
protocols.relax.FastRelax: CMD: min  -864.731  1.78473  1.01338  0.31955
protocols.relax.FastRelax: CMD: coord_cst_weight  -864.731  1.78473  1.01338  0.31955
protocols.relax.FastRelax: CMD: scale:fa_rep  -749.363  1.78473  1.01338  0.55
core.pack.task: Packer task: initialize from command line() 
core.pack.pack_rotamers: built 27346 rotamers at 301 positions.
core.pack.interaction_graph.interaction_graph_factory: Instantiating DensePDInteractionGraph
protocols.relax.FastRelax: CMD: repack  -750.353  1.78473  1.01338  0.55
protocols.relax.FastRelax: CMD: min  -769.929  1.84156  1.05576  0.55
protocols.relax.FastRelax: MRP: 2  -769.929  -774.328  2.08102  1.58079  
protocols.relax.FastRelax: CMD: accept_to_best  -769.929  1.84156  1.05576  0.55
protocols.relax.FastRelax: CMD: endrepeat  -769.929  1.84156  1.05576  0.55
protocols.relax.FastRelax: CMD: coord_cst_weight  6291.89  1.84156  1.05576  0.55
protocols.relax.FastRelax: CMD: scale:fa_rep  6101.55  1.84156  1.05576  0.022
core.pack.task: Packer task: initialize from command line() 
core.pack.pack_rotamers: built 30833 rotamers at 301 positions.
core.pack.interaction_graph.interaction_graph_factory: Instantiating DensePDInteractionGraph
protocols.relax.FastRelax: CMD: repack  6079.84  1.84156  1.05576  0.022
protocols.relax.FastRelax: CMD: scale:fa_rep  6085.1  1.84156  1.05576  0.02805
protocols.relax.FastRelax: CMD: min  -989.419  1.61769  0.14419  0.02805
protocols.relax.FastRelax: CMD: coord_cst_weight  -1014.06  1.61769  0.14419  0.02805
protocols.relax.FastRelax: CMD: scale:fa_rep  -840.011  1.61769  0.14419  0.14575
core.pack.task: Packer task: initialize from command line() 
core.pack.pack_rotamers: built 28364 rotamers at 301 positions.
core.pack.interaction_graph.interaction_graph_factory: Instantiating DensePDInteractionGraph
protocols.relax.FastRelax: CMD: repack  -869.523  1.61769  0.14419  0.14575
protocols.relax.FastRelax: CMD: scale:fa_rep  -861.245  1.61769  0.14419  0.154
protocols.relax.FastRelax: CMD: min  -910.876  1.61788  0.153046  0.154
protocols.relax.FastRelax: CMD: coord_cst_weight  -939.697  1.61788  0.153046  0.154
protocols.relax.FastRelax: CMD: scale:fa_rep  -840.291  1.61788  0.153046  0.30745
core.pack.task: Packer task: initialize from command line() 
core.pack.pack_rotamers: built 27847 rotamers at 301 positions.
core.pack.interaction_graph.interaction_graph_factory: Instantiating DensePDInteractionGraph
protocols.relax.FastRelax: CMD: repack  -840.373  1.61788  0.153046  0.30745
protocols.relax.FastRelax: CMD: scale:fa_rep  -832.744  1.61788  0.153046  0.31955
protocols.relax.FastRelax: CMD: min  -853.795  1.64656  0.482925  0.31955
protocols.relax.FastRelax: CMD: coord_cst_weight  -853.795  1.64656  0.482925  0.31955
protocols.relax.FastRelax: CMD: scale:fa_rep  -736.771  1.64656  0.482925  0.55
core.pack.task: Packer task: initialize from command line() 
core.pack.pack_rotamers: built 27235 rotamers at 301 positions.
core.pack.interaction_graph.interaction_graph_factory: Instantiating DensePDInteractionGraph
protocols.relax.FastRelax: CMD: repack  -737.486  1.64656  0.482925  0.55
protocols.relax.FastRelax: CMD: min  -778.505  1.99607  1.12807  0.55
protocols.relax.FastRelax: MRP: 3  -778.505  -778.505  1.99607  1.12807  
protocols.relax.FastRelax: CMD: accept_to_best  -778.505  1.99607  1.12807  0.55
protocols.relax.FastRelax: CMD: endrepeat  -778.505  1.99607  1.12807  0.55
protocols.relax.FastRelax: CMD: coord_cst_weight  10432.7  1.99607  1.12807  0.55
protocols.relax.FastRelax: CMD: scale:fa_rep  10251.3  1.99607  1.12807  0.022
core.pack.task: Packer task: initialize from command line() 
core.pack.pack_rotamers: built 30655 rotamers at 301 positions.
core.pack.interaction_graph.interaction_graph_factory: Instantiating DensePDInteractionGraph
protocols.relax.FastRelax: CMD: repack  10230.7  1.99607  1.12807  0.022
protocols.relax.FastRelax: CMD: scale:fa_rep  10237.5  1.99607  1.12807  0.02805
protocols.relax.FastRelax: CMD: min  -991.434  1.61909  0.145691  0.02805
protocols.relax.FastRelax: CMD: coord_cst_weight  -1016.53  1.61909  0.145691  0.02805
protocols.relax.FastRelax: CMD: scale:fa_rep  -838.244  1.61909  0.145691  0.14575
core.pack.task: Packer task: initialize from command line() 
core.pack.pack_rotamers: built 28405 rotamers at 301 positions.
core.pack.interaction_graph.interaction_graph_factory: Instantiating DensePDInteractionGraph
protocols.relax.FastRelax: CMD: repack  -867.543  1.61909  0.145691  0.14575
protocols.relax.FastRelax: CMD: scale:fa_rep  -859.408  1.61909  0.145691  0.154
protocols.relax.FastRelax: CMD: min  -905.564  1.61679  0.154104  0.154
protocols.relax.FastRelax: CMD: coord_cst_weight  -935.031  1.61679  0.154104  0.154
protocols.relax.FastRelax: CMD: scale:fa_rep  -836.863  1.61679  0.154104  0.30745
core.pack.task: Packer task: initialize from command line() 
core.pack.pack_rotamers: built 27703 rotamers at 301 positions.
core.pack.interaction_graph.interaction_graph_factory: Instantiating DensePDInteractionGraph
protocols.relax.FastRelax: CMD: repack  -837.884  1.61679  0.154104  0.30745
protocols.relax.FastRelax: CMD: scale:fa_rep  -830.273  1.61679  0.154104  0.31955
protocols.relax.FastRelax: CMD: min  -856.12  1.71374  0.688459  0.31955
protocols.relax.FastRelax: CMD: coord_cst_weight  -856.12  1.71374  0.688459  0.31955
protocols.relax.FastRelax: CMD: scale:fa_rep  -741.988  1.71374  0.688459  0.55
core.pack.task: Packer task: initialize from command line() 
core.pack.pack_rotamers: built 27075 rotamers at 301 positions.
core.pack.interaction_graph.interaction_graph_factory: Instantiating DensePDInteractionGraph
protocols.relax.FastRelax: CMD: repack  -742.962  1.71374  0.688459  0.55
protocols.relax.FastRelax: CMD: min  -780.46  2.01743  1.21722  0.55
protocols.relax.FastRelax: MRP: 4  -780.46  -780.46  2.01743  1.21722  
protocols.relax.FastRelax: CMD: accept_to_best  -780.46  2.01743  1.21722  0.55
protocols.relax.FastRelax: CMD: endrepeat  -780.46  2.01743  1.21722  0.55
protocols::checkpoint: Deleting checkpoints of FastRelax
protocols.jd2.JobDistributor: aflibercept_input_0099_0002_0010 reported success in 2499 seconds
protocols.jd2.JobDistributor: no more batches to process... 
protocols.jd2.JobDistributor: 200 jobs considered, 5 jobs attempted in 9484 seconds
basic.citation_manager.CitationManager: 
The following Rosetta modules were used during this run of Rosetta, and should be cited:

FastRelax Mover's citation(s):
Khatib F, Cooper S, Tyka MD, Xu K, Makedon I, Popovic Z, Baker D, and Players F.  (2011).  Algorithm discovery by protein folding game players.  Proc Natl Acad Sci USA 108(47):18949-53.  doi: 10.1073/pnas.1115898108.


