core.init: Checking for fconfig files in pwd and ./rosetta/flags 
core.init: Rosetta version: 2020.50.post.dev+250.rahelf.iamdisulfidedetect.e9ee94d52d4 e9ee94d52d4b120645d0d27c8cf7d02d7b1ec59c git@github.com:RosettaCommons/main.git 2021-02-04T18:52:55
core.init: command: /Users/rfrick2/Rosetta/main/source/bin/relax.macosclangrelease @relax.flags
basic.random.init_random_generator: 'RNG device' seed mode, using '/dev/urandom', seed=1017726588 seed_offset=0 real_seed=1017726588
basic.random.init_random_generator: RandomGenerator:init: Normal mode, seed=1017726588 RG_type=mt19937
core.init: found database environment variable ROSETTA3_DB: /Users/rfrick2/Rosetta_RAbD/main/database
core.scoring.ScoreFunctionFactory: SCOREFUNCTION: ref2015
core.scoring.etable: Starting energy table calculation
core.scoring.etable: smooth_etable: changing atr/rep split to bottom of energy well
core.scoring.etable: smooth_etable: spline smoothing lj etables (maxdis = 6)
core.scoring.etable: smooth_etable: spline smoothing solvation etables (max_dis = 6)
core.scoring.etable: Finished calculating energy tables.
basic.io.database: Database file opened: scoring/score_functions/hbonds/ref2015_params/HBPoly1D.csv
basic.io.database: Database file opened: scoring/score_functions/hbonds/ref2015_params/HBFadeIntervals.csv
basic.io.database: Database file opened: scoring/score_functions/hbonds/ref2015_params/HBEval.csv
basic.io.database: Database file opened: scoring/score_functions/hbonds/ref2015_params/DonStrength.csv
basic.io.database: Database file opened: scoring/score_functions/hbonds/ref2015_params/AccStrength.csv
core.chemical.GlobalResidueTypeSet: Finished initializing fa_standard residue type set.  Created 985 residue types
core.chemical.GlobalResidueTypeSet: Total time to initialize 0.92607 seconds.
basic.io.database: Database file opened: scoring/score_functions/rama/fd/all.ramaProb
basic.io.database: Database file opened: scoring/score_functions/rama/fd/prepro.ramaProb
basic.io.database: Database file opened: scoring/score_functions/omega/omega_ppdep.all.txt
basic.io.database: Database file opened: scoring/score_functions/omega/omega_ppdep.gly.txt
basic.io.database: Database file opened: scoring/score_functions/omega/omega_ppdep.pro.txt
basic.io.database: Database file opened: scoring/score_functions/omega/omega_ppdep.valile.txt
basic.io.database: Database file opened: scoring/score_functions/P_AA_pp/P_AA
basic.io.database: Database file opened: scoring/score_functions/P_AA_pp/P_AA_n
core.scoring.P_AA: shapovalov_lib::shap_p_aa_pp_smooth_level of 1( aka low_smooth ) got activated.
basic.io.database: Database file opened: scoring/score_functions/P_AA_pp/shapovalov/10deg/kappa131/a20.prop
protocols.relax.RelaxScriptManager: Reading relax scripts list from database.
protocols.relax.RelaxScriptManager: Looking for MonomerRelax2019.txt
protocols.relax.RelaxScriptManager: ================== Reading script file: /Users/rfrick2/Rosetta_RAbD/main/database/sampling/relax_scripts/MonomerRelax2019.txt ==================
protocols.relax.RelaxScriptManager: repeat %%nrepeats%%
protocols.relax.RelaxScriptManager: coord_cst_weight 1.0
protocols.relax.RelaxScriptManager: scale:fa_rep 0.040
protocols.relax.RelaxScriptManager: repack
protocols.relax.RelaxScriptManager: scale:fa_rep 0.051
protocols.relax.RelaxScriptManager: min 0.01
protocols.relax.RelaxScriptManager: coord_cst_weight 0.5
protocols.relax.RelaxScriptManager: scale:fa_rep 0.265
protocols.relax.RelaxScriptManager: repack
protocols.relax.RelaxScriptManager: scale:fa_rep 0.280
protocols.relax.RelaxScriptManager: min 0.01
protocols.relax.RelaxScriptManager: coord_cst_weight 0.0
protocols.relax.RelaxScriptManager: scale:fa_rep 0.559
protocols.relax.RelaxScriptManager: repack
protocols.relax.RelaxScriptManager: scale:fa_rep 0.581
protocols.relax.RelaxScriptManager: min 0.01
protocols.relax.RelaxScriptManager: coord_cst_weight 0.0
protocols.relax.RelaxScriptManager: scale:fa_rep 1
protocols.relax.RelaxScriptManager: repack
protocols.relax.RelaxScriptManager: min 0.00001
protocols.relax.RelaxScriptManager: accept_to_best
protocols.relax.RelaxScriptManager: endrepeat
protocols.jd2.PDBJobInputter: Instantiate PDBJobInputter
protocols.jd2.PDBJobInputter: PDBJobInputter::fill_jobs
protocols.jd2.PDBJobInputter: pushed ../2_remodel/top_20_by_total_score/aflibercept_input_0002_0002.pdb nstruct indices 1 - 10
protocols.jd2.PDBJobInputter: pushed ../2_remodel/top_20_by_total_score/aflibercept_input_0014_0001.pdb nstruct indices 1 - 10
protocols.jd2.PDBJobInputter: pushed ../2_remodel/top_20_by_total_score/aflibercept_input_0019_0001.pdb nstruct indices 1 - 10
protocols.jd2.PDBJobInputter: pushed ../2_remodel/top_20_by_total_score/aflibercept_input_0022_0002.pdb nstruct indices 1 - 10
protocols.jd2.PDBJobInputter: pushed ../2_remodel/top_20_by_total_score/aflibercept_input_0023_0001.pdb nstruct indices 1 - 10
protocols.jd2.PDBJobInputter: pushed ../2_remodel/top_20_by_total_score/aflibercept_input_0039_0001.pdb nstruct indices 1 - 10
protocols.jd2.PDBJobInputter: pushed ../2_remodel/top_20_by_total_score/aflibercept_input_0042_0002.pdb nstruct indices 1 - 10
protocols.jd2.PDBJobInputter: pushed ../2_remodel/top_20_by_total_score/aflibercept_input_0048_0001.pdb nstruct indices 1 - 10
protocols.jd2.PDBJobInputter: pushed ../2_remodel/top_20_by_total_score/aflibercept_input_0057_0003.pdb nstruct indices 1 - 10
protocols.jd2.PDBJobInputter: pushed ../2_remodel/top_20_by_total_score/aflibercept_input_0058_0002.pdb nstruct indices 1 - 10
protocols.jd2.PDBJobInputter: pushed ../2_remodel/top_20_by_total_score/aflibercept_input_0062_0001.pdb nstruct indices 1 - 10
protocols.jd2.PDBJobInputter: pushed ../2_remodel/top_20_by_total_score/aflibercept_input_0071_0003.pdb nstruct indices 1 - 10
protocols.jd2.PDBJobInputter: pushed ../2_remodel/top_20_by_total_score/aflibercept_input_0072_0003.pdb nstruct indices 1 - 10
protocols.jd2.PDBJobInputter: pushed ../2_remodel/top_20_by_total_score/aflibercept_input_0076_0003.pdb nstruct indices 1 - 10
protocols.jd2.PDBJobInputter: pushed ../2_remodel/top_20_by_total_score/aflibercept_input_0082_0002.pdb nstruct indices 1 - 10
protocols.jd2.PDBJobInputter: pushed ../2_remodel/top_20_by_total_score/aflibercept_input_0083_0003.pdb nstruct indices 1 - 10
protocols.jd2.PDBJobInputter: pushed ../2_remodel/top_20_by_total_score/aflibercept_input_0086_0001.pdb nstruct indices 1 - 10
protocols.jd2.PDBJobInputter: pushed ../2_remodel/top_20_by_total_score/aflibercept_input_0089_0003.pdb nstruct indices 1 - 10
protocols.jd2.PDBJobInputter: pushed ../2_remodel/top_20_by_total_score/aflibercept_input_0097_0003.pdb nstruct indices 1 - 10
protocols.jd2.PDBJobInputter: pushed ../2_remodel/top_20_by_total_score/aflibercept_input_0099_0002.pdb nstruct indices 1 - 10
protocols.evaluation.ChiWellRmsdEvaluatorCreator: Evaluation Creator active ... 
protocols.jd2.PDBJobInputter: PDBJobInputter::pose_from_job
protocols.jd2.PDBJobInputter: filling pose from PDB ../2_remodel/top_20_by_total_score/aflibercept_input_0083_0003.pdb
core.import_pose.import_pose: File '../2_remodel/top_20_by_total_score/aflibercept_input_0083_0003.pdb' automatically determined to be of type PDB
core.conformation.Conformation: Found disulfide between residues 30 79
core.conformation.Conformation: current variant for 30 CYS
core.conformation.Conformation: current variant for 79 CYS
core.conformation.Conformation: current variant for 30 CYD
core.conformation.Conformation: current variant for 79 CYD
core.conformation.Conformation: Found disulfide between residues 124 185
core.conformation.Conformation: current variant for 124 CYS
core.conformation.Conformation: current variant for 185 CYS
core.conformation.Conformation: current variant for 124 CYD
core.conformation.Conformation: current variant for 185 CYD
core.conformation.Conformation: Found disulfide between residues 219 261
core.conformation.Conformation: current variant for 219 CYS
core.conformation.Conformation: current variant for 261 CYS
core.conformation.Conformation: current variant for 219 CYD
core.conformation.Conformation: current variant for 261 CYD
core.conformation.Conformation: Found disulfide between residues 250 295
core.conformation.Conformation: current variant for 250 CYS
core.conformation.Conformation: current variant for 295 CYS
core.conformation.Conformation: current variant for 250 CYD
core.conformation.Conformation: current variant for 295 CYD
core.conformation.Conformation: Found disulfide between residues 254 297
core.conformation.Conformation: current variant for 254 CYS
core.conformation.Conformation: current variant for 297 CYS
core.conformation.Conformation: current variant for 254 CYD
core.conformation.Conformation: current variant for 297 CYD
basic.io.database: Database file opened: scoring/score_functions/elec_cp_reps.dat
core.scoring.elec.util: Read 40 countpair representative atoms
core.pack.dunbrack.RotamerLibrary: shapovalov_lib_fixes_enable option is true.
core.pack.dunbrack.RotamerLibrary: shapovalov_lib::shap_dun10_smooth_level of 1( aka lowest_smooth ) got activated.
core.pack.dunbrack.RotamerLibrary: Binary rotamer library selected: /Users/rfrick2/Rosetta_RAbD/main/database/rotamer/shapovalov/StpDwn_0-0-0/Dunbrack10.lib.bin
core.pack.dunbrack.RotamerLibrary: Using Dunbrack library binary file '/Users/rfrick2/Rosetta_RAbD/main/database/rotamer/shapovalov/StpDwn_0-0-0/Dunbrack10.lib.bin'.
core.pack.dunbrack.RotamerLibrary: Dunbrack 2010 library took 0.265643 seconds to load from binary
protocols.relax.FastRelax: CMD: repeat  219.595  0  0  0.55
protocols.relax.FastRelax: CMD: coord_cst_weight  219.595  0  0  0.55
protocols.relax.FastRelax: CMD: scale:fa_rep  -885.629  0  0  0.022
core.pack.task: Packer task: initialize from command line() 
core.pack.pack_rotamers: built 30908 rotamers at 301 positions.
core.pack.interaction_graph.interaction_graph_factory: Instantiating DensePDInteractionGraph
protocols.relax.FastRelax: CMD: repack  -929.055  0  0  0.022
protocols.relax.FastRelax: CMD: scale:fa_rep  -918.137  0  0  0.02805
protocols.relax.FastRelax: CMD: min  -1020.75  0.114503  0.114503  0.02805
protocols.relax.FastRelax: CMD: coord_cst_weight  -1036.27  0.114503  0.114503  0.02805
protocols.relax.FastRelax: CMD: scale:fa_rep  -872.605  0.114503  0.114503  0.14575
core.pack.task: Packer task: initialize from command line() 
core.pack.pack_rotamers: built 28787 rotamers at 301 positions.
core.pack.interaction_graph.interaction_graph_factory: Instantiating DensePDInteractionGraph
protocols.relax.FastRelax: CMD: repack  -896.392  0.114503  0.114503  0.14575
protocols.relax.FastRelax: CMD: scale:fa_rep  -888.352  0.114503  0.114503  0.154
protocols.relax.FastRelax: CMD: min  -933.248  0.123268  0.123268  0.154
protocols.relax.FastRelax: CMD: coord_cst_weight  -951.633  0.123268  0.123268  0.154
protocols.relax.FastRelax: CMD: scale:fa_rep  -849.031  0.123268  0.123268  0.30745
core.pack.task: Packer task: initialize from command line() 
core.pack.pack_rotamers: built 27741 rotamers at 301 positions.
core.pack.interaction_graph.interaction_graph_factory: Instantiating DensePDInteractionGraph
protocols.relax.FastRelax: CMD: repack  -850.702  0.123268  0.123268  0.30745
protocols.relax.FastRelax: CMD: scale:fa_rep  -842.989  0.123268  0.123268  0.31955
protocols.relax.FastRelax: CMD: min  -872.632  0.520115  0.520115  0.31955
protocols.relax.FastRelax: CMD: coord_cst_weight  -872.632  0.520115  0.520115  0.31955
protocols.relax.FastRelax: CMD: scale:fa_rep  -755.318  0.520115  0.520115  0.55
core.pack.task: Packer task: initialize from command line() 
core.pack.pack_rotamers: built 27184 rotamers at 301 positions.
core.pack.interaction_graph.interaction_graph_factory: Instantiating DensePDInteractionGraph
protocols.relax.FastRelax: CMD: repack  -756.024  0.520115  0.520115  0.55
protocols.relax.FastRelax: CMD: min  -791.22  0.628206  0.628206  0.55
protocols.relax.FastRelax: MRP: 0  -791.22  -791.22  0.628206  0.628206  
protocols.relax.FastRelax: CMD: accept_to_best  -791.22  0.628206  0.628206  0.55
protocols.relax.FastRelax: CMD: endrepeat  -791.22  0.628206  0.628206  0.55
protocols.relax.FastRelax: CMD: coord_cst_weight  15483.3  0.628206  0.628206  0.55
protocols.relax.FastRelax: CMD: scale:fa_rep  15297.1  0.628206  0.628206  0.022
core.pack.task: Packer task: initialize from command line() 
core.pack.pack_rotamers: built 30805 rotamers at 301 positions.
core.pack.interaction_graph.interaction_graph_factory: Instantiating DensePDInteractionGraph
protocols.relax.FastRelax: CMD: repack  15277.5  0.628206  0.628206  0.022
protocols.relax.FastRelax: CMD: scale:fa_rep  15281.8  0.628206  0.628206  0.02805
protocols.relax.FastRelax: CMD: min  -1023.96  0.134929  0.134929  0.02805
protocols.relax.FastRelax: CMD: coord_cst_weight  -1045.04  0.134929  0.134929  0.02805
protocols.relax.FastRelax: CMD: scale:fa_rep  -880.023  0.134929  0.134929  0.14575
core.pack.task: Packer task: initialize from command line() 
core.pack.pack_rotamers: built 28835 rotamers at 301 positions.
core.pack.interaction_graph.interaction_graph_factory: Instantiating DensePDInteractionGraph
protocols.relax.FastRelax: CMD: repack  -906.562  0.134929  0.134929  0.14575
protocols.relax.FastRelax: CMD: scale:fa_rep  -898.434  0.134929  0.134929  0.154
protocols.relax.FastRelax: CMD: min  -939.859  0.138765  0.138765  0.154
protocols.relax.FastRelax: CMD: coord_cst_weight  -963.163  0.138765  0.138765  0.154
protocols.relax.FastRelax: CMD: scale:fa_rep  -861.948  0.138765  0.138765  0.30745
core.pack.task: Packer task: initialize from command line() 
core.pack.pack_rotamers: built 28040 rotamers at 301 positions.
core.pack.interaction_graph.interaction_graph_factory: Instantiating DensePDInteractionGraph
protocols.relax.FastRelax: CMD: repack  -863.381  0.138765  0.138765  0.30745
protocols.relax.FastRelax: CMD: scale:fa_rep  -855.775  0.138765  0.138765  0.31955
protocols.relax.FastRelax: CMD: min  -882.088  0.503483  0.503483  0.31955
protocols.relax.FastRelax: CMD: coord_cst_weight  -882.088  0.503483  0.503483  0.31955
protocols.relax.FastRelax: CMD: scale:fa_rep  -766.42  0.503483  0.503483  0.55
core.pack.task: Packer task: initialize from command line() 
core.pack.pack_rotamers: built 27470 rotamers at 301 positions.
core.pack.interaction_graph.interaction_graph_factory: Instantiating DensePDInteractionGraph
protocols.relax.FastRelax: CMD: repack  -766.334  0.503483  0.503483  0.55
protocols.relax.FastRelax: CMD: min  -799.491  0.593839  0.593839  0.55
protocols.relax.FastRelax: MRP: 1  -799.491  -799.491  0.593839  0.593839  
protocols.relax.FastRelax: CMD: accept_to_best  -799.491  0.593839  0.593839  0.55
protocols.relax.FastRelax: CMD: endrepeat  -799.491  0.593839  0.593839  0.55
protocols.relax.FastRelax: CMD: coord_cst_weight  14393.7  0.593839  0.593839  0.55
protocols.relax.FastRelax: CMD: scale:fa_rep  14204.9  0.593839  0.593839  0.022
core.pack.task: Packer task: initialize from command line() 
core.pack.pack_rotamers: built 30672 rotamers at 301 positions.
core.pack.interaction_graph.interaction_graph_factory: Instantiating DensePDInteractionGraph
protocols.relax.FastRelax: CMD: repack  14187.6  0.593839  0.593839  0.022
protocols.relax.FastRelax: CMD: scale:fa_rep  14192.6  0.593839  0.593839  0.02805
protocols.relax.FastRelax: CMD: min  -1029.52  0.134598  0.134598  0.02805
protocols.relax.FastRelax: CMD: coord_cst_weight  -1050.68  0.134598  0.134598  0.02805
protocols.relax.FastRelax: CMD: scale:fa_rep  -879.546  0.134598  0.134598  0.14575
core.pack.task: Packer task: initialize from command line() 
core.pack.pack_rotamers: built 28773 rotamers at 301 positions.
core.pack.interaction_graph.interaction_graph_factory: Instantiating DensePDInteractionGraph
protocols.relax.FastRelax: CMD: repack  -908.765  0.134598  0.134598  0.14575
protocols.relax.FastRelax: CMD: scale:fa_rep  -900.643  0.134598  0.134598  0.154
protocols.relax.FastRelax: CMD: min  -943.088  0.140744  0.140744  0.154
protocols.relax.FastRelax: CMD: coord_cst_weight  -966.809  0.140744  0.140744  0.154
protocols.relax.FastRelax: CMD: scale:fa_rep  -866.05  0.140744  0.140744  0.30745
core.pack.task: Packer task: initialize from command line() 
core.pack.pack_rotamers: built 28009 rotamers at 301 positions.
core.pack.interaction_graph.interaction_graph_factory: Instantiating DensePDInteractionGraph
protocols.relax.FastRelax: CMD: repack  -867.681  0.140744  0.140744  0.30745
protocols.relax.FastRelax: CMD: scale:fa_rep  -860.062  0.140744  0.140744  0.31955
protocols.relax.FastRelax: CMD: min  -886.564  0.456429  0.456429  0.31955
protocols.relax.FastRelax: CMD: coord_cst_weight  -886.564  0.456429  0.456429  0.31955
protocols.relax.FastRelax: CMD: scale:fa_rep  -771.272  0.456429  0.456429  0.55
core.pack.task: Packer task: initialize from command line() 
core.pack.pack_rotamers: built 27406 rotamers at 301 positions.
core.pack.interaction_graph.interaction_graph_factory: Instantiating DensePDInteractionGraph
protocols.relax.FastRelax: CMD: repack  -771.255  0.456429  0.456429  0.55
protocols.relax.FastRelax: CMD: min  -801.358  0.61384  0.61384  0.55
protocols.relax.FastRelax: MRP: 2  -801.358  -801.358  0.61384  0.61384  
protocols.relax.FastRelax: CMD: accept_to_best  -801.358  0.61384  0.61384  0.55
protocols.relax.FastRelax: CMD: endrepeat  -801.358  0.61384  0.61384  0.55
protocols.relax.FastRelax: CMD: coord_cst_weight  13842.9  0.61384  0.61384  0.55
protocols.relax.FastRelax: CMD: scale:fa_rep  13654.9  0.61384  0.61384  0.022
core.pack.task: Packer task: initialize from command line() 
core.pack.pack_rotamers: built 30748 rotamers at 301 positions.
core.pack.interaction_graph.interaction_graph_factory: Instantiating DensePDInteractionGraph
protocols.relax.FastRelax: CMD: repack  13637.2  0.61384  0.61384  0.022
protocols.relax.FastRelax: CMD: scale:fa_rep  13641.7  0.61384  0.61384  0.02805
protocols.relax.FastRelax: CMD: min  -1032.71  0.134161  0.134161  0.02805
protocols.relax.FastRelax: CMD: coord_cst_weight  -1053.73  0.134161  0.134161  0.02805
protocols.relax.FastRelax: CMD: scale:fa_rep  -891.538  0.134161  0.134161  0.14575
core.pack.task: Packer task: initialize from command line() 
core.pack.pack_rotamers: built 28866 rotamers at 301 positions.
core.pack.interaction_graph.interaction_graph_factory: Instantiating DensePDInteractionGraph
protocols.relax.FastRelax: CMD: repack  -912.182  0.134161  0.134161  0.14575
protocols.relax.FastRelax: CMD: scale:fa_rep  -903.982  0.134161  0.134161  0.154
protocols.relax.FastRelax: CMD: min  -944.196  0.140303  0.140303  0.154
protocols.relax.FastRelax: CMD: coord_cst_weight  -967.748  0.140303  0.140303  0.154
protocols.relax.FastRelax: CMD: scale:fa_rep  -866.498  0.140303  0.140303  0.30745
core.pack.task: Packer task: initialize from command line() 
core.pack.pack_rotamers: built 27998 rotamers at 301 positions.
core.pack.interaction_graph.interaction_graph_factory: Instantiating DensePDInteractionGraph
protocols.relax.FastRelax: CMD: repack  -867.849  0.140303  0.140303  0.30745
protocols.relax.FastRelax: CMD: scale:fa_rep  -860.195  0.140303  0.140303  0.31955
protocols.relax.FastRelax: CMD: min  -885.22  0.432972  0.432972  0.31955
protocols.relax.FastRelax: CMD: coord_cst_weight  -885.22  0.432972  0.432972  0.31955
protocols.relax.FastRelax: CMD: scale:fa_rep  -769.212  0.432972  0.432972  0.55
core.pack.task: Packer task: initialize from command line() 
core.pack.pack_rotamers: built 27413 rotamers at 301 positions.
core.pack.interaction_graph.interaction_graph_factory: Instantiating DensePDInteractionGraph
protocols.relax.FastRelax: CMD: repack  -769.904  0.432972  0.432972  0.55
protocols.relax.FastRelax: CMD: min  -800.736  0.562715  0.562715  0.55
protocols.relax.FastRelax: MRP: 3  -800.736  -801.358  0.61384  0.61384  
protocols.relax.FastRelax: CMD: accept_to_best  -800.736  0.562715  0.562715  0.55
protocols.relax.FastRelax: CMD: endrepeat  -800.736  0.562715  0.562715  0.55
protocols.relax.FastRelax: CMD: coord_cst_weight  14472  0.562715  0.562715  0.55
protocols.relax.FastRelax: CMD: scale:fa_rep  14284.6  0.562715  0.562715  0.022
core.pack.task: Packer task: initialize from command line() 
core.pack.pack_rotamers: built 30703 rotamers at 301 positions.
core.pack.interaction_graph.interaction_graph_factory: Instantiating DensePDInteractionGraph
protocols.relax.FastRelax: CMD: repack  14267.8  0.562715  0.562715  0.022
protocols.relax.FastRelax: CMD: scale:fa_rep  14272.8  0.562715  0.562715  0.02805
protocols.relax.FastRelax: CMD: min  -1032.17  0.134563  0.134563  0.02805
protocols.relax.FastRelax: CMD: coord_cst_weight  -1053.48  0.134563  0.134563  0.02805
protocols.relax.FastRelax: CMD: scale:fa_rep  -883.965  0.134563  0.134563  0.14575
core.pack.task: Packer task: initialize from command line() 
core.pack.pack_rotamers: built 28732 rotamers at 301 positions.
core.pack.interaction_graph.interaction_graph_factory: Instantiating DensePDInteractionGraph
protocols.relax.FastRelax: CMD: repack  -912.27  0.134563  0.134563  0.14575
protocols.relax.FastRelax: CMD: scale:fa_rep  -903.88  0.134563  0.134563  0.154
protocols.relax.FastRelax: CMD: min  -945.43  0.140596  0.140596  0.154
protocols.relax.FastRelax: CMD: coord_cst_weight  -969.325  0.140596  0.140596  0.154
protocols.relax.FastRelax: CMD: scale:fa_rep  -866.476  0.140596  0.140596  0.30745
core.pack.task: Packer task: initialize from command line() 
core.pack.pack_rotamers: built 28039 rotamers at 301 positions.
core.pack.interaction_graph.interaction_graph_factory: Instantiating DensePDInteractionGraph
protocols.relax.FastRelax: CMD: repack  -867.925  0.140596  0.140596  0.30745
protocols.relax.FastRelax: CMD: scale:fa_rep  -860.172  0.140596  0.140596  0.31955
protocols.relax.FastRelax: CMD: min  -882.021  0.390908  0.390908  0.31955
protocols.relax.FastRelax: CMD: coord_cst_weight  -882.021  0.390908  0.390908  0.31955
protocols.relax.FastRelax: CMD: scale:fa_rep  -764.615  0.390908  0.390908  0.55
core.pack.task: Packer task: initialize from command line() 
core.pack.pack_rotamers: built 27404 rotamers at 301 positions.
core.pack.interaction_graph.interaction_graph_factory: Instantiating DensePDInteractionGraph
protocols.relax.FastRelax: CMD: repack  -765.309  0.390908  0.390908  0.55
protocols.relax.FastRelax: CMD: min  -800.965  0.617999  0.617999  0.55
protocols.relax.FastRelax: MRP: 4  -800.965  -801.358  0.61384  0.61384  
protocols.relax.FastRelax: CMD: accept_to_best  -800.965  0.617999  0.617999  0.55
protocols.relax.FastRelax: CMD: endrepeat  -800.965  0.617999  0.617999  0.55
protocols::checkpoint: Deleting checkpoints of FastRelax
protocols.jd2.JobDistributor: aflibercept_input_0083_0003_0005 reported success in 1702 seconds
protocols.jd2.PDBJobInputter: PDBJobInputter::pose_from_job
protocols.jd2.PDBJobInputter: filling pose from saved copy ../2_remodel/top_20_by_total_score/aflibercept_input_0083_0003.pdb
protocols.relax.FastRelax: CMD: repeat  219.595  0  0  0.55
protocols.relax.FastRelax: CMD: coord_cst_weight  219.595  0  0  0.55
protocols.relax.FastRelax: CMD: scale:fa_rep  -885.629  0  0  0.022
core.pack.task: Packer task: initialize from command line() 
core.pack.pack_rotamers: built 30908 rotamers at 301 positions.
core.pack.interaction_graph.interaction_graph_factory: Instantiating DensePDInteractionGraph
protocols.relax.FastRelax: CMD: repack  -928.753  0  0  0.022
protocols.relax.FastRelax: CMD: scale:fa_rep  -917.913  0  0  0.02805
protocols.relax.FastRelax: CMD: min  -1022.75  0.116314  0.116314  0.02805
protocols.relax.FastRelax: CMD: coord_cst_weight  -1038.66  0.116314  0.116314  0.02805
protocols.relax.FastRelax: CMD: scale:fa_rep  -874.243  0.116314  0.116314  0.14575
core.pack.task: Packer task: initialize from command line() 
core.pack.pack_rotamers: built 28820 rotamers at 301 positions.
core.pack.interaction_graph.interaction_graph_factory: Instantiating DensePDInteractionGraph
protocols.relax.FastRelax: CMD: repack  -898.023  0.116314  0.116314  0.14575
protocols.relax.FastRelax: CMD: scale:fa_rep  -889.796  0.116314  0.116314  0.154
protocols.relax.FastRelax: CMD: min  -935.246  0.123626  0.123626  0.154
protocols.relax.FastRelax: CMD: coord_cst_weight  -953.972  0.123626  0.123626  0.154
protocols.relax.FastRelax: CMD: scale:fa_rep  -851.654  0.123626  0.123626  0.30745
core.pack.task: Packer task: initialize from command line() 
core.pack.pack_rotamers: built 27833 rotamers at 301 positions.
core.pack.interaction_graph.interaction_graph_factory: Instantiating DensePDInteractionGraph
protocols.relax.FastRelax: CMD: repack  -849.74  0.123626  0.123626  0.30745
protocols.relax.FastRelax: CMD: scale:fa_rep  -842.155  0.123626  0.123626  0.31955
protocols.relax.FastRelax: CMD: min  -875.985  0.528747  0.528747  0.31955
protocols.relax.FastRelax: CMD: coord_cst_weight  -875.985  0.528747  0.528747  0.31955
protocols.relax.FastRelax: CMD: scale:fa_rep  -759.814  0.528747  0.528747  0.55
core.pack.task: Packer task: initialize from command line() 
core.pack.pack_rotamers: built 27341 rotamers at 301 positions.
core.pack.interaction_graph.interaction_graph_factory: Instantiating DensePDInteractionGraph
protocols.relax.FastRelax: CMD: repack  -760.859  0.528747  0.528747  0.55
protocols.relax.FastRelax: CMD: min  -791.702  0.469871  0.469871  0.55
protocols.relax.FastRelax: MRP: 0  -791.702  -791.702  0.469871  0.469871  
protocols.relax.FastRelax: CMD: accept_to_best  -791.702  0.469871  0.469871  0.55
protocols.relax.FastRelax: CMD: endrepeat  -791.702  0.469871  0.469871  0.55
protocols.relax.FastRelax: CMD: coord_cst_weight  9690.53  0.469871  0.469871  0.55
protocols.relax.FastRelax: CMD: scale:fa_rep  9506.04  0.469871  0.469871  0.022
core.pack.task: Packer task: initialize from command line() 
core.pack.pack_rotamers: built 30869 rotamers at 301 positions.
core.pack.interaction_graph.interaction_graph_factory: Instantiating DensePDInteractionGraph
protocols.relax.FastRelax: CMD: repack  9487.07  0.469871  0.469871  0.022
protocols.relax.FastRelax: CMD: scale:fa_rep  9492.69  0.469871  0.469871  0.02805
protocols.relax.FastRelax: CMD: min  -1023.34  0.132488  0.132488  0.02805
protocols.relax.FastRelax: CMD: coord_cst_weight  -1043.67  0.132488  0.132488  0.02805
protocols.relax.FastRelax: CMD: scale:fa_rep  -870.214  0.132488  0.132488  0.14575
core.pack.task: Packer task: initialize from command line() 
core.pack.pack_rotamers: built 28866 rotamers at 301 positions.
core.pack.interaction_graph.interaction_graph_factory: Instantiating DensePDInteractionGraph
protocols.relax.FastRelax: CMD: repack  -902.775  0.132488  0.132488  0.14575
protocols.relax.FastRelax: CMD: scale:fa_rep  -894.804  0.132488  0.132488  0.154
protocols.relax.FastRelax: CMD: min  -940.658  0.14126  0.14126  0.154
protocols.relax.FastRelax: CMD: coord_cst_weight  -964.313  0.14126  0.14126  0.154
protocols.relax.FastRelax: CMD: scale:fa_rep  -864.705  0.14126  0.14126  0.30745
core.pack.task: Packer task: initialize from command line() 
core.pack.pack_rotamers: built 28044 rotamers at 301 positions.
core.pack.interaction_graph.interaction_graph_factory: Instantiating DensePDInteractionGraph
protocols.relax.FastRelax: CMD: repack  -866.244  0.14126  0.14126  0.30745
protocols.relax.FastRelax: CMD: scale:fa_rep  -858.728  0.14126  0.14126  0.31955
protocols.relax.FastRelax: CMD: min  -891.277  0.496935  0.496935  0.31955
protocols.relax.FastRelax: CMD: coord_cst_weight  -891.277  0.496935  0.496935  0.31955
protocols.relax.FastRelax: CMD: scale:fa_rep  -775.478  0.496935  0.496935  0.55
core.pack.task: Packer task: initialize from command line() 
core.pack.pack_rotamers: built 27252 rotamers at 301 positions.
core.pack.interaction_graph.interaction_graph_factory: Instantiating DensePDInteractionGraph
protocols.relax.FastRelax: CMD: repack  -776.416  0.496935  0.496935  0.55
protocols.relax.FastRelax: CMD: min  -800.69  0.586299  0.586299  0.55
protocols.relax.FastRelax: MRP: 1  -800.69  -800.69  0.586299  0.586299  
protocols.relax.FastRelax: CMD: accept_to_best  -800.69  0.586299  0.586299  0.55
protocols.relax.FastRelax: CMD: endrepeat  -800.69  0.586299  0.586299  0.55
protocols.relax.FastRelax: CMD: coord_cst_weight  13172.5  0.586299  0.586299  0.55
protocols.relax.FastRelax: CMD: scale:fa_rep  12985.8  0.586299  0.586299  0.022
core.pack.task: Packer task: initialize from command line() 
core.pack.pack_rotamers: built 30887 rotamers at 301 positions.
core.pack.interaction_graph.interaction_graph_factory: Instantiating DensePDInteractionGraph
protocols.relax.FastRelax: CMD: repack  12971.3  0.586299  0.586299  0.022
protocols.relax.FastRelax: CMD: scale:fa_rep  12976.2  0.586299  0.586299  0.02805
protocols.relax.FastRelax: CMD: min  -1029.73  0.134861  0.134861  0.02805
protocols.relax.FastRelax: CMD: coord_cst_weight  -1050.52  0.134861  0.134861  0.02805
protocols.relax.FastRelax: CMD: scale:fa_rep  -889.144  0.134861  0.134861  0.14575
core.pack.task: Packer task: initialize from command line() 
core.pack.pack_rotamers: built 28853 rotamers at 301 positions.
core.pack.interaction_graph.interaction_graph_factory: Instantiating DensePDInteractionGraph
protocols.relax.FastRelax: CMD: repack  -910.81  0.134861  0.134861  0.14575
protocols.relax.FastRelax: CMD: scale:fa_rep  -902.418  0.134861  0.134861  0.154
protocols.relax.FastRelax: CMD: min  -945.13  0.139847  0.139847  0.154
protocols.relax.FastRelax: CMD: coord_cst_weight  -968.737  0.139847  0.139847  0.154
protocols.relax.FastRelax: CMD: scale:fa_rep  -865.198  0.139847  0.139847  0.30745
core.pack.task: Packer task: initialize from command line() 
core.pack.pack_rotamers: built 27931 rotamers at 301 positions.
core.pack.interaction_graph.interaction_graph_factory: Instantiating DensePDInteractionGraph
protocols.relax.FastRelax: CMD: repack  -865.832  0.139847  0.139847  0.30745
protocols.relax.FastRelax: CMD: scale:fa_rep  -858.013  0.139847  0.139847  0.31955
protocols.relax.FastRelax: CMD: min  -880.45  0.409848  0.409848  0.31955
protocols.relax.FastRelax: CMD: coord_cst_weight  -880.45  0.409848  0.409848  0.31955
protocols.relax.FastRelax: CMD: scale:fa_rep  -762.989  0.409848  0.409848  0.55
core.pack.task: Packer task: initialize from command line() 
core.pack.pack_rotamers: built 27284 rotamers at 301 positions.
core.pack.interaction_graph.interaction_graph_factory: Instantiating DensePDInteractionGraph
protocols.relax.FastRelax: CMD: repack  -763.604  0.409848  0.409848  0.55
protocols.relax.FastRelax: CMD: min  -797.819  0.625029  0.625029  0.55
protocols.relax.FastRelax: MRP: 2  -797.819  -800.69  0.586299  0.586299  
protocols.relax.FastRelax: CMD: accept_to_best  -797.819  0.625029  0.625029  0.55
protocols.relax.FastRelax: CMD: endrepeat  -797.819  0.625029  0.625029  0.55
protocols.relax.FastRelax: CMD: coord_cst_weight  12709.3  0.625029  0.625029  0.55
protocols.relax.FastRelax: CMD: scale:fa_rep  12521.2  0.625029  0.625029  0.022
core.pack.task: Packer task: initialize from command line() 
core.pack.pack_rotamers: built 30916 rotamers at 301 positions.
core.pack.interaction_graph.interaction_graph_factory: Instantiating DensePDInteractionGraph
protocols.relax.FastRelax: CMD: repack  12511.4  0.625029  0.625029  0.022
protocols.relax.FastRelax: CMD: scale:fa_rep  12516.6  0.625029  0.625029  0.02805
protocols.relax.FastRelax: CMD: min  -1021.22  0.136088  0.136088  0.02805
protocols.relax.FastRelax: CMD: coord_cst_weight  -1042.39  0.136088  0.136088  0.02805
protocols.relax.FastRelax: CMD: scale:fa_rep  -871.935  0.136088  0.136088  0.14575
core.pack.task: Packer task: initialize from command line() 
core.pack.pack_rotamers: built 28880 rotamers at 301 positions.
core.pack.interaction_graph.interaction_graph_factory: Instantiating DensePDInteractionGraph
protocols.relax.FastRelax: CMD: repack  -907.489  0.136088  0.136088  0.14575
protocols.relax.FastRelax: CMD: scale:fa_rep  -899.491  0.136088  0.136088  0.154
protocols.relax.FastRelax: CMD: min  -942.629  0.139977  0.139977  0.154
protocols.relax.FastRelax: CMD: coord_cst_weight  -965.873  0.139977  0.139977  0.154
protocols.relax.FastRelax: CMD: scale:fa_rep  -862.857  0.139977  0.139977  0.30745
core.pack.task: Packer task: initialize from command line() 
core.pack.pack_rotamers: built 27997 rotamers at 301 positions.
core.pack.interaction_graph.interaction_graph_factory: Instantiating DensePDInteractionGraph
protocols.relax.FastRelax: CMD: repack  -863.229  0.139977  0.139977  0.30745
protocols.relax.FastRelax: CMD: scale:fa_rep  -855.635  0.139977  0.139977  0.31955
protocols.relax.FastRelax: CMD: min  -886.007  0.436459  0.436459  0.31955
protocols.relax.FastRelax: CMD: coord_cst_weight  -886.007  0.436459  0.436459  0.31955
protocols.relax.FastRelax: CMD: scale:fa_rep  -770.756  0.436459  0.436459  0.55
core.pack.task: Packer task: initialize from command line() 
core.pack.pack_rotamers: built 27309 rotamers at 301 positions.
core.pack.interaction_graph.interaction_graph_factory: Instantiating DensePDInteractionGraph
protocols.relax.FastRelax: CMD: repack  -770.734  0.436459  0.436459  0.55
protocols.relax.FastRelax: CMD: min  -798.339  0.530486  0.530486  0.55
protocols.relax.FastRelax: MRP: 3  -798.339  -800.69  0.586299  0.586299  
protocols.relax.FastRelax: CMD: accept_to_best  -798.339  0.530486  0.530486  0.55
protocols.relax.FastRelax: CMD: endrepeat  -798.339  0.530486  0.530486  0.55
protocols.relax.FastRelax: CMD: coord_cst_weight  10531.9  0.530486  0.530486  0.55
protocols.relax.FastRelax: CMD: scale:fa_rep  10344.3  0.530486  0.530486  0.022
core.pack.task: Packer task: initialize from command line() 
core.pack.pack_rotamers: built 30819 rotamers at 301 positions.
core.pack.interaction_graph.interaction_graph_factory: Instantiating DensePDInteractionGraph
protocols.relax.FastRelax: CMD: repack  10325.1  0.530486  0.530486  0.022
protocols.relax.FastRelax: CMD: scale:fa_rep  10330.4  0.530486  0.530486  0.02805
protocols.relax.FastRelax: CMD: min  -1030.11  0.134335  0.134335  0.02805
protocols.relax.FastRelax: CMD: coord_cst_weight  -1051.01  0.134335  0.134335  0.02805
protocols.relax.FastRelax: CMD: scale:fa_rep  -882.974  0.134335  0.134335  0.14575
core.pack.task: Packer task: initialize from command line() 
core.pack.pack_rotamers: built 28801 rotamers at 301 positions.
core.pack.interaction_graph.interaction_graph_factory: Instantiating DensePDInteractionGraph
protocols.relax.FastRelax: CMD: repack  -910.31  0.134335  0.134335  0.14575
protocols.relax.FastRelax: CMD: scale:fa_rep  -902.379  0.134335  0.134335  0.154
protocols.relax.FastRelax: CMD: min  -941.668  0.142697  0.142697  0.154
protocols.relax.FastRelax: CMD: coord_cst_weight  -965.639  0.142697  0.142697  0.154
protocols.relax.FastRelax: CMD: scale:fa_rep  -865.288  0.142697  0.142697  0.30745
core.pack.task: Packer task: initialize from command line() 
core.pack.pack_rotamers: built 27995 rotamers at 301 positions.
core.pack.interaction_graph.interaction_graph_factory: Instantiating DensePDInteractionGraph
protocols.relax.FastRelax: CMD: repack  -866.723  0.142697  0.142697  0.30745
protocols.relax.FastRelax: CMD: scale:fa_rep  -859.106  0.142697  0.142697  0.31955
protocols.relax.FastRelax: CMD: min  -891.462  0.570649  0.570649  0.31955
protocols.relax.FastRelax: CMD: coord_cst_weight  -891.462  0.570649  0.570649  0.31955
protocols.relax.FastRelax: CMD: scale:fa_rep  -774.463  0.570649  0.570649  0.55
core.pack.task: Packer task: initialize from command line() 
core.pack.pack_rotamers: built 27271 rotamers at 301 positions.
core.pack.interaction_graph.interaction_graph_factory: Instantiating DensePDInteractionGraph
protocols.relax.FastRelax: CMD: repack  -775.759  0.570649  0.570649  0.55
protocols.relax.FastRelax: CMD: min  -795.769  0.456423  0.456423  0.55
protocols.relax.FastRelax: MRP: 4  -795.769  -800.69  0.586299  0.586299  
protocols.relax.FastRelax: CMD: accept_to_best  -795.769  0.456423  0.456423  0.55
protocols.relax.FastRelax: CMD: endrepeat  -795.769  0.456423  0.456423  0.55
protocols::checkpoint: Deleting checkpoints of FastRelax
protocols.jd2.JobDistributor: aflibercept_input_0083_0003_0008 reported success in 1722 seconds
protocols.jd2.PDBJobInputter: PDBJobInputter::pose_from_job
protocols.jd2.PDBJobInputter: filling pose from PDB ../2_remodel/top_20_by_total_score/aflibercept_input_0089_0003.pdb
core.import_pose.import_pose: File '../2_remodel/top_20_by_total_score/aflibercept_input_0089_0003.pdb' automatically determined to be of type PDB
core.conformation.Conformation: Found disulfide between residues 30 79
core.conformation.Conformation: current variant for 30 CYS
core.conformation.Conformation: current variant for 79 CYS
core.conformation.Conformation: current variant for 30 CYD
core.conformation.Conformation: current variant for 79 CYD
core.conformation.Conformation: Found disulfide between residues 124 185
core.conformation.Conformation: current variant for 124 CYS
core.conformation.Conformation: current variant for 185 CYS
core.conformation.Conformation: current variant for 124 CYD
core.conformation.Conformation: current variant for 185 CYD
core.conformation.Conformation: Found disulfide between residues 219 261
core.conformation.Conformation: current variant for 219 CYS
core.conformation.Conformation: current variant for 261 CYS
core.conformation.Conformation: current variant for 219 CYD
core.conformation.Conformation: current variant for 261 CYD
core.conformation.Conformation: Found disulfide between residues 250 295
core.conformation.Conformation: current variant for 250 CYS
core.conformation.Conformation: current variant for 295 CYS
core.conformation.Conformation: current variant for 250 CYD
core.conformation.Conformation: current variant for 295 CYD
core.conformation.Conformation: Found disulfide between residues 254 297
core.conformation.Conformation: current variant for 254 CYS
core.conformation.Conformation: current variant for 297 CYS
core.conformation.Conformation: current variant for 254 CYD
core.conformation.Conformation: current variant for 297 CYD
protocols.relax.FastRelax: CMD: repeat  -180.895  1.09545  0  0.55
protocols.relax.FastRelax: CMD: coord_cst_weight  -180.895  1.09545  0  0.55
protocols.relax.FastRelax: CMD: scale:fa_rep  -881.813  1.09545  0  0.022
core.pack.task: Packer task: initialize from command line() 
core.pack.pack_rotamers: built 30591 rotamers at 301 positions.
core.pack.interaction_graph.interaction_graph_factory: Instantiating DensePDInteractionGraph
protocols.relax.FastRelax: CMD: repack  -929.707  1.09545  0  0.022
protocols.relax.FastRelax: CMD: scale:fa_rep  -922.556  1.09545  0  0.02805
protocols.relax.FastRelax: CMD: min  -1006.39  1.09379  0.110806  0.02805
protocols.relax.FastRelax: CMD: coord_cst_weight  -1020.33  1.09379  0.110806  0.02805
protocols.relax.FastRelax: CMD: scale:fa_rep  -867.746  1.09379  0.110806  0.14575
core.pack.task: Packer task: initialize from command line() 
core.pack.pack_rotamers: built 28537 rotamers at 301 positions.
core.pack.interaction_graph.interaction_graph_factory: Instantiating DensePDInteractionGraph
protocols.relax.FastRelax: CMD: repack  -888.624  1.09379  0.110806  0.14575
protocols.relax.FastRelax: CMD: scale:fa_rep  -880.366  1.09379  0.110806  0.154
protocols.relax.FastRelax: CMD: min  -922.36  1.09148  0.118571  0.154
protocols.relax.FastRelax: CMD: coord_cst_weight  -938.681  1.09148  0.118571  0.154
protocols.relax.FastRelax: CMD: scale:fa_rep  -840.555  1.09148  0.118571  0.30745
core.pack.task: Packer task: initialize from command line() 
core.pack.pack_rotamers: built 27722 rotamers at 301 positions.
core.pack.interaction_graph.interaction_graph_factory: Instantiating DensePDInteractionGraph
protocols.relax.FastRelax: CMD: repack  -841.71  1.09148  0.118571  0.30745
protocols.relax.FastRelax: CMD: scale:fa_rep  -834.203  1.09148  0.118571  0.31955
protocols.relax.FastRelax: CMD: min  -875.792  1.40325  0.931213  0.31955
protocols.relax.FastRelax: CMD: coord_cst_weight  -875.792  1.40325  0.931213  0.31955
protocols.relax.FastRelax: CMD: scale:fa_rep  -761.123  1.40325  0.931213  0.55
core.pack.task: Packer task: initialize from command line() 
core.pack.pack_rotamers: built 27215 rotamers at 301 positions.
core.pack.interaction_graph.interaction_graph_factory: Instantiating DensePDInteractionGraph
protocols.relax.FastRelax: CMD: repack  -761.964  1.40325  0.931213  0.55
protocols.relax.FastRelax: CMD: min  -792.512  1.54537  1.12624  0.55
protocols.relax.FastRelax: MRP: 0  -792.512  -792.512  1.54537  1.12624  
protocols.relax.FastRelax: CMD: accept_to_best  -792.512  1.54537  1.12624  0.55
protocols.relax.FastRelax: CMD: endrepeat  -792.512  1.54537  1.12624  0.55
protocols.relax.FastRelax: CMD: coord_cst_weight  13954.4  1.54537  1.12624  0.55
protocols.relax.FastRelax: CMD: scale:fa_rep  13770.3  1.54537  1.12624  0.022
core.pack.task: Packer task: initialize from command line() 
core.pack.pack_rotamers: built 30448 rotamers at 301 positions.
core.pack.interaction_graph.interaction_graph_factory: Instantiating DensePDInteractionGraph
protocols.relax.FastRelax: CMD: repack  13756.9  1.54537  1.12624  0.022
protocols.relax.FastRelax: CMD: scale:fa_rep  13761.4  1.54537  1.12624  0.02805
protocols.relax.FastRelax: CMD: min  -1006.57  1.0943  0.125012  0.02805
protocols.relax.FastRelax: CMD: coord_cst_weight  -1024.99  1.0943  0.125012  0.02805
protocols.relax.FastRelax: CMD: scale:fa_rep  -864.224  1.0943  0.125012  0.14575
core.pack.task: Packer task: initialize from command line() 
core.pack.pack_rotamers: built 28663 rotamers at 301 positions.
core.pack.interaction_graph.interaction_graph_factory: Instantiating DensePDInteractionGraph
protocols.relax.FastRelax: CMD: repack  -889.324  1.0943  0.125012  0.14575
protocols.relax.FastRelax: CMD: scale:fa_rep  -881.195  1.0943  0.125012  0.154
protocols.relax.FastRelax: CMD: min  -926.654  1.09331  0.137179  0.154
protocols.relax.FastRelax: CMD: coord_cst_weight  -949.524  1.09331  0.137179  0.154
protocols.relax.FastRelax: CMD: scale:fa_rep  -850.787  1.09331  0.137179  0.30745
core.pack.task: Packer task: initialize from command line() 
core.pack.pack_rotamers: built 27892 rotamers at 301 positions.
core.pack.interaction_graph.interaction_graph_factory: Instantiating DensePDInteractionGraph
protocols.relax.FastRelax: CMD: repack  -851.923  1.09331  0.137179  0.30745
protocols.relax.FastRelax: CMD: scale:fa_rep  -844.389  1.09331  0.137179  0.31955
protocols.relax.FastRelax: CMD: min  -885.104  1.33481  0.781045  0.31955
protocols.relax.FastRelax: CMD: coord_cst_weight  -885.104  1.33481  0.781045  0.31955
protocols.relax.FastRelax: CMD: scale:fa_rep  -770.146  1.33481  0.781045  0.55
core.pack.task: Packer task: initialize from command line() 
core.pack.pack_rotamers: built 27426 rotamers at 301 positions.
core.pack.interaction_graph.interaction_graph_factory: Instantiating DensePDInteractionGraph
protocols.relax.FastRelax: CMD: repack  -771.056  1.33481  0.781045  0.55
protocols.relax.FastRelax: CMD: min  -792.434  1.31585  0.787802  0.55
protocols.relax.FastRelax: MRP: 1  -792.434  -792.512  1.54537  1.12624  
protocols.relax.FastRelax: CMD: accept_to_best  -792.434  1.31585  0.787802  0.55
protocols.relax.FastRelax: CMD: endrepeat  -792.434  1.31585  0.787802  0.55
protocols.relax.FastRelax: CMD: coord_cst_weight  4654.65  1.31585  0.787802  0.55
protocols.relax.FastRelax: CMD: scale:fa_rep  4467.97  1.31585  0.787802  0.022
core.pack.task: Packer task: initialize from command line() 
core.pack.pack_rotamers: built 30627 rotamers at 301 positions.
core.pack.interaction_graph.interaction_graph_factory: Instantiating DensePDInteractionGraph
protocols.relax.FastRelax: CMD: repack  4453.83  1.31585  0.787802  0.022
protocols.relax.FastRelax: CMD: scale:fa_rep  4458.61  1.31585  0.787802  0.02805
protocols.relax.FastRelax: CMD: min  -1010.34  1.0956  0.128495  0.02805
protocols.relax.FastRelax: CMD: coord_cst_weight  -1029.61  1.0956  0.128495  0.02805
protocols.relax.FastRelax: CMD: scale:fa_rep  -868.676  1.0956  0.128495  0.14575
core.pack.task: Packer task: initialize from command line() 
core.pack.pack_rotamers: built 28637 rotamers at 301 positions.
core.pack.interaction_graph.interaction_graph_factory: Instantiating DensePDInteractionGraph
protocols.relax.FastRelax: CMD: repack  -891.965  1.0956  0.128495  0.14575
protocols.relax.FastRelax: CMD: scale:fa_rep  -883.819  1.0956  0.128495  0.154
protocols.relax.FastRelax: CMD: min  -927.615  1.09277  0.139069  0.154
protocols.relax.FastRelax: CMD: coord_cst_weight  -950.916  1.09277  0.139069  0.154
protocols.relax.FastRelax: CMD: scale:fa_rep  -852.1  1.09277  0.139069  0.30745
core.pack.task: Packer task: initialize from command line() 
core.pack.pack_rotamers: built 27894 rotamers at 301 positions.
core.pack.interaction_graph.interaction_graph_factory: Instantiating DensePDInteractionGraph
protocols.relax.FastRelax: CMD: repack  -853.29  1.09277  0.139069  0.30745
protocols.relax.FastRelax: CMD: scale:fa_rep  -845.709  1.09277  0.139069  0.31955
protocols.relax.FastRelax: CMD: min  -885.197  1.31679  0.782207  0.31955
protocols.relax.FastRelax: CMD: coord_cst_weight  -885.197  1.31679  0.782207  0.31955
protocols.relax.FastRelax: CMD: scale:fa_rep  -770.213  1.31679  0.782207  0.55
core.pack.task: Packer task: initialize from command line() 
core.pack.pack_rotamers: built 27413 rotamers at 301 positions.
core.pack.interaction_graph.interaction_graph_factory: Instantiating DensePDInteractionGraph
protocols.relax.FastRelax: CMD: repack  -769.531  1.31679  0.782207  0.55
protocols.relax.FastRelax: CMD: min  -796.071  1.36  0.850881  0.55
protocols.relax.FastRelax: MRP: 2  -796.071  -796.071  1.36  0.850881  
protocols.relax.FastRelax: CMD: accept_to_best  -796.071  1.36  0.850881  0.55
protocols.relax.FastRelax: CMD: endrepeat  -796.071  1.36  0.850881  0.55
protocols.relax.FastRelax: CMD: coord_cst_weight  6358.63  1.36  0.850881  0.55
protocols.relax.FastRelax: CMD: scale:fa_rep  6175.48  1.36  0.850881  0.022
core.pack.task: Packer task: initialize from command line() 
core.pack.pack_rotamers: built 30582 rotamers at 301 positions.
core.pack.interaction_graph.interaction_graph_factory: Instantiating DensePDInteractionGraph
protocols.relax.FastRelax: CMD: repack  6159.06  1.36  0.850881  0.022
protocols.relax.FastRelax: CMD: scale:fa_rep  6163.28  1.36  0.850881  0.02805
protocols.relax.FastRelax: CMD: min  -1012.71  1.0968  0.133218  0.02805
protocols.relax.FastRelax: CMD: coord_cst_weight  -1032.85  1.0968  0.133218  0.02805
protocols.relax.FastRelax: CMD: scale:fa_rep  -873.522  1.0968  0.133218  0.14575
core.pack.task: Packer task: initialize from command line() 
core.pack.pack_rotamers: built 28452 rotamers at 301 positions.
core.pack.interaction_graph.interaction_graph_factory: Instantiating DensePDInteractionGraph
protocols.relax.FastRelax: CMD: repack  -891.154  1.0968  0.133218  0.14575
protocols.relax.FastRelax: CMD: scale:fa_rep  -882.739  1.0968  0.133218  0.154
protocols.relax.FastRelax: CMD: min  -925.138  1.09292  0.147211  0.154
protocols.relax.FastRelax: CMD: coord_cst_weight  -950.433  1.09292  0.147211  0.154
protocols.relax.FastRelax: CMD: scale:fa_rep  -849.095  1.09292  0.147211  0.30745
core.pack.task: Packer task: initialize from command line() 
core.pack.pack_rotamers: built 27810 rotamers at 301 positions.
core.pack.interaction_graph.interaction_graph_factory: Instantiating DensePDInteractionGraph
protocols.relax.FastRelax: CMD: repack  -851.028  1.09292  0.147211  0.30745
protocols.relax.FastRelax: CMD: scale:fa_rep  -843.476  1.09292  0.147211  0.31955
protocols.relax.FastRelax: CMD: min  -884.703  1.26239  0.685732  0.31955
protocols.relax.FastRelax: CMD: coord_cst_weight  -884.703  1.26239  0.685732  0.31955
protocols.relax.FastRelax: CMD: scale:fa_rep  -769.54  1.26239  0.685732  0.55
core.pack.task: Packer task: initialize from command line() 
core.pack.pack_rotamers: built 27221 rotamers at 301 positions.
core.pack.interaction_graph.interaction_graph_factory: Instantiating DensePDInteractionGraph
protocols.relax.FastRelax: CMD: repack  -770.243  1.26239  0.685732  0.55
protocols.relax.FastRelax: CMD: min  -790.276  1.2988  0.757093  0.55
protocols.relax.FastRelax: MRP: 3  -790.276  -796.071  1.36  0.850881  
protocols.relax.FastRelax: CMD: accept_to_best  -790.276  1.2988  0.757093  0.55
protocols.relax.FastRelax: CMD: endrepeat  -790.276  1.2988  0.757093  0.55
protocols.relax.FastRelax: CMD: coord_cst_weight  2742.03  1.2988  0.757093  0.55
protocols.relax.FastRelax: CMD: scale:fa_rep  2553.95  1.2988  0.757093  0.022
core.pack.task: Packer task: initialize from command line() 
core.pack.pack_rotamers: built 30518 rotamers at 301 positions.
core.pack.interaction_graph.interaction_graph_factory: Instantiating DensePDInteractionGraph
protocols.relax.FastRelax: CMD: repack  2531.1  1.2988  0.757093  0.022
protocols.relax.FastRelax: CMD: scale:fa_rep  2535.44  1.2988  0.757093  0.02805
protocols.relax.FastRelax: CMD: min  -1012.83  1.09538  0.134513  0.02805
protocols.relax.FastRelax: CMD: coord_cst_weight  -1033.39  1.09538  0.134513  0.02805
protocols.relax.FastRelax: CMD: scale:fa_rep  -875.117  1.09538  0.134513  0.14575
core.pack.task: Packer task: initialize from command line() 
core.pack.pack_rotamers: built 28519 rotamers at 301 positions.
core.pack.interaction_graph.interaction_graph_factory: Instantiating DensePDInteractionGraph
protocols.relax.FastRelax: CMD: repack  -891.966  1.09538  0.134513  0.14575
protocols.relax.FastRelax: CMD: scale:fa_rep  -883.837  1.09538  0.134513  0.154
protocols.relax.FastRelax: CMD: min  -925.774  1.09236  0.145047  0.154
protocols.relax.FastRelax: CMD: coord_cst_weight  -950.627  1.09236  0.145047  0.154
protocols.relax.FastRelax: CMD: scale:fa_rep  -849.705  1.09236  0.145047  0.30745
core.pack.task: Packer task: initialize from command line() 
core.pack.pack_rotamers: built 27841 rotamers at 301 positions.
core.pack.interaction_graph.interaction_graph_factory: Instantiating DensePDInteractionGraph
protocols.relax.FastRelax: CMD: repack  -851.874  1.09236  0.145047  0.30745
protocols.relax.FastRelax: CMD: scale:fa_rep  -844.26  1.09236  0.145047  0.31955
protocols.relax.FastRelax: CMD: min  -888.072  1.34436  0.800943  0.31955
protocols.relax.FastRelax: CMD: coord_cst_weight  -888.072  1.34436  0.800943  0.31955
protocols.relax.FastRelax: CMD: scale:fa_rep  -772.343  1.34436  0.800943  0.55
core.pack.task: Packer task: initialize from command line() 
core.pack.pack_rotamers: built 27279 rotamers at 301 positions.
core.pack.interaction_graph.interaction_graph_factory: Instantiating DensePDInteractionGraph
protocols.relax.FastRelax: CMD: repack  -773.528  1.34436  0.800943  0.55
protocols.relax.FastRelax: CMD: min  -800.667  1.44538  0.94915  0.55
protocols.relax.FastRelax: MRP: 4  -800.667  -800.667  1.44538  0.94915  
protocols.relax.FastRelax: CMD: accept_to_best  -800.667  1.44538  0.94915  0.55
protocols.relax.FastRelax: CMD: endrepeat  -800.667  1.44538  0.94915  0.55
protocols::checkpoint: Deleting checkpoints of FastRelax
protocols.jd2.JobDistributor: aflibercept_input_0089_0003_0004 reported success in 1615 seconds
protocols.jd2.PDBJobInputter: PDBJobInputter::pose_from_job
protocols.jd2.PDBJobInputter: filling pose from PDB ../2_remodel/top_20_by_total_score/aflibercept_input_0097_0003.pdb
core.import_pose.import_pose: File '../2_remodel/top_20_by_total_score/aflibercept_input_0097_0003.pdb' automatically determined to be of type PDB
core.conformation.Conformation: Found disulfide between residues 30 79
core.conformation.Conformation: current variant for 30 CYS
core.conformation.Conformation: current variant for 79 CYS
core.conformation.Conformation: current variant for 30 CYD
core.conformation.Conformation: current variant for 79 CYD
core.conformation.Conformation: Found disulfide between residues 124 185
core.conformation.Conformation: current variant for 124 CYS
core.conformation.Conformation: current variant for 185 CYS
core.conformation.Conformation: current variant for 124 CYD
core.conformation.Conformation: current variant for 185 CYD
core.conformation.Conformation: Found disulfide between residues 219 261
core.conformation.Conformation: current variant for 219 CYS
core.conformation.Conformation: current variant for 261 CYS
core.conformation.Conformation: current variant for 219 CYD
core.conformation.Conformation: current variant for 261 CYD
core.conformation.Conformation: Found disulfide between residues 250 295
core.conformation.Conformation: current variant for 250 CYS
core.conformation.Conformation: current variant for 295 CYS
core.conformation.Conformation: current variant for 250 CYD
core.conformation.Conformation: current variant for 295 CYD
core.conformation.Conformation: Found disulfide between residues 254 297
core.conformation.Conformation: current variant for 254 CYS
core.conformation.Conformation: current variant for 297 CYS
core.conformation.Conformation: current variant for 254 CYD
core.conformation.Conformation: current variant for 297 CYD
protocols.relax.FastRelax: CMD: repeat  83.7909  1.26785  0  0.55
protocols.relax.FastRelax: CMD: coord_cst_weight  83.7909  1.26785  0  0.55
protocols.relax.FastRelax: CMD: scale:fa_rep  -880.239  1.26785  0  0.022
core.pack.task: Packer task: initialize from command line() 
core.pack.pack_rotamers: built 30589 rotamers at 301 positions.
core.pack.interaction_graph.interaction_graph_factory: Instantiating DensePDInteractionGraph
protocols.relax.FastRelax: CMD: repack  -932.772  1.26785  0  0.022
protocols.relax.FastRelax: CMD: scale:fa_rep  -925.375  1.26785  0  0.02805
protocols.relax.FastRelax: CMD: min  -1017.5  1.27351  0.109684  0.02805
protocols.relax.FastRelax: CMD: coord_cst_weight  -1031.68  1.27351  0.109684  0.02805
protocols.relax.FastRelax: CMD: scale:fa_rep  -867.902  1.27351  0.109684  0.14575
core.pack.task: Packer task: initialize from command line() 
core.pack.pack_rotamers: built 28166 rotamers at 301 positions.
core.pack.interaction_graph.interaction_graph_factory: Instantiating DensePDInteractionGraph
protocols.relax.FastRelax: CMD: repack  -890.787  1.27351  0.109684  0.14575
protocols.relax.FastRelax: CMD: scale:fa_rep  -882.603  1.27351  0.109684  0.154
protocols.relax.FastRelax: CMD: min  -927.383  1.27419  0.114947  0.154
protocols.relax.FastRelax: CMD: coord_cst_weight  -943.435  1.27419  0.114947  0.154
protocols.relax.FastRelax: CMD: scale:fa_rep  -845.998  1.27419  0.114947  0.30745
core.pack.task: Packer task: initialize from command line() 
core.pack.pack_rotamers: built 27647 rotamers at 301 positions.
core.pack.interaction_graph.interaction_graph_factory: Instantiating DensePDInteractionGraph
protocols.relax.FastRelax: CMD: repack  -847.011  1.27419  0.114947  0.30745
protocols.relax.FastRelax: CMD: scale:fa_rep  -839.513  1.27419  0.114947  0.31955
protocols.relax.FastRelax: CMD: min  -866.974  1.4451  0.462563  0.31955
protocols.relax.FastRelax: CMD: coord_cst_weight  -866.974  1.4451  0.462563  0.31955
protocols.relax.FastRelax: CMD: scale:fa_rep  -753.536  1.4451  0.462563  0.55
core.pack.task: Packer task: initialize from command line() 
core.pack.pack_rotamers: built 27301 rotamers at 301 positions.
core.pack.interaction_graph.interaction_graph_factory: Instantiating DensePDInteractionGraph
protocols.relax.FastRelax: CMD: repack  -754.505  1.4451  0.462563  0.55
protocols.relax.FastRelax: CMD: min  -781.353  1.78748  0.930857  0.55
protocols.relax.FastRelax: MRP: 0  -781.353  -781.353  1.78748  0.930857  
protocols.relax.FastRelax: CMD: accept_to_best  -781.353  1.78748  0.930857  0.55
protocols.relax.FastRelax: CMD: endrepeat  -781.353  1.78748  0.930857  0.55
protocols.relax.FastRelax: CMD: coord_cst_weight  3402.78  1.78748  0.930857  0.55
protocols.relax.FastRelax: CMD: scale:fa_rep  3220.63  1.78748  0.930857  0.022
core.pack.task: Packer task: initialize from command line() 
core.pack.pack_rotamers: built 30404 rotamers at 301 positions.
core.pack.interaction_graph.interaction_graph_factory: Instantiating DensePDInteractionGraph
protocols.relax.FastRelax: CMD: repack  3203.81  1.78748  0.930857  0.022
protocols.relax.FastRelax: CMD: scale:fa_rep  3208.5  1.78748  0.930857  0.02805
protocols.relax.FastRelax: CMD: min  -1013.41  1.27249  0.120759  0.02805
protocols.relax.FastRelax: CMD: coord_cst_weight  -1030.19  1.27249  0.120759  0.02805
protocols.relax.FastRelax: CMD: scale:fa_rep  -873.522  1.27249  0.120759  0.14575
core.pack.task: Packer task: initialize from command line() 
core.pack.pack_rotamers: built 28539 rotamers at 301 positions.
core.pack.interaction_graph.interaction_graph_factory: Instantiating DensePDInteractionGraph
protocols.relax.FastRelax: CMD: repack  -902.832  1.27249  0.120759  0.14575
protocols.relax.FastRelax: CMD: scale:fa_rep  -895.439  1.27249  0.120759  0.154
protocols.relax.FastRelax: CMD: min  -932.894  1.27378  0.127072  0.154
protocols.relax.FastRelax: CMD: coord_cst_weight  -951.495  1.27378  0.127072  0.154
protocols.relax.FastRelax: CMD: scale:fa_rep  -855.492  1.27378  0.127072  0.30745
core.pack.task: Packer task: initialize from command line() 
core.pack.pack_rotamers: built 27556 rotamers at 301 positions.
core.pack.interaction_graph.interaction_graph_factory: Instantiating DensePDInteractionGraph
protocols.relax.FastRelax: CMD: repack  -857.021  1.27378  0.127072  0.30745
protocols.relax.FastRelax: CMD: scale:fa_rep  -849.604  1.27378  0.127072  0.31955
protocols.relax.FastRelax: CMD: min  -869.903  1.45108  0.380449  0.31955
protocols.relax.FastRelax: CMD: coord_cst_weight  -869.903  1.45108  0.380449  0.31955
protocols.relax.FastRelax: CMD: scale:fa_rep  -757.257  1.45108  0.380449  0.55
core.pack.task: Packer task: initialize from command line() 
core.pack.pack_rotamers: built 27035 rotamers at 301 positions.
core.pack.interaction_graph.interaction_graph_factory: Instantiating DensePDInteractionGraph
protocols.relax.FastRelax: CMD: repack  -757.842  1.45108  0.380449  0.55
protocols.relax.FastRelax: CMD: min  -782.105  1.51565  0.490738  0.55
protocols.relax.FastRelax: MRP: 1  -782.105  -782.105  1.51565  0.490738  
protocols.relax.FastRelax: CMD: accept_to_best  -782.105  1.51565  0.490738  0.55
protocols.relax.FastRelax: CMD: endrepeat  -782.105  1.51565  0.490738  0.55
protocols.relax.FastRelax: CMD: coord_cst_weight  7377.95  1.51565  0.490738  0.55
protocols.relax.FastRelax: CMD: scale:fa_rep  7194.86  1.51565  0.490738  0.022
core.pack.task: Packer task: initialize from command line() 
core.pack.pack_rotamers: built 30516 rotamers at 301 positions.
core.pack.interaction_graph.interaction_graph_factory: Instantiating DensePDInteractionGraph
protocols.relax.FastRelax: CMD: repack  7177.41  1.51565  0.490738  0.022
protocols.relax.FastRelax: CMD: scale:fa_rep  7181.63  1.51565  0.490738  0.02805
protocols.relax.FastRelax: CMD: min  -1019.16  1.27214  0.122404  0.02805
protocols.relax.FastRelax: CMD: coord_cst_weight  -1036.41  1.27214  0.122404  0.02805
protocols.relax.FastRelax: CMD: scale:fa_rep  -884.454  1.27214  0.122404  0.14575
core.pack.task: Packer task: initialize from command line() 
core.pack.pack_rotamers: built 28407 rotamers at 301 positions.
core.pack.interaction_graph.interaction_graph_factory: Instantiating DensePDInteractionGraph
protocols.relax.FastRelax: CMD: repack  -908.222  1.27214  0.122404  0.14575
protocols.relax.FastRelax: CMD: scale:fa_rep  -900.618  1.27214  0.122404  0.154
protocols.relax.FastRelax: CMD: min  -937.366  1.27239  0.130805  0.154
protocols.relax.FastRelax: CMD: coord_cst_weight  -957.301  1.27239  0.130805  0.154
protocols.relax.FastRelax: CMD: scale:fa_rep  -861.509  1.27239  0.130805  0.30745
core.pack.task: Packer task: initialize from command line() 
core.pack.pack_rotamers: built 27671 rotamers at 301 positions.
core.pack.interaction_graph.interaction_graph_factory: Instantiating DensePDInteractionGraph
protocols.relax.FastRelax: CMD: repack  -860.845  1.27239  0.130805  0.30745
protocols.relax.FastRelax: CMD: scale:fa_rep  -853.431  1.27239  0.130805  0.31955
protocols.relax.FastRelax: CMD: min  -874.495  1.47051  0.426208  0.31955
protocols.relax.FastRelax: CMD: coord_cst_weight  -874.495  1.47051  0.426208  0.31955
protocols.relax.FastRelax: CMD: scale:fa_rep  -761.934  1.47051  0.426208  0.55
core.pack.task: Packer task: initialize from command line() 
core.pack.pack_rotamers: built 27097 rotamers at 301 positions.
core.pack.interaction_graph.interaction_graph_factory: Instantiating DensePDInteractionGraph
protocols.relax.FastRelax: CMD: repack  -762.03  1.47051  0.426208  0.55
protocols.relax.FastRelax: CMD: min  -791.155  1.4716  0.521898  0.55
protocols.relax.FastRelax: MRP: 2  -791.155  -791.155  1.4716  0.521898  
protocols.relax.FastRelax: CMD: accept_to_best  -791.155  1.4716  0.521898  0.55
protocols.relax.FastRelax: CMD: endrepeat  -791.155  1.4716  0.521898  0.55
protocols.relax.FastRelax: CMD: coord_cst_weight  4520.79  1.4716  0.521898  0.55
protocols.relax.FastRelax: CMD: scale:fa_rep  4339.95  1.4716  0.521898  0.022
core.pack.task: Packer task: initialize from command line() 
core.pack.pack_rotamers: built 30489 rotamers at 301 positions.
core.pack.interaction_graph.interaction_graph_factory: Instantiating DensePDInteractionGraph
protocols.relax.FastRelax: CMD: repack  4321.56  1.4716  0.521898  0.022
protocols.relax.FastRelax: CMD: scale:fa_rep  4325.09  1.4716  0.521898  0.02805
protocols.relax.FastRelax: CMD: min  -1020.11  1.27226  0.124331  0.02805
protocols.relax.FastRelax: CMD: coord_cst_weight  -1037.76  1.27226  0.124331  0.02805
protocols.relax.FastRelax: CMD: scale:fa_rep  -894.208  1.27226  0.124331  0.14575
core.pack.task: Packer task: initialize from command line() 
core.pack.pack_rotamers: built 28362 rotamers at 301 positions.
core.pack.interaction_graph.interaction_graph_factory: Instantiating DensePDInteractionGraph
protocols.relax.FastRelax: CMD: repack  -908.481  1.27226  0.124331  0.14575
protocols.relax.FastRelax: CMD: scale:fa_rep  -900.801  1.27226  0.124331  0.154
protocols.relax.FastRelax: CMD: min  -937.462  1.27283  0.130339  0.154
protocols.relax.FastRelax: CMD: coord_cst_weight  -957.284  1.27283  0.130339  0.154
protocols.relax.FastRelax: CMD: scale:fa_rep  -861.617  1.27283  0.130339  0.30745
core.pack.task: Packer task: initialize from command line() 
core.pack.pack_rotamers: built 27641 rotamers at 301 positions.
core.pack.interaction_graph.interaction_graph_factory: Instantiating DensePDInteractionGraph
protocols.relax.FastRelax: CMD: repack  -862.581  1.27283  0.130339  0.30745
protocols.relax.FastRelax: CMD: scale:fa_rep  -855.209  1.27283  0.130339  0.31955
protocols.relax.FastRelax: CMD: min  -880.58  1.42063  0.425656  0.31955
protocols.relax.FastRelax: CMD: coord_cst_weight  -880.58  1.42063  0.425656  0.31955
protocols.relax.FastRelax: CMD: scale:fa_rep  -769.532  1.42063  0.425656  0.55
core.pack.task: Packer task: initialize from command line() 
core.pack.pack_rotamers: built 27175 rotamers at 301 positions.
core.pack.interaction_graph.interaction_graph_factory: Instantiating DensePDInteractionGraph
protocols.relax.FastRelax: CMD: repack  -770.323  1.42063  0.425656  0.55
protocols.relax.FastRelax: CMD: min  -796.159  1.45432  0.606419  0.55
protocols.relax.FastRelax: MRP: 3  -796.159  -796.159  1.45432  0.606419  
protocols.relax.FastRelax: CMD: accept_to_best  -796.159  1.45432  0.606419  0.55
protocols.relax.FastRelax: CMD: endrepeat  -796.159  1.45432  0.606419  0.55
protocols.relax.FastRelax: CMD: coord_cst_weight  5894.14  1.45432  0.606419  0.55
protocols.relax.FastRelax: CMD: scale:fa_rep  5712.37  1.45432  0.606419  0.022
core.pack.task: Packer task: initialize from command line() 
core.pack.pack_rotamers: built 30443 rotamers at 301 positions.
core.pack.interaction_graph.interaction_graph_factory: Instantiating DensePDInteractionGraph
protocols.relax.FastRelax: CMD: repack  5697.82  1.45432  0.606419  0.022
protocols.relax.FastRelax: CMD: scale:fa_rep  5702.06  1.45432  0.606419  0.02805
protocols.relax.FastRelax: CMD: min  -1018.9  1.2717  0.125257  0.02805
protocols.relax.FastRelax: CMD: coord_cst_weight  -1036.91  1.2717  0.125257  0.02805
protocols.relax.FastRelax: CMD: scale:fa_rep  -883.166  1.2717  0.125257  0.14575
core.pack.task: Packer task: initialize from command line() 
core.pack.pack_rotamers: built 28443 rotamers at 301 positions.
core.pack.interaction_graph.interaction_graph_factory: Instantiating DensePDInteractionGraph
protocols.relax.FastRelax: CMD: repack  -904.438  1.2717  0.125257  0.14575
protocols.relax.FastRelax: CMD: scale:fa_rep  -896.82  1.2717  0.125257  0.154
protocols.relax.FastRelax: CMD: min  -935.763  1.27331  0.133077  0.154
protocols.relax.FastRelax: CMD: coord_cst_weight  -956.451  1.27331  0.133077  0.154
protocols.relax.FastRelax: CMD: scale:fa_rep  -860.393  1.27331  0.133077  0.30745
core.pack.task: Packer task: initialize from command line() 
core.pack.pack_rotamers: built 27565 rotamers at 301 positions.
core.pack.interaction_graph.interaction_graph_factory: Instantiating DensePDInteractionGraph
protocols.relax.FastRelax: CMD: repack  -860.584  1.27331  0.133077  0.30745
protocols.relax.FastRelax: CMD: scale:fa_rep  -853.24  1.27331  0.133077  0.31955
protocols.relax.FastRelax: CMD: min  -875.029  1.3592  0.349438  0.31955
protocols.relax.FastRelax: CMD: coord_cst_weight  -875.029  1.3592  0.349438  0.31955
protocols.relax.FastRelax: CMD: scale:fa_rep  -761.462  1.3592  0.349438  0.55
core.pack.task: Packer task: initialize from command line() 
core.pack.pack_rotamers: built 27000 rotamers at 301 positions.
core.pack.interaction_graph.interaction_graph_factory: Instantiating DensePDInteractionGraph
protocols.relax.FastRelax: CMD: repack  -762.965  1.3592  0.349438  0.55
protocols.relax.FastRelax: CMD: min  -793.698  1.42672  0.566257  0.55
protocols.relax.FastRelax: MRP: 4  -793.698  -796.159  1.45432  0.606419  
protocols.relax.FastRelax: CMD: accept_to_best  -793.698  1.42672  0.566257  0.55
protocols.relax.FastRelax: CMD: endrepeat  -793.698  1.42672  0.566257  0.55
protocols::checkpoint: Deleting checkpoints of FastRelax
protocols.jd2.JobDistributor: aflibercept_input_0097_0003_0003 reported success in 1642 seconds
protocols.jd2.PDBJobInputter: PDBJobInputter::pose_from_job
protocols.jd2.PDBJobInputter: filling pose from PDB ../2_remodel/top_20_by_total_score/aflibercept_input_0099_0002.pdb
core.import_pose.import_pose: File '../2_remodel/top_20_by_total_score/aflibercept_input_0099_0002.pdb' automatically determined to be of type PDB
core.conformation.Conformation: Found disulfide between residues 30 79
core.conformation.Conformation: current variant for 30 CYS
core.conformation.Conformation: current variant for 79 CYS
core.conformation.Conformation: current variant for 30 CYD
core.conformation.Conformation: current variant for 79 CYD
core.conformation.Conformation: Found disulfide between residues 124 185
core.conformation.Conformation: current variant for 124 CYS
core.conformation.Conformation: current variant for 185 CYS
core.conformation.Conformation: current variant for 124 CYD
core.conformation.Conformation: current variant for 185 CYD
core.conformation.Conformation: Found disulfide between residues 219 261
core.conformation.Conformation: current variant for 219 CYS
core.conformation.Conformation: current variant for 261 CYS
core.conformation.Conformation: current variant for 219 CYD
core.conformation.Conformation: current variant for 261 CYD
core.conformation.Conformation: Found disulfide between residues 250 295
core.conformation.Conformation: current variant for 250 CYS
core.conformation.Conformation: current variant for 295 CYS
core.conformation.Conformation: current variant for 250 CYD
core.conformation.Conformation: current variant for 295 CYD
core.conformation.Conformation: Found disulfide between residues 254 297
core.conformation.Conformation: current variant for 254 CYS
core.conformation.Conformation: current variant for 297 CYS
core.conformation.Conformation: current variant for 254 CYD
core.conformation.Conformation: current variant for 297 CYD
protocols.relax.FastRelax: CMD: repeat  123.644  1.23741  0  0.55
protocols.relax.FastRelax: CMD: coord_cst_weight  123.644  1.23741  0  0.55
protocols.relax.FastRelax: CMD: scale:fa_rep  -855.441  1.23741  0  0.022
core.pack.task: Packer task: initialize from command line() 
core.pack.pack_rotamers: built 30471 rotamers at 301 positions.
core.pack.interaction_graph.interaction_graph_factory: Instantiating DensePDInteractionGraph
protocols.relax.FastRelax: CMD: repack  -896.834  1.23741  0  0.022
protocols.relax.FastRelax: CMD: scale:fa_rep  -888.327  1.23741  0  0.02805
protocols.relax.FastRelax: CMD: min  -983.448  1.24109  0.117277  0.02805
protocols.relax.FastRelax: CMD: coord_cst_weight  -1000.07  1.24109  0.117277  0.02805
protocols.relax.FastRelax: CMD: scale:fa_rep  -824.5  1.24109  0.117277  0.14575
core.pack.task: Packer task: initialize from command line() 
core.pack.pack_rotamers: built 28289 rotamers at 301 positions.
core.pack.interaction_graph.interaction_graph_factory: Instantiating DensePDInteractionGraph
protocols.relax.FastRelax: CMD: repack  -852.078  1.24109  0.117277  0.14575
protocols.relax.FastRelax: CMD: scale:fa_rep  -843.551  1.24109  0.117277  0.154
protocols.relax.FastRelax: CMD: min  -898.516  1.24498  0.125567  0.154
protocols.relax.FastRelax: CMD: coord_cst_weight  -918.858  1.24498  0.125567  0.154
protocols.relax.FastRelax: CMD: scale:fa_rep  -818.649  1.24498  0.125567  0.30745
core.pack.task: Packer task: initialize from command line() 
core.pack.pack_rotamers: built 27812 rotamers at 301 positions.
core.pack.interaction_graph.interaction_graph_factory: Instantiating DensePDInteractionGraph
protocols.relax.FastRelax: CMD: repack  -819.031  1.24498  0.125567  0.30745
protocols.relax.FastRelax: CMD: scale:fa_rep  -811.382  1.24498  0.125567  0.31955
protocols.relax.FastRelax: CMD: min  -854.748  1.30814  0.811613  0.31955
protocols.relax.FastRelax: CMD: coord_cst_weight  -854.748  1.30814  0.811613  0.31955
protocols.relax.FastRelax: CMD: scale:fa_rep  -740.092  1.30814  0.811613  0.55
core.pack.task: Packer task: initialize from command line() 
core.pack.pack_rotamers: built 27111 rotamers at 301 positions.
core.pack.interaction_graph.interaction_graph_factory: Instantiating DensePDInteractionGraph
protocols.relax.FastRelax: CMD: repack  -742.392  1.30814  0.811613  0.55
protocols.relax.FastRelax: CMD: min  -768.699  1.41328  1.00166  0.55
protocols.relax.FastRelax: MRP: 0  -768.699  -768.699  1.41328  1.00166  
protocols.relax.FastRelax: CMD: accept_to_best  -768.699  1.41328  1.00166  0.55
protocols.relax.FastRelax: CMD: endrepeat  -768.699  1.41328  1.00166  0.55
protocols.relax.FastRelax: CMD: coord_cst_weight  17255.9  1.41328  1.00166  0.55
protocols.relax.FastRelax: CMD: scale:fa_rep  17072  1.41328  1.00166  0.022
core.pack.task: Packer task: initialize from command line() 
core.pack.pack_rotamers: built 30535 rotamers at 301 positions.
core.pack.interaction_graph.interaction_graph_factory: Instantiating DensePDInteractionGraph
protocols.relax.FastRelax: CMD: repack  17053.4  1.41328  1.00166  0.022
protocols.relax.FastRelax: CMD: scale:fa_rep  17058.3  1.41328  1.00166  0.02805
protocols.relax.FastRelax: CMD: min  -984.844  1.24118  0.135866  0.02805
protocols.relax.FastRelax: CMD: coord_cst_weight  -1007.99  1.24118  0.135866  0.02805
protocols.relax.FastRelax: CMD: scale:fa_rep  -841.527  1.24118  0.135866  0.14575
core.pack.task: Packer task: initialize from command line() 
core.pack.pack_rotamers: built 28402 rotamers at 301 positions.
core.pack.interaction_graph.interaction_graph_factory: Instantiating DensePDInteractionGraph
protocols.relax.FastRelax: CMD: repack  -870.163  1.24118  0.135866  0.14575
protocols.relax.FastRelax: CMD: scale:fa_rep  -862.113  1.24118  0.135866  0.154
protocols.relax.FastRelax: CMD: min  -903.132  1.24113  0.136967  0.154
protocols.relax.FastRelax: CMD: coord_cst_weight  -927.984  1.24113  0.136967  0.154
protocols.relax.FastRelax: CMD: scale:fa_rep  -830.206  1.24113  0.136967  0.30745
core.pack.task: Packer task: initialize from command line() 
core.pack.pack_rotamers: built 27672 rotamers at 301 positions.
core.pack.interaction_graph.interaction_graph_factory: Instantiating DensePDInteractionGraph
protocols.relax.FastRelax: CMD: repack  -831.576  1.24113  0.136967  0.30745
protocols.relax.FastRelax: CMD: scale:fa_rep  -824.048  1.24113  0.136967  0.31955
protocols.relax.FastRelax: CMD: min  -856.554  1.2494  0.656826  0.31955
protocols.relax.FastRelax: CMD: coord_cst_weight  -856.554  1.2494  0.656826  0.31955
protocols.relax.FastRelax: CMD: scale:fa_rep  -740.589  1.2494  0.656826  0.55
core.pack.task: Packer task: initialize from command line() 
core.pack.pack_rotamers: built 27199 rotamers at 301 positions.
core.pack.interaction_graph.interaction_graph_factory: Instantiating DensePDInteractionGraph
protocols.relax.FastRelax: CMD: repack  -741.027  1.2494  0.656826  0.55
protocols.relax.FastRelax: CMD: min  -763.951  1.30591  0.759947  0.55
protocols.relax.FastRelax: MRP: 1  -763.951  -768.699  1.41328  1.00166  
protocols.relax.FastRelax: CMD: accept_to_best  -763.951  1.30591  0.759947  0.55
protocols.relax.FastRelax: CMD: endrepeat  -763.951  1.30591  0.759947  0.55
protocols.relax.FastRelax: CMD: coord_cst_weight  3678.77  1.30591  0.759947  0.55
protocols.relax.FastRelax: CMD: scale:fa_rep  3493.15  1.30591  0.759947  0.022
core.pack.task: Packer task: initialize from command line() 
core.pack.pack_rotamers: built 30569 rotamers at 301 positions.
core.pack.interaction_graph.interaction_graph_factory: Instantiating DensePDInteractionGraph
protocols.relax.FastRelax: CMD: repack  3469.41  1.30591  0.759947  0.022
protocols.relax.FastRelax: CMD: scale:fa_rep  3475.81  1.30591  0.759947  0.02805
protocols.relax.FastRelax: CMD: min  -990.023  1.24103  0.137568  0.02805
protocols.relax.FastRelax: CMD: coord_cst_weight  -1013.39  1.24103  0.137568  0.02805
protocols.relax.FastRelax: CMD: scale:fa_rep  -836.926  1.24103  0.137568  0.14575
core.pack.task: Packer task: initialize from command line() 
core.pack.pack_rotamers: built 28486 rotamers at 301 positions.
core.pack.interaction_graph.interaction_graph_factory: Instantiating DensePDInteractionGraph
protocols.relax.FastRelax: CMD: repack  -869.716  1.24103  0.137568  0.14575
protocols.relax.FastRelax: CMD: scale:fa_rep  -861.691  1.24103  0.137568  0.154
protocols.relax.FastRelax: CMD: min  -904.39  1.24051  0.138298  0.154
protocols.relax.FastRelax: CMD: coord_cst_weight  -929.621  1.24051  0.138298  0.154
protocols.relax.FastRelax: CMD: scale:fa_rep  -831.012  1.24051  0.138298  0.30745
core.pack.task: Packer task: initialize from command line() 
core.pack.pack_rotamers: built 27694 rotamers at 301 positions.
core.pack.interaction_graph.interaction_graph_factory: Instantiating DensePDInteractionGraph
protocols.relax.FastRelax: CMD: repack  -831.929  1.24051  0.138298  0.30745
protocols.relax.FastRelax: CMD: scale:fa_rep  -824.359  1.24051  0.138298  0.31955
protocols.relax.FastRelax: CMD: min  -850.029  1.24009  0.567371  0.31955
protocols.relax.FastRelax: CMD: coord_cst_weight  -850.029  1.24009  0.567371  0.31955
protocols.relax.FastRelax: CMD: scale:fa_rep  -734.422  1.24009  0.567371  0.55
core.pack.task: Packer task: initialize from command line() 
core.pack.pack_rotamers: built 27026 rotamers at 301 positions.
core.pack.interaction_graph.interaction_graph_factory: Instantiating DensePDInteractionGraph
protocols.relax.FastRelax: CMD: repack  -734.914  1.24009  0.567371  0.55
protocols.relax.FastRelax: CMD: min  -768.124  1.44995  1.09619  0.55
protocols.relax.FastRelax: MRP: 2  -768.124  -768.699  1.41328  1.00166  
protocols.relax.FastRelax: CMD: accept_to_best  -768.124  1.44995  1.09619  0.55
protocols.relax.FastRelax: CMD: endrepeat  -768.124  1.44995  1.09619  0.55
protocols.relax.FastRelax: CMD: coord_cst_weight  9197.52  1.44995  1.09619  0.55
protocols.relax.FastRelax: CMD: scale:fa_rep  9011.91  1.44995  1.09619  0.022
core.pack.task: Packer task: initialize from command line() 
core.pack.pack_rotamers: built 30427 rotamers at 301 positions.
core.pack.interaction_graph.interaction_graph_factory: Instantiating DensePDInteractionGraph
protocols.relax.FastRelax: CMD: repack  8988.17  1.44995  1.09619  0.022
protocols.relax.FastRelax: CMD: scale:fa_rep  8993.61  1.44995  1.09619  0.02805
protocols.relax.FastRelax: CMD: min  -988.452  1.24116  0.1403  0.02805
protocols.relax.FastRelax: CMD: coord_cst_weight  -1012.59  1.24116  0.1403  0.02805
protocols.relax.FastRelax: CMD: scale:fa_rep  -840.124  1.24116  0.1403  0.14575
core.pack.task: Packer task: initialize from command line() 
core.pack.pack_rotamers: built 28426 rotamers at 301 positions.
core.pack.interaction_graph.interaction_graph_factory: Instantiating DensePDInteractionGraph
protocols.relax.FastRelax: CMD: repack  -869.91  1.24116  0.1403  0.14575
protocols.relax.FastRelax: CMD: scale:fa_rep  -861.684  1.24116  0.1403  0.154
protocols.relax.FastRelax: CMD: min  -906.233  1.23947  0.1411  0.154
protocols.relax.FastRelax: CMD: coord_cst_weight  -932.322  1.23947  0.1411  0.154
protocols.relax.FastRelax: CMD: scale:fa_rep  -833.22  1.23947  0.1411  0.30745
core.pack.task: Packer task: initialize from command line() 
core.pack.pack_rotamers: built 27637 rotamers at 301 positions.
core.pack.interaction_graph.interaction_graph_factory: Instantiating DensePDInteractionGraph
protocols.relax.FastRelax: CMD: repack  -834.024  1.23947  0.1411  0.30745
protocols.relax.FastRelax: CMD: scale:fa_rep  -826.383  1.23947  0.1411  0.31955
protocols.relax.FastRelax: CMD: min  -861.479  1.38792  1.04177  0.31955
protocols.relax.FastRelax: CMD: coord_cst_weight  -861.479  1.38792  1.04177  0.31955
protocols.relax.FastRelax: CMD: scale:fa_rep  -745.265  1.38792  1.04177  0.55
core.pack.task: Packer task: initialize from command line() 
core.pack.pack_rotamers: built 27112 rotamers at 301 positions.
core.pack.interaction_graph.interaction_graph_factory: Instantiating DensePDInteractionGraph
protocols.relax.FastRelax: CMD: repack  -744.41  1.38792  1.04177  0.55
protocols.relax.FastRelax: CMD: min  -774.738  1.5484  1.20418  0.55
protocols.relax.FastRelax: MRP: 3  -774.738  -774.738  1.5484  1.20418  
protocols.relax.FastRelax: CMD: accept_to_best  -774.738  1.5484  1.20418  0.55
protocols.relax.FastRelax: CMD: endrepeat  -774.738  1.5484  1.20418  0.55
protocols.relax.FastRelax: CMD: coord_cst_weight  15748.6  1.5484  1.20418  0.55
protocols.relax.FastRelax: CMD: scale:fa_rep  15564.3  1.5484  1.20418  0.022
core.pack.task: Packer task: initialize from command line() 
core.pack.pack_rotamers: built 30380 rotamers at 301 positions.
core.pack.interaction_graph.interaction_graph_factory: Instantiating DensePDInteractionGraph
protocols.relax.FastRelax: CMD: repack  15567  1.5484  1.20418  0.022
protocols.relax.FastRelax: CMD: scale:fa_rep  15575.1  1.5484  1.20418  0.02805
protocols.relax.FastRelax: CMD: min  -971.529  1.24128  0.14148  0.02805
protocols.relax.FastRelax: CMD: coord_cst_weight  -996.705  1.24128  0.14148  0.02805
protocols.relax.FastRelax: CMD: scale:fa_rep  -819.57  1.24128  0.14148  0.14575
core.pack.task: Packer task: initialize from command line() 
core.pack.pack_rotamers: built 28387 rotamers at 301 positions.
core.pack.interaction_graph.interaction_graph_factory: Instantiating DensePDInteractionGraph
protocols.relax.FastRelax: CMD: repack  -860.199  1.24128  0.14148  0.14575
protocols.relax.FastRelax: CMD: scale:fa_rep  -851.882  1.24128  0.14148  0.154
protocols.relax.FastRelax: CMD: min  -900.667  1.24041  0.149006  0.154
protocols.relax.FastRelax: CMD: coord_cst_weight  -929.575  1.24041  0.149006  0.154
protocols.relax.FastRelax: CMD: scale:fa_rep  -828.952  1.24041  0.149006  0.30745
core.pack.task: Packer task: initialize from command line() 
core.pack.pack_rotamers: built 27677 rotamers at 301 positions.
core.pack.interaction_graph.interaction_graph_factory: Instantiating DensePDInteractionGraph
protocols.relax.FastRelax: CMD: repack  -824.727  1.24041  0.149006  0.30745
protocols.relax.FastRelax: CMD: scale:fa_rep  -816.909  1.24041  0.149006  0.31955
protocols.relax.FastRelax: CMD: min  -863.573  1.51568  1.02571  0.31955
protocols.relax.FastRelax: CMD: coord_cst_weight  -863.573  1.51568  1.02571  0.31955
protocols.relax.FastRelax: CMD: scale:fa_rep  -747.437  1.51568  1.02571  0.55
core.pack.task: Packer task: initialize from command line() 
core.pack.pack_rotamers: built 26877 rotamers at 301 positions.
core.pack.interaction_graph.interaction_graph_factory: Instantiating DensePDInteractionGraph
protocols.relax.FastRelax: CMD: repack  -749.482  1.51568  1.02571  0.55
protocols.relax.FastRelax: CMD: min  -775.338  1.75986  1.42523  0.55
protocols.relax.FastRelax: MRP: 4  -775.338  -775.338  1.75986  1.42523  
protocols.relax.FastRelax: CMD: accept_to_best  -775.338  1.75986  1.42523  0.55
protocols.relax.FastRelax: CMD: endrepeat  -775.338  1.75986  1.42523  0.55
protocols::checkpoint: Deleting checkpoints of FastRelax
protocols.jd2.JobDistributor: aflibercept_input_0099_0002_0005 reported success in 2269 seconds
protocols.jd2.JobDistributor: no more batches to process... 
protocols.jd2.JobDistributor: 200 jobs considered, 5 jobs attempted in 8952 seconds
basic.citation_manager.CitationManager: 
The following Rosetta modules were used during this run of Rosetta, and should be cited:

FastRelax Mover's citation(s):
Khatib F, Cooper S, Tyka MD, Xu K, Makedon I, Popovic Z, Baker D, and Players F.  (2011).  Algorithm discovery by protein folding game players.  Proc Natl Acad Sci USA 108(47):18949-53.  doi: 10.1073/pnas.1115898108.


